{
<type>
^
tNodo
tArbol
;
<type>
<struct>
{
<string>
nombre
,
tArbol
izq
,
tArbol
der
}
tNodo
;
<type>
<struct>
{
<string>
[
50
]
nombres
,
<int>
cont
}
tListaNombres
;
tListaNombres
nombres
;
tArbol
arbol
;
<proc>
lee_nombres
(
tListaNombres
&
nombres
)
{
<int>
i
&&
<write>
"Introduce el número de nombres a ordenar (max 50): "
;
<nl>
;
<read>
nombres
.
cont
;
<while>
(
nombres
.
cont
<
0
)
<or>
(
nombres
.
cont
>
50
)
{
<write>
"Introduce el número de nombres a ordenar (max 50): "
;
<nl>
;
<read>
nombres
.
cont
}
;
@
i
=
0
;
<write>
"Introduce un nombre en cada línea: "
;
<nl>
;
<while>
i
<
nombres
.
cont
{
<read>
nombres
.
nombres
[
i
]
;
@
i
=
i
+
1
}
}
;
<proc>
construye_arbol
(
)
{
<int>
i
;
<proc>
inserta_nombre
(
tArbol
&
arbol
)
{
<if>
arbol
==
<null>
{
<new>
arbol
;
@
arbol
^
.
nombre
=
nombres
.
nombres
[
i
]
;
@
arbol
^
.
izq
=
arbol
^
.
der
=
<null>
}
<else>
{
tArbol
padre
;
tArbol
act
;
<bool>
fin
&&
@
fin
=
<false>
;
@
padre
=
<null>
;
@
act
=
arbol
;
<while>
<not>
fin
{
@
padre
=
act
;
<if>
act
^
.
nombre
<
nombres
.
nombres
[
i
]
{
@
act
=
act
^
.
der
}
<else>
{
<if>
act
^
.
nombre
>
nombres
.
nombres
[
i
]
{
@
act
=
act
^
.
izq
}
}
;
<if>
act
==
<null>
{
@
fin
=
<true>
}
<else>
{
<if>
act
^
.
nombre
==
nombres
.
nombres
[
i
]
{
@
fin
=
<true>
}
}
;
<if>
act
==
<null>
{
<if>
padre
^
.
nombre
<
nombres
.
nombres
[
i
]
{
<new>
padre
^
.
der
;
@
padre
^
.
der
^
.
nombre
=
nombres
.
nombres
[
i
]
;
@
padre
^
.
der
^
.
izq
=
padre
^
.
der
^
.
der
=
<null>
}
<else>
{
<new>
padre
^
.
izq
;
@
padre
^
.
izq
^
.
nombre
=
nombres
.
nombres
[
i
]
;
@
padre
^
.
izq
^
.
izq
=
padre
^
.
izq
^
.
der
=
<null>
}
}
}
}
}
&&
@
arbol
=
<null>
;
@
i
=
0
;
<while>
i
<
nombres
.
cont
{
<call>
inserta_nombre
(
arbol
)
;
@
i
=
i
+
1
}
}
;
<proc>
escribe_nombres
(
tArbol
arbol
)
{
<if>
arbol
!=
<null>
{
<call>
escribe_nombres
(
arbol
^
.
izq
)
;
<write>
arbol
^
.
nombre
;
<nl>
;
<call>
escribe_nombres
(
arbol
^
.
der
)
}
}
&&
<call>
lee_nombres
(
nombres
)
;
<call>
construye_arbol
(
)
;
<write>
"Listado de nombres ordenado"
;
<nl>
;
<write>
"---------------------------"
;
<nl>
;
<call>
escribe_nombres
(
arbol
)
}
EOF