#
# A fatal error has been detected by the Java Runtime Environment:
#
#  SIGSEGV (0xb) at pc=0x00007efdce4db56a, pid=5539, tid=5548
#
# JRE version: OpenJDK Runtime Environment Temurin-17.0.10+7 (17.0.10+7) (build 17.0.10+7)
# Java VM: OpenJDK 64-Bit Server VM Temurin-17.0.10+7 (17.0.10+7, mixed mode, tiered, compressed oops, compressed class ptrs, parallel gc, linux-amd64)
# Problematic frame:
# V  [libjvm.so+0xadb56a]  PhaseIdealLoop::build_loop_late(VectorSet&, Node_List&, Node_Stack&)+0xca
#
# Core dump will be written. Default location: Core dumps may be processed with "/usr/share/apport/apport -p%p -s%s -c%c -d%d -P%P -u%u -g%g -- %E" (or dumping to /home/sergio/Desktop/Estudios/UCM/4ยบ/PL/PL-Practica/AnalizadorJavacc/core.5539)
#
# If you would like to submit a bug report, please visit:
#   https://github.com/adoptium/adoptium-support/issues
#

---------------  S U M M A R Y ------------

Command Line: --add-modules=ALL-SYSTEM --add-opens=java.base/java.util=ALL-UNNAMED --add-opens=java.base/java.lang=ALL-UNNAMED --add-opens=java.base/sun.nio.fs=ALL-UNNAMED -Declipse.application=org.eclipse.jdt.ls.core.id1 -Dosgi.bundles.defaultStartLevel=4 -Declipse.product=org.eclipse.jdt.ls.core.product -Djava.import.generatesMetadataFilesAtProjectRoot=false -DDetectVMInstallationsJob.disabled=true -Dfile.encoding=utf8 -XX:+UseParallelGC -XX:GCTimeRatio=4 -XX:AdaptiveSizePolicyWeight=90 -Dsun.zip.disableMemoryMapping=true -Xmx1G -Xms100m -Xlog:disable -javaagent:/home/sergio/.vscode/extensions/redhat.java-1.28.1-linux-x64/lombok/lombok-1.18.31.jar -XX:+HeapDumpOnOutOfMemoryError -XX:HeapDumpPath=/home/sergio/.config/Code/User/workspaceStorage/2f3de2f519478971daf12c485fdc2a95/redhat.java -Daether.dependencyCollector.impl=bf /home/sergio/.vscode/extensions/redhat.java-1.28.1-linux-x64/server/plugins/org.eclipse.equinox.launcher_1.6.700.v20231214-2017.jar -configuration /home/sergio/.config/Code/User/globalStorage/redhat.java/1.28.1/config_linux -data /home/sergio/.config/Code/User/workspaceStorage/2f3de2f519478971daf12c485fdc2a95/redhat.java/jdt_ws --stdio

Host: AMD Ryzen 5 3500U with Radeon Vega Mobile Gfx, 8 cores, 6G, Ubuntu 22.04.3 LTS
Time: Sat Mar  2 16:29:20 2024 CET elapsed time: 42.290689 seconds (0d 0h 0m 42s)

---------------  T H R E A D  ---------------

Current thread (0x00007efdc821fe10):  JavaThread "C2 CompilerThread0" daemon [_thread_in_native, id=5548, stack(0x00007efdaad7e000,0x00007efdaae7e000)]


Current CompileTask:
C2:  42290 9255       4       org.eclipse.jdt.internal.compiler.parser.Parser::consumeToken (2355 bytes)

Stack: [0x00007efdaad7e000,0x00007efdaae7e000],  sp=0x00007efdaae78ca0,  free space=1003k
Native frames: (J=compiled Java code, j=interpreted, Vv=VM code, C=native code)
V  [libjvm.so+0xadb56a]  PhaseIdealLoop::build_loop_late(VectorSet&, Node_List&, Node_Stack&)+0xca
V  [libjvm.so+0xadbf96]  PhaseIdealLoop::build_and_optimize()+0x7b6
V  [libjvm.so+0x5d69af]  PhaseIdealLoop::optimize(PhaseIterGVN&, LoopOptsMode)+0x16f
V  [libjvm.so+0x5d4610]  Compile::Optimize()+0xbd0
V  [libjvm.so+0x5d6205]  Compile::Compile(ciEnv*, ciMethod*, int, bool, bool, bool, bool, bool, DirectiveSet*)+0xe65
V  [libjvm.so+0x515699]  C2Compiler::compile_method(ciEnv*, ciMethod*, int, bool, DirectiveSet*)+0xe9
V  [libjvm.so+0x5df273]  CompileBroker::invoke_compiler_on_method(CompileTask*)+0xf23
V  [libjvm.so+0x5e00d8]  CompileBroker::compiler_thread_loop()+0x6a8
V  [libjvm.so+0xe5fa16]  JavaThread::thread_main_inner()+0x196
V  [libjvm.so+0xe633b8]  Thread::call_run()+0xa8
V  [libjvm.so+0xc24791]  thread_native_entry(Thread*)+0xe1


siginfo: si_signo: 11 (SIGSEGV), si_code: 128 (SI_KERNEL), si_addr: 0x0000000000000000

Registers:
RAX=0x00007efd912aa5c0, RBX=0x00007efd911e1128, RCX=0x0000000000000000, RDX=0x0000000000000009
RSP=0x00007efdaae78ca0, RBP=0x00007efdaae78d10, RSI=0x00007efd91a0dd00, RDI=0x00007efd910ac070
R8 =0x00007efd91a0dd00, R9 =0x00007efd91a15560, R10=0x00007efd910ac070, R11=0x000000000000001d
R12=0x0000000000000001, R13=0x00007efdaae79080, R14=0x00007efdaae78da0, R15=0x00007efdaae78d60
RIP=0x00007efdce4db56a, EFLAGS=0x0000000000010202, CSGSFS=0x002b000000000033, ERR=0x0000000000000000
  TRAPNO=0x000000000000000d


Register to memory mapping:

RAX=0x00007efd912aa5c0 points into unknown readable memory: 0x000018e7000018e6 | e6 18 00 00 e7 18 00 00
RBX=0x00007efd911e1128 points into unknown readable memory: 0x00007efdcecb4f60 | 60 4f cb ce fd 7e 00 00
RCX=0x0 is NULL
RDX=0x0000000000000009 is an unknown value
RSP=0x00007efdaae78ca0 is pointing into the stack for thread: 0x00007efdc821fe10
RBP=0x00007efdaae78d10 is pointing into the stack for thread: 0x00007efdc821fe10
RSI=0x00007efd91a0dd00 points into unknown readable memory: 0x00007efd902eb170 | 70 b1 2e 90 fd 7e 00 00
RDI=0x00007efd910ac070 points into unknown readable memory: 0x00007efd912aa5c0 | c0 a5 2a 91 fd 7e 00 00
R8 =0x00007efd91a0dd00 points into unknown readable memory: 0x00007efd902eb170 | 70 b1 2e 90 fd 7e 00 00
R9 =0x00007efd91a15560 points into unknown readable memory: 0x00007efd911df2d9 | d9 f2 1d 91 fd 7e 00 00
R10=0x00007efd910ac070 points into unknown readable memory: 0x00007efd912aa5c0 | c0 a5 2a 91 fd 7e 00 00
R11=0x000000000000001d is an unknown value
R12=0x0000000000000001 is an unknown value
R13=0x00007efdaae79080 is pointing into the stack for thread: 0x00007efdc821fe10
R14=0x00007efdaae78da0 is pointing into the stack for thread: 0x00007efdc821fe10
R15=0x00007efdaae78d60 is pointing into the stack for thread: 0x00007efdc821fe10


Top of Stack: (sp=0x00007efdaae78ca0)
0x00007efdaae78ca0:   00007efdaae78d10 00007efd907f4758
0x00007efdaae78cb0:   00007efd909ee360 00007efdaae79a38
0x00007efdaae78cc0:   00000009aae79080 00007efdaae78d80
0x00007efdaae78cd0:   00007efd0000001d 00007efd910ac070
0x00007efdaae78ce0:   00007efdaae78da0 00007efdaae79080
0x00007efdaae78cf0:   00007efdaae78d60 0000000000000002
0x00007efdaae78d00:   00007efdaae78da0 00007efdaae78d80
0x00007efdaae78d10:   00007efdaae79050 00007efdce4dbf96
0x00007efdaae78d20:   00007efd848adfc8 0000000000000001
0x00007efdaae78d30:   00007efd00002051 00007efd00002052
0x00007efdaae78d40:   00007efdc803f940 0000000000000000
0x00007efdaae78d50:   00007efd84000ec0 00007efd90e59530
0x00007efdaae78d60:   0000000000000100 00007efd90a04170
0x00007efdaae78d70:   00007efd00000200 00007efdc821e750
0x00007efdaae78d80:   00007efd90d83d40 00007efd90d90770
0x00007efdaae78d90:   00007efd90d83d20 00007efdc821e750
0x00007efdaae78da0:   00007efdc821e750 0000000000000400
0x00007efdaae78db0:   00007efd91595ce0 00007efd000003bc
0x00007efdaae78dc0:   00007efdc821e750 00007efd00000004
0x00007efdaae78dd0:   00007efd90a79e50 00007efd00000000
0x00007efdaae78de0:   0000000000000000 00007efd91079458
0x00007efdaae78df0:   00007efdaae78e20 00007efdce66ca24
0x00007efdaae78e00:   0000000000000001 00007efd910793f8
0x00007efdaae78e10:   0000000000000000 00007efdceea462b
0x00007efdaae78e20:   00007efd91b595b0 00007efd90000090
0x00007efdaae78e30:   0000000000000007 00007efdaae79cb0
0x00007efdaae78e40:   0000007baae78ea0 0000000000020010
0x00007efdaae78e50:   00007efdaae7a600 763ed349041ffa4b
0x00007efdaae78e60:   0000000000002010 0000000000020040
0x00007efdaae78e70:   0000000000000800 0000083000002002
0x00007efdaae78e80:   0000000000000100 0000000000000020
0x00007efdaae78e90:   0000000000000004 0000007b0000007c 

Instructions: (pc=0x00007efdce4db56a)
0x00007efdce4db46a:   85 84 fa ff ff 4c 39 e3 74 08 49 89 dd e9 77 fa
0x00007efdce4db47a:   ff ff 41 8b 57 28 49 89 dd e9 85 fa ff ff 0f 1f
0x00007efdce4db48a:   84 00 00 00 00 00 ba 01 00 00 00 e9 86 f6 ff ff
0x00007efdce4db49a:   66 0f 1f 44 00 00 55 48 8d 87 b8 09 00 00 48 89
0x00007efdce4db4aa:   e5 41 57 49 89 f7 41 56 49 89 d6 41 55 49 89 fd
0x00007efdce4db4ba:   41 54 41 bc 01 00 00 00 53 48 83 ec 48 48 89 4d
0x00007efdce4db4ca:   b8 48 89 45 a8 41 8b 46 18 85 c0 0f 84 43 01 00
0x00007efdce4db4da:   00 49 8b 56 10 83 e8 01 41 89 46 18 48 8b 1c c2
0x00007efdce4db4ea:   8b 4b 28 89 c8 c1 e8 05 41 3b 07 0f 83 35 01 00
0x00007efdce4db4fa:   00 44 89 e2 d3 e2 49 8b 4f 08 89 d6 48 8d 0c 81
0x00007efdce4db50a:   8b 01 09 c6 89 31 85 c2 75 bb 44 8b 5b 20 31 d2
0x00007efdce4db51a:   41 39 d3 0f 86 d5 00 00 00 48 8b 43 10 89 d1 83
0x00007efdce4db52a:   c2 01 4c 8b 14 c8 41 8b 4a 28 41 3b 4d 28 0f 83
0x00007efdce4db53a:   32 01 00 00 49 8b 75 30 89 c8 48 83 3c c6 00 0f
0x00007efdce4db54a:   84 21 01 00 00 49 8b 42 08 48 83 38 00 74 3b 49
0x00007efdce4db55a:   8b 02 89 55 b4 4c 89 d7 44 89 5d c0 4c 89 55 c8
0x00007efdce4db56a:   ff 50 10 4c 8b 55 c8 44 8b 5d c0 84 c0 8b 55 b4
0x00007efdce4db57a:   0f 85 30 01 00 00 41 8b 42 2c 83 e0 0f 83 f8 0c
0x00007efdce4db58a:   0f 84 20 01 00 00 41 8b 4a 28 89 c8 c1 e8 05 41
0x00007efdce4db59a:   3b 07 0f 83 de 01 00 00 49 8b 77 08 44 89 e7 d3
0x00007efdce4db5aa:   e7 48 8d 34 86 89 f9 8b 06 09 c7 89 3e 85 c1 0f
0x00007efdce4db5ba:   85 5b ff ff ff 48 8b 7d b8 48 8b 07 48 89 45 c8
0x00007efdce4db5ca:   48 83 c0 10 48 89 07 48 3b 47 08 0f 83 dd 01 00
0x00007efdce4db5da:   00 48 89 18 4c 89 d3 89 50 08 45 8b 5a 20 31 d2
0x00007efdce4db5ea:   41 39 d3 0f 87 30 ff ff ff 0f 1f 44 00 00 ba 01
0x00007efdce4db5fa:   00 00 00 48 89 de 4c 89 ef e8 18 f5 ff ff 49 8b
0x00007efdce4db60a:   45 10 48 8b 90 70 01 00 00 48 83 7a 58 00 0f 84
0x00007efdce4db61a:   d2 00 00 00 48 83 c4 48 5b 41 5c 41 5d 41 5e 41
0x00007efdce4db62a:   5f 5d c3 0f 1f 00 89 c6 4c 89 ff 89 4d c0 89 45
0x00007efdce4db63a:   c8 e8 60 ab 3d 00 8b 4d c0 44 89 e2 8b 45 c8 d3
0x00007efdce4db64a:   e2 49 8b 4f 08 48 8d 0c 81 8b 01 89 c6 09 d6 89
0x00007efdce4db65a:   31 85 d0 0f 85 6c fe ff ff e9 ac fe ff ff 0f 1f 


Stack slot to memory mapping:
stack at sp + 0 slots: 0x00007efdaae78d10 is pointing into the stack for thread: 0x00007efdc821fe10
stack at sp + 1 slots: 0x00007efd907f4758 points into unknown readable memory: 0x00007efdcec9b140 | 40 b1 c9 ce fd 7e 00 00
stack at sp + 2 slots: 0x00007efd909ee360 points into unknown readable memory: 0x00007efdcec92390 | 90 23 c9 ce fd 7e 00 00
stack at sp + 3 slots: 0x00007efdaae79a38 is pointing into the stack for thread: 0x00007efdc821fe10
stack at sp + 4 slots: 0x00000009aae79080 is an unknown value
stack at sp + 5 slots: 0x00007efdaae78d80 is pointing into the stack for thread: 0x00007efdc821fe10
stack at sp + 6 slots: 0x00007efd0000001d points into unknown readable memory: 00 00 00
stack at sp + 7 slots: 0x00007efd910ac070 points into unknown readable memory: 0x00007efd912aa5c0 | c0 a5 2a 91 fd 7e 00 00


---------------  P R O C E S S  ---------------

Threads class SMR info:
_java_thread_list=0x00007efd94000c40, length=35, elements={
0x00007efdc8028160, 0x00007efdc81e7370, 0x00007efdc81e88f0, 0x00007efdc8219f20,
0x00007efdc821d810, 0x00007efdc821e7b0, 0x00007efdc821fe10, 0x00007efdc82212d0,
0x00007efdc822a710, 0x00007efdc82b04f0, 0x00007efdc8394b90, 0x00007efdc8492330,
0x00007efdc85a2c80, 0x00007efdc85ece60, 0x00007efdc85efc90, 0x00007efd5032b350,
0x00007efd5048fc20, 0x00007efd503e4dc0, 0x00007efd502b2a50, 0x00007efd502bda30,
0x00007efd38000ff0, 0x00007efd508d5dc0, 0x00007efdc83a6440, 0x00007efdc8657690,
0x00007efdc86593a0, 0x00007efd1c07b370, 0x00007efd1c07bf70, 0x00007efd1c0f1e70,
0x00007efd1c145cf0, 0x00007efd1c1477c0, 0x00007efd08000ff0, 0x00007efcfc000ff0,
0x00007efd340b0150, 0x00007efd28002e50, 0x00007efd94000eb0
}

Java Threads: ( => current thread )
  0x00007efdc8028160 JavaThread "main" [_thread_blocked, id=5540, stack(0x00007efdcd900000,0x00007efdcda00000)]
  0x00007efdc81e7370 JavaThread "Reference Handler" daemon [_thread_blocked, id=5543, stack(0x00007efdab4f6000,0x00007efdab5f6000)]
  0x00007efdc81e88f0 JavaThread "Finalizer" daemon [_thread_blocked, id=5544, stack(0x00007efdab3f6000,0x00007efdab4f6000)]
  0x00007efdc8219f20 JavaThread "Signal Dispatcher" daemon [_thread_blocked, id=5545, stack(0x00007efdab07e000,0x00007efdab17e000)]
  0x00007efdc821d810 JavaThread "Service Thread" daemon [_thread_blocked, id=5546, stack(0x00007efdaaf7e000,0x00007efdab07e000)]
  0x00007efdc821e7b0 JavaThread "Monitor Deflation Thread" daemon [_thread_blocked, id=5547, stack(0x00007efdaae7e000,0x00007efdaaf7e000)]
=>0x00007efdc821fe10 JavaThread "C2 CompilerThread0" daemon [_thread_in_native, id=5548, stack(0x00007efdaad7e000,0x00007efdaae7e000)]
  0x00007efdc82212d0 JavaThread "C1 CompilerThread0" daemon [_thread_in_native, id=5549, stack(0x00007efdaac7e000,0x00007efdaad7e000)]
  0x00007efdc822a710 JavaThread "Sweeper thread" daemon [_thread_blocked, id=5550, stack(0x00007efdaab7e000,0x00007efdaac7e000)]
  0x00007efdc82b04f0 JavaThread "Common-Cleaner" daemon [_thread_blocked, id=5553, stack(0x00007efdaaa7e000,0x00007efdaab7e000)]
  0x00007efdc8394b90 JavaThread "Notification Thread" daemon [_thread_blocked, id=5560, stack(0x00007efdaa87e000,0x00007efdaa97e000)]
  0x00007efdc8492330 JavaThread "process reaper" daemon [_thread_blocked, id=5566, stack(0x00007efdcc01f000,0x00007efdcc041000)]
  0x00007efdc85a2c80 JavaThread "Active Thread: Equinox Container: 8308cf2b-6cc2-4b28-8b09-1cd3853b0eb8" [_thread_blocked, id=5588, stack(0x00007efdaa67d000,0x00007efdaa77d000)]
  0x00007efdc85ece60 JavaThread "Framework Event Dispatcher: Equinox Container: 8308cf2b-6cc2-4b28-8b09-1cd3853b0eb8" daemon [_thread_blocked, id=5592, stack(0x00007efda9f77000,0x00007efdaa077000)]
  0x00007efdc85efc90 JavaThread "Start Level: Equinox Container: 8308cf2b-6cc2-4b28-8b09-1cd3853b0eb8" daemon [_thread_blocked, id=5593, stack(0x00007efda9e77000,0x00007efda9f77000)]
  0x00007efd5032b350 JavaThread "Bundle File Closer" daemon [_thread_blocked, id=5599, stack(0x00007efda99ff000,0x00007efda9aff000)]
  0x00007efd5048fc20 JavaThread "SCR Component Actor" daemon [_thread_blocked, id=5611, stack(0x00007efdaa97e000,0x00007efdaaa7e000)]
  0x00007efd503e4dc0 JavaThread "Worker-JM" [_thread_blocked, id=5621, stack(0x00007efda97ff000,0x00007efda98ff000)]
  0x00007efd502b2a50 JavaThread "Worker-0" [_thread_blocked, id=5623, stack(0x00007efda96ff000,0x00007efda97ff000)]
  0x00007efd502bda30 JavaThread "Worker-1" [_thread_blocked, id=5624, stack(0x00007efda95ff000,0x00007efda96ff000)]
  0x00007efd38000ff0 JavaThread "Worker-2" [_thread_blocked, id=5625, stack(0x00007efda94ff000,0x00007efda95ff000)]
  0x00007efd508d5dc0 JavaThread "Java indexing" daemon [_thread_blocked, id=5629, stack(0x00007efda93ff000,0x00007efda94ff000)]
  0x00007efdc83a6440 JavaThread "pool-2-thread-1" [_thread_blocked, id=5630, stack(0x00007efda92ff000,0x00007efda93ff000)]
  0x00007efdc8657690 JavaThread "WorkspaceEventsHandler" [_thread_blocked, id=5632, stack(0x00007efda91ff000,0x00007efda92ff000)]
  0x00007efdc86593a0 JavaThread "pool-1-thread-1" [_thread_in_native, id=5633, stack(0x00007efda90ff000,0x00007efda91ff000)]
  0x00007efd1c07b370 JavaThread "ForkJoinPool.commonPool-worker-1" daemon [_thread_blocked, id=5660, stack(0x00007efda98ff000,0x00007efda99ff000)]
  0x00007efd1c07bf70 JavaThread "ForkJoinPool.commonPool-worker-2" daemon [_thread_blocked, id=5661, stack(0x00007efda8fff000,0x00007efda90ff000)]
  0x00007efd1c0f1e70 JavaThread "ForkJoinPool.commonPool-worker-3" daemon [_thread_blocked, id=5662, stack(0x00007efda8eff000,0x00007efda8fff000)]
  0x00007efd1c145cf0 JavaThread "ForkJoinPool.commonPool-worker-4" daemon [_thread_blocked, id=5673, stack(0x00007efda8dff000,0x00007efda8eff000)]
  0x00007efd1c1477c0 JavaThread "ForkJoinPool.commonPool-worker-5" daemon [_thread_blocked, id=5674, stack(0x00007efda8cff000,0x00007efda8dff000)]
  0x00007efd08000ff0 JavaThread "ForkJoinPool.commonPool-worker-6" daemon [_thread_blocked, id=5675, stack(0x00007efda8bff000,0x00007efda8cff000)]
  0x00007efcfc000ff0 JavaThread "ForkJoinPool.commonPool-worker-7" daemon [_thread_blocked, id=5676, stack(0x00007efda8aff000,0x00007efda8bff000)]
  0x00007efd340b0150 JavaThread "Worker-3" [_thread_blocked, id=5753, stack(0x00007efda86ff000,0x00007efda87ff000)]
  0x00007efd28002e50 JavaThread "Worker-4" [_thread_blocked, id=5754, stack(0x00007efda82ff000,0x00007efda83ff000)]
  0x00007efd94000eb0 JavaThread "Attach Listener" daemon [_thread_blocked, id=5789, stack(0x00007efda89ff000,0x00007efda8aff000)]

Other Threads:
  0x00007efdc8069210 VMThread "VM Thread" [stack: 0x00007efdab5f7000,0x00007efdab6f7000] [id=5542]
  0x00007efdc833ef60 WatcherThread [stack: 0x00007efdaa77e000,0x00007efdaa87e000] [id=5561]
  0x00007efdc803f9f0 GCTaskThread "GC Thread#0" [stack: 0x00007efdcd429000,0x00007efdcd529000] [id=5541]
  0x00007efda4001250 GCTaskThread "GC Thread#1" [stack: 0x00007efdaa57d000,0x00007efdaa67d000] [id=5577]
  0x00007efda4002ea0 GCTaskThread "GC Thread#2" [stack: 0x00007efdaa47c000,0x00007efdaa57c000] [id=5578]
  0x00007efda40035b0 GCTaskThread "GC Thread#3" [stack: 0x00007efdaa37b000,0x00007efdaa47b000] [id=5579]
  0x00007efda4003db0 GCTaskThread "GC Thread#4" [stack: 0x00007efdaa27a000,0x00007efdaa37a000] [id=5580]
  0x00007efda40045b0 GCTaskThread "GC Thread#5" [stack: 0x00007efdaa179000,0x00007efdaa279000] [id=5581]
  0x00007efda4004f70 GCTaskThread "GC Thread#6" [stack: 0x00007efdaa078000,0x00007efdaa178000] [id=5582]
  0x00007efda40063f0 GCTaskThread "GC Thread#7" [stack: 0x00007efda9b00000,0x00007efda9c00000] [id=5596]

Threads with active compile tasks:
C2 CompilerThread0    42315 9255       4       org.eclipse.jdt.internal.compiler.parser.Parser::consumeToken (2355 bytes)
C1 CompilerThread0    42315 9380       2       org.eclipse.jdt.internal.compiler.parser.Parser::consumePushPosition (9 bytes)

VM state: at safepoint (normal execution)

VM Mutex/Monitor currently owned by a thread:  ([mutex/lock_event])
[0x00007efdc8024ed0] Threads_lock - owner thread: 0x00007efdc8069210
[0x00007efdc8025680] Heap_lock - owner thread: 0x00007efd1c07bf70

Heap address: 0x00000000c0000000, size: 1024 MB, Compressed Oops mode: 32-bit

CDS archive(s) not mapped
Compressed class space mapped at: 0x0000000100000000-0x0000000140000000, reserved size: 1073741824
Narrow klass base: 0x0000000000000000, Narrow klass shift: 3, Narrow klass range: 0x140000000

GC Precious Log:
 CPUs: 8 total, 8 available
 Memory: 6857M
 Large Page Support: Disabled
 NUMA Support: Disabled
 Compressed Oops: Enabled (32-bit)
 Alignments: Space 512K, Generation 512K, Heap 2M
 Heap Min Capacity: 100M
 Heap Initial Capacity: 100M
 Heap Max Capacity: 1G
 Pre-touch: Disabled
 Parallel Workers: 8

Heap:
 PSYoungGen      total 5120K, used 5090K [0x00000000eab00000, 0x00000000eb300000, 0x0000000100000000)
  eden space 4608K, 100% used [0x00000000eab00000,0x00000000eaf80000,0x00000000eaf80000)
  from space 512K, 94% used [0x00000000eb280000,0x00000000eb2f8928,0x00000000eb300000)
  to   space 512K, 97% used [0x00000000eb200000,0x00000000eb27c918,0x00000000eb280000)
 ParOldGen       total 94208K, used 94085K [0x00000000c0000000, 0x00000000c5c00000, 0x00000000eab00000)
  object space 94208K, 99% used [0x00000000c0000000,0x00000000c5be14b8,0x00000000c5c00000)
 Metaspace       used 70254K, committed 71424K, reserved 1114112K
  class space    used 7476K, committed 8000K, reserved 1048576K

Card table byte_map: [0x00007efdcd529000,0x00007efdcd72a000] _byte_map_base: 0x00007efdccf29000

Marking Bits: (ParMarkBitMap*) 0x00007efdced1f380
 Begin Bits: [0x00007efdb4200000, 0x00007efdb5200000)
 End Bits:   [0x00007efdb5200000, 0x00007efdb6200000)

Polling page: 0x00007efdcf204000

Metaspace:

Usage:
  Non-class:     61,31 MB used.
      Class:      7,30 MB used.
       Both:     68,61 MB used.

Virtual space:
  Non-class space:       64,00 MB reserved,      61,94 MB ( 97%) committed,  1 nodes.
      Class space:        1,00 GB reserved,       7,81 MB ( <1%) committed,  1 nodes.
             Both:        1,06 GB reserved,      69,75 MB (  6%) committed. 

Chunk freelists:
   Non-Class:  2,07 MB
       Class:  8,23 MB
        Both:  10,30 MB

MaxMetaspaceSize: unlimited
CompressedClassSpaceSize: 1,00 GB
Initial GC threshold: 21,00 MB
Current GC threshold: 112,44 MB
CDS: off
MetaspaceReclaimPolicy: balanced
 - commit_granule_bytes: 65536.
 - commit_granule_words: 8192.
 - virtual_space_node_default_size: 8388608.
 - enlarge_chunks_in_place: 1.
 - new_chunks_are_fully_committed: 0.
 - uncommit_free_chunks: 1.
 - use_allocation_guard: 0.
 - handle_deallocations: 1.


Internal statistics:

num_allocs_failed_limit: 9.
num_arena_births: 708.
num_arena_deaths: 14.
num_vsnodes_births: 2.
num_vsnodes_deaths: 0.
num_space_committed: 1116.
num_space_uncommitted: 0.
num_chunks_returned_to_freelist: 23.
num_chunks_taken_from_freelist: 3546.
num_chunk_merges: 11.
num_chunk_splits: 2249.
num_chunks_enlarged: 1360.
num_inconsistent_stats: 0.

CodeHeap 'non-profiled nmethods': size=120028Kb used=3602Kb max_used=3602Kb free=116425Kb
 bounds [0x00007efdbdcc9000, 0x00007efdbe059000, 0x00007efdc5200000]
CodeHeap 'profiled nmethods': size=120028Kb used=15339Kb max_used=17440Kb free=104688Kb
 bounds [0x00007efdb6200000, 0x00007efdb7310000, 0x00007efdbd737000]
CodeHeap 'non-nmethods': size=5704Kb used=1356Kb max_used=1428Kb free=4347Kb
 bounds [0x00007efdbd737000, 0x00007efdbd9a7000, 0x00007efdbdcc9000]
 total_blobs=8180 nmethods=7474 adapters=620
 compilation: enabled
              stopped_count=0, restarted_count=0
 full_count=0

Compilation events (20 events):
Event: 42,240 Thread 0x00007efdc82212d0 nmethod 9363 0x00007efdb6ba2610 code [0x00007efdb6ba27a0, 0x00007efdb6ba28b0]
Event: 42,240 Thread 0x00007efdc82212d0 9361  s    2       java.lang.StringBuffer::toString (59 bytes)
Event: 42,241 Thread 0x00007efdc82212d0 nmethod 9361 0x00007efdb6790b10 code [0x00007efdb6790ce0, 0x00007efdb6791050]
Event: 42,241 Thread 0x00007efdc82212d0 9367   !   2       org.eclipse.core.internal.localstore.FileStoreRoot::computeURI (75 bytes)
Event: 42,245 Thread 0x00007efdc82212d0 nmethod 9367 0x00007efdb6d76110 code [0x00007efdb6d76340, 0x00007efdb6d768b0]
Event: 42,245 Thread 0x00007efdc82212d0 9372       2       org.eclipse.jdt.internal.compiler.parser.Parser::consumeLeftParen (9 bytes)
Event: 42,245 Thread 0x00007efdc82212d0 nmethod 9372 0x00007efdb6bae110 code [0x00007efdb6bae2c0, 0x00007efdb6bae3e0]
Event: 42,245 Thread 0x00007efdc82212d0 9373       2       org.eclipse.jdt.internal.compiler.parser.Parser::consumeRightParen (9 bytes)
Event: 42,247 Thread 0x00007efdc82212d0 nmethod 9373 0x00007efdb6cda190 code [0x00007efdb6cda340, 0x00007efdb6cda460]
Event: 42,247 Thread 0x00007efdc82212d0 9368       2       java.util.regex.Pattern::newCharProperty (39 bytes)
Event: 42,248 Thread 0x00007efdc82212d0 nmethod 9368 0x00007efdb6d1e890 code [0x00007efdb6d1ea40, 0x00007efdb6d1ed70]
Event: 42,248 Thread 0x00007efdc82212d0 9374       2       org.eclipse.jdt.internal.compiler.parser.Parser::consumePrimaryNoNewArray (55 bytes)
Event: 42,249 Thread 0x00007efdc82212d0 nmethod 9374 0x00007efdb66aac90 code [0x00007efdb66aae40, 0x00007efdb66aafc0]
Event: 42,249 Thread 0x00007efdc82212d0 9375       2       org.eclipse.jdt.internal.compiler.parser.Parser::updateSourcePosition (66 bytes)
Event: 42,250 Thread 0x00007efdc82212d0 nmethod 9375 0x00007efdb6548410 code [0x00007efdb65485c0, 0x00007efdb6548800]
Event: 42,250 Thread 0x00007efdc82212d0 9370       1       org.eclipse.lsp4j.Range::getStart (5 bytes)
Event: 42,253 Thread 0x00007efdc82212d0 nmethod 9370 0x00007efdbdebf510 code [0x00007efdbdebf6a0, 0x00007efdbdebf770]
Event: 42,254 Thread 0x00007efdc82212d0 9377       3       org.eclipse.jdt.internal.core.manipulation.JavaElementLabelComposerCore::getFlag (12 bytes)
Event: 42,255 Thread 0x00007efdc82212d0 nmethod 9377 0x00007efdb6d48290 code [0x00007efdb6d48440, 0x00007efdb6d48590]
Event: 42,255 Thread 0x00007efdc82212d0 9379       2       org.eclipse.jdt.internal.compiler.parser.Parser::consumeRule (7964 bytes)

GC Heap History (20 events):
Event: 14,985 GC heap before
{Heap before GC invocations=48 (full 4):
 PSYoungGen      total 6656K, used 6496K [0x00000000eab00000, 0x00000000ebb00000, 0x0000000100000000)
  eden space 4096K, 100% used [0x00000000eab00000,0x00000000eaf00000,0x00000000eaf00000)
  from space 2560K, 93% used [0x00000000eb880000,0x00000000ebad8000,0x00000000ebb00000)
  to   space 3584K, 0% used [0x00000000eb400000,0x00000000eb400000,0x00000000eb780000)
 ParOldGen       total 94208K, used 80097K [0x00000000c0000000, 0x00000000c5c00000, 0x00000000eab00000)
  object space 94208K, 85% used [0x00000000c0000000,0x00000000c4e38500,0x00000000c5c00000)
 Metaspace       used 68101K, committed 69184K, reserved 1114112K
  class space    used 7233K, committed 7680K, reserved 1048576K
}
Event: 14,990 GC heap after
{Heap after GC invocations=48 (full 4):
 PSYoungGen      total 8704K, used 3264K [0x00000000eab00000, 0x00000000eb900000, 0x0000000100000000)
  eden space 5120K, 0% used [0x00000000eab00000,0x00000000eab00000,0x00000000eb000000)
  from space 3584K, 91% used [0x00000000eb400000,0x00000000eb730000,0x00000000eb780000)
  to   space 1536K, 0% used [0x00000000eb780000,0x00000000eb780000,0x00000000eb900000)
 ParOldGen       total 94208K, used 82433K [0x00000000c0000000, 0x00000000c5c00000, 0x00000000eab00000)
  object space 94208K, 87% used [0x00000000c0000000,0x00000000c5080500,0x00000000c5c00000)
 Metaspace       used 68101K, committed 69184K, reserved 1114112K
  class space    used 7233K, committed 7680K, reserved 1048576K
}
Event: 15,010 GC heap before
{Heap before GC invocations=49 (full 4):
 PSYoungGen      total 8704K, used 8384K [0x00000000eab00000, 0x00000000eb900000, 0x0000000100000000)
  eden space 5120K, 100% used [0x00000000eab00000,0x00000000eb000000,0x00000000eb000000)
  from space 3584K, 91% used [0x00000000eb400000,0x00000000eb730000,0x00000000eb780000)
  to   space 1536K, 0% used [0x00000000eb780000,0x00000000eb780000,0x00000000eb900000)
 ParOldGen       total 94208K, used 82433K [0x00000000c0000000, 0x00000000c5c00000, 0x00000000eab00000)
  object space 94208K, 87% used [0x00000000c0000000,0x00000000c5080500,0x00000000c5c00000)
 Metaspace       used 68101K, committed 69184K, reserved 1114112K
  class space    used 7233K, committed 7680K, reserved 1048576K
}
Event: 15,014 GC heap after
{Heap after GC invocations=49 (full 4):
 PSYoungGen      total 6144K, used 1536K [0x00000000eab00000, 0x00000000ec180000, 0x0000000100000000)
  eden space 4608K, 0% used [0x00000000eab00000,0x00000000eab00000,0x00000000eaf80000)
  from space 1536K, 100% used [0x00000000eb780000,0x00000000eb900000,0x00000000eb900000)
  to   space 8192K, 0% used [0x00000000eaf80000,0x00000000eaf80000,0x00000000eb780000)
 ParOldGen       total 94208K, used 87969K [0x00000000c0000000, 0x00000000c5c00000, 0x00000000eab00000)
  object space 94208K, 93% used [0x00000000c0000000,0x00000000c55e8500,0x00000000c5c00000)
 Metaspace       used 68101K, committed 69184K, reserved 1114112K
  class space    used 7233K, committed 7680K, reserved 1048576K
}
Event: 16,733 GC heap before
{Heap before GC invocations=50 (full 4):
 PSYoungGen      total 6144K, used 6144K [0x00000000eab00000, 0x00000000ec180000, 0x0000000100000000)
  eden space 4608K, 100% used [0x00000000eab00000,0x00000000eaf80000,0x00000000eaf80000)
  from space 1536K, 100% used [0x00000000eb780000,0x00000000eb900000,0x00000000eb900000)
  to   space 8192K, 0% used [0x00000000eaf80000,0x00000000eaf80000,0x00000000eb780000)
 ParOldGen       total 94208K, used 87969K [0x00000000c0000000, 0x00000000c5c00000, 0x00000000eab00000)
  object space 94208K, 93% used [0x00000000c0000000,0x00000000c55e8500,0x00000000c5c00000)
 Metaspace       used 68308K, committed 69440K, reserved 1114112K
  class space    used 7260K, committed 7744K, reserved 1048576K
}
Event: 16,738 GC heap after
{Heap after GC invocations=50 (full 4):
 PSYoungGen      total 7168K, used 2208K [0x00000000eab00000, 0x00000000eb800000, 0x0000000100000000)
  eden space 4608K, 0% used [0x00000000eab00000,0x00000000eab00000,0x00000000eaf80000)
  from space 2560K, 86% used [0x00000000eaf80000,0x00000000eb1a8000,0x00000000eb200000)
  to   space 4096K, 0% used [0x00000000eb400000,0x00000000eb400000,0x00000000eb800000)
 ParOldGen       total 94208K, used 89529K [0x00000000c0000000, 0x00000000c5c00000, 0x00000000eab00000)
  object space 94208K, 95% used [0x00000000c0000000,0x00000000c576e500,0x00000000c5c00000)
 Metaspace       used 68308K, committed 69440K, reserved 1114112K
  class space    used 7260K, committed 7744K, reserved 1048576K
}
Event: 16,852 GC heap before
{Heap before GC invocations=51 (full 4):
 PSYoungGen      total 7168K, used 6798K [0x00000000eab00000, 0x00000000eb800000, 0x0000000100000000)
  eden space 4608K, 99% used [0x00000000eab00000,0x00000000eaf7bae0,0x00000000eaf80000)
  from space 2560K, 86% used [0x00000000eaf80000,0x00000000eb1a8000,0x00000000eb200000)
  to   space 4096K, 0% used [0x00000000eb400000,0x00000000eb400000,0x00000000eb800000)
 ParOldGen       total 94208K, used 89529K [0x00000000c0000000, 0x00000000c5c00000, 0x00000000eab00000)
  object space 94208K, 95% used [0x00000000c0000000,0x00000000c576e500,0x00000000c5c00000)
 Metaspace       used 68497K, committed 69632K, reserved 1114112K
  class space    used 7272K, committed 7744K, reserved 1048576K
}
Event: 16,856 GC heap after
{Heap after GC invocations=51 (full 4):
 PSYoungGen      total 6144K, used 1388K [0x00000000eab00000, 0x00000000eb580000, 0x0000000100000000)
  eden space 4608K, 0% used [0x00000000eab00000,0x00000000eab00000,0x00000000eaf80000)
  from space 1536K, 90% used [0x00000000eb400000,0x00000000eb55b340,0x00000000eb580000)
  to   space 2048K, 0% used [0x00000000eb180000,0x00000000eb180000,0x00000000eb380000)
 ParOldGen       total 94208K, used 91441K [0x00000000c0000000, 0x00000000c5c00000, 0x00000000eab00000)
  object space 94208K, 97% used [0x00000000c0000000,0x00000000c594c6b0,0x00000000c5c00000)
 Metaspace       used 68497K, committed 69632K, reserved 1114112K
  class space    used 7272K, committed 7744K, reserved 1048576K
}
Event: 17,001 GC heap before
{Heap before GC invocations=52 (full 4):
 PSYoungGen      total 6144K, used 5996K [0x00000000eab00000, 0x00000000eb580000, 0x0000000100000000)
  eden space 4608K, 100% used [0x00000000eab00000,0x00000000eaf80000,0x00000000eaf80000)
  from space 1536K, 90% used [0x00000000eb400000,0x00000000eb55b340,0x00000000eb580000)
  to   space 2048K, 0% used [0x00000000eb180000,0x00000000eb180000,0x00000000eb380000)
 ParOldGen       total 94208K, used 91441K [0x00000000c0000000, 0x00000000c5c00000, 0x00000000eab00000)
  object space 94208K, 97% used [0x00000000c0000000,0x00000000c594c6b0,0x00000000c5c00000)
 Metaspace       used 69103K, committed 70272K, reserved 1114112K
  class space    used 7340K, committed 7808K, reserved 1048576K
}
Event: 17,005 GC heap after
{Heap after GC invocations=52 (full 4):
 PSYoungGen      total 5632K, used 672K [0x00000000eab00000, 0x00000000eb480000, 0x0000000100000000)
  eden space 4608K, 0% used [0x00000000eab00000,0x00000000eab00000,0x00000000eaf80000)
  from space 1024K, 65% used [0x00000000eb180000,0x00000000eb228020,0x00000000eb280000)
  to   space 1536K, 0% used [0x00000000eb300000,0x00000000eb300000,0x00000000eb480000)
 ParOldGen       total 94208K, used 92137K [0x00000000c0000000, 0x00000000c5c00000, 0x00000000eab00000)
  object space 94208K, 97% used [0x00000000c0000000,0x00000000c59fa610,0x00000000c5c00000)
 Metaspace       used 69103K, committed 70272K, reserved 1114112K
  class space    used 7340K, committed 7808K, reserved 1048576K
}
Event: 17,087 GC heap before
{Heap before GC invocations=53 (full 4):
 PSYoungGen      total 5632K, used 5276K [0x00000000eab00000, 0x00000000eb480000, 0x0000000100000000)
  eden space 4608K, 99% used [0x00000000eab00000,0x00000000eaf7f2a8,0x00000000eaf80000)
  from space 1024K, 65% used [0x00000000eb180000,0x00000000eb228020,0x00000000eb280000)
  to   space 1536K, 0% used [0x00000000eb300000,0x00000000eb300000,0x00000000eb480000)
 ParOldGen       total 94208K, used 92137K [0x00000000c0000000, 0x00000000c5c00000, 0x00000000eab00000)
  object space 94208K, 97% used [0x00000000c0000000,0x00000000c59fa610,0x00000000c5c00000)
 Metaspace       used 69540K, committed 70784K, reserved 1114112K
  class space    used 7416K, committed 7936K, reserved 1048576K
}
Event: 17,089 GC heap after
{Heap after GC invocations=53 (full 4):
 PSYoungGen      total 5632K, used 944K [0x00000000eab00000, 0x00000000eb400000, 0x0000000100000000)
  eden space 4608K, 0% used [0x00000000eab00000,0x00000000eab00000,0x00000000eaf80000)
  from space 1024K, 92% used [0x00000000eb300000,0x00000000eb3ec030,0x00000000eb400000)
  to   space 1024K, 0% used [0x00000000eb180000,0x00000000eb180000,0x00000000eb280000)
 ParOldGen       total 94208K, used 92633K [0x00000000c0000000, 0x00000000c5c00000, 0x00000000eab00000)
  object space 94208K, 98% used [0x00000000c0000000,0x00000000c5a76590,0x00000000c5c00000)
 Metaspace       used 69540K, committed 70784K, reserved 1114112K
  class space    used 7416K, committed 7936K, reserved 1048576K
}
Event: 17,199 GC heap before
{Heap before GC invocations=54 (full 4):
 PSYoungGen      total 5632K, used 5552K [0x00000000eab00000, 0x00000000eb400000, 0x0000000100000000)
  eden space 4608K, 100% used [0x00000000eab00000,0x00000000eaf80000,0x00000000eaf80000)
  from space 1024K, 92% used [0x00000000eb300000,0x00000000eb3ec030,0x00000000eb400000)
  to   space 1024K, 0% used [0x00000000eb180000,0x00000000eb180000,0x00000000eb280000)
 ParOldGen       total 94208K, used 92633K [0x00000000c0000000, 0x00000000c5c00000, 0x00000000eab00000)
  object space 94208K, 98% used [0x00000000c0000000,0x00000000c5a76590,0x00000000c5c00000)
 Metaspace       used 69723K, committed 70912K, reserved 1114112K
  class space    used 7423K, committed 7936K, reserved 1048576K
}
Event: 17,201 GC heap after
{Heap after GC invocations=54 (full 4):
 PSYoungGen      total 5632K, used 656K [0x00000000eab00000, 0x00000000eb380000, 0x0000000100000000)
  eden space 4608K, 0% used [0x00000000eab00000,0x00000000eab00000,0x00000000eaf80000)
  from space 1024K, 64% used [0x00000000eb180000,0x00000000eb224030,0x00000000eb280000)
  to   space 1024K, 0% used [0x00000000eb280000,0x00000000eb280000,0x00000000eb380000)
 ParOldGen       total 94208K, used 92841K [0x00000000c0000000, 0x00000000c5c00000, 0x00000000eab00000)
  object space 94208K, 98% used [0x00000000c0000000,0x00000000c5aaa590,0x00000000c5c00000)
 Metaspace       used 69723K, committed 70912K, reserved 1114112K
  class space    used 7423K, committed 7936K, reserved 1048576K
}
Event: 32,359 GC heap before
{Heap before GC invocations=55 (full 4):
 PSYoungGen      total 5632K, used 5263K [0x00000000eab00000, 0x00000000eb380000, 0x0000000100000000)
  eden space 4608K, 99% used [0x00000000eab00000,0x00000000eaf7ff98,0x00000000eaf80000)
  from space 1024K, 64% used [0x00000000eb180000,0x00000000eb224030,0x00000000eb280000)
  to   space 1024K, 0% used [0x00000000eb280000,0x00000000eb280000,0x00000000eb380000)
 ParOldGen       total 94208K, used 92841K [0x00000000c0000000, 0x00000000c5c00000, 0x00000000eab00000)
  object space 94208K, 98% used [0x00000000c0000000,0x00000000c5aaa590,0x00000000c5c00000)
 Metaspace       used 69847K, committed 71040K, reserved 1114112K
  class space    used 7423K, committed 7936K, reserved 1048576K
}
Event: 32,361 GC heap after
{Heap after GC invocations=55 (full 4):
 PSYoungGen      total 5120K, used 192K [0x00000000eab00000, 0x00000000eb300000, 0x0000000100000000)
  eden space 4608K, 0% used [0x00000000eab00000,0x00000000eab00000,0x00000000eaf80000)
  from space 512K, 37% used [0x00000000eb280000,0x00000000eb2b0000,0x00000000eb300000)
  to   space 512K, 0% used [0x00000000eb200000,0x00000000eb200000,0x00000000eb280000)
 ParOldGen       total 94208K, used 92969K [0x00000000c0000000, 0x00000000c5c00000, 0x00000000eab00000)
  object space 94208K, 98% used [0x00000000c0000000,0x00000000c5aca5b0,0x00000000c5c00000)
 Metaspace       used 69847K, committed 71040K, reserved 1114112K
  class space    used 7423K, committed 7936K, reserved 1048576K
}
Event: 39,154 GC heap before
{Heap before GC invocations=56 (full 4):
 PSYoungGen      total 5120K, used 4800K [0x00000000eab00000, 0x00000000eb300000, 0x0000000100000000)
  eden space 4608K, 100% used [0x00000000eab00000,0x00000000eaf80000,0x00000000eaf80000)
  from space 512K, 37% used [0x00000000eb280000,0x00000000eb2b0000,0x00000000eb300000)
  to   space 512K, 0% used [0x00000000eb200000,0x00000000eb200000,0x00000000eb280000)
 ParOldGen       total 94208K, used 92969K [0x00000000c0000000, 0x00000000c5c00000, 0x00000000eab00000)
  object space 94208K, 98% used [0x00000000c0000000,0x00000000c5aca5b0,0x00000000c5c00000)
 Metaspace       used 70133K, committed 71296K, reserved 1114112K
  class space    used 7471K, committed 7936K, reserved 1048576K
}
Event: 39,155 GC heap after
{Heap after GC invocations=56 (full 4):
 PSYoungGen      total 5120K, used 480K [0x00000000eab00000, 0x00000000eb300000, 0x0000000100000000)
  eden space 4608K, 0% used [0x00000000eab00000,0x00000000eab00000,0x00000000eaf80000)
  from space 512K, 93% used [0x00000000eb200000,0x00000000eb278020,0x00000000eb280000)
  to   space 512K, 0% used [0x00000000eb280000,0x00000000eb280000,0x00000000eb300000)
 ParOldGen       total 94208K, used 93025K [0x00000000c0000000, 0x00000000c5c00000, 0x00000000eab00000)
  object space 94208K, 98% used [0x00000000c0000000,0x00000000c5ad85b0,0x00000000c5c00000)
 Metaspace       used 70133K, committed 71296K, reserved 1114112K
  class space    used 7471K, committed 7936K, reserved 1048576K
}
Event: 42,205 GC heap before
{Heap before GC invocations=57 (full 4):
 PSYoungGen      total 5120K, used 5088K [0x00000000eab00000, 0x00000000eb300000, 0x0000000100000000)
  eden space 4608K, 100% used [0x00000000eab00000,0x00000000eaf80000,0x00000000eaf80000)
  from space 512K, 93% used [0x00000000eb200000,0x00000000eb278020,0x00000000eb280000)
  to   space 512K, 0% used [0x00000000eb280000,0x00000000eb280000,0x00000000eb300000)
 ParOldGen       total 94208K, used 93025K [0x00000000c0000000, 0x00000000c5c00000, 0x00000000eab00000)
  object space 94208K, 98% used [0x00000000c0000000,0x00000000c5ad85b0,0x00000000c5c00000)
 Metaspace       used 70228K, committed 71424K, reserved 1114112K
  class space    used 7476K, committed 8000K, reserved 1048576K
}
Event: 42,211 GC heap after
{Heap after GC invocations=57 (full 4):
 PSYoungGen      total 5120K, used 482K [0x00000000eab00000, 0x00000000eb300000, 0x0000000100000000)
  eden space 4608K, 0% used [0x00000000eab00000,0x00000000eab00000,0x00000000eaf80000)
  from space 512K, 94% used [0x00000000eb280000,0x00000000eb2f8928,0x00000000eb300000)
  to   space 512K, 0% used [0x00000000eb200000,0x00000000eb200000,0x00000000eb280000)
 ParOldGen       total 94208K, used 93249K [0x00000000c0000000, 0x00000000c5c00000, 0x00000000eab00000)
  object space 94208K, 98% used [0x00000000c0000000,0x00000000c5b105b0,0x00000000c5c00000)
 Metaspace       used 70228K, committed 71424K, reserved 1114112K
  class space    used 7476K, committed 8000K, reserved 1048576K
}

Dll operation events (9 events):
Event: 0,008 Loaded shared library /home/sergio/.vscode/extensions/redhat.java-1.28.1-linux-x64/jre/17.0.10-linux-x86_64/lib/libjava.so
Event: 0,328 Loaded shared library /home/sergio/.vscode/extensions/redhat.java-1.28.1-linux-x64/jre/17.0.10-linux-x86_64/lib/libzip.so
Event: 0,331 Loaded shared library /home/sergio/.vscode/extensions/redhat.java-1.28.1-linux-x64/jre/17.0.10-linux-x86_64/lib/libinstrument.so
Event: 0,350 Loaded shared library /home/sergio/.vscode/extensions/redhat.java-1.28.1-linux-x64/jre/17.0.10-linux-x86_64/lib/libnio.so
Event: 0,370 Loaded shared library /home/sergio/.vscode/extensions/redhat.java-1.28.1-linux-x64/jre/17.0.10-linux-x86_64/lib/libzip.so
Event: 0,413 Loaded shared library /home/sergio/.vscode/extensions/redhat.java-1.28.1-linux-x64/jre/17.0.10-linux-x86_64/lib/libjimage.so
Event: 0,534 Loaded shared library /home/sergio/.vscode/extensions/redhat.java-1.28.1-linux-x64/jre/17.0.10-linux-x86_64/lib/libverify.so
Event: 1,850 Loaded shared library /home/sergio/.vscode/extensions/redhat.java-1.28.1-linux-x64/jre/17.0.10-linux-x86_64/lib/libnet.so
Event: 2,754 Loaded shared library /home/sergio/.config/Code/User/globalStorage/redhat.java/1.28.1/config_linux/org.eclipse.equinox.launcher/org.eclipse.equinox.launcher.gtk.linux.x86_64_1.2.900.v20240129-1338/eclipse_11900.so

Deoptimization events (20 events):
Event: 42,252 Thread 0x00007efd1c07bf70 DEOPT PACKING pc=0x00007efdbe020a50 sp=0x00007efda90fc8a0
Event: 42,252 Thread 0x00007efd1c07bf70 DEOPT UNPACKING pc=0x00007efdbd78d399 sp=0x00007efda90fc860 mode 2
Event: 42,253 Thread 0x00007efd1c07bf70 Uncommon trap: trap_request=0xffffffc6 fr.pc=0x00007efdbe020a50 relative=0x0000000000000c50
Event: 42,253 Thread 0x00007efd1c07bf70 Uncommon trap: reason=bimorphic_or_optimized_type_check action=maybe_recompile pc=0x00007efdbe020a50 method=org.eclipse.jdt.internal.compiler.parser.Parser.consumeRule(I)V @ 6071 c2
Event: 42,253 Thread 0x00007efd1c07bf70 DEOPT PACKING pc=0x00007efdbe020a50 sp=0x00007efda90fc8a0
Event: 42,253 Thread 0x00007efd1c07bf70 DEOPT UNPACKING pc=0x00007efdbd78d399 sp=0x00007efda90fc860 mode 2
Event: 42,253 Thread 0x00007efd1c07bf70 Uncommon trap: trap_request=0xffffffc6 fr.pc=0x00007efdbe0207cc relative=0x00000000000009cc
Event: 42,253 Thread 0x00007efd1c07bf70 Uncommon trap: reason=bimorphic_or_optimized_type_check action=maybe_recompile pc=0x00007efdbe0207cc method=org.eclipse.jdt.internal.compiler.parser.Parser.consumeRule(I)V @ 4647 c2
Event: 42,253 Thread 0x00007efd1c07bf70 DEOPT PACKING pc=0x00007efdbe0207cc sp=0x00007efda90fc890
Event: 42,253 Thread 0x00007efd1c07bf70 DEOPT UNPACKING pc=0x00007efdbd78d399 sp=0x00007efda90fc840 mode 2
Event: 42,253 Thread 0x00007efd1c07bf70 Uncommon trap: trap_request=0xffffffc6 fr.pc=0x00007efdbe0204b0 relative=0x00000000000006b0
Event: 42,253 Thread 0x00007efd1c07bf70 Uncommon trap: reason=bimorphic_or_optimized_type_check action=maybe_recompile pc=0x00007efdbe0204b0 method=org.eclipse.jdt.internal.compiler.parser.Parser.consumeRule(I)V @ 6480 c2
Event: 42,253 Thread 0x00007efd1c07bf70 DEOPT PACKING pc=0x00007efdbe0204b0 sp=0x00007efda90fc890
Event: 42,253 Thread 0x00007efd1c07bf70 DEOPT UNPACKING pc=0x00007efdbd78d399 sp=0x00007efda90fc848 mode 2
Event: 42,254 Thread 0x00007efd1c07bf70 Uncommon trap: trap_request=0xffffffc6 fr.pc=0x00007efdbe0204b0 relative=0x00000000000006b0
Event: 42,254 Thread 0x00007efd1c07bf70 Uncommon trap: reason=bimorphic_or_optimized_type_check action=maybe_recompile pc=0x00007efdbe0204b0 method=org.eclipse.jdt.internal.compiler.parser.Parser.consumeRule(I)V @ 6480 c2
Event: 42,254 Thread 0x00007efd1c07bf70 DEOPT PACKING pc=0x00007efdbe0204b0 sp=0x00007efda90fc8a0
Event: 42,254 Thread 0x00007efd1c07bf70 DEOPT UNPACKING pc=0x00007efdbd78d399 sp=0x00007efda90fc858 mode 2
Event: 42,266 Thread 0x00007efd1c07bf70 DEOPT PACKING pc=0x00007efdb6ebf070 sp=0x00007efda90fb730
Event: 42,267 Thread 0x00007efd1c07bf70 DEOPT UNPACKING pc=0x00007efdbd78db2f sp=0x00007efda90fabe0 mode 0

Classes unloaded (7 events):
Event: 6,742 Thread 0x00007efdc8069210 Unloading class 0x0000000100254400 'java/lang/invoke/LambdaForm$MH+0x0000000100254400'
Event: 6,742 Thread 0x00007efdc8069210 Unloading class 0x0000000100254000 'java/lang/invoke/LambdaForm$MH+0x0000000100254000'
Event: 6,742 Thread 0x00007efdc8069210 Unloading class 0x0000000100253c00 'java/lang/invoke/LambdaForm$MH+0x0000000100253c00'
Event: 6,742 Thread 0x00007efdc8069210 Unloading class 0x0000000100253800 'java/lang/invoke/LambdaForm$MH+0x0000000100253800'
Event: 6,742 Thread 0x00007efdc8069210 Unloading class 0x0000000100253400 'java/lang/invoke/LambdaForm$BMH+0x0000000100253400'
Event: 6,742 Thread 0x00007efdc8069210 Unloading class 0x0000000100253000 'java/lang/invoke/LambdaForm$DMH+0x0000000100253000'
Event: 6,743 Thread 0x00007efdc8069210 Unloading class 0x0000000100250400 'java/lang/invoke/LambdaForm$DMH+0x0000000100250400'

Classes redefined (0 events):
No events

Internal exceptions (20 events):
Event: 14,317 Thread 0x00007efd1c07b370 Exception <a 'sun/nio/fs/UnixException'{0x00000000eb302f68}> (0x00000000eb302f68) 
thrown [src/hotspot/share/prims/jni.cpp, line 516]
Event: 14,335 Thread 0x00007efd1c07b370 Exception <a 'sun/nio/fs/UnixException'{0x00000000eb376fc0}> (0x00000000eb376fc0) 
thrown [src/hotspot/share/prims/jni.cpp, line 516]
Event: 14,435 Thread 0x00007efd1c07b370 Exception <a 'sun/nio/fs/UnixException'{0x00000000eb2f26e0}> (0x00000000eb2f26e0) 
thrown [src/hotspot/share/prims/jni.cpp, line 516]
Event: 14,443 Thread 0x00007efd1c07b370 Exception <a 'sun/nio/fs/UnixException'{0x00000000eb312080}> (0x00000000eb312080) 
thrown [src/hotspot/share/prims/jni.cpp, line 516]
Event: 14,470 Thread 0x00007efd1c07b370 Exception <a 'sun/nio/fs/UnixException'{0x00000000eb410408}> (0x00000000eb410408) 
thrown [src/hotspot/share/prims/jni.cpp, line 516]
Event: 14,498 Thread 0x00007efd1c07b370 Exception <a 'sun/nio/fs/UnixException'{0x00000000eb6fd8d0}> (0x00000000eb6fd8d0) 
thrown [src/hotspot/share/prims/jni.cpp, line 516]
Event: 14,504 Thread 0x00007efd1c07b370 Exception <a 'sun/nio/fs/UnixException'{0x00000000eb7179a8}> (0x00000000eb7179a8) 
thrown [src/hotspot/share/prims/jni.cpp, line 516]
Event: 14,520 Thread 0x00007efd1c07b370 Exception <a 'sun/nio/fs/UnixException'{0x00000000eab8f880}> (0x00000000eab8f880) 
thrown [src/hotspot/share/prims/jni.cpp, line 516]
Event: 14,575 Thread 0x00007efd1c07bf70 Exception <a 'java/lang/NoSuchMethodError'{0x00000000eb0cb4e8}: 'java.lang.Object java.lang.invoke.DirectMethodHandle$Holder.newInvokeSpecial(java.lang.Object, java.lang.Object, java.lang.Object, java.lang.Object, java.lang.Object, java.lang.Object)'> (0x00000000eb0cb4e8) 
thrown [src/hotspot/share/interpreter/linkResolver.cpp, line 758]
Event: 14,589 Thread 0x00007efd502bda30 Exception <a 'java/io/FileNotFoundException'{0x00000000eb2978c0}> (0x00000000eb2978c0) 
thrown [src/hotspot/share/prims/jni.cpp, line 516]
Event: 14,589 Thread 0x00007efd502bda30 Exception <a 'java/io/FileNotFoundException'{0x00000000eb298578}> (0x00000000eb298578) 
thrown [src/hotspot/share/prims/jni.cpp, line 516]
Event: 16,722 Thread 0x00007efdc86593a0 Exception <a 'java/io/FileNotFoundException'{0x00000000eaf19588}> (0x00000000eaf19588) 
thrown [src/hotspot/share/prims/jni.cpp, line 516]
Event: 16,723 Thread 0x00007efdc86593a0 Exception <a 'java/io/FileNotFoundException'{0x00000000eaf1a748}> (0x00000000eaf1a748) 
thrown [src/hotspot/share/prims/jni.cpp, line 516]
Event: 16,981 Thread 0x00007efd1c07bf70 Exception <a 'java/lang/NoSuchMethodError'{0x00000000eaea1dc8}: 'void java.lang.invoke.DirectMethodHandle$Holder.invokeSpecial(java.lang.Object, java.lang.Object, int)'> (0x00000000eaea1dc8) 
thrown [src/hotspot/share/interpreter/linkResolver.cpp, line 758]
Event: 17,006 Thread 0x00007efd1c07b370 Exception <a 'java/lang/ArrayIndexOutOfBoundsException'{0x00000000eab0fbd8}> (0x00000000eab0fbd8) 
thrown [src/hotspot/share/runtime/sharedRuntime.cpp, line 631]
Event: 17,055 Thread 0x00007efd1c07bf70 Exception <a 'java/lang/NoSuchMethodError'{0x00000000eace0150}: 'java.lang.Object java.lang.invoke.DirectMethodHandle$Holder.invokeSpecial(java.lang.Object, java.lang.Object, long, java.lang.Object, java.lang.Object, java.lang.Object, java.lang.Object, java.lang.Object, java.lang.Object, java.lang.Object, java.lang.Object, java.lang.Object)'> (0x00000000eace0150) 
thrown [src/hotspot/share/interpreter/linkResolver.cpp, line 758]
Event: 17,055 Thread 0x00007efd1c07bf70 Exception <a 'java/lang/NoSuchMethodError'{0x00000000eace4920}: 'java.lang.Object java.lang.invoke.DelegatingMethodHandle$Holder.reinvoke_L(java.lang.Object, long, java.lang.Object, java.lang.Object, java.lang.Object, java.lang.Object, java.lang.Object, java.lang.Object, java.lang.Object, java.lang.Object, java.lang.Object)'> (0x00000000eace4920) 
thrown [src/hotspot/share/interpreter/linkResolver.cpp, line 758]
Event: 17,061 Thread 0x00007efd1c07bf70 Exception <a 'java/lang/NoSuchMethodError'{0x00000000ead87c20}: 'java.lang.Object java.lang.invoke.DirectMethodHandle$Holder.invokeSpecial(java.lang.Object, java.lang.Object, java.lang.Object, java.lang.Object, java.lang.Object, java.lang.Object, java.lang.Object, java.lang.Object, java.lang.Object, java.lang.Object, java.lang.Object)'> (0x00000000ead87c20) 
thrown [src/hotspot/share/interpreter/linkResolver.cpp, line 758]
Event: 17,062 Thread 0x00007efd1c07bf70 Exception <a 'java/lang/NoSuchMethodError'{0x00000000eada8a00}: 'java.lang.Object java.lang.invoke.Invokers$Holder.linkToTargetMethod(java.lang.Object, java.lang.Object, java.lang.Object, java.lang.Object, java.lang.Object, java.lang.Object, java.lang.Object, java.lang.Object, java.lang.Object, java.lang.Object)'> (0x00000000eada8a00) 
thrown [src/hotspot/share/interpreter/linkResolver.cpp, line 758]
Event: 19,014 Thread 0x00007efdc8657690 Exception <a 'sun/nio/fs/UnixException'{0x00000000eaeffa78}> (0x00000000eaeffa78) 
thrown [src/hotspot/share/prims/jni.cpp, line 516]

VM Operations (20 events):
Event: 39,140 Executing VM operation: HandshakeAllThreads
Event: 39,140 Executing VM operation: HandshakeAllThreads done
Event: 39,143 Executing VM operation: HandshakeAllThreads
Event: 39,143 Executing VM operation: HandshakeAllThreads done
Event: 39,145 Executing VM operation: HandshakeAllThreads
Event: 39,145 Executing VM operation: HandshakeAllThreads done
Event: 39,146 Executing VM operation: HandshakeAllThreads
Event: 39,146 Executing VM operation: HandshakeAllThreads done
Event: 39,148 Executing VM operation: HandshakeAllThreads
Event: 39,148 Executing VM operation: HandshakeAllThreads done
Event: 39,149 Executing VM operation: HandshakeAllThreads
Event: 39,150 Executing VM operation: HandshakeAllThreads done
Event: 39,154 Executing VM operation: ParallelGCFailedAllocation
Event: 39,155 Executing VM operation: ParallelGCFailedAllocation done
Event: 40,156 Executing VM operation: Cleanup
Event: 40,156 Executing VM operation: Cleanup done
Event: 42,156 Executing VM operation: Cleanup
Event: 42,156 Executing VM operation: Cleanup done
Event: 42,205 Executing VM operation: ParallelGCFailedAllocation
Event: 42,211 Executing VM operation: ParallelGCFailedAllocation done

Events (20 events):
Event: 19,029 Thread 0x00007efdc822a710 flushing nmethod 0x00007efdb711a910
Event: 19,029 Thread 0x00007efdc822a710 flushing nmethod 0x00007efdb711b290
Event: 19,029 Thread 0x00007efdc822a710 flushing nmethod 0x00007efdb711c690
Event: 19,029 Thread 0x00007efdc822a710 flushing nmethod 0x00007efdb711d190
Event: 19,029 Thread 0x00007efdc822a710 flushing nmethod 0x00007efdb711d510
Event: 19,029 Thread 0x00007efdc822a710 flushing nmethod 0x00007efdb712e910
Event: 19,030 Thread 0x00007efdc822a710 flushing nmethod 0x00007efdb7139110
Event: 19,030 Thread 0x00007efdc822a710 flushing nmethod 0x00007efdb7193210
Event: 19,030 Thread 0x00007efdc822a710 flushing nmethod 0x00007efdb71ab490
Event: 19,030 Thread 0x00007efdc822a710 flushing nmethod 0x00007efdb71be310
Event: 19,030 Thread 0x00007efdc822a710 flushing nmethod 0x00007efdb71c5690
Event: 19,030 Thread 0x00007efdc822a710 flushing nmethod 0x00007efdb71c9810
Event: 19,030 Thread 0x00007efdc822a710 flushing nmethod 0x00007efdb71cab90
Event: 19,030 Thread 0x00007efdc822a710 flushing nmethod 0x00007efdb71cb010
Event: 19,030 Thread 0x00007efdc822a710 flushing nmethod 0x00007efdb71cc110
Event: 19,030 Thread 0x00007efdc822a710 flushing nmethod 0x00007efdb71ce090
Event: 19,030 Thread 0x00007efdc822a710 flushing nmethod 0x00007efdb71ff310
Event: 19,030 Thread 0x00007efdc822a710 flushing nmethod 0x00007efdb71ffa90
Event: 19,030 Thread 0x00007efdc822a710 flushing nmethod 0x00007efdb726d810
Event: 19,030 Thread 0x00007efdc822a710 flushing nmethod 0x00007efdb7271e90


Dynamic libraries:
c0000000-c5c00000 rw-p 00000000 00:00 0 
c5c00000-eab00000 ---p 00000000 00:00 0 
eab00000-eb300000 rw-p 00000000 00:00 0 
eb300000-100000000 ---p 00000000 00:00 0 
100000000-100010000 rw-p 00000000 00:00 0 
100010000-100030000 rw-p 00000000 00:00 0 
100030000-1000b0000 rw-p 00000000 00:00 0 
1000b0000-1000d0000 rw-p 00000000 00:00 0 
1000d0000-100130000 rw-p 00000000 00:00 0 
100130000-100170000 rw-p 00000000 00:00 0 
100170000-1001f0000 rw-p 00000000 00:00 0 
1001f0000-1002f0000 rw-p 00000000 00:00 0 
1002f0000-1003b0000 rw-p 00000000 00:00 0 
1003b0000-1003f0000 rw-p 00000000 00:00 0 
1003f0000-1007d0000 rw-p 00000000 00:00 0 
1007d0000-140000000 ---p 00000000 00:00 0 
56235f6e1000-56235f6e2000 r--p 00000000 103:03 10299493                  /home/sergio/.vscode/extensions/redhat.java-1.28.1-linux-x64/jre/17.0.10-linux-x86_64/bin/java
56235f6e2000-56235f6e3000 r-xp 00001000 103:03 10299493                  /home/sergio/.vscode/extensions/redhat.java-1.28.1-linux-x64/jre/17.0.10-linux-x86_64/bin/java
56235f6e3000-56235f6e4000 r--p 00002000 103:03 10299493                  /home/sergio/.vscode/extensions/redhat.java-1.28.1-linux-x64/jre/17.0.10-linux-x86_64/bin/java
56235f6e4000-56235f6e5000 r--p 00002000 103:03 10299493                  /home/sergio/.vscode/extensions/redhat.java-1.28.1-linux-x64/jre/17.0.10-linux-x86_64/bin/java
56235f6e5000-56235f6e6000 rw-p 00003000 103:03 10299493                  /home/sergio/.vscode/extensions/redhat.java-1.28.1-linux-x64/jre/17.0.10-linux-x86_64/bin/java
562361057000-56236109f000 rw-p 00000000 00:00 0                          [heap]
7efcd4000000-7efcd4021000 rw-p 00000000 00:00 0 
7efcd4021000-7efcd8000000 ---p 00000000 00:00 0 
7efcd8000000-7efcd8021000 rw-p 00000000 00:00 0 
7efcd8021000-7efcdc000000 ---p 00000000 00:00 0 
7efcdc000000-7efcdc0cb000 rw-p 00000000 00:00 0 
7efcdc0cb000-7efce0000000 ---p 00000000 00:00 0 
7efce0000000-7efce0021000 rw-p 00000000 00:00 0 
7efce0021000-7efce4000000 ---p 00000000 00:00 0 
7efce4000000-7efce4021000 rw-p 00000000 00:00 0 
7efce4021000-7efce8000000 ---p 00000000 00:00 0 
7efce8000000-7efce8021000 rw-p 00000000 00:00 0 
7efce8021000-7efcec000000 ---p 00000000 00:00 0 
7efcec000000-7efcec176000 rw-p 00000000 00:00 0 
7efcec176000-7efcf0000000 ---p 00000000 00:00 0 
7efcf0000000-7efcf0021000 rw-p 00000000 00:00 0 
7efcf0021000-7efcf4000000 ---p 00000000 00:00 0 
7efcf4000000-7efcf503f000 rw-p 00000000 00:00 0 
7efcf503f000-7efcf8000000 ---p 00000000 00:00 0 
7efcf8000000-7efcf8021000 rw-p 00000000 00:00 0 
7efcf8021000-7efcfc000000 ---p 00000000 00:00 0 
7efcfc000000-7efcfc14f000 rw-p 00000000 00:00 0 
7efcfc14f000-7efd00000000 ---p 00000000 00:00 0 
7efd00000000-7efd0002a000 rw-p 00000000 00:00 0 
7efd0002a000-7efd04000000 ---p 00000000 00:00 0 
7efd04000000-7efd04021000 rw-p 00000000 00:00 0 
7efd04021000-7efd08000000 ---p 00000000 00:00 0 
7efd08000000-7efd08021000 rw-p 00000000 00:00 0 
7efd08021000-7efd0c000000 ---p 00000000 00:00 0 
7efd0c000000-7efd0c029000 rw-p 00000000 00:00 0 
7efd0c029000-7efd10000000 ---p 00000000 00:00 0 
7efd13600000-7efd1be22000 r--s 00000000 103:03 8011117                   /usr/lib/jvm/java-11-openjdk-amd64/lib/modules
7efd1c000000-7efd1c189000 rw-p 00000000 00:00 0 
7efd1c189000-7efd20000000 ---p 00000000 00:00 0 
7efd20000000-7efd203ab000 rw-p 00000000 00:00 0 
7efd203ab000-7efd24000000 ---p 00000000 00:00 0 
7efd24000000-7efd24021000 rw-p 00000000 00:00 0 
7efd24021000-7efd28000000 ---p 00000000 00:00 0 
7efd28000000-7efd28021000 rw-p 00000000 00:00 0 
7efd28021000-7efd2c000000 ---p 00000000 00:00 0 
7efd2c000000-7efd2c147000 rw-p 00000000 00:00 0 
7efd2c147000-7efd30000000 ---p 00000000 00:00 0 
7efd30000000-7efd30021000 rw-p 00000000 00:00 0 
7efd30021000-7efd34000000 ---p 00000000 00:00 0 
7efd34000000-7efd340e0000 rw-p 00000000 00:00 0 
7efd340e0000-7efd38000000 ---p 00000000 00:00 0 
7efd38000000-7efd387b2000 rw-p 00000000 00:00 0 
7efd387b2000-7efd3c000000 ---p 00000000 00:00 0 
7efd3c000000-7efd3c0e5000 rw-p 00000000 00:00 0 
7efd3c0e5000-7efd40000000 ---p 00000000 00:00 0 
7efd40000000-7efd40021000 rw-p 00000000 00:00 0 
7efd40021000-7efd44000000 ---p 00000000 00:00 0 
7efd44000000-7efd44021000 rw-p 00000000 00:00 0 
7efd44021000-7efd48000000 ---p 00000000 00:00 0 
7efd48000000-7efd48021000 rw-p 00000000 00:00 0 
7efd48021000-7efd4c000000 ---p 00000000 00:00 0 
7efd4c000000-7efd4c021000 rw-p 00000000 00:00 0 
7efd4c021000-7efd50000000 ---p 00000000 00:00 0 
7efd50000000-7efd509b4000 rw-p 00000000 00:00 0 
7efd509b4000-7efd54000000 ---p 00000000 00:00 0 
7efd54000000-7efd5417d000 rw-p 00000000 00:00 0 
7efd5417d000-7efd58000000 ---p 00000000 00:00 0 
7efd58000000-7efd58021000 rw-p 00000000 00:00 0 
7efd58021000-7efd5c000000 ---p 00000000 00:00 0 
7efd5c000000-7efd5c021000 rw-p 00000000 00:00 0 
7efd5c021000-7efd60000000 ---p 00000000 00:00 0 
7efd60000000-7efd60021000 rw-p 00000000 00:00 0 
7efd60021000-7efd64000000 ---p 00000000 00:00 0 
7efd64000000-7efd64021000 rw-p 00000000 00:00 0 
7efd64021000-7efd68000000 ---p 00000000 00:00 0 
7efd68000000-7efd68021000 rw-p 00000000 00:00 0 
7efd68021000-7efd6c000000 ---p 00000000 00:00 0 
7efd6c000000-7efd6c0e6000 rw-p 00000000 00:00 0 
7efd6c0e6000-7efd70000000 ---p 00000000 00:00 0 
7efd70000000-7efd70021000 rw-p 00000000 00:00 0 
7efd70021000-7efd74000000 ---p 00000000 00:00 0 
7efd74000000-7efd74021000 rw-p 00000000 00:00 0 
7efd74021000-7efd78000000 ---p 00000000 00:00 0 
7efd78000000-7efd78021000 rw-p 00000000 00:00 0 
7efd78021000-7efd7c000000 ---p 00000000 00:00 0 
7efd7c000000-7efd7c021000 rw-p 00000000 00:00 0 
7efd7c021000-7efd80000000 ---p 00000000 00:00 0 
7efd80000000-7efd80420000 rw-p 00000000 00:00 0 
7efd80420000-7efd84000000 ---p 00000000 00:00 0 
7efd84000000-7efd8509b000 rw-p 00000000 00:00 0 
7efd8509b000-7efd88000000 ---p 00000000 00:00 0 
7efd88000000-7efd88021000 rw-p 00000000 00:00 0 
7efd88021000-7efd8c000000 ---p 00000000 00:00 0 
7efd8c000000-7efd8c021000 rw-p 00000000 00:00 0 
7efd8c021000-7efd90000000 ---p 00000000 00:00 0 
7efd90000000-7efd92a3d000 rw-p 00000000 00:00 0 
7efd92a3d000-7efd94000000 ---p 00000000 00:00 0 
7efd94000000-7efd94021000 rw-p 00000000 00:00 0 
7efd94021000-7efd98000000 ---p 00000000 00:00 0 
7efd98000000-7efd98021000 rw-p 00000000 00:00 0 
7efd98021000-7efd9c000000 ---p 00000000 00:00 0 
7efd9c000000-7efd9c021000 rw-p 00000000 00:00 0 
7efd9c021000-7efda0000000 ---p 00000000 00:00 0 
7efda0000000-7efda0021000 rw-p 00000000 00:00 0 
7efda0021000-7efda4000000 ---p 00000000 00:00 0 
7efda4000000-7efda4021000 rw-p 00000000 00:00 0 
7efda4021000-7efda8000000 ---p 00000000 00:00 0 
7efda80ff000-7efda8103000 ---p 00000000 00:00 0 
7efda8103000-7efda81ff000 rw-p 00000000 00:00 0 
7efda81ff000-7efda8203000 ---p 00000000 00:00 0 
7efda8203000-7efda82ff000 rw-p 00000000 00:00 0 
7efda82ff000-7efda8303000 ---p 00000000 00:00 0 
7efda8303000-7efda83ff000 rw-p 00000000 00:00 0 
7efda83ff000-7efda8403000 ---p 00000000 00:00 0 
7efda8403000-7efda84ff000 rw-p 00000000 00:00 0 
7efda84ff000-7efda8503000 ---p 00000000 00:00 0 
7efda8503000-7efda85ff000 rw-p 00000000 00:00 0 
7efda85ff000-7efda8603000 ---p 00000000 00:00 0 
7efda8603000-7efda86ff000 rw-p 00000000 00:00 0 
7efda86ff000-7efda8703000 ---p 00000000 00:00 0 
7efda8703000-7efda87ff000 rw-p 00000000 00:00 0 
7efda87ff000-7efda8803000 ---p 00000000 00:00 0 
7efda8803000-7efda88ff000 rw-p 00000000 00:00 0 
7efda88ff000-7efda8903000 ---p 00000000 00:00 0 
7efda8903000-7efda89ff000 rw-p 00000000 00:00 0 
7efda89ff000-7efda8a03000 ---p 00000000 00:00 0 
7efda8a03000-7efda8aff000 rw-p 00000000 00:00 0 
7efda8aff000-7efda8b03000 ---p 00000000 00:00 0 
7efda8b03000-7efda8bff000 rw-p 00000000 00:00 0 
7efda8bff000-7efda8c03000 ---p 00000000 00:00 0 
7efda8c03000-7efda8cff000 rw-p 00000000 00:00 0 
7efda8cff000-7efda8d03000 ---p 00000000 00:00 0 
7efda8d03000-7efda8dff000 rw-p 00000000 00:00 0 
7efda8dff000-7efda8e03000 ---p 00000000 00:00 0 
7efda8e03000-7efda8eff000 rw-p 00000000 00:00 0 
7efda8eff000-7efda8f03000 ---p 00000000 00:00 0 
7efda8f03000-7efda8fff000 rw-p 00000000 00:00 0 
7efda8fff000-7efda9003000 ---p 00000000 00:00 0 
7efda9003000-7efda90ff000 rw-p 00000000 00:00 0 
7efda90ff000-7efda9103000 ---p 00000000 00:00 0 
7efda9103000-7efda91ff000 rw-p 00000000 00:00 0 
7efda91ff000-7efda9203000 ---p 00000000 00:00 0 
7efda9203000-7efda92ff000 rw-p 00000000 00:00 0 
7efda92ff000-7efda9303000 ---p 00000000 00:00 0 
7efda9303000-7efda93ff000 rw-p 00000000 00:00 0 
7efda93ff000-7efda9403000 ---p 00000000 00:00 0 
7efda9403000-7efda94ff000 rw-p 00000000 00:00 0 
7efda94ff000-7efda9503000 ---p 00000000 00:00 0 
7efda9503000-7efda95ff000 rw-p 00000000 00:00 0 
7efda95ff000-7efda9603000 ---p 00000000 00:00 0 
7efda9603000-7efda96ff000 rw-p 00000000 00:00 0 
7efda96ff000-7efda9703000 ---p 00000000 00:00 0 
7efda9703000-7efda97ff000 rw-p 00000000 00:00 0 
7efda97ff000-7efda9803000 ---p 00000000 00:00 0 
7efda9803000-7efda98ff000 rw-p 00000000 00:00 0 
7efda98ff000-7efda9903000 ---p 00000000 00:00 0 
7efda9903000-7efda99ff000 rw-p 00000000 00:00 0 
7efda99ff000-7efda9a03000 ---p 00000000 00:00 0 
7efda9a03000-7efda9aff000 rw-p 00000000 00:00 0 
7efda9aff000-7efda9b00000 ---p 00000000 00:00 0 
7efda9b00000-7efda9c00000 rw-p 00000000 00:00 0 
7efda9c00000-7efda9c10000 r-xp 00000000 103:03 10300119                  /home/sergio/.config/Code/User/globalStorage/redhat.java/1.28.1/config_linux/org.eclipse.equinox.launcher/org.eclipse.equinox.launcher.gtk.linux.x86_64_1.2.900.v20240129-1338/eclipse_11900.so
7efda9c10000-7efda9e10000 ---p 00010000 103:03 10300119                  /home/sergio/.config/Code/User/globalStorage/redhat.java/1.28.1/config_linux/org.eclipse.equinox.launcher/org.eclipse.equinox.launcher.gtk.linux.x86_64_1.2.900.v20240129-1338/eclipse_11900.so
7efda9e10000-7efda9e11000 r--p 00010000 103:03 10300119                  /home/sergio/.config/Code/User/globalStorage/redhat.java/1.28.1/config_linux/org.eclipse.equinox.launcher/org.eclipse.equinox.launcher.gtk.linux.x86_64_1.2.900.v20240129-1338/eclipse_11900.so
7efda9e11000-7efda9e12000 rw-p 00011000 103:03 10300119                  /home/sergio/.config/Code/User/globalStorage/redhat.java/1.28.1/config_linux/org.eclipse.equinox.launcher/org.eclipse.equinox.launcher.gtk.linux.x86_64_1.2.900.v20240129-1338/eclipse_11900.so
7efda9e12000-7efda9e13000 rw-p 00000000 00:00 0 
7efda9e77000-7efda9e7b000 ---p 00000000 00:00 0 
7efda9e7b000-7efda9f77000 rw-p 00000000 00:00 0 
7efda9f77000-7efda9f7b000 ---p 00000000 00:00 0 
7efda9f7b000-7efdaa077000 rw-p 00000000 00:00 0 
7efdaa077000-7efdaa078000 ---p 00000000 00:00 0 
7efdaa078000-7efdaa178000 rw-p 00000000 00:00 0 
7efdaa178000-7efdaa179000 ---p 00000000 00:00 0 
7efdaa179000-7efdaa279000 rw-p 00000000 00:00 0 
7efdaa279000-7efdaa27a000 ---p 00000000 00:00 0 
7efdaa27a000-7efdaa37a000 rw-p 00000000 00:00 0 
7efdaa37a000-7efdaa37b000 ---p 00000000 00:00 0 
7efdaa37b000-7efdaa47b000 rw-p 00000000 00:00 0 
7efdaa47b000-7efdaa47c000 ---p 00000000 00:00 0 
7efdaa47c000-7efdaa57c000 rw-p 00000000 00:00 0 
7efdaa57c000-7efdaa57d000 ---p 00000000 00:00 0 
7efdaa57d000-7efdaa67d000 rw-p 00000000 00:00 0 
7efdaa67d000-7efdaa681000 ---p 00000000 00:00 0 
7efdaa681000-7efdaa77d000 rw-p 00000000 00:00 0 
7efdaa77d000-7efdaa77e000 ---p 00000000 00:00 0 
7efdaa77e000-7efdaa87e000 rw-p 00000000 00:00 0 
7efdaa87e000-7efdaa882000 ---p 00000000 00:00 0 
7efdaa882000-7efdaa97e000 rw-p 00000000 00:00 0 
7efdaa97e000-7efdaa982000 ---p 00000000 00:00 0 
7efdaa982000-7efdaaa7e000 rw-p 00000000 00:00 0 
7efdaaa7e000-7efdaaa82000 ---p 00000000 00:00 0 
7efdaaa82000-7efdaab7e000 rw-p 00000000 00:00 0 
7efdaab7e000-7efdaab82000 ---p 00000000 00:00 0 
7efdaab82000-7efdaac7e000 rw-p 00000000 00:00 0 
7efdaac7e000-7efdaac82000 ---p 00000000 00:00 0 
7efdaac82000-7efdaad7e000 rw-p 00000000 00:00 0 
7efdaad7e000-7efdaad82000 ---p 00000000 00:00 0 
7efdaad82000-7efdaae7e000 rw-p 00000000 00:00 0 
7efdaae7e000-7efdaae82000 ---p 00000000 00:00 0 
7efdaae82000-7efdaaf7e000 rw-p 00000000 00:00 0 
7efdaaf7e000-7efdaaf82000 ---p 00000000 00:00 0 
7efdaaf82000-7efdab07e000 rw-p 00000000 00:00 0 
7efdab07e000-7efdab082000 ---p 00000000 00:00 0 
7efdab082000-7efdab17e000 rw-p 00000000 00:00 0 
7efdab17e000-7efdab3f6000 r--p 00000000 07:02 186                        /snap/code/153/usr/lib/locale/aa_DJ.utf8/LC_COLLATE
7efdab3f6000-7efdab3fa000 ---p 00000000 00:00 0 
7efdab3fa000-7efdab4f6000 rw-p 00000000 00:00 0 
7efdab4f6000-7efdab4fa000 ---p 00000000 00:00 0 
7efdab4fa000-7efdab5f6000 rw-p 00000000 00:00 0 
7efdab5f6000-7efdab5f7000 ---p 00000000 00:00 0 
7efdab5f7000-7efdac3f0000 rw-p 00000000 00:00 0 
7efdac3f0000-7efdac450000 rw-p 00000000 00:00 0 
7efdac450000-7efdac470000 rw-p 00000000 00:00 0 
7efdac470000-7efdac4f0000 rw-p 00000000 00:00 0 
7efdac4f0000-7efdac7f0000 rw-p 00000000 00:00 0 
7efdac7f0000-7efdac8f0000 rw-p 00000000 00:00 0 
7efdac8f0000-7efdacb70000 rw-p 00000000 00:00 0 
7efdacb70000-7efdacbf0000 rw-p 00000000 00:00 0 
7efdacbf0000-7efdaccf0000 rw-p 00000000 00:00 0 
7efdaccf0000-7efdacdf0000 rw-p 00000000 00:00 0 
7efdacdf0000-7efdacef0000 rw-p 00000000 00:00 0 
7efdacef0000-7efdacff0000 rw-p 00000000 00:00 0 
7efdacff0000-7efdad170000 rw-p 00000000 00:00 0 
7efdad170000-7efdad1f0000 rw-p 00000000 00:00 0 
7efdad1f0000-7efdad4f0000 rw-p 00000000 00:00 0 
7efdad4f0000-7efdaddf0000 rw-p 00000000 00:00 0 
7efdaddf0000-7efdadf70000 rw-p 00000000 00:00 0 
7efdadf70000-7efdadff0000 rw-p 00000000 00:00 0 
7efdadff0000-7efdae0f0000 rw-p 00000000 00:00 0 
7efdae0f0000-7efdae1f0000 rw-p 00000000 00:00 0 
7efdae1f0000-7efdaecf0000 rw-p 00000000 00:00 0 
7efdaecf0000-7efdaedf0000 rw-p 00000000 00:00 0 
7efdaedf0000-7efdafdf0000 rw-p 00000000 00:00 0 
7efdafdf0000-7efdb0000000 ---p 00000000 00:00 0 
7efdb0000000-7efdb0021000 rw-p 00000000 00:00 0 
7efdb0021000-7efdb4000000 ---p 00000000 00:00 0 
7efdb40ff000-7efdb6200000 rw-p 00000000 00:00 0 
7efdb6200000-7efdb7310000 rwxp 00000000 00:00 0 
7efdb7310000-7efdbd737000 ---p 00000000 00:00 0 
7efdbd737000-7efdbd9a7000 rwxp 00000000 00:00 0 
7efdbd9a7000-7efdbdcc9000 ---p 00000000 00:00 0 
7efdbdcc9000-7efdbe059000 rwxp 00000000 00:00 0 
7efdbe059000-7efdc5200000 ---p 00000000 00:00 0 
7efdc5200000-7efdc7e27000 r--s 00000000 103:03 10299859                  /home/sergio/.vscode/extensions/redhat.java-1.28.1-linux-x64/jre/17.0.10-linux-x86_64/lib/modules
7efdc7eab000-7efdc7eff000 r--p 00000000 07:02 187                        /snap/code/153/usr/lib/locale/aa_DJ.utf8/LC_CTYPE
7efdc7eff000-7efdc8000000 rw-p 00000000 00:00 0 
7efdc8000000-7efdc865d000 rw-p 00000000 00:00 0 
7efdc865d000-7efdcc000000 ---p 00000000 00:00 0 
7efdcc01f000-7efdcc023000 ---p 00000000 00:00 0 
7efdcc023000-7efdcd300000 rw-p 00000000 00:00 0 
7efdcd300000-7efdcd428000 ---p 00000000 00:00 0 
7efdcd428000-7efdcd429000 ---p 00000000 00:00 0 
7efdcd429000-7efdcd557000 rw-p 00000000 00:00 0 
7efdcd557000-7efdcd67e000 ---p 00000000 00:00 0 
7efdcd67e000-7efdcd683000 rw-p 00000000 00:00 0 
7efdcd683000-7efdcd729000 ---p 00000000 00:00 0 
7efdcd729000-7efdcd732000 rw-p 00000000 00:00 0 
7efdcd732000-7efdcd815000 ---p 00000000 00:00 0 
7efdcd815000-7efdcd838000 rw-p 00000000 00:00 0 
7efdcd838000-7efdcd900000 ---p 00000000 00:00 0 
7efdcd900000-7efdcd904000 ---p 00000000 00:00 0 
7efdcd904000-7efdcda00000 rw-p 00000000 00:00 0 
7efdcda00000-7efdcdc53000 r--p 00000000 103:03 10299869                  /home/sergio/.vscode/extensions/redhat.java-1.28.1-linux-x64/jre/17.0.10-linux-x86_64/lib/server/libjvm.so
7efdcdc53000-7efdce972000 r-xp 00253000 103:03 10299869                  /home/sergio/.vscode/extensions/redhat.java-1.28.1-linux-x64/jre/17.0.10-linux-x86_64/lib/server/libjvm.so
7efdce972000-7efdcebfe000 r--p 00f72000 103:03 10299869                  /home/sergio/.vscode/extensions/redhat.java-1.28.1-linux-x64/jre/17.0.10-linux-x86_64/lib/server/libjvm.so
7efdcebfe000-7efdcebff000 ---p 011fe000 103:03 10299869                  /home/sergio/.vscode/extensions/redhat.java-1.28.1-linux-x64/jre/17.0.10-linux-x86_64/lib/server/libjvm.so
7efdcebff000-7efdcecb8000 r--p 011fe000 103:03 10299869                  /home/sergio/.vscode/extensions/redhat.java-1.28.1-linux-x64/jre/17.0.10-linux-x86_64/lib/server/libjvm.so
7efdcecb8000-7efdceced000 rw-p 012b7000 103:03 10299869                  /home/sergio/.vscode/extensions/redhat.java-1.28.1-linux-x64/jre/17.0.10-linux-x86_64/lib/server/libjvm.so
7efdceced000-7efdced47000 rw-p 00000000 00:00 0 
7efdced5a000-7efdced5e000 r--p 00000000 103:03 10299856                  /home/sergio/.vscode/extensions/redhat.java-1.28.1-linux-x64/jre/17.0.10-linux-x86_64/lib/libverify.so
7efdced5e000-7efdced65000 r-xp 00004000 103:03 10299856                  /home/sergio/.vscode/extensions/redhat.java-1.28.1-linux-x64/jre/17.0.10-linux-x86_64/lib/libverify.so
7efdced65000-7efdced67000 r--p 0000b000 103:03 10299856                  /home/sergio/.vscode/extensions/redhat.java-1.28.1-linux-x64/jre/17.0.10-linux-x86_64/lib/libverify.so
7efdced67000-7efdced69000 r--p 0000c000 103:03 10299856                  /home/sergio/.vscode/extensions/redhat.java-1.28.1-linux-x64/jre/17.0.10-linux-x86_64/lib/libverify.so
7efdced69000-7efdced6a000 rw-p 0000e000 103:03 10299856                  /home/sergio/.vscode/extensions/redhat.java-1.28.1-linux-x64/jre/17.0.10-linux-x86_64/lib/libverify.so
7efdced6a000-7efdced6e000 r--p 00000000 103:03 10299845                  /home/sergio/.vscode/extensions/redhat.java-1.28.1-linux-x64/jre/17.0.10-linux-x86_64/lib/libnet.so
7efdced6e000-7efdced7c000 r-xp 00004000 103:03 10299845                  /home/sergio/.vscode/extensions/redhat.java-1.28.1-linux-x64/jre/17.0.10-linux-x86_64/lib/libnet.so
7efdced7c000-7efdced80000 r--p 00012000 103:03 10299845                  /home/sergio/.vscode/extensions/redhat.java-1.28.1-linux-x64/jre/17.0.10-linux-x86_64/lib/libnet.so
7efdced80000-7efdced81000 r--p 00015000 103:03 10299845                  /home/sergio/.vscode/extensions/redhat.java-1.28.1-linux-x64/jre/17.0.10-linux-x86_64/lib/libnet.so
7efdced81000-7efdced82000 rw-p 00016000 103:03 10299845                  /home/sergio/.vscode/extensions/redhat.java-1.28.1-linux-x64/jre/17.0.10-linux-x86_64/lib/libnet.so
7efdced82000-7efdced89000 r--p 00000000 103:03 10299850                  /home/sergio/.vscode/extensions/redhat.java-1.28.1-linux-x64/jre/17.0.10-linux-x86_64/lib/libnio.so
7efdced89000-7efdced92000 r-xp 00007000 103:03 10299850                  /home/sergio/.vscode/extensions/redhat.java-1.28.1-linux-x64/jre/17.0.10-linux-x86_64/lib/libnio.so
7efdced92000-7efdced96000 r--p 00010000 103:03 10299850                  /home/sergio/.vscode/extensions/redhat.java-1.28.1-linux-x64/jre/17.0.10-linux-x86_64/lib/libnio.so
7efdced96000-7efdced97000 ---p 00014000 103:03 10299850                  /home/sergio/.vscode/extensions/redhat.java-1.28.1-linux-x64/jre/17.0.10-linux-x86_64/lib/libnio.so
7efdced97000-7efdced98000 r--p 00014000 103:03 10299850                  /home/sergio/.vscode/extensions/redhat.java-1.28.1-linux-x64/jre/17.0.10-linux-x86_64/lib/libnio.so
7efdced98000-7efdced99000 rw-p 00015000 103:03 10299850                  /home/sergio/.vscode/extensions/redhat.java-1.28.1-linux-x64/jre/17.0.10-linux-x86_64/lib/libnio.so
7efdced99000-7efdced9a000 r--p 00000000 07:02 278                        /snap/code/153/usr/lib/locale/agr_PE/LC_NUMERIC
7efdced9a000-7efdced9b000 r--p 00000000 07:02 2717                       /snap/code/153/usr/lib/locale/es_ES.utf8/LC_TIME
7efdced9b000-7efdced9c000 r--p 00000000 07:02 332                        /snap/code/153/usr/lib/locale/an_ES.utf8/LC_MONETARY
7efdced9c000-7efdced9d000 r--p 00000000 07:02 1955                       /snap/code/153/usr/lib/locale/en_AG/LC_MESSAGES/SYS_LC_MESSAGES
7efdced9d000-7efdced9e000 r--p 00000000 07:02 195                        /snap/code/153/usr/lib/locale/aa_DJ.utf8/LC_PAPER
7efdced9e000-7efdceda5000 r--s 00000000 103:03 8003855                   /usr/lib/x86_64-linux-gnu/gconv/gconv-modules.cache
7efdceda5000-7efdcee00000 rw-p 00000000 00:00 0 
7efdcee00000-7efdcee28000 r--p 00000000 103:03 7997547                   /usr/lib/x86_64-linux-gnu/libc.so.6
7efdcee28000-7efdcefbd000 r-xp 00028000 103:03 7997547                   /usr/lib/x86_64-linux-gnu/libc.so.6
7efdcefbd000-7efdcf015000 r--p 001bd000 103:03 7997547                   /usr/lib/x86_64-linux-gnu/libc.so.6
7efdcf015000-7efdcf016000 ---p 00215000 103:03 7997547                   /usr/lib/x86_64-linux-gnu/libc.so.6
7efdcf016000-7efdcf01a000 r--p 00215000 103:03 7997547                   /usr/lib/x86_64-linux-gnu/libc.so.6
7efdcf01a000-7efdcf01c000 rw-p 00219000 103:03 7997547                   /usr/lib/x86_64-linux-gnu/libc.so.6
7efdcf01c000-7efdcf029000 rw-p 00000000 00:00 0 
7efdcf029000-7efdcf02b000 r--p 00000000 103:03 10299857                  /home/sergio/.vscode/extensions/redhat.java-1.28.1-linux-x64/jre/17.0.10-linux-x86_64/lib/libzip.so
7efdcf02b000-7efdcf03d000 r-xp 00002000 103:03 10299857                  /home/sergio/.vscode/extensions/redhat.java-1.28.1-linux-x64/jre/17.0.10-linux-x86_64/lib/libzip.so
7efdcf03d000-7efdcf045000 r--p 00014000 103:03 10299857                  /home/sergio/.vscode/extensions/redhat.java-1.28.1-linux-x64/jre/17.0.10-linux-x86_64/lib/libzip.so
7efdcf045000-7efdcf046000 r--p 0001b000 103:03 10299857                  /home/sergio/.vscode/extensions/redhat.java-1.28.1-linux-x64/jre/17.0.10-linux-x86_64/lib/libzip.so
7efdcf046000-7efdcf047000 rw-p 0001c000 103:03 10299857                  /home/sergio/.vscode/extensions/redhat.java-1.28.1-linux-x64/jre/17.0.10-linux-x86_64/lib/libzip.so
7efdcf047000-7efdcf0a1000 rw-p 00000000 00:00 0 
7efdcf0a1000-7efdcf0a8000 ---p 00000000 00:00 0 
7efdcf0a8000-7efdcf0b0000 rw-s 00000000 103:03 9961489                   /tmp/hsperfdata_sergio/5539
7efdcf0b0000-7efdcf0be000 r--p 00000000 103:03 10299821                  /home/sergio/.vscode/extensions/redhat.java-1.28.1-linux-x64/jre/17.0.10-linux-x86_64/lib/libjava.so
7efdcf0be000-7efdcf0d0000 r-xp 0000e000 103:03 10299821                  /home/sergio/.vscode/extensions/redhat.java-1.28.1-linux-x64/jre/17.0.10-linux-x86_64/lib/libjava.so
7efdcf0d0000-7efdcf0d6000 r--p 00020000 103:03 10299821                  /home/sergio/.vscode/extensions/redhat.java-1.28.1-linux-x64/jre/17.0.10-linux-x86_64/lib/libjava.so
7efdcf0d6000-7efdcf0d7000 ---p 00026000 103:03 10299821                  /home/sergio/.vscode/extensions/redhat.java-1.28.1-linux-x64/jre/17.0.10-linux-x86_64/lib/libjava.so
7efdcf0d7000-7efdcf0d8000 r--p 00026000 103:03 10299821                  /home/sergio/.vscode/extensions/redhat.java-1.28.1-linux-x64/jre/17.0.10-linux-x86_64/lib/libjava.so
7efdcf0d8000-7efdcf0d9000 rw-p 00027000 103:03 10299821                  /home/sergio/.vscode/extensions/redhat.java-1.28.1-linux-x64/jre/17.0.10-linux-x86_64/lib/libjava.so
7efdcf0d9000-7efdcf0da000 rw-p 00000000 00:00 0 
7efdcf0da000-7efdcf0de000 r--p 00000000 103:03 10299827                  /home/sergio/.vscode/extensions/redhat.java-1.28.1-linux-x64/jre/17.0.10-linux-x86_64/lib/libjimage.so
7efdcf0de000-7efdcf0f1000 r-xp 00004000 103:03 10299827                  /home/sergio/.vscode/extensions/redhat.java-1.28.1-linux-x64/jre/17.0.10-linux-x86_64/lib/libjimage.so
7efdcf0f1000-7efdcf0f7000 r--p 00017000 103:03 10299827                  /home/sergio/.vscode/extensions/redhat.java-1.28.1-linux-x64/jre/17.0.10-linux-x86_64/lib/libjimage.so
7efdcf0f7000-7efdcf0f9000 r--p 0001c000 103:03 10299827                  /home/sergio/.vscode/extensions/redhat.java-1.28.1-linux-x64/jre/17.0.10-linux-x86_64/lib/libjimage.so
7efdcf0f9000-7efdcf0fa000 rw-p 0001e000 103:03 10299827                  /home/sergio/.vscode/extensions/redhat.java-1.28.1-linux-x64/jre/17.0.10-linux-x86_64/lib/libjimage.so
7efdcf0fa000-7efdcf108000 r--p 00000000 103:03 7997565                   /usr/lib/x86_64-linux-gnu/libm.so.6
7efdcf108000-7efdcf184000 r-xp 0000e000 103:03 7997565                   /usr/lib/x86_64-linux-gnu/libm.so.6
7efdcf184000-7efdcf1df000 r--p 0008a000 103:03 7997565                   /usr/lib/x86_64-linux-gnu/libm.so.6
7efdcf1df000-7efdcf1e0000 r--p 000e4000 103:03 7997565                   /usr/lib/x86_64-linux-gnu/libm.so.6
7efdcf1e0000-7efdcf1e1000 rw-p 000e5000 103:03 7997565                   /usr/lib/x86_64-linux-gnu/libm.so.6
7efdcf1e1000-7efdcf1e2000 r--p 00000000 103:03 7997651                   /usr/lib/x86_64-linux-gnu/librt.so.1
7efdcf1e2000-7efdcf1e3000 r-xp 00001000 103:03 7997651                   /usr/lib/x86_64-linux-gnu/librt.so.1
7efdcf1e3000-7efdcf1e4000 r--p 00002000 103:03 7997651                   /usr/lib/x86_64-linux-gnu/librt.so.1
7efdcf1e4000-7efdcf1e5000 r--p 00002000 103:03 7997651                   /usr/lib/x86_64-linux-gnu/librt.so.1
7efdcf1e5000-7efdcf1e6000 rw-p 00003000 103:03 7997651                   /usr/lib/x86_64-linux-gnu/librt.so.1
7efdcf1e6000-7efdcf1e8000 rw-p 00000000 00:00 0 
7efdcf1e8000-7efdcf1e9000 r--p 00000000 103:03 7997555                   /usr/lib/x86_64-linux-gnu/libdl.so.2
7efdcf1e9000-7efdcf1ea000 r-xp 00001000 103:03 7997555                   /usr/lib/x86_64-linux-gnu/libdl.so.2
7efdcf1ea000-7efdcf1eb000 r--p 00002000 103:03 7997555                   /usr/lib/x86_64-linux-gnu/libdl.so.2
7efdcf1eb000-7efdcf1ec000 r--p 00002000 103:03 7997555                   /usr/lib/x86_64-linux-gnu/libdl.so.2
7efdcf1ec000-7efdcf1ed000 rw-p 00003000 103:03 7997555                   /usr/lib/x86_64-linux-gnu/libdl.so.2
7efdcf1ed000-7efdcf1ee000 r--p 00000000 103:03 7997648                   /usr/lib/x86_64-linux-gnu/libpthread.so.0
7efdcf1ee000-7efdcf1ef000 r-xp 00001000 103:03 7997648                   /usr/lib/x86_64-linux-gnu/libpthread.so.0
7efdcf1ef000-7efdcf1f0000 r--p 00002000 103:03 7997648                   /usr/lib/x86_64-linux-gnu/libpthread.so.0
7efdcf1f0000-7efdcf1f1000 r--p 00002000 103:03 7997648                   /usr/lib/x86_64-linux-gnu/libpthread.so.0
7efdcf1f1000-7efdcf1f2000 rw-p 00003000 103:03 7997648                   /usr/lib/x86_64-linux-gnu/libpthread.so.0
7efdcf1f2000-7efdcf1f3000 r--p 00000000 07:02 277                        /snap/code/153/usr/lib/locale/agr_PE/LC_NAME
7efdcf1f3000-7efdcf1f4000 r--p 00000000 07:02 2705                       /snap/code/153/usr/lib/locale/es_ES.utf8/LC_ADDRESS
7efdcf1f4000-7efdcf1f5000 r--p 00000000 07:02 336                        /snap/code/153/usr/lib/locale/an_ES.utf8/LC_TELEPHONE
7efdcf1f5000-7efdcf1f6000 r--p 00000000 07:02 189                        /snap/code/153/usr/lib/locale/aa_DJ.utf8/LC_MEASUREMENT
7efdcf1f6000-7efdcf1f7000 r--p 00000000 07:02 2708                       /snap/code/153/usr/lib/locale/es_ES.utf8/LC_IDENTIFICATION
7efdcf1f7000-7efdcf1f9000 r--p 00000000 103:03 10299815                  /home/sergio/.vscode/extensions/redhat.java-1.28.1-linux-x64/jre/17.0.10-linux-x86_64/lib/libinstrument.so
7efdcf1f9000-7efdcf1ff000 r-xp 00002000 103:03 10299815                  /home/sergio/.vscode/extensions/redhat.java-1.28.1-linux-x64/jre/17.0.10-linux-x86_64/lib/libinstrument.so
7efdcf1ff000-7efdcf202000 r--p 00008000 103:03 10299815                  /home/sergio/.vscode/extensions/redhat.java-1.28.1-linux-x64/jre/17.0.10-linux-x86_64/lib/libinstrument.so
7efdcf202000-7efdcf203000 r--p 0000a000 103:03 10299815                  /home/sergio/.vscode/extensions/redhat.java-1.28.1-linux-x64/jre/17.0.10-linux-x86_64/lib/libinstrument.so
7efdcf203000-7efdcf204000 rw-p 0000b000 103:03 10299815                  /home/sergio/.vscode/extensions/redhat.java-1.28.1-linux-x64/jre/17.0.10-linux-x86_64/lib/libinstrument.so
7efdcf204000-7efdcf205000 ---p 00000000 00:00 0 
7efdcf205000-7efdcf206000 r--p 00000000 00:00 0 
7efdcf206000-7efdcf209000 r--p 00000000 103:03 10299828                  /home/sergio/.vscode/extensions/redhat.java-1.28.1-linux-x64/jre/17.0.10-linux-x86_64/lib/libjli.so
7efdcf209000-7efdcf219000 r-xp 00003000 103:03 10299828                  /home/sergio/.vscode/extensions/redhat.java-1.28.1-linux-x64/jre/17.0.10-linux-x86_64/lib/libjli.so
7efdcf219000-7efdcf220000 r--p 00013000 103:03 10299828                  /home/sergio/.vscode/extensions/redhat.java-1.28.1-linux-x64/jre/17.0.10-linux-x86_64/lib/libjli.so
7efdcf220000-7efdcf221000 r--p 00019000 103:03 10299828                  /home/sergio/.vscode/extensions/redhat.java-1.28.1-linux-x64/jre/17.0.10-linux-x86_64/lib/libjli.so
7efdcf221000-7efdcf222000 rw-p 0001a000 103:03 10299828                  /home/sergio/.vscode/extensions/redhat.java-1.28.1-linux-x64/jre/17.0.10-linux-x86_64/lib/libjli.so
7efdcf222000-7efdcf224000 rw-p 00000000 00:00 0 
7efdcf224000-7efdcf226000 r--p 00000000 103:03 7997536                   /usr/lib/x86_64-linux-gnu/ld-linux-x86-64.so.2
7efdcf226000-7efdcf250000 r-xp 00002000 103:03 7997536                   /usr/lib/x86_64-linux-gnu/ld-linux-x86-64.so.2
7efdcf250000-7efdcf25b000 r--p 0002c000 103:03 7997536                   /usr/lib/x86_64-linux-gnu/ld-linux-x86-64.so.2
7efdcf25b000-7efdcf25c000 ---p 00000000 00:00 0 
7efdcf25c000-7efdcf25e000 r--p 00037000 103:03 7997536                   /usr/lib/x86_64-linux-gnu/ld-linux-x86-64.so.2
7efdcf25e000-7efdcf260000 rw-p 00039000 103:03 7997536                   /usr/lib/x86_64-linux-gnu/ld-linux-x86-64.so.2
7fffe4046000-7fffe4068000 rw-p 00000000 00:00 0                          [stack]
7fffe4152000-7fffe4156000 r--p 00000000 00:00 0                          [vvar]
7fffe4156000-7fffe4158000 r-xp 00000000 00:00 0                          [vdso]
ffffffffff600000-ffffffffff601000 --xp 00000000 00:00 0                  [vsyscall]


VM Arguments:
jvm_args: --add-modules=ALL-SYSTEM --add-opens=java.base/java.util=ALL-UNNAMED --add-opens=java.base/java.lang=ALL-UNNAMED --add-opens=java.base/sun.nio.fs=ALL-UNNAMED -Declipse.application=org.eclipse.jdt.ls.core.id1 -Dosgi.bundles.defaultStartLevel=4 -Declipse.product=org.eclipse.jdt.ls.core.product -Djava.import.generatesMetadataFilesAtProjectRoot=false -DDetectVMInstallationsJob.disabled=true -Dfile.encoding=utf8 -XX:+UseParallelGC -XX:GCTimeRatio=4 -XX:AdaptiveSizePolicyWeight=90 -Dsun.zip.disableMemoryMapping=true -Xmx1G -Xms100m -Xlog:disable -javaagent:/home/sergio/.vscode/extensions/redhat.java-1.28.1-linux-x64/lombok/lombok-1.18.31.jar -XX:+HeapDumpOnOutOfMemoryError -XX:HeapDumpPath=/home/sergio/.config/Code/User/workspaceStorage/2f3de2f519478971daf12c485fdc2a95/redhat.java -Daether.dependencyCollector.impl=bf 
java_command: /home/sergio/.vscode/extensions/redhat.java-1.28.1-linux-x64/server/plugins/org.eclipse.equinox.launcher_1.6.700.v20231214-2017.jar -configuration /home/sergio/.config/Code/User/globalStorage/redhat.java/1.28.1/config_linux -data /home/sergio/.config/Code/User/workspaceStorage/2f3de2f519478971daf12c485fdc2a95/redhat.java/jdt_ws --stdio
java_class_path (initial): /home/sergio/.vscode/extensions/redhat.java-1.28.1-linux-x64/server/plugins/org.eclipse.equinox.launcher_1.6.700.v20231214-2017.jar
Launcher Type: SUN_STANDARD

[Global flags]
    uintx AdaptiveSizePolicyWeight                 = 90                                        {product} {command line}
     intx CICompilerCount                          = 4                                         {product} {ergonomic}
    uintx GCTimeRatio                              = 4                                         {product} {command line}
     bool HeapDumpOnOutOfMemoryError               = true                                   {manageable} {command line}
    ccstr HeapDumpPath                             = /home/sergio/.config/Code/User/workspaceStorage/2f3de2f519478971daf12c485fdc2a95/redhat.java         {manageable} {command line}
   size_t InitialHeapSize                          = 104857600                                 {product} {command line}
   size_t MaxHeapSize                              = 1073741824                                {product} {command line}
   size_t MaxNewSize                               = 357564416                                 {product} {ergonomic}
   size_t MinHeapDeltaBytes                        = 524288                                    {product} {ergonomic}
   size_t MinHeapSize                              = 104857600                                 {product} {command line}
   size_t NewSize                                  = 34603008                                  {product} {ergonomic}
    uintx NonNMethodCodeHeapSize                   = 5839372                                {pd product} {ergonomic}
    uintx NonProfiledCodeHeapSize                  = 122909434                              {pd product} {ergonomic}
   size_t OldSize                                  = 70254592                                  {product} {ergonomic}
    uintx ProfiledCodeHeapSize                     = 122909434                              {pd product} {ergonomic}
    uintx ReservedCodeCacheSize                    = 251658240                              {pd product} {ergonomic}
     bool SegmentedCodeCache                       = true                                      {product} {ergonomic}
   size_t SoftMaxHeapSize                          = 1073741824                             {manageable} {ergonomic}
     bool UseCompressedClassPointers               = true                           {product lp64_product} {ergonomic}
     bool UseCompressedOops                        = true                           {product lp64_product} {ergonomic}
     bool UseParallelGC                            = true                                      {product} {command line}

Logging:
Log output configuration:
 #0: stdout all=off uptime,level,tags
 #1: stderr all=off uptime,level,tags

Environment Variables:
PATH=/home/sergio/.local/bin:/opt/verilator/bin:/home/sergio/.local/bin:/opt/verilator/bin:/usr/local/sbin:/usr/local/bin:/usr/sbin:/usr/bin:/sbin:/bin:/usr/games:/usr/local/games:/snap/bin:/snap/bin:/home/sergio/Programs/install/bin
USERNAME=sergio
SHELL=/bin/bash
DISPLAY=:0
LANG=en_US.UTF-8
LC_NUMERIC=es_ES.UTF-8
LC_TIME=es_ES.UTF-8

Active Locale:
LC_ALL=LC_CTYPE=en_US.UTF-8;LC_NUMERIC=es_ES.UTF-8;LC_TIME=es_ES.UTF-8;LC_COLLATE=en_US.UTF-8;LC_MONETARY=es_ES.UTF-8;LC_MESSAGES=en_US.UTF-8;LC_PAPER=es_ES.UTF-8;LC_NAME=es_ES.UTF-8;LC_ADDRESS=es_ES.UTF-8;LC_TELEPHONE=es_ES.UTF-8;LC_MEASUREMENT=es_ES.UTF-8;LC_IDENTIFICATION=es_ES.UTF-8
LC_COLLATE=en_US.UTF-8
LC_CTYPE=en_US.UTF-8
LC_MESSAGES=en_US.UTF-8
LC_MONETARY=es_ES.UTF-8
LC_NUMERIC=es_ES.UTF-8
LC_TIME=es_ES.UTF-8

Signal Handlers:
   SIGSEGV: crash_handler in libjvm.so, mask=11100100010111111101111111111110, flags=SA_RESTART|SA_SIGINFO, unblocked
    SIGBUS: crash_handler in libjvm.so, mask=11100100010111111101111111111110, flags=SA_RESTART|SA_SIGINFO, unblocked
    SIGFPE: crash_handler in libjvm.so, mask=11100100010111111101111111111110, flags=SA_RESTART|SA_SIGINFO, unblocked
   SIGPIPE: javaSignalHandler in libjvm.so, mask=11100100010111111101111111111110, flags=SA_RESTART|SA_SIGINFO, blocked
   SIGXFSZ: javaSignalHandler in libjvm.so, mask=11100100010111111101111111111110, flags=SA_RESTART|SA_SIGINFO, blocked
    SIGILL: crash_handler in libjvm.so, mask=11100100010111111101111111111110, flags=SA_RESTART|SA_SIGINFO, unblocked
   SIGUSR2: SR_handler in libjvm.so, mask=00000000000000000000000000000000, flags=SA_RESTART|SA_SIGINFO, blocked
    SIGHUP: UserHandler in libjvm.so, mask=11100100010111111101111111111110, flags=SA_RESTART|SA_SIGINFO, blocked
    SIGINT: UserHandler in libjvm.so, mask=11100100010111111101111111111110, flags=SA_RESTART|SA_SIGINFO, blocked
   SIGTERM: UserHandler in libjvm.so, mask=11100100010111111101111111111110, flags=SA_RESTART|SA_SIGINFO, blocked
   SIGQUIT: UserHandler in libjvm.so, mask=11100100010111111101111111111110, flags=SA_RESTART|SA_SIGINFO, blocked
   SIGTRAP: crash_handler in libjvm.so, mask=11100100010111111101111111111110, flags=SA_RESTART|SA_SIGINFO, unblocked


Periodic native trim disabled


---------------  S Y S T E M  ---------------

OS:
DISTRIB_ID=Ubuntu
DISTRIB_RELEASE=22.04
DISTRIB_CODENAME=jammy
DISTRIB_DESCRIPTION="Ubuntu 22.04.3 LTS"
uname: Linux 6.5.0-21-generic #21~22.04.1-Ubuntu SMP PREEMPT_DYNAMIC Fri Feb  9 13:32:52 UTC 2 x86_64
OS uptime: 0 days 0:03 hours
libc: glibc 2.35 NPTL 2.35 
rlimit (soft/hard): STACK 8192k/infinity , CORE 0k/infinity , NPROC 27130/27130 , NOFILE 1048576/1048576 , AS infinity/infinity , CPU infinity/infinity , DATA infinity/infinity , FSIZE infinity/infinity , MEMLOCK 877760k/877760k
load average: 3,53 1,91 0,79

/proc/meminfo:
MemTotal:        7022084 kB
MemFree:          399800 kB
MemAvailable:    3611224 kB
Buffers:          315592 kB
Cached:          2822432 kB
SwapCached:            0 kB
Active:          3890900 kB
Inactive:        1653640 kB
Active(anon):    2495684 kB
Inactive(anon):    78364 kB
Active(file):    1395216 kB
Inactive(file):  1575276 kB
Unevictable:        9228 kB
Mlocked:            9220 kB
SwapTotal:             0 kB
SwapFree:              0 kB
Zswap:                 0 kB
Zswapped:              0 kB
Dirty:               196 kB
Writeback:             0 kB
AnonPages:       2416300 kB
Mapped:           958344 kB
Shmem:            167524 kB
KReclaimable:     542964 kB
Slab:             741528 kB
SReclaimable:     542964 kB
SUnreclaim:       198564 kB
KernelStack:       19724 kB
PageTables:        36180 kB
SecPageTables:         0 kB
NFS_Unstable:          0 kB
Bounce:                0 kB
WritebackTmp:          0 kB
CommitLimit:     3511040 kB
Committed_AS:    8622416 kB
VmallocTotal:   34359738367 kB
VmallocUsed:       69964 kB
VmallocChunk:          0 kB
Percpu:            15808 kB
HardwareCorrupted:     0 kB
AnonHugePages:         0 kB
ShmemHugePages:        0 kB
ShmemPmdMapped:        0 kB
FileHugePages:         0 kB
FilePmdMapped:         0 kB
Unaccepted:            0 kB
HugePages_Total:       0
HugePages_Free:        0
HugePages_Rsvd:        0
HugePages_Surp:        0
Hugepagesize:       2048 kB
Hugetlb:               0 kB
DirectMap4k:      368660 kB
DirectMap2M:     6905856 kB
DirectMap1G:     1048576 kB

/sys/kernel/mm/transparent_hugepage/enabled: always [madvise] never
/sys/kernel/mm/transparent_hugepage/defrag (defrag/compaction efforts parameter): always defer defer+madvise [madvise] never

Process Memory:
Virtual Size: 6152060K (peak: 6157680K)
Resident Set Size: 347880K (peak: 347880K) (anon: 315496K, file: 32384K, shmem: 0K)
Swapped out: 0K
C-Heap outstanding allocations: 99304K, retained: 44467K
glibc malloc tunables: (default)

/proc/sys/kernel/threads-max (system-wide limit on the number of threads): 54261
/proc/sys/vm/max_map_count (maximum number of memory map areas a process may have): 65530
/proc/sys/kernel/pid_max (system-wide limit on number of process identifiers): 4194304

container (cgroup) information:
container_type: cgroupv2
cpu_cpuset_cpus: not supported
cpu_memory_nodes: not supported
active_processor_count: 8
cpu_quota: not supported
cpu_period: not supported
cpu_shares: not supported
memory_limit_in_bytes: unlimited
memory_and_swap_limit_in_bytes: unlimited
memory_soft_limit_in_bytes: unlimited
memory_usage_in_bytes: 1301892 k
memory_max_usage_in_bytes: not supported
memory_swap_current_in_bytes: unlimited
memory_swap_max_limit_in_bytes: unlimited
maximum number of tasks: 8139
current number of tasks: 194

Steal ticks since vm start: 0
Steal ticks percentage since vm start:  0,000

CPU: total 8 (initial active 8) (8 cores per cpu, 2 threads per core) family 23 model 24 stepping 1 microcode 0x8108109, cx8, cmov, fxsr, ht, mmx, 3dnowpref, sse, sse2, sse3, ssse3, sse4a, sse4.1, sse4.2, popcnt, lzcnt, tsc, tscinvbit, avx, avx2, aes, clmul, bmi1, bmi2, adx, sha, fma, vzeroupper, clflush, clflushopt
CPU Model and flags from /proc/cpuinfo:
model name	: AMD Ryzen 5 3500U with Radeon Vega Mobile Gfx
flags		: fpu vme de pse tsc msr pae mce cx8 apic sep mtrr pge mca cmov pat pse36 clflush mmx fxsr sse sse2 ht syscall nx mmxext fxsr_opt pdpe1gb rdtscp lm constant_tsc rep_good nopl nonstop_tsc cpuid extd_apicid aperfmperf rapl pni pclmulqdq monitor ssse3 fma cx16 sse4_1 sse4_2 movbe popcnt aes xsave avx f16c rdrand lahf_lm cmp_legacy svm extapic cr8_legacy abm sse4a misalignsse 3dnowprefetch osvw skinit wdt tce topoext perfctr_core perfctr_nb bpext perfctr_llc mwaitx cpb hw_pstate ssbd ibpb vmmcall fsgsbase bmi1 avx2 smep bmi2 rdseed adx smap clflushopt sha_ni xsaveopt xsavec xgetbv1 clzero irperf xsaveerptr arat npt lbrv svm_lock nrip_save tsc_scale vmcb_clean flushbyasid decodeassists pausefilter pfthreshold avic v_vmsave_vmload vgif overflow_recov succor smca sev sev_es

Online cpus: 0-7
Offline cpus: 8-15
BIOS frequency limitation: 2100000
Frequency switch latency (ns): 0
Available cpu frequencies: 2100000 1700000 1400000 
Current governor: schedutil
Core performance/turbo boost: 1

Memory: 4k page, physical 7022084k(401204k free), swap 0k(0k free)
Page Sizes: 4k

vm_info: OpenJDK 64-Bit Server VM (17.0.10+7) for linux-amd64 JRE (17.0.10+7), built on Jan 16 2024 00:00:00 by "admin" with gcc 10.3.0

END.
