#
# A fatal error has been detected by the Java Runtime Environment:
#
#  SIGSEGV (0xb) at pc=0x00007f937b0ee8fe, pid=9968, tid=9985
#
# JRE version: OpenJDK Runtime Environment Temurin-17.0.10+7 (17.0.10+7) (build 17.0.10+7)
# Java VM: OpenJDK 64-Bit Server VM Temurin-17.0.10+7 (17.0.10+7, mixed mode, tiered, compressed oops, compressed class ptrs, parallel gc, linux-amd64)
# Problematic frame:
# V  [libjvm.so+0xaee8fe]  MachNode::in_RegMask(unsigned int) const+0x7e
#
# Core dump will be written. Default location: Core dumps may be processed with "/usr/share/apport/apport -p%p -s%s -c%c -d%d -P%P -u%u -g%g -- %E" (or dumping to /home/sergio/Desktop/Estudios/UCM/4ยบ/PL/PL-Practica/core.9968)
#
# If you would like to submit a bug report, please visit:
#   https://github.com/adoptium/adoptium-support/issues
#

---------------  S U M M A R Y ------------

Command Line: --add-modules=ALL-SYSTEM --add-opens=java.base/java.util=ALL-UNNAMED --add-opens=java.base/java.lang=ALL-UNNAMED --add-opens=java.base/sun.nio.fs=ALL-UNNAMED -Declipse.application=org.eclipse.jdt.ls.core.id1 -Dosgi.bundles.defaultStartLevel=4 -Declipse.product=org.eclipse.jdt.ls.core.product -Djava.import.generatesMetadataFilesAtProjectRoot=false -DDetectVMInstallationsJob.disabled=true -Dfile.encoding=utf8 -XX:+UseParallelGC -XX:GCTimeRatio=4 -XX:AdaptiveSizePolicyWeight=90 -Dsun.zip.disableMemoryMapping=true -Xmx1G -Xms100m -Xlog:disable -javaagent:/home/sergio/.vscode/extensions/redhat.java-1.28.1-linux-x64/lombok/lombok-1.18.31.jar -XX:+HeapDumpOnOutOfMemoryError -XX:HeapDumpPath=/home/sergio/.config/Code/User/workspaceStorage/c6ab1c8030ca2cd84db316b525bdab83/redhat.java -Daether.dependencyCollector.impl=bf /home/sergio/.vscode/extensions/redhat.java-1.28.1-linux-x64/server/plugins/org.eclipse.equinox.launcher_1.6.700.v20231214-2017.jar -configuration /home/sergio/.config/Code/User/globalStorage/redhat.java/1.28.1/config_linux -data /home/sergio/.config/Code/User/workspaceStorage/c6ab1c8030ca2cd84db316b525bdab83/redhat.java/jdt_ws --stdio

Host: AMD Ryzen 5 3500U with Radeon Vega Mobile Gfx, 8 cores, 6G, Ubuntu 22.04.3 LTS
Time: Mon Feb 19 09:27:53 2024 CET elapsed time: 36.553804 seconds (0d 0h 0m 36s)

---------------  T H R E A D  ---------------

Current thread (0x00007f93742212c0):  JavaThread "C1 CompilerThread0" daemon [_thread_in_native, id=9985, stack(0x00007f934f988000,0x00007f934fa88000)]


Current CompileTask:
C1:  36553 8368   !   3       org.eclipse.jdt.internal.compiler.parser.Scanner::jumpOverBody (1538 bytes)

Stack: [0x00007f934f988000,0x00007f934fa88000],  sp=0x00007f934fa86150,  free space=1016k
Native frames: (J=compiled Java code, j=interpreted, Vv=VM code, C=native code)
V  [libjvm.so+0xaee8fe]  MachNode::in_RegMask(unsigned int) const+0x7e
V  [libjvm.so+0x49ad6f]  LIR_Assembler::emit_lir_list(LIR_List*)+0x6f
V  [libjvm.so+0x49af3b]  LIR_Assembler::emit_code(BlockList*)+0x5b
V  [libjvm.so+0x469ca8]  Compilation::emit_code_body()+0x128
V  [libjvm.so+0x46a0e4]  Compilation::compile_java_method()+0x324
V  [libjvm.so+0x46a2ea]  Compilation::compile_method()+0x10a
V  [libjvm.so+0x46a6c3]  Compilation::Compilation(AbstractCompiler*, ciEnv*, ciMethod*, int, BufferBlob*, bool, DirectiveSet*)+0x203
V  [libjvm.so+0x46b11c]  Compiler::compile_method(ciEnv*, ciMethod*, int, bool, DirectiveSet*)+0xac
V  [libjvm.so+0x5df273]  CompileBroker::invoke_compiler_on_method(CompileTask*)+0xf23
V  [libjvm.so+0x5e00d8]  CompileBroker::compiler_thread_loop()+0x6a8
V  [libjvm.so+0xe5fa16]  JavaThread::thread_main_inner()+0x196
V  [libjvm.so+0xe633b8]  Thread::call_run()+0xa8
V  [libjvm.so+0xc24791]  thread_native_entry(Thread*)+0xe1


siginfo: si_signo: 11 (SIGSEGV), si_code: 128 (SI_KERNEL), si_addr: 0x0000000000000000

Registers:
RAX=0x841f0f2e66c3c031, RBX=0x00007f934fa86220, RCX=0x0000000000000001, RDX=0x00007f934fa865d8
RSP=0x00007f934fa86150, RBP=0x00007f934fa86190, RSI=0x00007f934fa86220, RDI=0x00007f937aa289e0
R8 =0x00000000ffffffff, R9 =0x00000000000000a8, R10=0x0000000000000002, R11=0x0000000000000010
R12=0x00007f933869c8c0, R13=0x000000004fa86220, R14=0x00007f933869c920, R15=0x00007f933869c920
RIP=0x00007f937b0ee8fe, EFLAGS=0x0000000000010283, CSGSFS=0x002b000000000033, ERR=0x0000000000000000
  TRAPNO=0x000000000000000d


Register to memory mapping:

RAX=0x841f0f2e66c3c031 is an unknown value
RBX=0x00007f934fa86220 is pointing into the stack for thread: 0x00007f93742212c0
RCX=0x0000000000000001 is an unknown value
RDX=0x00007f934fa865d8 is pointing into the stack for thread: 0x00007f93742212c0
RSP=0x00007f934fa86150 is pointing into the stack for thread: 0x00007f93742212c0
RBP=0x00007f934fa86190 is pointing into the stack for thread: 0x00007f93742212c0
RSI=0x00007f934fa86220 is pointing into the stack for thread: 0x00007f93742212c0
RDI=0x00007f937aa289e0: <offset 0x00000000004289e0> in /home/sergio/.vscode/extensions/redhat.java-1.28.1-linux-x64/jre/17.0.10-linux-x86_64/lib/server/libjvm.so at 0x00007f937a600000
R8 =0x00000000ffffffff is an unallocated location in the heap
R9 =0x00000000000000a8 is an unknown value
R10=0x0000000000000002 is an unknown value
R11=0x0000000000000010 is an unknown value
R12=0x00007f933869c8c0 points into unknown readable memory: 0x0000002000000016 | 16 00 00 00 20 00 00 00
R13=0x000000004fa86220 is an unknown value
R14=0x00007f933869c920 points into unknown readable memory: 0x00007f937b884610 | 10 46 88 7b 93 7f 00 00
R15=0x00007f933869c920 points into unknown readable memory: 0x00007f937b884610 | 10 46 88 7b 93 7f 00 00


Top of Stack: (sp=0x00007f934fa86150)
0x00007f934fa86150:   0000000000000000 0000000000000000
0x00007f934fa86160:   0000000000000000 00007f934fa86220
0x00007f934fa86170:   00007f933869c8c0 00000000000000b0
0x00007f934fa86180:   00007f933869c920 0000000000000000
0x00007f934fa86190:   00007f934fa861d0 00007f937aa9ad6f
0x00007f934fa861a0:   0000000400000000 0000000000000380
0x00007f934fa861b0:   00007f93385c4ff0 00007f934fa86220
0x00007f934fa861c0:   00007f933405c380 00000000000005e0
0x00007f934fa861d0:   00007f934fa86210 00007f937aa9af3b
0x00007f934fa861e0:   00007f934fa86580 00007f934fa864b0
0x00007f934fa861f0:   00007f934fa86220 00007f934fa86580
0x00007f934fa86200:   00007f937b903289 0000000000000000
0x00007f934fa86210:   00007f934fa862b0 00007f937aa69ca8
0x00007f934fa86220:   00007f9338667640 00007f9338667670
0x00007f934fa86230:   00007f937403f8f0 00007f934fa864b0
0x00007f934fa86240:   00007f9339484040 0000000000000000
0x00007f934fa86250:   0000000000000000 0000000000000000
0x00007f934fa86260:   00000002ffffffff 00007f9339484190
0x00007f934fa86270:   0000000000000000 0000000000000000
0x00007f934fa86280:   00007f9339484000 0000000000000010
0x00007f934fa86290:   00007f934fa864b0 0000000000000010
0x00007f934fa862a0:   00007f934fa864b0 00007f934fa862d0
0x00007f934fa862b0:   00007f934fa86350 00007f937aa6a0e4
0x00007f934fa862c0:   00007f934fa86350 00007f9339484040
0x00007f934fa862d0:   00007f934fa80000 0000000000000000
0x00007f934fa862e0:   00007f934fa86320 00007f9338a2b300
0x00007f934fa862f0:   00007f93742219b0 00007f937b5ebd9c
0x00007f934fa86300:   0000000000000000 00007f934fa868d0
0x00007f934fa86310:   0000000000000000 00007f930000000b
0x00007f934fa86320:   00007f934fa86350 00007f934fa864b0
0x00007f934fa86330:   00007f934fa86360 00007f937b903289
0x00007f934fa86340:   00007f934fa863e0 00007f934fa86540 

Instructions: (pc=0x00007f937b0ee8fe)
0x00007f937b0ee7fe:   c3 49 8b 45 00 ff 90 c0 00 00 00 39 c3 75 3a 45
0x00007f937b0ee80e:   89 fe 31 db 49 c1 e6 03 45 85 ff 75 0e eb 43 0f
0x00007f937b0ee81e:   1f 00 48 83 c3 08 49 39 de 74 37 49 8b 44 24 40
0x00007f937b0ee82e:   48 8b 3c 18 49 8b 45 40 48 8b 34 18 48 8b 07 ff
0x00007f937b0ee83e:   90 c8 00 00 00 84 c0 75 d9 48 83 c4 08 31 c0 5b
0x00007f937b0ee84e:   41 5c 41 5d 41 5e 41 5f 5d c3 0f 1f 84 00 00 00
0x00007f937b0ee85e:   00 00 48 83 c4 08 b8 01 00 00 00 5b 41 5c 41 5d
0x00007f937b0ee86e:   41 5e 41 5f 5d c3 66 66 2e 0f 1f 84 00 00 00 00
0x00007f937b0ee87e:   00 90 55 48 89 e5 41 57 49 89 ff 41 56 41 55 41
0x00007f937b0ee88e:   89 f5 41 54 53 48 83 ec 18 48 8b 07 ff 90 c8 00
0x00007f937b0ee89e:   00 00 44 39 e8 76 4b 66 48 8d 3d 03 97 7c 00 66
0x00007f937b0ee8ae:   66 48 e8 5b 4c 76 ff 48 8b 00 48 8b 80 78 05 00
0x00007f937b0ee8be:   00 48 8b 80 80 00 00 00 48 8b 80 58 08 00 00 48
0x00007f937b0ee8ce:   8b 98 b8 0a 00 00 48 83 c4 18 48 89 d8 5b 41 5c
0x00007f937b0ee8de:   41 5d 41 5e 41 5f 5d c3 66 2e 0f 1f 84 00 00 00
0x00007f937b0ee8ee:   00 00 89 45 cc 49 8b 47 40 48 8b 78 08 48 8b 07
0x00007f937b0ee8fe:   ff 50 08 8b 55 cc 8d 1c 02 41 39 dd 0f 82 90 00
0x00007f937b0ee90e:   00 00 41 bc 01 00 00 00 66 2e 0f 1f 84 00 00 00
0x00007f937b0ee91e:   00 00 49 8b 57 40 41 8d 44 24 01 49 89 c4 4c 8d
0x00007f937b0ee92e:   34 c5 00 00 00 00 48 8b 3c c2 48 8b 07 ff 50 08
0x00007f937b0ee93e:   89 da 01 c3 44 39 eb 76 d9 49 8b 07 89 55 cc 4c
0x00007f937b0ee94e:   89 ff ff 90 e8 00 00 00 8b 55 cc 48 85 c0 48 89
0x00007f937b0ee95e:   c3 74 1b 49 8b 07 89 55 cc 4c 89 ff ff 90 b0 00
0x00007f937b0ee96e:   00 00 8b 55 cc 44 39 e0 0f 84 58 ff ff ff 49 8b
0x00007f937b0ee97e:   47 40 44 89 ee 29 d6 4a 8b 3c 30 48 8b 07 48 8b
0x00007f937b0ee98e:   40 10 48 83 c4 18 5b 41 5c 41 5d 41 5e 41 5f 5d
0x00007f937b0ee99e:   ff e0 41 be 08 00 00 00 41 bc 01 00 00 00 eb 99
0x00007f937b0ee9ae:   66 90 31 c0 c3 90 66 66 2e 0f 1f 84 00 00 00 00
0x00007f937b0ee9be:   00 90 81 bf a0 00 00 00 e7 03 00 00 74 54 55 48
0x00007f937b0ee9ce:   89 e5 53 48 89 fb 48 83 ec 08 48 8b 47 08 48 8b
0x00007f937b0ee9de:   38 48 8b 07 ff 50 28 83 78 10 08 74 1d 8b 93 a0
0x00007f937b0ee9ee:   00 00 00 48 8d 05 a8 ec 84 00 48 8b 5d f8 48 8b 


Stack slot to memory mapping:
stack at sp + 0 slots: 0x0 is NULL
stack at sp + 1 slots: 0x0 is NULL
stack at sp + 2 slots: 0x0 is NULL
stack at sp + 3 slots: 0x00007f934fa86220 is pointing into the stack for thread: 0x00007f93742212c0
stack at sp + 4 slots: 0x00007f933869c8c0 points into unknown readable memory: 0x0000002000000016 | 16 00 00 00 20 00 00 00
stack at sp + 5 slots: 0x00000000000000b0 is an unknown value
stack at sp + 6 slots: 0x00007f933869c920 points into unknown readable memory: 0x00007f937b884610 | 10 46 88 7b 93 7f 00 00
stack at sp + 7 slots: 0x0 is NULL


---------------  P R O C E S S  ---------------

Threads class SMR info:
_java_thread_list=0x00007f93389e2d60, length=35, elements={
0x00007f9374028160, 0x00007f93741e7370, 0x00007f93741e88f0, 0x00007f9374219f10,
0x00007f937421d800, 0x00007f937421e7a0, 0x00007f937421fe00, 0x00007f93742212c0,
0x00007f937422a700, 0x00007f9374290720, 0x00007f937437d960, 0x00007f9374469d60,
0x00007f937456a790, 0x00007f93745b4e30, 0x00007f93745b7850, 0x00007f92f438b980,
0x00007f92f431c510, 0x00007f92f461fd80, 0x00007f92f46c6f80, 0x00007f92f46d1fc0,
0x00007f92f499a9c0, 0x00007f92e8007440, 0x00007f92d4000ff0, 0x00007f93746edea0,
0x00007f937476b910, 0x00007f937476cee0, 0x00007f92c437f940, 0x00007f92c4380840,
0x00007f92c4381980, 0x00007f92c43c5a50, 0x00007f92c43c7400, 0x00007f92c43c8530,
0x00007f92a4000ff0, 0x00007f9344000ff0, 0x00007f9338228fc0
}

Java Threads: ( => current thread )
  0x00007f9374028160 JavaThread "main" [_thread_blocked, id=9969, stack(0x00007f937a500000,0x00007f937a600000)]
  0x00007f93741e7370 JavaThread "Reference Handler" daemon [_thread_blocked, id=9979, stack(0x00007f9373f00000,0x00007f9374000000)]
  0x00007f93741e88f0 JavaThread "Finalizer" daemon [_thread_blocked, id=9980, stack(0x00007f9360100000,0x00007f9360200000)]
  0x00007f9374219f10 JavaThread "Signal Dispatcher" daemon [_thread_blocked, id=9981, stack(0x00007f9360000000,0x00007f9360100000)]
  0x00007f937421d800 JavaThread "Service Thread" daemon [_thread_blocked, id=9982, stack(0x00007f934fc88000,0x00007f934fd88000)]
  0x00007f937421e7a0 JavaThread "Monitor Deflation Thread" daemon [_thread_blocked, id=9983, stack(0x00007f934fb88000,0x00007f934fc88000)]
  0x00007f937421fe00 JavaThread "C2 CompilerThread0" daemon [_thread_in_native, id=9984, stack(0x00007f934fa88000,0x00007f934fb88000)]
=>0x00007f93742212c0 JavaThread "C1 CompilerThread0" daemon [_thread_in_native, id=9985, stack(0x00007f934f988000,0x00007f934fa88000)]
  0x00007f937422a700 JavaThread "Sweeper thread" daemon [_thread_blocked, id=9986, stack(0x00007f934f888000,0x00007f934f988000)]
  0x00007f9374290720 JavaThread "Common-Cleaner" daemon [_thread_blocked, id=9989, stack(0x00007f934f788000,0x00007f934f888000)]
  0x00007f937437d960 JavaThread "Notification Thread" daemon [_thread_blocked, id=10002, stack(0x00007f934f588000,0x00007f934f688000)]
  0x00007f9374469d60 JavaThread "process reaper" daemon [_thread_blocked, id=10009, stack(0x00007f9373ece000,0x00007f9373ef0000)]
  0x00007f937456a790 JavaThread "Active Thread: Equinox Container: bbbe8ccb-cea8-42d9-88f2-a630b51f7853" [_thread_blocked, id=10027, stack(0x00007f934ed81000,0x00007f934ee81000)]
  0x00007f93745b4e30 JavaThread "Framework Event Dispatcher: Equinox Container: bbbe8ccb-cea8-42d9-88f2-a630b51f7853" daemon [_thread_blocked, id=10029, stack(0x00007f934ec81000,0x00007f934ed81000)]
  0x00007f93745b7850 JavaThread "Start Level: Equinox Container: bbbe8ccb-cea8-42d9-88f2-a630b51f7853" daemon [_thread_blocked, id=10030, stack(0x00007f934eb81000,0x00007f934ec81000)]
  0x00007f92f438b980 JavaThread "Bundle File Closer" daemon [_thread_blocked, id=10039, stack(0x00007f934e700000,0x00007f934e800000)]
  0x00007f92f431c510 JavaThread "SCR Component Actor" daemon [_thread_blocked, id=10041, stack(0x00007f934e600000,0x00007f934e700000)]
  0x00007f92f461fd80 JavaThread "Worker-JM" [_thread_blocked, id=10055, stack(0x00007f934f688000,0x00007f934f788000)]
  0x00007f92f46c6f80 JavaThread "Worker-0" [_thread_blocked, id=10060, stack(0x00007f934e400000,0x00007f934e500000)]
  0x00007f92f46d1fc0 JavaThread "Worker-1" [_thread_blocked, id=10061, stack(0x00007f934e300000,0x00007f934e400000)]
  0x00007f92f499a9c0 JavaThread "Java indexing" daemon [_thread_blocked, id=10066, stack(0x00007f934e200000,0x00007f934e300000)]
  0x00007f92e8007440 JavaThread "Worker-2" [_thread_blocked, id=10067, stack(0x00007f934deb1000,0x00007f934dfb1000)]
  0x00007f92d4000ff0 JavaThread "Worker-3" [_thread_blocked, id=10068, stack(0x00007f934e100000,0x00007f934e200000)]
  0x00007f93746edea0 JavaThread "pool-2-thread-1" [_thread_blocked, id=10069, stack(0x00007f934e000000,0x00007f934e100000)]
  0x00007f937476b910 JavaThread "WorkspaceEventsHandler" [_thread_blocked, id=10070, stack(0x00007f934ddb1000,0x00007f934deb1000)]
  0x00007f937476cee0 JavaThread "pool-1-thread-1" [_thread_in_native, id=10071, stack(0x00007f934dcb1000,0x00007f934ddb1000)]
  0x00007f92c437f940 JavaThread "ForkJoinPool.commonPool-worker-1" daemon [_thread_blocked, id=10088, stack(0x00007f934e500000,0x00007f934e600000)]
  0x00007f92c4380840 JavaThread "ForkJoinPool.commonPool-worker-2" daemon [_thread_blocked, id=10089, stack(0x00007f934dbb1000,0x00007f934dcb1000)]
  0x00007f92c4381980 JavaThread "ForkJoinPool.commonPool-worker-3" daemon [_thread_blocked, id=10090, stack(0x00007f934dab1000,0x00007f934dbb1000)]
  0x00007f92c43c5a50 JavaThread "ForkJoinPool.commonPool-worker-4" daemon [_thread_blocked, id=10092, stack(0x00007f934d9b1000,0x00007f934dab1000)]
  0x00007f92c43c7400 JavaThread "ForkJoinPool.commonPool-worker-5" daemon [_thread_blocked, id=10093, stack(0x00007f934d8b1000,0x00007f934d9b1000)]
  0x00007f92c43c8530 JavaThread "ForkJoinPool.commonPool-worker-6" daemon [_thread_blocked, id=10094, stack(0x00007f934d7b1000,0x00007f934d8b1000)]
  0x00007f92a4000ff0 JavaThread "ForkJoinPool.commonPool-worker-7" daemon [_thread_blocked, id=10096, stack(0x00007f934d6b1000,0x00007f934d7b1000)]
  0x00007f9344000ff0 JavaThread "Attach Listener" daemon [_thread_blocked, id=10205, stack(0x00007f934d5b1000,0x00007f934d6b1000)]
  0x00007f9338228fc0 JavaThread "C2 CompilerThread1" daemon [_thread_in_native, id=10284, stack(0x00007f934d4b1000,0x00007f934d5b1000)]

Other Threads:
  0x00007f9374069210 VMThread "VM Thread" [stack: 0x00007f9378036000,0x00007f9378136000] [id=9977]
  0x00007f9374327030 WatcherThread [stack: 0x00007f934f488000,0x00007f934f588000] [id=10003]
  0x00007f937403f9f0 GCTaskThread "GC Thread#0" [stack: 0x00007f937a029000,0x00007f937a129000] [id=9970]
  0x00007f9350001230 GCTaskThread "GC Thread#1" [stack: 0x00007f934f387000,0x00007f934f487000] [id=10014]
  0x00007f9350003130 GCTaskThread "GC Thread#2" [stack: 0x00007f934f286000,0x00007f934f386000] [id=10015]
  0x00007f9350003af0 GCTaskThread "GC Thread#3" [stack: 0x00007f934f185000,0x00007f934f285000] [id=10016]
  0x00007f93500044b0 GCTaskThread "GC Thread#4" [stack: 0x00007f934f084000,0x00007f934f184000] [id=10017]
  0x00007f9350004e70 GCTaskThread "GC Thread#5" [stack: 0x00007f934ef83000,0x00007f934f083000] [id=10018]
  0x00007f9350005830 GCTaskThread "GC Thread#6" [stack: 0x00007f934ee82000,0x00007f934ef82000] [id=10019]
  0x00007f9350006cf0 GCTaskThread "GC Thread#7" [stack: 0x00007f934ea81000,0x00007f934eb81000] [id=10033]

Threads with active compile tasks:
C2 CompilerThread0    36573 8371       4       org.eclipse.jdt.internal.compiler.lookup.BinaryTypeBinding::createMethod (1717 bytes)
C1 CompilerThread0    36573 8368   !   3       org.eclipse.jdt.internal.compiler.parser.Scanner::jumpOverBody (1538 bytes)
C2 CompilerThread1    36573 8331 % !   4       org.eclipse.jdt.internal.compiler.classfmt.ClassFileReader::<init> @ 63 (2113 bytes)

VM state: not at safepoint (normal execution)

VM Mutex/Monitor currently owned by a thread: None

Heap address: 0x00000000c0000000, size: 1024 MB, Compressed Oops mode: 32-bit

CDS archive(s) not mapped
Compressed class space mapped at: 0x0000000100000000-0x0000000140000000, reserved size: 1073741824
Narrow klass base: 0x0000000000000000, Narrow klass shift: 3, Narrow klass range: 0x140000000

GC Precious Log:
 CPUs: 8 total, 8 available
 Memory: 6857M
 Large Page Support: Disabled
 NUMA Support: Disabled
 Compressed Oops: Enabled (32-bit)
 Alignments: Space 512K, Generation 512K, Heap 2M
 Heap Min Capacity: 100M
 Heap Initial Capacity: 100M
 Heap Max Capacity: 1G
 Pre-touch: Disabled
 Parallel Workers: 8

Heap:
 PSYoungGen      total 5120K, used 2952K [0x00000000eab00000, 0x00000000eb400000, 0x0000000100000000)
  eden space 4608K, 53% used [0x00000000eab00000,0x00000000ead66b28,0x00000000eaf80000)
  from space 512K, 96% used [0x00000000eb380000,0x00000000eb3fb548,0x00000000eb400000)
  to   space 1024K, 0% used [0x00000000eb200000,0x00000000eb200000,0x00000000eb300000)
 ParOldGen       total 102912K, used 94587K [0x00000000c0000000, 0x00000000c6480000, 0x00000000eab00000)
  object space 102912K, 91% used [0x00000000c0000000,0x00000000c5c5ef50,0x00000000c6480000)
 Metaspace       used 69019K, committed 70080K, reserved 1114112K
  class space    used 7454K, committed 7936K, reserved 1048576K

Card table byte_map: [0x00007f937a129000,0x00007f937a32a000] _byte_map_base: 0x00007f9379b29000

Marking Bits: (ParMarkBitMap*) 0x00007f937b91f380
 Begin Bits: [0x00007f9360200000, 0x00007f9361200000)
 End Bits:   [0x00007f9361200000, 0x00007f9362200000)

Polling page: 0x00007f937be07000

Metaspace:

Usage:
  Non-class:     60,12 MB used.
      Class:      7,28 MB used.
       Both:     67,40 MB used.

Virtual space:
  Non-class space:       64,00 MB reserved,      60,69 MB ( 95%) committed,  1 nodes.
      Class space:        1,00 GB reserved,       7,75 MB ( <1%) committed,  1 nodes.
             Both:        1,06 GB reserved,      68,44 MB (  6%) committed. 

Chunk freelists:
   Non-Class:  3,07 MB
       Class:  8,10 MB
        Both:  11,17 MB

MaxMetaspaceSize: unlimited
CompressedClassSpaceSize: 1,00 GB
Initial GC threshold: 21,00 MB
Current GC threshold: 111,69 MB
CDS: off
MetaspaceReclaimPolicy: balanced
 - commit_granule_bytes: 65536.
 - commit_granule_words: 8192.
 - virtual_space_node_default_size: 8388608.
 - enlarge_chunks_in_place: 1.
 - new_chunks_are_fully_committed: 0.
 - uncommit_free_chunks: 1.
 - use_allocation_guard: 0.
 - handle_deallocations: 1.


Internal statistics:

num_allocs_failed_limit: 9.
num_arena_births: 702.
num_arena_deaths: 14.
num_vsnodes_births: 2.
num_vsnodes_deaths: 0.
num_space_committed: 1095.
num_space_uncommitted: 0.
num_chunks_returned_to_freelist: 23.
num_chunks_taken_from_freelist: 3442.
num_chunk_merges: 11.
num_chunk_splits: 2231.
num_chunks_enlarged: 1380.
num_inconsistent_stats: 0.

CodeHeap 'non-profiled nmethods': size=120028Kb used=3413Kb max_used=3680Kb free=116615Kb
 bounds [0x00007f9369cc9000, 0x00007f936a079000, 0x00007f9371200000]
CodeHeap 'profiled nmethods': size=120028Kb used=13101Kb max_used=15082Kb free=106926Kb
 bounds [0x00007f9362200000, 0x00007f93630c0000, 0x00007f9369737000]
CodeHeap 'non-nmethods': size=5704Kb used=1347Kb max_used=1399Kb free=4357Kb
 bounds [0x00007f9369737000, 0x00007f93699a7000, 0x00007f9369cc9000]
 total_blobs=7383 nmethods=6690 adapters=607
 compilation: enabled
              stopped_count=0, restarted_count=0
 full_count=0

Compilation events (20 events):
Event: 36,470 Thread 0x00007f93742212c0 8332       3       java.io.File::getName (42 bytes)
Event: 36,471 Thread 0x00007f93742212c0 nmethod 8332 0x00007f936224a890 code [0x00007f936224aae0, 0x00007f936224b2d0]
Event: 36,471 Thread 0x00007f93742212c0 8338       3       com.google.gson.stream.JsonReader::nextString (197 bytes)
Event: 36,471 Thread 0x00007f9338228fc0 8335       4       jdk.internal.org.objectweb.asm.SymbolTable::put (150 bytes)
Event: 36,472 Thread 0x00007f93742212c0 nmethod 8338 0x00007f936220d810 code [0x00007f936220db00, 0x00007f936220e960]
Event: 36,472 Thread 0x00007f93742212c0 8341       3       java.util.regex.Pattern::sequence (647 bytes)
Event: 36,477 Thread 0x00007f93742212c0 nmethod 8341 0x00007f9362cb5490 code [0x00007f9362cb5a60, 0x00007f9362cb8970]
Event: 36,477 Thread 0x00007f93742212c0 8339       3       java.net.URI::needsNormalization (184 bytes)
Event: 36,478 Thread 0x00007f937421fe00 nmethod 8326 0x00007f936a018890 code [0x00007f936a018a60, 0x00007f936a019058]
Event: 36,478 Thread 0x00007f937421fe00 8352       4       org.eclipse.jdt.core.compiler.CharOperation::splitOn (159 bytes)
Event: 36,479 Thread 0x00007f9338228fc0 nmethod 8335 0x00007f9369fd5d10 code [0x00007f9369fd5ea0, 0x00007f9369fd62b8]
Event: 36,479 Thread 0x00007f9338228fc0 8331 % !   4       org.eclipse.jdt.internal.compiler.classfmt.ClassFileReader::<init> @ 63 (2113 bytes)
Event: 36,481 Thread 0x00007f93742212c0 nmethod 8339 0x00007f9362c08910 code [0x00007f9362c08de0, 0x00007f9362c0b910]
Event: 36,481 Thread 0x00007f93742212c0 8353   !   3       org.eclipse.jdt.internal.compiler.parser.Scanner::getNextToken0 (2518 bytes)
Event: 36,492 Thread 0x00007f93742212c0 nmethod 8353 0x00007f9362963b90 code [0x00007f9362964680, 0x00007f936296b450]
Event: 36,492 Thread 0x00007f93742212c0 8354       3       org.eclipse.jdt.internal.compiler.parser.Parser::consumeRule (7964 bytes)
Event: 36,516 Thread 0x00007f937421fe00 nmethod 8352 0x00007f9369dc3a90 code [0x00007f9369dc3c40, 0x00007f9369dc4998]
Event: 36,516 Thread 0x00007f937421fe00 8371       4       org.eclipse.jdt.internal.compiler.lookup.BinaryTypeBinding::createMethod (1717 bytes)
Event: 36,536 Thread 0x00007f93742212c0 nmethod 8354 0x00007f9362e01090 code [0x00007f9362e05d40, 0x00007f9362e37a30]
Event: 36,536 Thread 0x00007f93742212c0 8368   !   3       org.eclipse.jdt.internal.compiler.parser.Scanner::jumpOverBody (1538 bytes)

GC Heap History (20 events):
Event: 21,657 GC heap before
{Heap before GC invocations=48 (full 4):
 PSYoungGen      total 9216K, used 9152K [0x00000000eab00000, 0x00000000ebe00000, 0x0000000100000000)
  eden space 5120K, 100% used [0x00000000eab00000,0x00000000eb000000,0x00000000eb000000)
  from space 4096K, 98% used [0x00000000eba00000,0x00000000ebdf0000,0x00000000ebe00000)
  to   space 4096K, 0% used [0x00000000eb400000,0x00000000eb400000,0x00000000eb800000)
 ParOldGen       total 102912K, used 75291K [0x00000000c0000000, 0x00000000c6480000, 0x00000000eab00000)
  object space 102912K, 73% used [0x00000000c0000000,0x00000000c4986f10,0x00000000c6480000)
 Metaspace       used 67435K, committed 68608K, reserved 1114112K
  class space    used 7284K, committed 7808K, reserved 1048576K
}
Event: 21,664 GC heap after
{Heap after GC invocations=48 (full 4):
 PSYoungGen      total 9216K, used 4032K [0x00000000eab00000, 0x00000000eba80000, 0x0000000100000000)
  eden space 5120K, 0% used [0x00000000eab00000,0x00000000eab00000,0x00000000eb000000)
  from space 4096K, 98% used [0x00000000eb400000,0x00000000eb7f0000,0x00000000eb800000)
  to   space 2560K, 0% used [0x00000000eb800000,0x00000000eb800000,0x00000000eba80000)
 ParOldGen       total 102912K, used 79211K [0x00000000c0000000, 0x00000000c6480000, 0x00000000eab00000)
  object space 102912K, 76% used [0x00000000c0000000,0x00000000c4d5af10,0x00000000c6480000)
 Metaspace       used 67435K, committed 68608K, reserved 1114112K
  class space    used 7284K, committed 7808K, reserved 1048576K
}
Event: 21,682 GC heap before
{Heap before GC invocations=49 (full 4):
 PSYoungGen      total 9216K, used 9152K [0x00000000eab00000, 0x00000000eba80000, 0x0000000100000000)
  eden space 5120K, 100% used [0x00000000eab00000,0x00000000eb000000,0x00000000eb000000)
  from space 4096K, 98% used [0x00000000eb400000,0x00000000eb7f0000,0x00000000eb800000)
  to   space 2560K, 0% used [0x00000000eb800000,0x00000000eb800000,0x00000000eba80000)
 ParOldGen       total 102912K, used 79211K [0x00000000c0000000, 0x00000000c6480000, 0x00000000eab00000)
  object space 102912K, 76% used [0x00000000c0000000,0x00000000c4d5af10,0x00000000c6480000)
 Metaspace       used 67435K, committed 68608K, reserved 1114112K
  class space    used 7284K, committed 7808K, reserved 1048576K
}
Event: 21,687 GC heap after
{Heap after GC invocations=49 (full 4):
 PSYoungGen      total 7168K, used 2560K [0x00000000eab00000, 0x00000000ec100000, 0x0000000100000000)
  eden space 4608K, 0% used [0x00000000eab00000,0x00000000eab00000,0x00000000eaf80000)
  from space 2560K, 100% used [0x00000000eb800000,0x00000000eba80000,0x00000000eba80000)
  to   space 8704K, 0% used [0x00000000eaf80000,0x00000000eaf80000,0x00000000eb800000)
 ParOldGen       total 102912K, used 84555K [0x00000000c0000000, 0x00000000c6480000, 0x00000000eab00000)
  object space 102912K, 82% used [0x00000000c0000000,0x00000000c5292f10,0x00000000c6480000)
 Metaspace       used 67435K, committed 68608K, reserved 1114112K
  class space    used 7284K, committed 7808K, reserved 1048576K
}
Event: 21,705 GC heap before
{Heap before GC invocations=50 (full 4):
 PSYoungGen      total 7168K, used 7168K [0x00000000eab00000, 0x00000000ec100000, 0x0000000100000000)
  eden space 4608K, 100% used [0x00000000eab00000,0x00000000eaf80000,0x00000000eaf80000)
  from space 2560K, 100% used [0x00000000eb800000,0x00000000eba80000,0x00000000eba80000)
  to   space 8704K, 0% used [0x00000000eaf80000,0x00000000eaf80000,0x00000000eb800000)
 ParOldGen       total 102912K, used 84555K [0x00000000c0000000, 0x00000000c6480000, 0x00000000eab00000)
  object space 102912K, 82% used [0x00000000c0000000,0x00000000c5292f10,0x00000000c6480000)
 Metaspace       used 67435K, committed 68608K, reserved 1114112K
  class space    used 7284K, committed 7808K, reserved 1048576K
}
Event: 21,709 GC heap after
{Heap after GC invocations=50 (full 4):
 PSYoungGen      total 8192K, used 3552K [0x00000000eab00000, 0x00000000eba80000, 0x0000000100000000)
  eden space 4608K, 0% used [0x00000000eab00000,0x00000000eab00000,0x00000000eaf80000)
  from space 3584K, 99% used [0x00000000eaf80000,0x00000000eb2f8000,0x00000000eb300000)
  to   space 5632K, 0% used [0x00000000eb500000,0x00000000eb500000,0x00000000eba80000)
 ParOldGen       total 102912K, used 87099K [0x00000000c0000000, 0x00000000c6480000, 0x00000000eab00000)
  object space 102912K, 84% used [0x00000000c0000000,0x00000000c550ef10,0x00000000c6480000)
 Metaspace       used 67435K, committed 68608K, reserved 1114112K
  class space    used 7284K, committed 7808K, reserved 1048576K
}
Event: 22,091 GC heap before
{Heap before GC invocations=51 (full 4):
 PSYoungGen      total 8192K, used 8160K [0x00000000eab00000, 0x00000000eba80000, 0x0000000100000000)
  eden space 4608K, 100% used [0x00000000eab00000,0x00000000eaf80000,0x00000000eaf80000)
  from space 3584K, 99% used [0x00000000eaf80000,0x00000000eb2f8000,0x00000000eb300000)
  to   space 5632K, 0% used [0x00000000eb500000,0x00000000eb500000,0x00000000eba80000)
 ParOldGen       total 102912K, used 87099K [0x00000000c0000000, 0x00000000c6480000, 0x00000000eab00000)
  object space 102912K, 84% used [0x00000000c0000000,0x00000000c550ef10,0x00000000c6480000)
 Metaspace       used 67447K, committed 68608K, reserved 1114112K
  class space    used 7284K, committed 7808K, reserved 1048576K
}
Event: 22,097 GC heap after
{Heap after GC invocations=51 (full 4):
 PSYoungGen      total 8192K, used 3360K [0x00000000eab00000, 0x00000000eb880000, 0x0000000100000000)
  eden space 4608K, 0% used [0x00000000eab00000,0x00000000eab00000,0x00000000eaf80000)
  from space 3584K, 93% used [0x00000000eb500000,0x00000000eb848000,0x00000000eb880000)
  to   space 4096K, 0% used [0x00000000eb080000,0x00000000eb080000,0x00000000eb480000)
 ParOldGen       total 102912K, used 90611K [0x00000000c0000000, 0x00000000c6480000, 0x00000000eab00000)
  object space 102912K, 88% used [0x00000000c0000000,0x00000000c587cf10,0x00000000c6480000)
 Metaspace       used 67447K, committed 68608K, reserved 1114112K
  class space    used 7284K, committed 7808K, reserved 1048576K
}
Event: 22,485 GC heap before
{Heap before GC invocations=52 (full 4):
 PSYoungGen      total 8192K, used 7967K [0x00000000eab00000, 0x00000000eb880000, 0x0000000100000000)
  eden space 4608K, 99% used [0x00000000eab00000,0x00000000eaf7fff0,0x00000000eaf80000)
  from space 3584K, 93% used [0x00000000eb500000,0x00000000eb848000,0x00000000eb880000)
  to   space 4096K, 0% used [0x00000000eb080000,0x00000000eb080000,0x00000000eb480000)
 ParOldGen       total 102912K, used 90611K [0x00000000c0000000, 0x00000000c6480000, 0x00000000eab00000)
  object space 102912K, 88% used [0x00000000c0000000,0x00000000c587cf10,0x00000000c6480000)
 Metaspace       used 67510K, committed 68672K, reserved 1114112K
  class space    used 7284K, committed 7808K, reserved 1048576K
}
Event: 22,492 GC heap after
{Heap after GC invocations=52 (full 4):
 PSYoungGen      total 5632K, used 960K [0x00000000eab00000, 0x00000000eb580000, 0x0000000100000000)
  eden space 4608K, 0% used [0x00000000eab00000,0x00000000eab00000,0x00000000eaf80000)
  from space 1024K, 93% used [0x00000000eb080000,0x00000000eb170060,0x00000000eb180000)
  to   space 2048K, 0% used [0x00000000eb380000,0x00000000eb380000,0x00000000eb580000)
 ParOldGen       total 102912K, used 93851K [0x00000000c0000000, 0x00000000c6480000, 0x00000000eab00000)
  object space 102912K, 91% used [0x00000000c0000000,0x00000000c5ba6f10,0x00000000c6480000)
 Metaspace       used 67510K, committed 68672K, reserved 1114112K
  class space    used 7284K, committed 7808K, reserved 1048576K
}
Event: 24,207 GC heap before
{Heap before GC invocations=53 (full 4):
 PSYoungGen      total 5632K, used 5568K [0x00000000eab00000, 0x00000000eb580000, 0x0000000100000000)
  eden space 4608K, 100% used [0x00000000eab00000,0x00000000eaf80000,0x00000000eaf80000)
  from space 1024K, 93% used [0x00000000eb080000,0x00000000eb170060,0x00000000eb180000)
  to   space 2048K, 0% used [0x00000000eb380000,0x00000000eb380000,0x00000000eb580000)
 ParOldGen       total 102912K, used 93851K [0x00000000c0000000, 0x00000000c6480000, 0x00000000eab00000)
  object space 102912K, 91% used [0x00000000c0000000,0x00000000c5ba6f10,0x00000000c6480000)
 Metaspace       used 67597K, committed 68800K, reserved 1114112K
  class space    used 7285K, committed 7808K, reserved 1048576K
}
Event: 24,209 GC heap after
{Heap after GC invocations=53 (full 4):
 PSYoungGen      total 5120K, used 192K [0x00000000eab00000, 0x00000000eb400000, 0x0000000100000000)
  eden space 4608K, 0% used [0x00000000eab00000,0x00000000eab00000,0x00000000eaf80000)
  from space 512K, 37% used [0x00000000eb380000,0x00000000eb3b0000,0x00000000eb400000)
  to   space 1024K, 0% used [0x00000000eb200000,0x00000000eb200000,0x00000000eb300000)
 ParOldGen       total 102912K, used 93971K [0x00000000c0000000, 0x00000000c6480000, 0x00000000eab00000)
  object space 102912K, 91% used [0x00000000c0000000,0x00000000c5bc4f30,0x00000000c6480000)
 Metaspace       used 67597K, committed 68800K, reserved 1114112K
  class space    used 7285K, committed 7808K, reserved 1048576K
}
Event: 24,693 GC heap before
{Heap before GC invocations=54 (full 4):
 PSYoungGen      total 5120K, used 4800K [0x00000000eab00000, 0x00000000eb400000, 0x0000000100000000)
  eden space 4608K, 100% used [0x00000000eab00000,0x00000000eaf80000,0x00000000eaf80000)
  from space 512K, 37% used [0x00000000eb380000,0x00000000eb3b0000,0x00000000eb400000)
  to   space 1024K, 0% used [0x00000000eb200000,0x00000000eb200000,0x00000000eb300000)
 ParOldGen       total 102912K, used 93971K [0x00000000c0000000, 0x00000000c6480000, 0x00000000eab00000)
  object space 102912K, 91% used [0x00000000c0000000,0x00000000c5bc4f30,0x00000000c6480000)
 Metaspace       used 68100K, committed 69248K, reserved 1114112K
  class space    used 7355K, committed 7872K, reserved 1048576K
}
Event: 24,694 GC heap after
{Heap after GC invocations=54 (full 4):
 PSYoungGen      total 5632K, used 320K [0x00000000eab00000, 0x00000000eb400000, 0x0000000100000000)
  eden space 4608K, 0% used [0x00000000eab00000,0x00000000eab00000,0x00000000eaf80000)
  from space 1024K, 31% used [0x00000000eb200000,0x00000000eb250020,0x00000000eb300000)
  to   space 512K, 0% used [0x00000000eb380000,0x00000000eb380000,0x00000000eb400000)
 ParOldGen       total 102912K, used 93995K [0x00000000c0000000, 0x00000000c6480000, 0x00000000eab00000)
  object space 102912K, 91% used [0x00000000c0000000,0x00000000c5bcaf30,0x00000000c6480000)
 Metaspace       used 68100K, committed 69248K, reserved 1114112K
  class space    used 7355K, committed 7872K, reserved 1048576K
}
Event: 24,767 GC heap before
{Heap before GC invocations=55 (full 4):
 PSYoungGen      total 5632K, used 4928K [0x00000000eab00000, 0x00000000eb400000, 0x0000000100000000)
  eden space 4608K, 100% used [0x00000000eab00000,0x00000000eaf80000,0x00000000eaf80000)
  from space 1024K, 31% used [0x00000000eb200000,0x00000000eb250020,0x00000000eb300000)
  to   space 512K, 0% used [0x00000000eb380000,0x00000000eb380000,0x00000000eb400000)
 ParOldGen       total 102912K, used 93995K [0x00000000c0000000, 0x00000000c6480000, 0x00000000eab00000)
  object space 102912K, 91% used [0x00000000c0000000,0x00000000c5bcaf30,0x00000000c6480000)
 Metaspace       used 68471K, committed 69568K, reserved 1114112K
  class space    used 7402K, committed 7872K, reserved 1048576K
}
Event: 24,768 GC heap after
{Heap after GC invocations=55 (full 4):
 PSYoungGen      total 5120K, used 224K [0x00000000eab00000, 0x00000000eb400000, 0x0000000100000000)
  eden space 4608K, 0% used [0x00000000eab00000,0x00000000eab00000,0x00000000eaf80000)
  from space 512K, 43% used [0x00000000eb380000,0x00000000eb3b8000,0x00000000eb400000)
  to   space 512K, 0% used [0x00000000eb300000,0x00000000eb300000,0x00000000eb380000)
 ParOldGen       total 102912K, used 94147K [0x00000000c0000000, 0x00000000c6480000, 0x00000000eab00000)
  object space 102912K, 91% used [0x00000000c0000000,0x00000000c5bf0f50,0x00000000c6480000)
 Metaspace       used 68471K, committed 69568K, reserved 1114112K
  class space    used 7402K, committed 7872K, reserved 1048576K
}
Event: 31,950 GC heap before
{Heap before GC invocations=56 (full 4):
 PSYoungGen      total 5120K, used 4832K [0x00000000eab00000, 0x00000000eb400000, 0x0000000100000000)
  eden space 4608K, 100% used [0x00000000eab00000,0x00000000eaf80000,0x00000000eaf80000)
  from space 512K, 43% used [0x00000000eb380000,0x00000000eb3b8000,0x00000000eb400000)
  to   space 512K, 0% used [0x00000000eb300000,0x00000000eb300000,0x00000000eb380000)
 ParOldGen       total 102912K, used 94147K [0x00000000c0000000, 0x00000000c6480000, 0x00000000eab00000)
  object space 102912K, 91% used [0x00000000c0000000,0x00000000c5bf0f50,0x00000000c6480000)
 Metaspace       used 68893K, committed 70016K, reserved 1114112K
  class space    used 7443K, committed 7936K, reserved 1048576K
}
Event: 31,951 GC heap after
{Heap after GC invocations=56 (full 4):
 PSYoungGen      total 5120K, used 496K [0x00000000eab00000, 0x00000000eb400000, 0x0000000100000000)
  eden space 4608K, 0% used [0x00000000eab00000,0x00000000eab00000,0x00000000eaf80000)
  from space 512K, 96% used [0x00000000eb300000,0x00000000eb37c010,0x00000000eb380000)
  to   space 512K, 0% used [0x00000000eb380000,0x00000000eb380000,0x00000000eb400000)
 ParOldGen       total 102912K, used 94283K [0x00000000c0000000, 0x00000000c6480000, 0x00000000eab00000)
  object space 102912K, 91% used [0x00000000c0000000,0x00000000c5c12f50,0x00000000c6480000)
 Metaspace       used 68893K, committed 70016K, reserved 1114112K
  class space    used 7443K, committed 7936K, reserved 1048576K
}
Event: 36,502 GC heap before
{Heap before GC invocations=57 (full 4):
 PSYoungGen      total 5120K, used 5104K [0x00000000eab00000, 0x00000000eb400000, 0x0000000100000000)
  eden space 4608K, 100% used [0x00000000eab00000,0x00000000eaf80000,0x00000000eaf80000)
  from space 512K, 96% used [0x00000000eb300000,0x00000000eb37c010,0x00000000eb380000)
  to   space 512K, 0% used [0x00000000eb380000,0x00000000eb380000,0x00000000eb400000)
 ParOldGen       total 102912K, used 94283K [0x00000000c0000000, 0x00000000c6480000, 0x00000000eab00000)
  object space 102912K, 91% used [0x00000000c0000000,0x00000000c5c12f50,0x00000000c6480000)
 Metaspace       used 68987K, committed 70080K, reserved 1114112K
  class space    used 7453K, committed 7936K, reserved 1048576K
}
Event: 36,506 GC heap after
{Heap after GC invocations=57 (full 4):
 PSYoungGen      total 5120K, used 493K [0x00000000eab00000, 0x00000000eb400000, 0x0000000100000000)
  eden space 4608K, 0% used [0x00000000eab00000,0x00000000eab00000,0x00000000eaf80000)
  from space 512K, 96% used [0x00000000eb380000,0x00000000eb3fb548,0x00000000eb400000)
  to   space 1024K, 0% used [0x00000000eb200000,0x00000000eb200000,0x00000000eb300000)
 ParOldGen       total 102912K, used 94587K [0x00000000c0000000, 0x00000000c6480000, 0x00000000eab00000)
  object space 102912K, 91% used [0x00000000c0000000,0x00000000c5c5ef50,0x00000000c6480000)
 Metaspace       used 68987K, committed 70080K, reserved 1114112K
  class space    used 7453K, committed 7936K, reserved 1048576K
}

Dll operation events (9 events):
Event: 0,005 Loaded shared library /home/sergio/.vscode/extensions/redhat.java-1.28.1-linux-x64/jre/17.0.10-linux-x86_64/lib/libjava.so
Event: 0,297 Loaded shared library /home/sergio/.vscode/extensions/redhat.java-1.28.1-linux-x64/jre/17.0.10-linux-x86_64/lib/libzip.so
Event: 0,300 Loaded shared library /home/sergio/.vscode/extensions/redhat.java-1.28.1-linux-x64/jre/17.0.10-linux-x86_64/lib/libinstrument.so
Event: 0,313 Loaded shared library /home/sergio/.vscode/extensions/redhat.java-1.28.1-linux-x64/jre/17.0.10-linux-x86_64/lib/libnio.so
Event: 0,329 Loaded shared library /home/sergio/.vscode/extensions/redhat.java-1.28.1-linux-x64/jre/17.0.10-linux-x86_64/lib/libzip.so
Event: 0,374 Loaded shared library /home/sergio/.vscode/extensions/redhat.java-1.28.1-linux-x64/jre/17.0.10-linux-x86_64/lib/libjimage.so
Event: 0,478 Loaded shared library /home/sergio/.vscode/extensions/redhat.java-1.28.1-linux-x64/jre/17.0.10-linux-x86_64/lib/libverify.so
Event: 1,519 Loaded shared library /home/sergio/.vscode/extensions/redhat.java-1.28.1-linux-x64/jre/17.0.10-linux-x86_64/lib/libnet.so
Event: 2,205 Loaded shared library /home/sergio/.config/Code/User/globalStorage/redhat.java/1.28.1/config_linux/org.eclipse.equinox.launcher/org.eclipse.equinox.launcher.gtk.linux.x86_64_1.2.900.v20240129-1338/eclipse_11900.so

Deoptimization events (20 events):
Event: 36,470 Thread 0x00007f92c4380840 DEOPT PACKING pc=0x00007f93623bbb08 sp=0x00007f934dcaeb30
Event: 36,470 Thread 0x00007f92c4380840 DEOPT UNPACKING pc=0x00007f936978db2f sp=0x00007f934dcae0e8 mode 0
Event: 36,477 Thread 0x00007f92a4000ff0 DEOPT PACKING pc=0x00007f9362cde555 sp=0x00007f934d7add40
Event: 36,477 Thread 0x00007f92a4000ff0 DEOPT UNPACKING pc=0x00007f936978db2f sp=0x00007f934d7ad1e8 mode 0
Event: 36,480 Thread 0x00007f92a4000ff0 Uncommon trap: trap_request=0xffffff45 fr.pc=0x00007f936a036ab0 relative=0x0000000000000710
Event: 36,480 Thread 0x00007f92a4000ff0 Uncommon trap: reason=unstable_if action=reinterpret pc=0x00007f936a036ab0 method=org.eclipse.jdt.internal.compiler.parser.Scanner.getNextToken0()I @ 327 c2
Event: 36,480 Thread 0x00007f92a4000ff0 DEOPT PACKING pc=0x00007f936a036ab0 sp=0x00007f934d7adab0
Event: 36,480 Thread 0x00007f92a4000ff0 DEOPT UNPACKING pc=0x00007f936978d399 sp=0x00007f934d7ada40 mode 2
Event: 36,480 Thread 0x00007f92a4000ff0 Uncommon trap: trap_request=0xffffffc6 fr.pc=0x00007f936a03f198 relative=0x00000000000009b8
Event: 36,480 Thread 0x00007f92a4000ff0 Uncommon trap: reason=bimorphic_or_optimized_type_check action=maybe_recompile pc=0x00007f936a03f198 method=org.eclipse.jdt.internal.compiler.parser.Parser.consumeRule(I)V @ 4275 c2
Event: 36,480 Thread 0x00007f92a4000ff0 DEOPT PACKING pc=0x00007f936a03f198 sp=0x00007f934d7adb60
Event: 36,480 Thread 0x00007f92a4000ff0 DEOPT UNPACKING pc=0x00007f936978d399 sp=0x00007f934d7adb10 mode 2
Event: 36,480 Thread 0x00007f92a4000ff0 Uncommon trap: trap_request=0xffffff45 fr.pc=0x00007f936a04229c relative=0x0000000000003abc
Event: 36,480 Thread 0x00007f92a4000ff0 Uncommon trap: reason=unstable_if action=reinterpret pc=0x00007f936a04229c method=org.eclipse.jdt.internal.compiler.parser.Parser.consumeRule(I)V @ 1 c2
Event: 36,480 Thread 0x00007f92a4000ff0 DEOPT PACKING pc=0x00007f936a04229c sp=0x00007f934d7adb60
Event: 36,480 Thread 0x00007f92a4000ff0 DEOPT UNPACKING pc=0x00007f936978d399 sp=0x00007f934d7adb10 mode 2
Event: 36,499 Thread 0x00007f92a4000ff0 DEOPT PACKING pc=0x00007f936308346e sp=0x00007f934d7adfa0
Event: 36,499 Thread 0x00007f92a4000ff0 DEOPT UNPACKING pc=0x00007f936978db2f sp=0x00007f934d7ad4c0 mode 0
Event: 36,510 Thread 0x00007f92a4000ff0 DEOPT PACKING pc=0x00007f9362cde4df sp=0x00007f934d7ad230
Event: 36,511 Thread 0x00007f92a4000ff0 DEOPT UNPACKING pc=0x00007f936978db2f sp=0x00007f934d7ac6d8 mode 0

Classes unloaded (7 events):
Event: 6,237 Thread 0x00007f9374069210 Unloading class 0x0000000100254400 'java/lang/invoke/LambdaForm$MH+0x0000000100254400'
Event: 6,237 Thread 0x00007f9374069210 Unloading class 0x0000000100254000 'java/lang/invoke/LambdaForm$MH+0x0000000100254000'
Event: 6,237 Thread 0x00007f9374069210 Unloading class 0x0000000100253c00 'java/lang/invoke/LambdaForm$MH+0x0000000100253c00'
Event: 6,237 Thread 0x00007f9374069210 Unloading class 0x0000000100253800 'java/lang/invoke/LambdaForm$MH+0x0000000100253800'
Event: 6,237 Thread 0x00007f9374069210 Unloading class 0x0000000100253400 'java/lang/invoke/LambdaForm$BMH+0x0000000100253400'
Event: 6,237 Thread 0x00007f9374069210 Unloading class 0x0000000100253000 'java/lang/invoke/LambdaForm$DMH+0x0000000100253000'
Event: 6,237 Thread 0x00007f9374069210 Unloading class 0x0000000100250400 'java/lang/invoke/LambdaForm$DMH+0x0000000100250400'

Classes redefined (0 events):
No events

Internal exceptions (20 events):
Event: 11,684 Thread 0x00007f92c437f940 Exception <a 'java/lang/NoSuchMethodError'{0x00000000eadc5568}: 'int java.lang.invoke.DirectMethodHandle$Holder.invokeStatic(java.lang.Object)'> (0x00000000eadc5568) 
thrown [src/hotspot/share/interpreter/linkResolver.cpp, line 758]
Event: 11,706 Thread 0x00007f92c437f940 Exception <a 'java/io/FileNotFoundException'{0x00000000eb06c970}> (0x00000000eb06c970) 
thrown [src/hotspot/share/prims/jni.cpp, line 516]
Event: 11,706 Thread 0x00007f92c437f940 Exception <a 'java/io/FileNotFoundException'{0x00000000eb06d8a8}> (0x00000000eb06d8a8) 
thrown [src/hotspot/share/prims/jni.cpp, line 516]
Event: 11,707 Thread 0x00007f92c437f940 Exception <a 'java/io/FileNotFoundException'{0x00000000eb06efb8}> (0x00000000eb06efb8) 
thrown [src/hotspot/share/prims/jni.cpp, line 516]
Event: 11,707 Thread 0x00007f92c437f940 Exception <a 'java/io/FileNotFoundException'{0x00000000eb070190}> (0x00000000eb070190) 
thrown [src/hotspot/share/prims/jni.cpp, line 516]
Event: 11,707 Thread 0x00007f92c437f940 Exception <a 'java/io/FileNotFoundException'{0x00000000eb0710e8}> (0x00000000eb0710e8) 
thrown [src/hotspot/share/prims/jni.cpp, line 516]
Event: 11,867 Thread 0x00007f92c437f940 Exception <a 'java/lang/NoSuchMethodError'{0x00000000eb55ce78}: 'java.lang.Object java.lang.invoke.DirectMethodHandle$Holder.invokeVirtual(java.lang.Object, java.lang.Object, java.lang.Object)'> (0x00000000eb55ce78) 
thrown [src/hotspot/share/interpreter/linkResolver.cpp, line 758]
Event: 11,900 Thread 0x00007f92f46c6f80 Exception <a 'java/io/FileNotFoundException'{0x00000000eb64e788}> (0x00000000eb64e788) 
thrown [src/hotspot/share/prims/jni.cpp, line 516]
Event: 11,900 Thread 0x00007f92f46c6f80 Exception <a 'java/io/FileNotFoundException'{0x00000000eb64f440}> (0x00000000eb64f440) 
thrown [src/hotspot/share/prims/jni.cpp, line 516]
Event: 12,238 Thread 0x00007f92c4380840 Exception <a 'java/lang/IncompatibleClassChangeError'{0x00000000eabd0af0}: Found class java.lang.Object, but interface was expected> (0x00000000eabd0af0) 
thrown [src/hotspot/share/interpreter/linkResolver.cpp, line 826]
Event: 12,382 Thread 0x00007f92c4380840 Exception <a 'java/lang/NoSuchMethodError'{0x00000000eac98718}: 'int java.lang.invoke.DirectMethodHandle$Holder.invokeStatic(java.lang.Object, java.lang.Object, java.lang.Object, int)'> (0x00000000eac98718) 
thrown [src/hotspot/share/interpreter/linkResolver.cpp, line 758]
Event: 12,401 Thread 0x00007f92c4380840 Exception <a 'java/lang/NoSuchMethodError'{0x00000000ead59358}: 'int java.lang.invoke.DirectMethodHandle$Holder.invokeVirtual(java.lang.Object, java.lang.Object, java.lang.Object)'> (0x00000000ead59358) 
thrown [src/hotspot/share/interpreter/linkResolver.cpp, line 758]
Event: 12,405 Thread 0x00007f92c4380840 Exception <a 'java/lang/NoSuchMethodError'{0x00000000ead7d050}: 'int java.lang.invoke.DirectMethodHandle$Holder.invokeSpecialIFC(java.lang.Object, java.lang.Object, java.lang.Object)'> (0x00000000ead7d050) 
thrown [src/hotspot/share/interpreter/linkResolver.cpp, line 758]
Event: 12,708 Thread 0x00007f92c4380840 Exception <a 'java/lang/NoSuchMethodError'{0x00000000ebb06318}: 'void java.lang.invoke.DirectMethodHandle$Holder.invokeStatic(java.lang.Object, int, java.lang.Object)'> (0x00000000ebb06318) 
thrown [src/hotspot/share/interpreter/linkResolver.cpp, line 758]
Event: 12,933 Thread 0x00007f92c43c8530 Exception <a 'java/lang/NoSuchMethodError'{0x00000000ebd8c478}: 'java.lang.Object java.lang.invoke.DirectMethodHandle$Holder.invokeStatic(java.lang.Object, int, java.lang.Object, java.lang.Object, java.lang.Object, java.lang.Object)'> (0x00000000ebd8c478) 
thrown [src/hotspot/share/interpreter/linkResolver.cpp, line 758]
Event: 13,033 Thread 0x00007f92c43c8530 Exception <a 'java/lang/NoSuchMethodError'{0x00000000eb067b28}: 'void java.lang.invoke.DirectMethodHandle$Holder.invokeSpecial(java.lang.Object, java.lang.Object, int)'> (0x00000000eb067b28) 
thrown [src/hotspot/share/interpreter/linkResolver.cpp, line 758]
Event: 13,107 Thread 0x00007f92c43c8530 Exception <a 'java/lang/NoSuchMethodError'{0x00000000eb2bdd20}: 'java.lang.Object java.lang.invoke.DirectMethodHandle$Holder.invokeSpecial(java.lang.Object, java.lang.Object, long, java.lang.Object, java.lang.Object, java.lang.Object, java.lang.Object, java.lang.Object, java.lang.Object, java.lang.Object, java.lang.Object, java.lang.Object)'> (0x00000000eb2bdd20) 
thrown [src/hotspot/share/interpreter/linkResolver.cpp, line 758]
Event: 13,108 Thread 0x00007f92c43c8530 Exception <a 'java/lang/NoSuchMethodError'{0x00000000eb2c2268}: 'java.lang.Object java.lang.invoke.DelegatingMethodHandle$Holder.reinvoke_L(java.lang.Object, long, java.lang.Object, java.lang.Object, java.lang.Object, java.lang.Object, java.lang.Object, java.lang.Object, java.lang.Object, java.lang.Object, java.lang.Object)'> (0x00000000eb2c2268) 
thrown [src/hotspot/share/interpreter/linkResolver.cpp, line 758]
Event: 13,114 Thread 0x00007f92c43c8530 Exception <a 'java/lang/NoSuchMethodError'{0x00000000eb2f0948}: 'java.lang.Object java.lang.invoke.DirectMethodHandle$Holder.invokeSpecial(java.lang.Object, java.lang.Object, java.lang.Object, java.lang.Object, java.lang.Object, java.lang.Object, java.lang.Object, java.lang.Object, java.lang.Object, java.lang.Object, java.lang.Object)'> (0x00000000eb2f0948) 
thrown [src/hotspot/share/interpreter/linkResolver.cpp, line 758]
Event: 13,115 Thread 0x00007f92c43c8530 Exception <a 'java/lang/NoSuchMethodError'{0x00000000eb2f5100}: 'java.lang.Object java.lang.invoke.Invokers$Holder.linkToTargetMethod(java.lang.Object, java.lang.Object, java.lang.Object, java.lang.Object, java.lang.Object, java.lang.Object, java.lang.Object, java.lang.Object, java.lang.Object, java.lang.Object)'> (0x00000000eb2f5100) 
thrown [src/hotspot/share/interpreter/linkResolver.cpp, line 758]

VM Operations (20 events):
Event: 24,693 Executing VM operation: ParallelGCFailedAllocation
Event: 24,694 Executing VM operation: ParallelGCFailedAllocation done
Event: 24,767 Executing VM operation: ParallelGCFailedAllocation
Event: 24,768 Executing VM operation: ParallelGCFailedAllocation done
Event: 25,768 Executing VM operation: Cleanup
Event: 25,768 Executing VM operation: Cleanup done
Event: 26,220 Executing VM operation: HandshakeAllThreads
Event: 26,220 Executing VM operation: HandshakeAllThreads done
Event: 26,490 Executing VM operation: HandshakeAllThreads
Event: 26,490 Executing VM operation: HandshakeAllThreads done
Event: 27,490 Executing VM operation: Cleanup
Event: 27,490 Executing VM operation: Cleanup done
Event: 31,950 Executing VM operation: ParallelGCFailedAllocation
Event: 31,951 Executing VM operation: ParallelGCFailedAllocation done
Event: 32,026 Executing VM operation: HandshakeAllThreads
Event: 32,026 Executing VM operation: HandshakeAllThreads done
Event: 33,026 Executing VM operation: Cleanup
Event: 33,027 Executing VM operation: Cleanup done
Event: 36,502 Executing VM operation: ParallelGCFailedAllocation
Event: 36,506 Executing VM operation: ParallelGCFailedAllocation done

Events (20 events):
Event: 32,036 Thread 0x00007f937422a700 flushing nmethod 0x00007f9362f2a890
Event: 32,037 Thread 0x00007f937422a700 flushing nmethod 0x00007f9362f6ba10
Event: 32,037 Thread 0x00007f937422a700 flushing nmethod 0x00007f9362f6bf10
Event: 32,037 Thread 0x00007f937422a700 flushing nmethod 0x00007f9362f6c290
Event: 32,037 Thread 0x00007f937422a700 flushing nmethod 0x00007f9362f6d510
Event: 32,037 Thread 0x00007f937422a700 flushing nmethod 0x00007f9362f6db10
Event: 32,037 Thread 0x00007f937422a700 flushing nmethod 0x00007f9362f84010
Event: 32,037 Thread 0x00007f937422a700 flushing nmethod 0x00007f9362f84490
Event: 32,037 Thread 0x00007f937422a700 flushing nmethod 0x00007f9362f86390
Event: 32,037 Thread 0x00007f937422a700 flushing nmethod 0x00007f9362f89190
Event: 32,037 Thread 0x00007f937422a700 flushing nmethod 0x00007f9362f8b090
Event: 32,037 Thread 0x00007f937422a700 flushing nmethod 0x00007f9362f8c490
Event: 32,037 Thread 0x00007f937422a700 flushing nmethod 0x00007f9362f8d690
Event: 32,037 Thread 0x00007f937422a700 flushing nmethod 0x00007f9362f97910
Event: 32,037 Thread 0x00007f937422a700 flushing nmethod 0x00007f9362f9f310
Event: 32,037 Thread 0x00007f937422a700 flushing nmethod 0x00007f9362ff4b10
Event: 32,037 Thread 0x00007f937422a700 flushing nmethod 0x00007f9363086810
Event: 36,381 Thread 0x00007f933825d560 Thread exited: 0x00007f933825d560
Event: 36,470 Thread 0x00007f9338228fc0 Thread added: 0x00007f9338228fc0
Event: 36,471 Protecting memory [0x00007f934d4b1000,0x00007f934d4b5000] with protection modes 0


Dynamic libraries:
c0000000-c6480000 rw-p 00000000 00:00 0 
c6480000-eab00000 ---p 00000000 00:00 0 
eab00000-eb400000 rw-p 00000000 00:00 0 
eb400000-100000000 ---p 00000000 00:00 0 
100000000-100010000 rw-p 00000000 00:00 0 
100010000-100030000 rw-p 00000000 00:00 0 
100030000-1000b0000 rw-p 00000000 00:00 0 
1000b0000-1000d0000 rw-p 00000000 00:00 0 
1000d0000-100130000 rw-p 00000000 00:00 0 
100130000-100170000 rw-p 00000000 00:00 0 
100170000-1001b0000 rw-p 00000000 00:00 0 
1001b0000-1001f0000 rw-p 00000000 00:00 0 
1001f0000-1002f0000 rw-p 00000000 00:00 0 
1002f0000-1003b0000 rw-p 00000000 00:00 0 
1003b0000-1007b0000 rw-p 00000000 00:00 0 
1007b0000-1007c0000 ---p 00000000 00:00 0 
1007c0000-1007d0000 rw-p 00000000 00:00 0 
1007d0000-140000000 ---p 00000000 00:00 0 
56517b465000-56517b466000 r--p 00000000 103:03 10299493                  /home/sergio/.vscode/extensions/redhat.java-1.28.1-linux-x64/jre/17.0.10-linux-x86_64/bin/java
56517b466000-56517b467000 r-xp 00001000 103:03 10299493                  /home/sergio/.vscode/extensions/redhat.java-1.28.1-linux-x64/jre/17.0.10-linux-x86_64/bin/java
56517b467000-56517b468000 r--p 00002000 103:03 10299493                  /home/sergio/.vscode/extensions/redhat.java-1.28.1-linux-x64/jre/17.0.10-linux-x86_64/bin/java
56517b468000-56517b469000 r--p 00002000 103:03 10299493                  /home/sergio/.vscode/extensions/redhat.java-1.28.1-linux-x64/jre/17.0.10-linux-x86_64/bin/java
56517b469000-56517b46a000 rw-p 00003000 103:03 10299493                  /home/sergio/.vscode/extensions/redhat.java-1.28.1-linux-x64/jre/17.0.10-linux-x86_64/bin/java
56517c5bd000-56517c605000 rw-p 00000000 00:00 0                          [heap]
7f929c000000-7f929c021000 rw-p 00000000 00:00 0 
7f929c021000-7f92a0000000 ---p 00000000 00:00 0 
7f92a0000000-7f92a04a4000 rw-p 00000000 00:00 0 
7f92a04a4000-7f92a4000000 ---p 00000000 00:00 0 
7f92a4000000-7f92a416a000 rw-p 00000000 00:00 0 
7f92a416a000-7f92a8000000 ---p 00000000 00:00 0 
7f92a8000000-7f92a806a000 rw-p 00000000 00:00 0 
7f92a806a000-7f92ac000000 ---p 00000000 00:00 0 
7f92ac000000-7f92ac021000 rw-p 00000000 00:00 0 
7f92ac021000-7f92b0000000 ---p 00000000 00:00 0 
7f92b0000000-7f92b0021000 rw-p 00000000 00:00 0 
7f92b0021000-7f92b4000000 ---p 00000000 00:00 0 
7f92b4000000-7f92b4021000 rw-p 00000000 00:00 0 
7f92b4021000-7f92b8000000 ---p 00000000 00:00 0 
7f92bb600000-7f92c3e22000 r--s 00000000 103:03 8011117                   /usr/lib/jvm/java-11-openjdk-amd64/lib/modules
7f92c4000000-7f92c43df000 rw-p 00000000 00:00 0 
7f92c43df000-7f92c8000000 ---p 00000000 00:00 0 
7f92c8000000-7f92c815d000 rw-p 00000000 00:00 0 
7f92c815d000-7f92cc000000 ---p 00000000 00:00 0 
7f92cc000000-7f92cc021000 rw-p 00000000 00:00 0 
7f92cc021000-7f92d0000000 ---p 00000000 00:00 0 
7f92d0000000-7f92d0021000 rw-p 00000000 00:00 0 
7f92d0021000-7f92d4000000 ---p 00000000 00:00 0 
7f92d4000000-7f92d40e1000 rw-p 00000000 00:00 0 
7f92d40e1000-7f92d8000000 ---p 00000000 00:00 0 
7f92d8000000-7f92d804c000 rw-p 00000000 00:00 0 
7f92d804c000-7f92dc000000 ---p 00000000 00:00 0 
7f92dc000000-7f92dc554000 rw-p 00000000 00:00 0 
7f92dc554000-7f92e0000000 ---p 00000000 00:00 0 
7f92e0000000-7f92e0021000 rw-p 00000000 00:00 0 
7f92e0021000-7f92e4000000 ---p 00000000 00:00 0 
7f92e4000000-7f92e40d4000 rw-p 00000000 00:00 0 
7f92e40d4000-7f92e8000000 ---p 00000000 00:00 0 
7f92e8000000-7f92e814a000 rw-p 00000000 00:00 0 
7f92e814a000-7f92ec000000 ---p 00000000 00:00 0 
7f92ec000000-7f92ec021000 rw-p 00000000 00:00 0 
7f92ec021000-7f92f0000000 ---p 00000000 00:00 0 
7f92f0000000-7f92f0021000 rw-p 00000000 00:00 0 
7f92f0021000-7f92f4000000 ---p 00000000 00:00 0 
7f92f4000000-7f92f4b20000 rw-p 00000000 00:00 0 
7f92f4b20000-7f92f8000000 ---p 00000000 00:00 0 
7f92f8000000-7f92f8021000 rw-p 00000000 00:00 0 
7f92f8021000-7f92fc000000 ---p 00000000 00:00 0 
7f92fc000000-7f92fc021000 rw-p 00000000 00:00 0 
7f92fc021000-7f9300000000 ---p 00000000 00:00 0 
7f9300000000-7f9300021000 rw-p 00000000 00:00 0 
7f9300021000-7f9304000000 ---p 00000000 00:00 0 
7f9304000000-7f9304021000 rw-p 00000000 00:00 0 
7f9304021000-7f9308000000 ---p 00000000 00:00 0 
7f9308000000-7f9308021000 rw-p 00000000 00:00 0 
7f9308021000-7f930c000000 ---p 00000000 00:00 0 
7f930c000000-7f930c021000 rw-p 00000000 00:00 0 
7f930c021000-7f9310000000 ---p 00000000 00:00 0 
7f9310000000-7f9310021000 rw-p 00000000 00:00 0 
7f9310021000-7f9314000000 ---p 00000000 00:00 0 
7f9314000000-7f9314021000 rw-p 00000000 00:00 0 
7f9314021000-7f9318000000 ---p 00000000 00:00 0 
7f9318000000-7f9318021000 rw-p 00000000 00:00 0 
7f9318021000-7f931c000000 ---p 00000000 00:00 0 
7f931c000000-7f931c021000 rw-p 00000000 00:00 0 
7f931c021000-7f9320000000 ---p 00000000 00:00 0 
7f9320000000-7f9320021000 rw-p 00000000 00:00 0 
7f9320021000-7f9324000000 ---p 00000000 00:00 0 
7f9324000000-7f9324587000 rw-p 00000000 00:00 0 
7f9324587000-7f9328000000 ---p 00000000 00:00 0 
7f9328000000-7f9328021000 rw-p 00000000 00:00 0 
7f9328021000-7f932c000000 ---p 00000000 00:00 0 
7f932c000000-7f932c021000 rw-p 00000000 00:00 0 
7f932c021000-7f9330000000 ---p 00000000 00:00 0 
7f9330000000-7f9330021000 rw-p 00000000 00:00 0 
7f9330021000-7f9334000000 ---p 00000000 00:00 0 
7f9334000000-7f9336012000 rw-p 00000000 00:00 0 
7f9336012000-7f9338000000 ---p 00000000 00:00 0 
7f9338000000-7f93395c3000 rw-p 00000000 00:00 0 
7f93395c3000-7f933c000000 ---p 00000000 00:00 0 
7f933c000000-7f933c021000 rw-p 00000000 00:00 0 
7f933c021000-7f9340000000 ---p 00000000 00:00 0 
7f9340000000-7f9340021000 rw-p 00000000 00:00 0 
7f9340021000-7f9344000000 ---p 00000000 00:00 0 
7f9344000000-7f9344021000 rw-p 00000000 00:00 0 
7f9344021000-7f9348000000 ---p 00000000 00:00 0 
7f9348000000-7f9348021000 rw-p 00000000 00:00 0 
7f9348021000-7f934c000000 ---p 00000000 00:00 0 
7f934d4b1000-7f934d4b5000 ---p 00000000 00:00 0 
7f934d4b5000-7f934d5b1000 rw-p 00000000 00:00 0 
7f934d5b1000-7f934d5b5000 ---p 00000000 00:00 0 
7f934d5b5000-7f934d6b1000 rw-p 00000000 00:00 0 
7f934d6b1000-7f934d6b5000 ---p 00000000 00:00 0 
7f934d6b5000-7f934d7b1000 rw-p 00000000 00:00 0 
7f934d7b1000-7f934d7b5000 ---p 00000000 00:00 0 
7f934d7b5000-7f934d8b1000 rw-p 00000000 00:00 0 
7f934d8b1000-7f934d8b5000 ---p 00000000 00:00 0 
7f934d8b5000-7f934d9b1000 rw-p 00000000 00:00 0 
7f934d9b1000-7f934d9b5000 ---p 00000000 00:00 0 
7f934d9b5000-7f934dab1000 rw-p 00000000 00:00 0 
7f934dab1000-7f934dab5000 ---p 00000000 00:00 0 
7f934dab5000-7f934dbb1000 rw-p 00000000 00:00 0 
7f934dbb1000-7f934dbb5000 ---p 00000000 00:00 0 
7f934dbb5000-7f934dcb1000 rw-p 00000000 00:00 0 
7f934dcb1000-7f934dcb5000 ---p 00000000 00:00 0 
7f934dcb5000-7f934ddb1000 rw-p 00000000 00:00 0 
7f934ddb1000-7f934ddb5000 ---p 00000000 00:00 0 
7f934ddb5000-7f934deb1000 rw-p 00000000 00:00 0 
7f934deb1000-7f934deb5000 ---p 00000000 00:00 0 
7f934deb5000-7f934dfb1000 rw-p 00000000 00:00 0 
7f934e000000-7f934e004000 ---p 00000000 00:00 0 
7f934e004000-7f934e100000 rw-p 00000000 00:00 0 
7f934e100000-7f934e104000 ---p 00000000 00:00 0 
7f934e104000-7f934e200000 rw-p 00000000 00:00 0 
7f934e200000-7f934e204000 ---p 00000000 00:00 0 
7f934e204000-7f934e300000 rw-p 00000000 00:00 0 
7f934e300000-7f934e304000 ---p 00000000 00:00 0 
7f934e304000-7f934e400000 rw-p 00000000 00:00 0 
7f934e400000-7f934e404000 ---p 00000000 00:00 0 
7f934e404000-7f934e500000 rw-p 00000000 00:00 0 
7f934e500000-7f934e504000 ---p 00000000 00:00 0 
7f934e504000-7f934e600000 rw-p 00000000 00:00 0 
7f934e600000-7f934e604000 ---p 00000000 00:00 0 
7f934e604000-7f934e700000 rw-p 00000000 00:00 0 
7f934e700000-7f934e704000 ---p 00000000 00:00 0 
7f934e704000-7f934e800000 rw-p 00000000 00:00 0 
7f934e800000-7f934e810000 r-xp 00000000 103:03 10300119                  /home/sergio/.config/Code/User/globalStorage/redhat.java/1.28.1/config_linux/org.eclipse.equinox.launcher/org.eclipse.equinox.launcher.gtk.linux.x86_64_1.2.900.v20240129-1338/eclipse_11900.so
7f934e810000-7f934ea10000 ---p 00010000 103:03 10300119                  /home/sergio/.config/Code/User/globalStorage/redhat.java/1.28.1/config_linux/org.eclipse.equinox.launcher/org.eclipse.equinox.launcher.gtk.linux.x86_64_1.2.900.v20240129-1338/eclipse_11900.so
7f934ea10000-7f934ea11000 r--p 00010000 103:03 10300119                  /home/sergio/.config/Code/User/globalStorage/redhat.java/1.28.1/config_linux/org.eclipse.equinox.launcher/org.eclipse.equinox.launcher.gtk.linux.x86_64_1.2.900.v20240129-1338/eclipse_11900.so
7f934ea11000-7f934ea12000 rw-p 00011000 103:03 10300119                  /home/sergio/.config/Code/User/globalStorage/redhat.java/1.28.1/config_linux/org.eclipse.equinox.launcher/org.eclipse.equinox.launcher.gtk.linux.x86_64_1.2.900.v20240129-1338/eclipse_11900.so
7f934ea12000-7f934ea13000 rw-p 00000000 00:00 0 
7f934ea80000-7f934ea81000 ---p 00000000 00:00 0 
7f934ea81000-7f934eb81000 rw-p 00000000 00:00 0 
7f934eb81000-7f934eb85000 ---p 00000000 00:00 0 
7f934eb85000-7f934ec81000 rw-p 00000000 00:00 0 
7f934ec81000-7f934ec85000 ---p 00000000 00:00 0 
7f934ec85000-7f934ed81000 rw-p 00000000 00:00 0 
7f934ed81000-7f934ed85000 ---p 00000000 00:00 0 
7f934ed85000-7f934ee81000 rw-p 00000000 00:00 0 
7f934ee81000-7f934ee82000 ---p 00000000 00:00 0 
7f934ee82000-7f934ef82000 rw-p 00000000 00:00 0 
7f934ef82000-7f934ef83000 ---p 00000000 00:00 0 
7f934ef83000-7f934f083000 rw-p 00000000 00:00 0 
7f934f083000-7f934f084000 ---p 00000000 00:00 0 
7f934f084000-7f934f184000 rw-p 00000000 00:00 0 
7f934f184000-7f934f185000 ---p 00000000 00:00 0 
7f934f185000-7f934f285000 rw-p 00000000 00:00 0 
7f934f285000-7f934f286000 ---p 00000000 00:00 0 
7f934f286000-7f934f386000 rw-p 00000000 00:00 0 
7f934f386000-7f934f387000 ---p 00000000 00:00 0 
7f934f387000-7f934f487000 rw-p 00000000 00:00 0 
7f934f487000-7f934f488000 ---p 00000000 00:00 0 
7f934f488000-7f934f588000 rw-p 00000000 00:00 0 
7f934f588000-7f934f58c000 ---p 00000000 00:00 0 
7f934f58c000-7f934f688000 rw-p 00000000 00:00 0 
7f934f688000-7f934f68c000 ---p 00000000 00:00 0 
7f934f68c000-7f934f788000 rw-p 00000000 00:00 0 
7f934f788000-7f934f78c000 ---p 00000000 00:00 0 
7f934f78c000-7f934f888000 rw-p 00000000 00:00 0 
7f934f888000-7f934f88c000 ---p 00000000 00:00 0 
7f934f88c000-7f934f988000 rw-p 00000000 00:00 0 
7f934f988000-7f934f98c000 ---p 00000000 00:00 0 
7f934f98c000-7f934fa88000 rw-p 00000000 00:00 0 
7f934fa88000-7f934fa8c000 ---p 00000000 00:00 0 
7f934fa8c000-7f934fb88000 rw-p 00000000 00:00 0 
7f934fb88000-7f934fb8c000 ---p 00000000 00:00 0 
7f934fb8c000-7f934fc88000 rw-p 00000000 00:00 0 
7f934fc88000-7f934fc8c000 ---p 00000000 00:00 0 
7f934fc8c000-7f934fd88000 rw-p 00000000 00:00 0 
7f934fd88000-7f9350000000 r--p 00000000 07:02 186                        /snap/code/152/usr/lib/locale/aa_DJ.utf8/LC_COLLATE
7f9350000000-7f9350021000 rw-p 00000000 00:00 0 
7f9350021000-7f9354000000 ---p 00000000 00:00 0 
7f9354000000-7f9354021000 rw-p 00000000 00:00 0 
7f9354021000-7f9358000000 ---p 00000000 00:00 0 
7f9358000000-7f93583f0000 rw-p 00000000 00:00 0 
7f93583f0000-7f9358450000 rw-p 00000000 00:00 0 
7f9358450000-7f9358470000 rw-p 00000000 00:00 0 
7f9358470000-7f93584f0000 rw-p 00000000 00:00 0 
7f93584f0000-7f93587f0000 rw-p 00000000 00:00 0 
7f93587f0000-7f93588f0000 rw-p 00000000 00:00 0 
7f93588f0000-7f9358b70000 rw-p 00000000 00:00 0 
7f9358b70000-7f9358bf0000 rw-p 00000000 00:00 0 
7f9358bf0000-7f9358cf0000 rw-p 00000000 00:00 0 
7f9358cf0000-7f9358df0000 rw-p 00000000 00:00 0 
7f9358df0000-7f9358ef0000 rw-p 00000000 00:00 0 
7f9358ef0000-7f9358ff0000 rw-p 00000000 00:00 0 
7f9358ff0000-7f93591b0000 rw-p 00000000 00:00 0 
7f93591b0000-7f93591f0000 rw-p 00000000 00:00 0 
7f93591f0000-7f9359370000 rw-p 00000000 00:00 0 
7f9359370000-7f93593f0000 rw-p 00000000 00:00 0 
7f93593f0000-7f93596f0000 rw-p 00000000 00:00 0 
7f93596f0000-7f93597f0000 rw-p 00000000 00:00 0 
7f93597f0000-7f9359ef0000 rw-p 00000000 00:00 0 
7f9359ef0000-7f9359ff0000 rw-p 00000000 00:00 0 
7f9359ff0000-7f935a2f0000 rw-p 00000000 00:00 0 
7f935a2f0000-7f935a3f0000 rw-p 00000000 00:00 0 
7f935a3f0000-7f935ad70000 rw-p 00000000 00:00 0 
7f935ad70000-7f935adf0000 rw-p 00000000 00:00 0 
7f935adf0000-7f935bb70000 rw-p 00000000 00:00 0 
7f935bb70000-7f935bbc0000 rw-p 00000000 00:00 0 
7f935bbc0000-7f935bc00000 ---p 00000000 00:00 0 
7f935bc00000-7f935bcf0000 rw-p 00000000 00:00 0 
7f935bcf0000-7f935c000000 ---p 00000000 00:00 0 
7f935c000000-7f935c021000 rw-p 00000000 00:00 0 
7f935c021000-7f9360000000 ---p 00000000 00:00 0 
7f9360000000-7f9360004000 ---p 00000000 00:00 0 
7f9360004000-7f9360100000 rw-p 00000000 00:00 0 
7f9360100000-7f9360104000 ---p 00000000 00:00 0 
7f9360104000-7f9362200000 rw-p 00000000 00:00 0 
7f9362200000-7f93630c0000 rwxp 00000000 00:00 0 
7f93630c0000-7f9369737000 ---p 00000000 00:00 0 
7f9369737000-7f93699a7000 rwxp 00000000 00:00 0 
7f93699a7000-7f9369cc9000 ---p 00000000 00:00 0 
7f9369cc9000-7f936a079000 rwxp 00000000 00:00 0 
7f936a079000-7f9371200000 ---p 00000000 00:00 0 
7f9371200000-7f9373e27000 r--s 00000000 103:03 10299859                  /home/sergio/.vscode/extensions/redhat.java-1.28.1-linux-x64/jre/17.0.10-linux-x86_64/lib/modules
7f9373ece000-7f9373ed2000 ---p 00000000 00:00 0 
7f9373ed2000-7f9373ef0000 rw-p 00000000 00:00 0 
7f9373ef0000-7f9373ef4000 r--p 00000000 103:03 10299856                  /home/sergio/.vscode/extensions/redhat.java-1.28.1-linux-x64/jre/17.0.10-linux-x86_64/lib/libverify.so
7f9373ef4000-7f9373efb000 r-xp 00004000 103:03 10299856                  /home/sergio/.vscode/extensions/redhat.java-1.28.1-linux-x64/jre/17.0.10-linux-x86_64/lib/libverify.so
7f9373efb000-7f9373efd000 r--p 0000b000 103:03 10299856                  /home/sergio/.vscode/extensions/redhat.java-1.28.1-linux-x64/jre/17.0.10-linux-x86_64/lib/libverify.so
7f9373efd000-7f9373eff000 r--p 0000c000 103:03 10299856                  /home/sergio/.vscode/extensions/redhat.java-1.28.1-linux-x64/jre/17.0.10-linux-x86_64/lib/libverify.so
7f9373eff000-7f9373f00000 rw-p 0000e000 103:03 10299856                  /home/sergio/.vscode/extensions/redhat.java-1.28.1-linux-x64/jre/17.0.10-linux-x86_64/lib/libverify.so
7f9373f00000-7f9373f04000 ---p 00000000 00:00 0 
7f9373f04000-7f9374000000 rw-p 00000000 00:00 0 
7f9374000000-7f9374770000 rw-p 00000000 00:00 0 
7f9374770000-7f9378000000 ---p 00000000 00:00 0 
7f9378006000-7f937800a000 r--p 00000000 103:03 10299845                  /home/sergio/.vscode/extensions/redhat.java-1.28.1-linux-x64/jre/17.0.10-linux-x86_64/lib/libnet.so
7f937800a000-7f9378018000 r-xp 00004000 103:03 10299845                  /home/sergio/.vscode/extensions/redhat.java-1.28.1-linux-x64/jre/17.0.10-linux-x86_64/lib/libnet.so
7f9378018000-7f937801c000 r--p 00012000 103:03 10299845                  /home/sergio/.vscode/extensions/redhat.java-1.28.1-linux-x64/jre/17.0.10-linux-x86_64/lib/libnet.so
7f937801c000-7f937801d000 r--p 00015000 103:03 10299845                  /home/sergio/.vscode/extensions/redhat.java-1.28.1-linux-x64/jre/17.0.10-linux-x86_64/lib/libnet.so
7f937801d000-7f937801e000 rw-p 00016000 103:03 10299845                  /home/sergio/.vscode/extensions/redhat.java-1.28.1-linux-x64/jre/17.0.10-linux-x86_64/lib/libnet.so
7f937801e000-7f9378025000 r--p 00000000 103:03 10299850                  /home/sergio/.vscode/extensions/redhat.java-1.28.1-linux-x64/jre/17.0.10-linux-x86_64/lib/libnio.so
7f9378025000-7f937802e000 r-xp 00007000 103:03 10299850                  /home/sergio/.vscode/extensions/redhat.java-1.28.1-linux-x64/jre/17.0.10-linux-x86_64/lib/libnio.so
7f937802e000-7f9378032000 r--p 00010000 103:03 10299850                  /home/sergio/.vscode/extensions/redhat.java-1.28.1-linux-x64/jre/17.0.10-linux-x86_64/lib/libnio.so
7f9378032000-7f9378033000 ---p 00014000 103:03 10299850                  /home/sergio/.vscode/extensions/redhat.java-1.28.1-linux-x64/jre/17.0.10-linux-x86_64/lib/libnio.so
7f9378033000-7f9378034000 r--p 00014000 103:03 10299850                  /home/sergio/.vscode/extensions/redhat.java-1.28.1-linux-x64/jre/17.0.10-linux-x86_64/lib/libnio.so
7f9378034000-7f9378035000 rw-p 00015000 103:03 10299850                  /home/sergio/.vscode/extensions/redhat.java-1.28.1-linux-x64/jre/17.0.10-linux-x86_64/lib/libnio.so
7f9378035000-7f9378036000 ---p 00000000 00:00 0 
7f9378036000-7f9379f05000 rw-p 00000000 00:00 0 
7f9379f05000-7f937a028000 ---p 00000000 00:00 0 
7f937a028000-7f937a029000 ---p 00000000 00:00 0 
7f937a029000-7f937a15c000 rw-p 00000000 00:00 0 
7f937a15c000-7f937a27e000 ---p 00000000 00:00 0 
7f937a27e000-7f937a283000 rw-p 00000000 00:00 0 
7f937a283000-7f937a329000 ---p 00000000 00:00 0 
7f937a329000-7f937a332000 rw-p 00000000 00:00 0 
7f937a332000-7f937a415000 ---p 00000000 00:00 0 
7f937a415000-7f937a433000 rw-p 00000000 00:00 0 
7f937a433000-7f937a500000 ---p 00000000 00:00 0 
7f937a500000-7f937a504000 ---p 00000000 00:00 0 
7f937a504000-7f937a600000 rw-p 00000000 00:00 0 
7f937a600000-7f937a853000 r--p 00000000 103:03 10299869                  /home/sergio/.vscode/extensions/redhat.java-1.28.1-linux-x64/jre/17.0.10-linux-x86_64/lib/server/libjvm.so
7f937a853000-7f937b572000 r-xp 00253000 103:03 10299869                  /home/sergio/.vscode/extensions/redhat.java-1.28.1-linux-x64/jre/17.0.10-linux-x86_64/lib/server/libjvm.so
7f937b572000-7f937b7fe000 r--p 00f72000 103:03 10299869                  /home/sergio/.vscode/extensions/redhat.java-1.28.1-linux-x64/jre/17.0.10-linux-x86_64/lib/server/libjvm.so
7f937b7fe000-7f937b7ff000 ---p 011fe000 103:03 10299869                  /home/sergio/.vscode/extensions/redhat.java-1.28.1-linux-x64/jre/17.0.10-linux-x86_64/lib/server/libjvm.so
7f937b7ff000-7f937b8b8000 r--p 011fe000 103:03 10299869                  /home/sergio/.vscode/extensions/redhat.java-1.28.1-linux-x64/jre/17.0.10-linux-x86_64/lib/server/libjvm.so
7f937b8b8000-7f937b8ed000 rw-p 012b7000 103:03 10299869                  /home/sergio/.vscode/extensions/redhat.java-1.28.1-linux-x64/jre/17.0.10-linux-x86_64/lib/server/libjvm.so
7f937b8ed000-7f937b947000 rw-p 00000000 00:00 0 
7f937b949000-7f937b99d000 r--p 00000000 07:02 187                        /snap/code/152/usr/lib/locale/aa_DJ.utf8/LC_CTYPE
7f937b99d000-7f937b99e000 r--p 00000000 07:02 278                        /snap/code/152/usr/lib/locale/agr_PE/LC_NUMERIC
7f937b99e000-7f937b9a5000 r--s 00000000 103:03 8021321                   /usr/lib/x86_64-linux-gnu/gconv/gconv-modules.cache
7f937b9a5000-7f937ba00000 rw-p 00000000 00:00 0 
7f937ba00000-7f937ba28000 r--p 00000000 103:03 7997546                   /usr/lib/x86_64-linux-gnu/libc.so.6
7f937ba28000-7f937bbbd000 r-xp 00028000 103:03 7997546                   /usr/lib/x86_64-linux-gnu/libc.so.6
7f937bbbd000-7f937bc15000 r--p 001bd000 103:03 7997546                   /usr/lib/x86_64-linux-gnu/libc.so.6
7f937bc15000-7f937bc19000 r--p 00214000 103:03 7997546                   /usr/lib/x86_64-linux-gnu/libc.so.6
7f937bc19000-7f937bc1b000 rw-p 00218000 103:03 7997546                   /usr/lib/x86_64-linux-gnu/libc.so.6
7f937bc1b000-7f937bc28000 rw-p 00000000 00:00 0 
7f937bc28000-7f937bc29000 r--p 00000000 07:02 2717                       /snap/code/152/usr/lib/locale/es_ES.utf8/LC_TIME
7f937bc29000-7f937bc2a000 r--p 00000000 07:02 332                        /snap/code/152/usr/lib/locale/an_ES.utf8/LC_MONETARY
7f937bc2a000-7f937bc2b000 r--p 00000000 07:02 1955                       /snap/code/152/usr/lib/locale/en_AG/LC_MESSAGES/SYS_LC_MESSAGES
7f937bc2b000-7f937bc2c000 r--p 00000000 07:02 195                        /snap/code/152/usr/lib/locale/aa_DJ.utf8/LC_PAPER
7f937bc2c000-7f937bc2e000 r--p 00000000 103:03 10299857                  /home/sergio/.vscode/extensions/redhat.java-1.28.1-linux-x64/jre/17.0.10-linux-x86_64/lib/libzip.so
7f937bc2e000-7f937bc40000 r-xp 00002000 103:03 10299857                  /home/sergio/.vscode/extensions/redhat.java-1.28.1-linux-x64/jre/17.0.10-linux-x86_64/lib/libzip.so
7f937bc40000-7f937bc48000 r--p 00014000 103:03 10299857                  /home/sergio/.vscode/extensions/redhat.java-1.28.1-linux-x64/jre/17.0.10-linux-x86_64/lib/libzip.so
7f937bc48000-7f937bc49000 r--p 0001b000 103:03 10299857                  /home/sergio/.vscode/extensions/redhat.java-1.28.1-linux-x64/jre/17.0.10-linux-x86_64/lib/libzip.so
7f937bc49000-7f937bc4a000 rw-p 0001c000 103:03 10299857                  /home/sergio/.vscode/extensions/redhat.java-1.28.1-linux-x64/jre/17.0.10-linux-x86_64/lib/libzip.so
7f937bc4a000-7f937bca4000 rw-p 00000000 00:00 0 
7f937bca4000-7f937bcab000 ---p 00000000 00:00 0 
7f937bcab000-7f937bcb3000 rw-s 00000000 103:03 9961494                   /tmp/hsperfdata_sergio/9968
7f937bcb3000-7f937bcc1000 r--p 00000000 103:03 10299821                  /home/sergio/.vscode/extensions/redhat.java-1.28.1-linux-x64/jre/17.0.10-linux-x86_64/lib/libjava.so
7f937bcc1000-7f937bcd3000 r-xp 0000e000 103:03 10299821                  /home/sergio/.vscode/extensions/redhat.java-1.28.1-linux-x64/jre/17.0.10-linux-x86_64/lib/libjava.so
7f937bcd3000-7f937bcd9000 r--p 00020000 103:03 10299821                  /home/sergio/.vscode/extensions/redhat.java-1.28.1-linux-x64/jre/17.0.10-linux-x86_64/lib/libjava.so
7f937bcd9000-7f937bcda000 ---p 00026000 103:03 10299821                  /home/sergio/.vscode/extensions/redhat.java-1.28.1-linux-x64/jre/17.0.10-linux-x86_64/lib/libjava.so
7f937bcda000-7f937bcdb000 r--p 00026000 103:03 10299821                  /home/sergio/.vscode/extensions/redhat.java-1.28.1-linux-x64/jre/17.0.10-linux-x86_64/lib/libjava.so
7f937bcdb000-7f937bcdc000 rw-p 00027000 103:03 10299821                  /home/sergio/.vscode/extensions/redhat.java-1.28.1-linux-x64/jre/17.0.10-linux-x86_64/lib/libjava.so
7f937bcdc000-7f937bcdd000 rw-p 00000000 00:00 0 
7f937bcdd000-7f937bce1000 r--p 00000000 103:03 10299827                  /home/sergio/.vscode/extensions/redhat.java-1.28.1-linux-x64/jre/17.0.10-linux-x86_64/lib/libjimage.so
7f937bce1000-7f937bcf4000 r-xp 00004000 103:03 10299827                  /home/sergio/.vscode/extensions/redhat.java-1.28.1-linux-x64/jre/17.0.10-linux-x86_64/lib/libjimage.so
7f937bcf4000-7f937bcfa000 r--p 00017000 103:03 10299827                  /home/sergio/.vscode/extensions/redhat.java-1.28.1-linux-x64/jre/17.0.10-linux-x86_64/lib/libjimage.so
7f937bcfa000-7f937bcfc000 r--p 0001c000 103:03 10299827                  /home/sergio/.vscode/extensions/redhat.java-1.28.1-linux-x64/jre/17.0.10-linux-x86_64/lib/libjimage.so
7f937bcfc000-7f937bcfd000 rw-p 0001e000 103:03 10299827                  /home/sergio/.vscode/extensions/redhat.java-1.28.1-linux-x64/jre/17.0.10-linux-x86_64/lib/libjimage.so
7f937bcfd000-7f937bd0b000 r--p 00000000 103:03 7997556                   /usr/lib/x86_64-linux-gnu/libm.so.6
7f937bd0b000-7f937bd87000 r-xp 0000e000 103:03 7997556                   /usr/lib/x86_64-linux-gnu/libm.so.6
7f937bd87000-7f937bde2000 r--p 0008a000 103:03 7997556                   /usr/lib/x86_64-linux-gnu/libm.so.6
7f937bde2000-7f937bde3000 r--p 000e4000 103:03 7997556                   /usr/lib/x86_64-linux-gnu/libm.so.6
7f937bde3000-7f937bde4000 rw-p 000e5000 103:03 7997556                   /usr/lib/x86_64-linux-gnu/libm.so.6
7f937bde4000-7f937bde5000 r--p 00000000 103:03 7997589                   /usr/lib/x86_64-linux-gnu/librt.so.1
7f937bde5000-7f937bde6000 r-xp 00001000 103:03 7997589                   /usr/lib/x86_64-linux-gnu/librt.so.1
7f937bde6000-7f937bde7000 r--p 00002000 103:03 7997589                   /usr/lib/x86_64-linux-gnu/librt.so.1
7f937bde7000-7f937bde8000 r--p 00002000 103:03 7997589                   /usr/lib/x86_64-linux-gnu/librt.so.1
7f937bde8000-7f937bde9000 rw-p 00003000 103:03 7997589                   /usr/lib/x86_64-linux-gnu/librt.so.1
7f937bde9000-7f937bdeb000 rw-p 00000000 00:00 0 
7f937bdeb000-7f937bdec000 r--p 00000000 103:03 7997553                   /usr/lib/x86_64-linux-gnu/libdl.so.2
7f937bdec000-7f937bded000 r-xp 00001000 103:03 7997553                   /usr/lib/x86_64-linux-gnu/libdl.so.2
7f937bded000-7f937bdee000 r--p 00002000 103:03 7997553                   /usr/lib/x86_64-linux-gnu/libdl.so.2
7f937bdee000-7f937bdef000 r--p 00002000 103:03 7997553                   /usr/lib/x86_64-linux-gnu/libdl.so.2
7f937bdef000-7f937bdf0000 rw-p 00003000 103:03 7997553                   /usr/lib/x86_64-linux-gnu/libdl.so.2
7f937bdf0000-7f937bdf1000 r--p 00000000 103:03 7997579                   /usr/lib/x86_64-linux-gnu/libpthread.so.0
7f937bdf1000-7f937bdf2000 r-xp 00001000 103:03 7997579                   /usr/lib/x86_64-linux-gnu/libpthread.so.0
7f937bdf2000-7f937bdf3000 r--p 00002000 103:03 7997579                   /usr/lib/x86_64-linux-gnu/libpthread.so.0
7f937bdf3000-7f937bdf4000 r--p 00002000 103:03 7997579                   /usr/lib/x86_64-linux-gnu/libpthread.so.0
7f937bdf4000-7f937bdf5000 rw-p 00003000 103:03 7997579                   /usr/lib/x86_64-linux-gnu/libpthread.so.0
7f937bdf5000-7f937bdf6000 r--p 00000000 07:02 277                        /snap/code/152/usr/lib/locale/agr_PE/LC_NAME
7f937bdf6000-7f937bdf7000 r--p 00000000 07:02 2705                       /snap/code/152/usr/lib/locale/es_ES.utf8/LC_ADDRESS
7f937bdf7000-7f937bdf8000 r--p 00000000 07:02 336                        /snap/code/152/usr/lib/locale/an_ES.utf8/LC_TELEPHONE
7f937bdf8000-7f937bdf9000 r--p 00000000 07:02 189                        /snap/code/152/usr/lib/locale/aa_DJ.utf8/LC_MEASUREMENT
7f937bdf9000-7f937bdfa000 r--p 00000000 07:02 2708                       /snap/code/152/usr/lib/locale/es_ES.utf8/LC_IDENTIFICATION
7f937bdfa000-7f937bdfc000 r--p 00000000 103:03 10299815                  /home/sergio/.vscode/extensions/redhat.java-1.28.1-linux-x64/jre/17.0.10-linux-x86_64/lib/libinstrument.so
7f937bdfc000-7f937be02000 r-xp 00002000 103:03 10299815                  /home/sergio/.vscode/extensions/redhat.java-1.28.1-linux-x64/jre/17.0.10-linux-x86_64/lib/libinstrument.so
7f937be02000-7f937be05000 r--p 00008000 103:03 10299815                  /home/sergio/.vscode/extensions/redhat.java-1.28.1-linux-x64/jre/17.0.10-linux-x86_64/lib/libinstrument.so
7f937be05000-7f937be06000 r--p 0000a000 103:03 10299815                  /home/sergio/.vscode/extensions/redhat.java-1.28.1-linux-x64/jre/17.0.10-linux-x86_64/lib/libinstrument.so
7f937be06000-7f937be07000 rw-p 0000b000 103:03 10299815                  /home/sergio/.vscode/extensions/redhat.java-1.28.1-linux-x64/jre/17.0.10-linux-x86_64/lib/libinstrument.so
7f937be07000-7f937be08000 ---p 00000000 00:00 0 
7f937be08000-7f937be09000 r--p 00000000 00:00 0 
7f937be09000-7f937be0c000 r--p 00000000 103:03 10299828                  /home/sergio/.vscode/extensions/redhat.java-1.28.1-linux-x64/jre/17.0.10-linux-x86_64/lib/libjli.so
7f937be0c000-7f937be1c000 r-xp 00003000 103:03 10299828                  /home/sergio/.vscode/extensions/redhat.java-1.28.1-linux-x64/jre/17.0.10-linux-x86_64/lib/libjli.so
7f937be1c000-7f937be23000 r--p 00013000 103:03 10299828                  /home/sergio/.vscode/extensions/redhat.java-1.28.1-linux-x64/jre/17.0.10-linux-x86_64/lib/libjli.so
7f937be23000-7f937be24000 r--p 00019000 103:03 10299828                  /home/sergio/.vscode/extensions/redhat.java-1.28.1-linux-x64/jre/17.0.10-linux-x86_64/lib/libjli.so
7f937be24000-7f937be25000 rw-p 0001a000 103:03 10299828                  /home/sergio/.vscode/extensions/redhat.java-1.28.1-linux-x64/jre/17.0.10-linux-x86_64/lib/libjli.so
7f937be25000-7f937be27000 rw-p 00000000 00:00 0 
7f937be27000-7f937be29000 r--p 00000000 103:03 7995466                   /usr/lib/x86_64-linux-gnu/ld-linux-x86-64.so.2
7f937be29000-7f937be53000 r-xp 00002000 103:03 7995466                   /usr/lib/x86_64-linux-gnu/ld-linux-x86-64.so.2
7f937be53000-7f937be5e000 r--p 0002c000 103:03 7995466                   /usr/lib/x86_64-linux-gnu/ld-linux-x86-64.so.2
7f937be5e000-7f937be5f000 ---p 00000000 00:00 0 
7f937be5f000-7f937be61000 r--p 00037000 103:03 7995466                   /usr/lib/x86_64-linux-gnu/ld-linux-x86-64.so.2
7f937be61000-7f937be63000 rw-p 00039000 103:03 7995466                   /usr/lib/x86_64-linux-gnu/ld-linux-x86-64.so.2
7ffd9e8dd000-7ffd9e8ff000 rw-p 00000000 00:00 0                          [stack]
7ffd9e9bc000-7ffd9e9c0000 r--p 00000000 00:00 0                          [vvar]
7ffd9e9c0000-7ffd9e9c2000 r-xp 00000000 00:00 0                          [vdso]
ffffffffff600000-ffffffffff601000 --xp 00000000 00:00 0                  [vsyscall]


VM Arguments:
jvm_args: --add-modules=ALL-SYSTEM --add-opens=java.base/java.util=ALL-UNNAMED --add-opens=java.base/java.lang=ALL-UNNAMED --add-opens=java.base/sun.nio.fs=ALL-UNNAMED -Declipse.application=org.eclipse.jdt.ls.core.id1 -Dosgi.bundles.defaultStartLevel=4 -Declipse.product=org.eclipse.jdt.ls.core.product -Djava.import.generatesMetadataFilesAtProjectRoot=false -DDetectVMInstallationsJob.disabled=true -Dfile.encoding=utf8 -XX:+UseParallelGC -XX:GCTimeRatio=4 -XX:AdaptiveSizePolicyWeight=90 -Dsun.zip.disableMemoryMapping=true -Xmx1G -Xms100m -Xlog:disable -javaagent:/home/sergio/.vscode/extensions/redhat.java-1.28.1-linux-x64/lombok/lombok-1.18.31.jar -XX:+HeapDumpOnOutOfMemoryError -XX:HeapDumpPath=/home/sergio/.config/Code/User/workspaceStorage/c6ab1c8030ca2cd84db316b525bdab83/redhat.java -Daether.dependencyCollector.impl=bf 
java_command: /home/sergio/.vscode/extensions/redhat.java-1.28.1-linux-x64/server/plugins/org.eclipse.equinox.launcher_1.6.700.v20231214-2017.jar -configuration /home/sergio/.config/Code/User/globalStorage/redhat.java/1.28.1/config_linux -data /home/sergio/.config/Code/User/workspaceStorage/c6ab1c8030ca2cd84db316b525bdab83/redhat.java/jdt_ws --stdio
java_class_path (initial): /home/sergio/.vscode/extensions/redhat.java-1.28.1-linux-x64/server/plugins/org.eclipse.equinox.launcher_1.6.700.v20231214-2017.jar
Launcher Type: SUN_STANDARD

[Global flags]
    uintx AdaptiveSizePolicyWeight                 = 90                                        {product} {command line}
     intx CICompilerCount                          = 4                                         {product} {ergonomic}
    uintx GCTimeRatio                              = 4                                         {product} {command line}
     bool HeapDumpOnOutOfMemoryError               = true                                   {manageable} {command line}
    ccstr HeapDumpPath                             = /home/sergio/.config/Code/User/workspaceStorage/c6ab1c8030ca2cd84db316b525bdab83/redhat.java         {manageable} {command line}
   size_t InitialHeapSize                          = 104857600                                 {product} {command line}
   size_t MaxHeapSize                              = 1073741824                                {product} {command line}
   size_t MaxNewSize                               = 357564416                                 {product} {ergonomic}
   size_t MinHeapDeltaBytes                        = 524288                                    {product} {ergonomic}
   size_t MinHeapSize                              = 104857600                                 {product} {command line}
   size_t NewSize                                  = 34603008                                  {product} {ergonomic}
    uintx NonNMethodCodeHeapSize                   = 5839372                                {pd product} {ergonomic}
    uintx NonProfiledCodeHeapSize                  = 122909434                              {pd product} {ergonomic}
   size_t OldSize                                  = 70254592                                  {product} {ergonomic}
    uintx ProfiledCodeHeapSize                     = 122909434                              {pd product} {ergonomic}
    uintx ReservedCodeCacheSize                    = 251658240                              {pd product} {ergonomic}
     bool SegmentedCodeCache                       = true                                      {product} {ergonomic}
   size_t SoftMaxHeapSize                          = 1073741824                             {manageable} {ergonomic}
     bool UseCompressedClassPointers               = true                           {product lp64_product} {ergonomic}
     bool UseCompressedOops                        = true                           {product lp64_product} {ergonomic}
     bool UseParallelGC                            = true                                      {product} {command line}

Logging:
Log output configuration:
 #0: stdout all=off uptime,level,tags
 #1: stderr all=off uptime,level,tags

Environment Variables:
PATH=/home/sergio/.local/bin:/opt/verilator/bin:/home/sergio/.local/bin:/opt/verilator/bin:/usr/local/sbin:/usr/local/bin:/usr/sbin:/usr/bin:/sbin:/bin:/usr/games:/usr/local/games:/snap/bin:/snap/bin:/home/sergio/Programs/install/bin
USERNAME=sergio
SHELL=/bin/bash
DISPLAY=:0
LANG=en_US.UTF-8
LC_NUMERIC=es_ES.UTF-8
LC_TIME=es_ES.UTF-8

Active Locale:
LC_ALL=LC_CTYPE=en_US.UTF-8;LC_NUMERIC=es_ES.UTF-8;LC_TIME=es_ES.UTF-8;LC_COLLATE=en_US.UTF-8;LC_MONETARY=es_ES.UTF-8;LC_MESSAGES=en_US.UTF-8;LC_PAPER=es_ES.UTF-8;LC_NAME=es_ES.UTF-8;LC_ADDRESS=es_ES.UTF-8;LC_TELEPHONE=es_ES.UTF-8;LC_MEASUREMENT=es_ES.UTF-8;LC_IDENTIFICATION=es_ES.UTF-8
LC_COLLATE=en_US.UTF-8
LC_CTYPE=en_US.UTF-8
LC_MESSAGES=en_US.UTF-8
LC_MONETARY=es_ES.UTF-8
LC_NUMERIC=es_ES.UTF-8
LC_TIME=es_ES.UTF-8

Signal Handlers:
   SIGSEGV: crash_handler in libjvm.so, mask=11100100010111111101111111111110, flags=SA_RESTART|SA_SIGINFO, unblocked
    SIGBUS: crash_handler in libjvm.so, mask=11100100010111111101111111111110, flags=SA_RESTART|SA_SIGINFO, unblocked
    SIGFPE: crash_handler in libjvm.so, mask=11100100010111111101111111111110, flags=SA_RESTART|SA_SIGINFO, unblocked
   SIGPIPE: javaSignalHandler in libjvm.so, mask=11100100010111111101111111111110, flags=SA_RESTART|SA_SIGINFO, blocked
   SIGXFSZ: javaSignalHandler in libjvm.so, mask=11100100010111111101111111111110, flags=SA_RESTART|SA_SIGINFO, blocked
    SIGILL: crash_handler in libjvm.so, mask=11100100010111111101111111111110, flags=SA_RESTART|SA_SIGINFO, unblocked
   SIGUSR2: SR_handler in libjvm.so, mask=00000000000000000000000000000000, flags=SA_RESTART|SA_SIGINFO, blocked
    SIGHUP: UserHandler in libjvm.so, mask=11100100010111111101111111111110, flags=SA_RESTART|SA_SIGINFO, blocked
    SIGINT: UserHandler in libjvm.so, mask=11100100010111111101111111111110, flags=SA_RESTART|SA_SIGINFO, blocked
   SIGTERM: UserHandler in libjvm.so, mask=11100100010111111101111111111110, flags=SA_RESTART|SA_SIGINFO, blocked
   SIGQUIT: UserHandler in libjvm.so, mask=11100100010111111101111111111110, flags=SA_RESTART|SA_SIGINFO, blocked
   SIGTRAP: crash_handler in libjvm.so, mask=11100100010111111101111111111110, flags=SA_RESTART|SA_SIGINFO, unblocked


Periodic native trim disabled


---------------  S Y S T E M  ---------------

OS:
DISTRIB_ID=Ubuntu
DISTRIB_RELEASE=22.04
DISTRIB_CODENAME=jammy
DISTRIB_DESCRIPTION="Ubuntu 22.04.3 LTS"
uname: Linux 6.2.0-37-generic #38~22.04.1-Ubuntu SMP PREEMPT_DYNAMIC Thu Nov  2 18:01:13 UTC 2 x86_64
OS uptime: 0 days 11:53 hours
libc: glibc 2.35 NPTL 2.35 
rlimit (soft/hard): STACK 8192k/infinity , CORE 0k/infinity , NPROC 27133/27133 , NOFILE 1048576/1048576 , AS infinity/infinity , CPU infinity/infinity , DATA infinity/infinity , FSIZE infinity/infinity , MEMLOCK 877820k/877820k
load average: 4,29 2,13 1,02

/proc/meminfo:
MemTotal:        7022560 kB
MemFree:          426332 kB
MemAvailable:    3144792 kB
Buffers:          142012 kB
Cached:          2847320 kB
SwapCached:            0 kB
Active:          1493584 kB
Inactive:        4479896 kB
Active(anon):       5432 kB
Inactive(anon):  3099852 kB
Active(file):    1488152 kB
Inactive(file):  1380044 kB
Unevictable:          32 kB
Mlocked:              32 kB
SwapTotal:             0 kB
SwapFree:              0 kB
Zswap:                 0 kB
Zswapped:              0 kB
Dirty:               504 kB
Writeback:             0 kB
AnonPages:       2984268 kB
Mapped:          1140816 kB
Shmem:            121136 kB
KReclaimable:     136092 kB
Slab:             315872 kB
SReclaimable:     136092 kB
SUnreclaim:       179780 kB
KernelStack:       21868 kB
PageTables:        44360 kB
SecPageTables:         0 kB
NFS_Unstable:          0 kB
Bounce:                0 kB
WritebackTmp:          0 kB
CommitLimit:     3511280 kB
Committed_AS:   10801696 kB
VmallocTotal:   34359738367 kB
VmallocUsed:       75444 kB
VmallocChunk:          0 kB
Percpu:            15936 kB
HardwareCorrupted:     0 kB
AnonHugePages:         0 kB
ShmemHugePages:        0 kB
ShmemPmdMapped:        0 kB
FileHugePages:         0 kB
FilePmdMapped:         0 kB
HugePages_Total:       0
HugePages_Free:        0
HugePages_Rsvd:        0
HugePages_Surp:        0
Hugepagesize:       2048 kB
Hugetlb:               0 kB
DirectMap4k:      374804 kB
DirectMap2M:     6899712 kB
DirectMap1G:     1048576 kB

/sys/kernel/mm/transparent_hugepage/enabled: always [madvise] never
/sys/kernel/mm/transparent_hugepage/defrag (defrag/compaction efforts parameter): always defer defer+madvise [madvise] never

Process Memory:
Virtual Size: 5819256K (peak: 5819256K)
Resident Set Size: 328248K (peak: 330676K) (anon: 296248K, file: 32000K, shmem: 0K)
Swapped out: 0K
C-Heap outstanding allocations: 83108K, retained: 44579K
glibc malloc tunables: (default)

/proc/sys/kernel/threads-max (system-wide limit on the number of threads): 54266
/proc/sys/vm/max_map_count (maximum number of memory map areas a process may have): 65530
/proc/sys/kernel/pid_max (system-wide limit on number of process identifiers): 4194304

container (cgroup) information:
container_type: cgroupv2
cpu_cpuset_cpus: not supported
cpu_memory_nodes: not supported
active_processor_count: 8
cpu_quota: not supported
cpu_period: not supported
cpu_shares: not supported
memory_limit_in_bytes: unlimited
memory_and_swap_limit_in_bytes: unlimited
memory_soft_limit_in_bytes: unlimited
memory_usage_in_bytes: 1429956 k
memory_max_usage_in_bytes: not supported
memory_swap_current_in_bytes: unlimited
memory_swap_max_limit_in_bytes: unlimited
maximum number of tasks: 8139
current number of tasks: 221

Steal ticks since vm start: 0
Steal ticks percentage since vm start:  0,000

CPU: total 8 (initial active 8) (8 cores per cpu, 2 threads per core) family 23 model 24 stepping 1 microcode 0x8108109, cx8, cmov, fxsr, ht, mmx, 3dnowpref, sse, sse2, sse3, ssse3, sse4a, sse4.1, sse4.2, popcnt, lzcnt, tsc, tscinvbit, avx, avx2, aes, clmul, bmi1, bmi2, adx, sha, fma, vzeroupper, clflush, clflushopt
CPU Model and flags from /proc/cpuinfo:
model name	: AMD Ryzen 5 3500U with Radeon Vega Mobile Gfx
flags		: fpu vme de pse tsc msr pae mce cx8 apic sep mtrr pge mca cmov pat pse36 clflush mmx fxsr sse sse2 ht syscall nx mmxext fxsr_opt pdpe1gb rdtscp lm constant_tsc rep_good nopl nonstop_tsc cpuid extd_apicid aperfmperf rapl pni pclmulqdq monitor ssse3 fma cx16 sse4_1 sse4_2 movbe popcnt aes xsave avx f16c rdrand lahf_lm cmp_legacy svm extapic cr8_legacy abm sse4a misalignsse 3dnowprefetch osvw skinit wdt tce topoext perfctr_core perfctr_nb bpext perfctr_llc mwaitx cpb hw_pstate ssbd ibpb vmmcall fsgsbase bmi1 avx2 smep bmi2 rdseed adx smap clflushopt sha_ni xsaveopt xsavec xgetbv1 clzero irperf xsaveerptr arat npt lbrv svm_lock nrip_save tsc_scale vmcb_clean flushbyasid decodeassists pausefilter pfthreshold avic v_vmsave_vmload vgif overflow_recov succor smca sev sev_es

Online cpus: 0-7
Offline cpus: 8-15
BIOS frequency limitation: 2100000
Frequency switch latency (ns): 0
Available cpu frequencies: 2100000 1700000 1400000 
Current governor: schedutil
Core performance/turbo boost: 1

Memory: 4k page, physical 7022560k(425828k free), swap 0k(0k free)
Page Sizes: 4k

vm_info: OpenJDK 64-Bit Server VM (17.0.10+7) for linux-amd64 JRE (17.0.10+7), built on Jan 16 2024 00:00:00 by "admin" with gcc 10.3.0

END.
