#
# A fatal error has been detected by the Java Runtime Environment:
#
#  SIGSEGV (0xb) at pc=0x0000767af43ff004, pid=34610, tid=34619
#
# JRE version: OpenJDK Runtime Environment Temurin-17.0.10+7 (17.0.10+7) (build 17.0.10+7)
# Java VM: OpenJDK 64-Bit Server VM Temurin-17.0.10+7 (17.0.10+7, mixed mode, tiered, compressed oops, compressed class ptrs, parallel gc, linux-amd64)
# Problematic frame:
# V  [libjvm.so+0x7ff004]  IndexSetIterator::advance_and_next()+0xb4
#
# Core dump will be written. Default location: Core dumps may be processed with "/usr/share/apport/apport -p%p -s%s -c%c -d%d -P%P -u%u -g%g -- %E" (or dumping to /home/sergio/Desktop/Estudios/UCM/4ยบ/PL/PL-Practica/core.34610)
#
# If you would like to submit a bug report, please visit:
#   https://github.com/adoptium/adoptium-support/issues
#

---------------  S U M M A R Y ------------

Command Line: --add-modules=ALL-SYSTEM --add-opens=java.base/java.util=ALL-UNNAMED --add-opens=java.base/java.lang=ALL-UNNAMED --add-opens=java.base/sun.nio.fs=ALL-UNNAMED -Declipse.application=org.eclipse.jdt.ls.core.id1 -Dosgi.bundles.defaultStartLevel=4 -Declipse.product=org.eclipse.jdt.ls.core.product -Djava.import.generatesMetadataFilesAtProjectRoot=false -DDetectVMInstallationsJob.disabled=true -Dfile.encoding=utf8 -XX:+UseParallelGC -XX:GCTimeRatio=4 -XX:AdaptiveSizePolicyWeight=90 -Dsun.zip.disableMemoryMapping=true -Xmx1G -Xms100m -Xlog:disable -javaagent:/home/sergio/.vscode/extensions/redhat.java-1.30.0-linux-x64/lombok/lombok-1.18.32.jar -XX:+HeapDumpOnOutOfMemoryError -XX:HeapDumpPath=/home/sergio/.config/Code/User/workspaceStorage/c6ab1c8030ca2cd84db316b525bdab83/redhat.java -Daether.dependencyCollector.impl=bf /home/sergio/.vscode/extensions/redhat.java-1.30.0-linux-x64/server/plugins/org.eclipse.equinox.launcher_1.6.800.v20240330-1250.jar -configuration /home/sergio/.config/Code/User/globalStorage/redhat.java/1.30.0/config_linux -data /home/sergio/.config/Code/User/workspaceStorage/c6ab1c8030ca2cd84db316b525bdab83/redhat.java/jdt_ws --pipe=/run/user/1000/lsp-ec79faaf13974755fe130f81278ffcd7.sock

Host: AMD Ryzen 5 3500U with Radeon Vega Mobile Gfx, 8 cores, 6G, Ubuntu 22.04.4 LTS
Time: Mon Apr 29 13:32:34 2024 CEST elapsed time: 9.310361 seconds (0d 0h 0m 9s)

---------------  T H R E A D  ---------------

Current thread (0x0000767aec21fe80):  JavaThread "C2 CompilerThread0" daemon [_thread_in_native, id=34619, stack(0x0000767ad0f80000,0x0000767ad1080000)]


Current CompileTask:
C2:   9312 7047       4       org.lombokweb.asm.ClassReader::readMethod (1066 bytes)

Stack: [0x0000767ad0f80000,0x0000767ad1080000],  sp=0x0000767ad107b440,  free space=1005k
Native frames: (J=compiled Java code, j=interpreted, Vv=VM code, C=native code)
V  [libjvm.so+0x7ff004]  IndexSetIterator::advance_and_next()+0xb4
V  [libjvm.so+0x7f559a]  PhaseIFG::effective_degree(unsigned int) const+0xca
V  [libjvm.so+0x7f56d0]  PhaseIFG::Compute_Effective_Degree()+0x40
V  [libjvm.so+0x541e96]  PhaseChaitin::Register_Allocate()+0x676
V  [libjvm.so+0x5d0b59]  Compile::Code_Gen()+0x349
V  [libjvm.so+0x5d682b]  Compile::Compile(ciEnv*, ciMethod*, int, bool, bool, bool, bool, bool, DirectiveSet*)+0x148b
V  [libjvm.so+0x515699]  C2Compiler::compile_method(ciEnv*, ciMethod*, int, bool, DirectiveSet*)+0xe9
V  [libjvm.so+0x5df273]  CompileBroker::invoke_compiler_on_method(CompileTask*)+0xf23
V  [libjvm.so+0x5e00d8]  CompileBroker::compiler_thread_loop()+0x6a8
V  [libjvm.so+0xe5fa16]  JavaThread::thread_main_inner()+0x196
V  [libjvm.so+0xe633b8]  Thread::call_run()+0xa8
V  [libjvm.so+0xc24791]  thread_native_entry(Thread*)+0xe1


siginfo: si_signo: 11 (SIGSEGV), si_code: 1 (SEGV_MAPERR), si_addr: 0x0000767afcf04a40

Registers:
RAX=0x0000767afcf04a40, RBX=0x0000767ad107b490, RCX=0x0000767aacf376e0, RDX=0x0000000000000042
RSP=0x0000767ad107b440, RBP=0x0000767ad107b480, RSI=0x0000000000000004, RDI=0x0000767ad107b490
R8 =0x0000767ab81d7490, R9 =0x0000800000000000, R10=0x0000000000000000, R11=0x0000000000000246
R12=0x0000000000000021, R13=0x0000000000000021, R14=0x0000767af4f04a40, R15=0x0000767ad107b8f0
RIP=0x0000767af43ff004, EFLAGS=0x0000000000010206, CSGSFS=0x002b000000000033, ERR=0x0000000000000004
  TRAPNO=0x000000000000000e


Register to memory mapping:

RAX=0x0000767afcf04a40 is an unknown value
RBX=0x0000767ad107b490 is pointing into the stack for thread: 0x0000767aec21fe80
RCX=0x0000767aacf376e0 points into unknown readable memory: 0x0000000000000000 | 00 00 00 00 00 00 00 00
RDX=0x0000000000000042 is an unknown value
RSP=0x0000767ad107b440 is pointing into the stack for thread: 0x0000767aec21fe80
RBP=0x0000767ad107b480 is pointing into the stack for thread: 0x0000767aec21fe80
RSI=0x0000000000000004 is an unknown value
RDI=0x0000767ad107b490 is pointing into the stack for thread: 0x0000767aec21fe80
R8 =0x0000767ab81d7490 points into unknown readable memory: 0x0000000000000000 | 00 00 00 00 00 00 00 00
R9 =0x0000800000000000 is an unknown value
R10=0x0 is NULL
R11=0x0000000000000246 is an unknown value
R12=0x0000000000000021 is an unknown value
R13=0x0000000000000021 is an unknown value
R14=0x0000767af4f04a40: <offset 0x0000000001304a40> in /home/sergio/.vscode/extensions/redhat.java-1.30.0-linux-x64/jre/17.0.10-linux-x86_64/lib/server/libjvm.so at 0x0000767af3c00000
R15=0x0000767ad107b8f0 is pointing into the stack for thread: 0x0000767aec21fe80


Top of Stack: (sp=0x0000767ad107b440)
0x0000767ad107b440:   0000767ad107de20 0000767ad107b5a0
0x0000767ad107b450:   0000767ad107b490 0000767ad107b490
0x0000767ad107b460:   0000000000000025 0000767ad107b5d0
0x0000767ad107b470:   0000000000000001 0000767ad107b8f0
0x0000767ad107b480:   0000767ad107b4e0 0000767af43f559a
0x0000767ad107b490:   0000000000000000 00000003000020ac
0x0000767ad107b4a0:   0000004200000021 0000767afcf04a40
0x0000767ad107b4b0:   0000767a94218270 0000767ab91b5d90
0x0000767ad107b4c0:   000000000000030a 0000767ad107b5d0
0x0000767ad107b4d0:   0000767a71e49e08 0000767ad107b5d0
0x0000767ad107b4e0:   0000767ad107b510 0000767af43f56d0
0x0000767ad107b4f0:   0000767ad107b5a0 0000767ad107b670
0x0000767ad107b500:   0000767ad107b5a0 0000767ad107b6e0
0x0000767ad107b510:   0000767ad107b7d0 0000767af4141e96
0x0000767ad107b520:   0000767ab9393790 0000767ad107b5a0
0x0000767ad107b530:   0000767ad107b570 0000767ad107b610
0x0000767ad107b540:   0000767ad107b5a0 0000767aa8001400
0x0000767ad107b550:   0000767aa8001410 0000767aa80017e8
0x0000767ad107b560:   00000000000003d8 000000000000d110
0x0000767ad107b570:   0000000000000006 0000767aac66bcd0
0x0000767ad107b580:   0000767aac66bcd0 0000767aac66bce0
0x0000767ad107b590:   0000767aac66c0b8 00000000000003d8
0x0000767ad107b5a0:   0000000000000006 0000767aa8001400
0x0000767ad107b5b0:   0000767ab81d7480 0000767ab81d8150
0x0000767ad107b5c0:   0000767ab81df468 0000000001485f28
0x0000767ad107b5d0:   0000767a0000000c 0000767ad107de20
0x0000767ad107b5e0:   0000767ab91977f0 0000767af4a66a01
0x0000767ad107b5f0:   0000767a71e2a020 0000767a00004331
0x0000767ad107b600:   0000767ad107b5a0 0000767aa8001410
0x0000767ad107b610:   0000767af4e08288 0000767a0000000d
0x0000767ad107b620:   0000767ad107de20 0000767ad107b8f0
0x0000767ad107b630:   000000000000343f 0000767aec21e7c0 

Instructions: (pc=0x0000767af43ff004)
0x0000767af43fef04:   c0 48 c1 e1 03 0f 1f 80 00 00 00 00 4c 8b 46 08
0x0000767af43fef14:   49 8b 51 08 4d 8b 04 00 48 01 c2 48 8b 3a 4c 89
0x0000767af43fef24:   02 48 8b 56 08 48 89 3c 02 48 83 c0 08 48 39 c1
0x0000767af43fef34:   75 da 41 8b 01 8b 16 41 89 11 8b 56 04 89 06 41
0x0000767af43fef44:   8b 41 04 41 89 51 04 89 46 04 c3 90 55 48 89 e5
0x0000767af43fef54:   41 57 41 56 41 55 41 54 53 48 89 fb 48 83 ec 18
0x0000767af43fef64:   8b 47 0c 83 f8 03 77 65 48 8b 4f 18 89 c2 8d 70
0x0000767af43fef74:   01 48 8d 14 d1 48 83 3a 00 0f 85 3c 01 00 00 83
0x0000767af43fef84:   fe 04 74 49 89 f2 8d 78 02 48 8d 14 d1 48 83 3a
0x0000767af43fef94:   00 0f 85 20 01 00 00 83 ff 04 74 31 89 fa 8d 70
0x0000767af43fefa4:   03 48 8d 14 d1 48 83 3a 00 0f 85 92 01 00 00 83
0x0000767af43fefb4:   fe 04 74 19 48 83 79 18 00 48 8d 51 18 be 04 00
0x0000767af43fefc4:   00 00 b8 03 00 00 00 0f 85 ee 00 00 00 44 8b 63
0x0000767af43fefd4:   10 8b 53 14 4c 8d 35 61 5a b0 00 44 39 e2 0f 87
0x0000767af43fefe4:   be 00 00 00 48 83 c4 18 31 c0 5b 41 5c 41 5d 41
0x0000767af43feff4:   5e 41 5f 5d c3 0f 1f 80 00 00 00 00 48 89 43 18
0x0000767af43ff004:   48 83 38 00 48 89 c1 0f 85 e6 00 00 00 48 83 78
0x0000767af43ff014:   08 00 0f 85 f9 00 00 00 48 83 78 10 00 0f 85 fe
0x0000767af43ff024:   00 00 00 48 83 78 18 00 0f 85 03 01 00 00 4c 8b
0x0000767af43ff034:   7b 28 4d 85 ff 74 5e 49 8b 47 08 4a 8b 14 e8 48
0x0000767af43ff044:   89 55 c8 66 48 8d 3d 61 8f ab 00 66 66 48 e8 b9
0x0000767af43ff054:   44 a5 ff 48 8b 55 c8 48 8b 08 48 8b 89 78 05 00
0x0000767af43ff064:   00 48 8b 89 80 00 00 00 48 8b 89 d0 08 00 00 48
0x0000767af43ff074:   89 0a 48 8b 00 48 8b 80 78 05 00 00 48 8b 80 80
0x0000767af43ff084:   00 00 00 48 89 90 d0 08 00 00 49 8b 47 08 4e 89
0x0000767af43ff094:   34 e8 8b 53 14 41 83 c4 01 41 39 d4 0f 83 42 ff
0x0000767af43ff0a4:   ff ff 48 8b 43 20 45 89 e5 4a 8b 04 e8 4c 39 f0
0x0000767af43ff0b4:   74 e3 e9 45 ff ff ff 89 f0 89 fe 8b 4b 10 8d 44
0x0000767af43ff0c4:   88 fc c1 e0 06 89 43 08 48 8b 12 31 c9 89 73 0c
0x0000767af43ff0d4:   f3 48 0f bc ca 48 d3 ea 01 c8 48 83 ea 01 89 43
0x0000767af43ff0e4:   08 48 89 13 48 83 c4 18 5b 41 5c 41 5d 41 5e 41
0x0000767af43ff0f4:   5f 5d c3 be 01 00 00 00 31 c0 42 8d 04 a0 41 83 


Stack slot to memory mapping:
stack at sp + 0 slots: 0x0000767ad107de20 is pointing into the stack for thread: 0x0000767aec21fe80
stack at sp + 1 slots: 0x0000767ad107b5a0 is pointing into the stack for thread: 0x0000767aec21fe80
stack at sp + 2 slots: 0x0000767ad107b490 is pointing into the stack for thread: 0x0000767aec21fe80
stack at sp + 3 slots: 0x0000767ad107b490 is pointing into the stack for thread: 0x0000767aec21fe80
stack at sp + 4 slots: 0x0000000000000025 is an unknown value
stack at sp + 5 slots: 0x0000767ad107b5d0 is pointing into the stack for thread: 0x0000767aec21fe80
stack at sp + 6 slots: 0x0000000000000001 is an unknown value
stack at sp + 7 slots: 0x0000767ad107b8f0 is pointing into the stack for thread: 0x0000767aec21fe80


---------------  P R O C E S S  ---------------

Threads class SMR info:
_java_thread_list=0x0000767a60000b70, length=36, elements={
0x0000767aec0281e0, 0x0000767aec1e73f0, 0x0000767aec1e8970, 0x0000767aec219f90,
0x0000767aec21d880, 0x0000767aec21e820, 0x0000767aec21fe80, 0x0000767aec221340,
0x0000767aec22a780, 0x0000767aec2c0400, 0x0000767aac09d570, 0x0000767aec3b3c70,
0x0000767aec4f2420, 0x0000767aec5e3fb0, 0x0000767aec63d910, 0x0000767aec640520,
0x0000767a6c228ce0, 0x0000767a6c48ff80, 0x0000767a6c191aa0, 0x0000767a6c417db0,
0x0000767a6c422da0, 0x0000767a6c423d50, 0x0000767a6c9df350, 0x0000767a4c0024e0,
0x0000767aec694840, 0x0000767a48000ff0, 0x0000767aec710440, 0x0000767aec711c40,
0x0000767a380752f0, 0x0000767a380789f0, 0x0000767a1c000ff0, 0x0000767a20000ff0,
0x0000767a14000ff0, 0x0000767a18000ff0, 0x0000767a0c000ff0, 0x0000767aac137c30
}

Java Threads: ( => current thread )
  0x0000767aec0281e0 JavaThread "main" [_thread_blocked, id=34611, stack(0x0000767af3b00000,0x0000767af3c00000)]
  0x0000767aec1e73f0 JavaThread "Reference Handler" daemon [_thread_blocked, id=34614, stack(0x0000767ad16f8000,0x0000767ad17f8000)]
  0x0000767aec1e8970 JavaThread "Finalizer" daemon [_thread_blocked, id=34615, stack(0x0000767ad15f8000,0x0000767ad16f8000)]
  0x0000767aec219f90 JavaThread "Signal Dispatcher" daemon [_thread_blocked, id=34616, stack(0x0000767ad1280000,0x0000767ad1380000)]
  0x0000767aec21d880 JavaThread "Service Thread" daemon [_thread_blocked, id=34617, stack(0x0000767ad1180000,0x0000767ad1280000)]
  0x0000767aec21e820 JavaThread "Monitor Deflation Thread" daemon [_thread_blocked, id=34618, stack(0x0000767ad1080000,0x0000767ad1180000)]
=>0x0000767aec21fe80 JavaThread "C2 CompilerThread0" daemon [_thread_in_native, id=34619, stack(0x0000767ad0f80000,0x0000767ad1080000)]
  0x0000767aec221340 JavaThread "C1 CompilerThread0" daemon [_thread_blocked, id=34620, stack(0x0000767ad0e80000,0x0000767ad0f80000)]
  0x0000767aec22a780 JavaThread "Sweeper thread" daemon [_thread_blocked, id=34621, stack(0x0000767ad0d80000,0x0000767ad0e80000)]
  0x0000767aec2c0400 JavaThread "Common-Cleaner" daemon [_thread_blocked, id=34622, stack(0x0000767ad0c80000,0x0000767ad0d80000)]
  0x0000767aac09d570 JavaThread "C2 CompilerThread1" daemon [_thread_blocked, id=34623, stack(0x0000767ad0b80000,0x0000767ad0c80000)]
  0x0000767aec3b3c70 JavaThread "Notification Thread" daemon [_thread_blocked, id=34624, stack(0x0000767ad0a80000,0x0000767ad0b80000)]
  0x0000767aec4f2420 JavaThread "process reaper" daemon [_thread_blocked, id=34628, stack(0x0000767af0012000,0x0000767af0034000)]
  0x0000767aec5e3fb0 JavaThread "Active Thread: Equinox Container: 393a1b7b-d3b2-416b-bc85-270147c973e4" [_thread_blocked, id=34635, stack(0x0000767ad0179000,0x0000767ad0279000)]
  0x0000767aec63d910 JavaThread "Framework Event Dispatcher: Equinox Container: 393a1b7b-d3b2-416b-bc85-270147c973e4" daemon [_thread_blocked, id=34636, stack(0x0000767ad0079000,0x0000767ad0179000)]
  0x0000767aec640520 JavaThread "Start Level: Equinox Container: 393a1b7b-d3b2-416b-bc85-270147c973e4" daemon [_thread_blocked, id=34637, stack(0x0000767a73f00000,0x0000767a74000000)]
  0x0000767a6c228ce0 JavaThread "Bundle File Closer" daemon [_thread_blocked, id=34658, stack(0x0000767a739ff000,0x0000767a73aff000)]
  0x0000767a6c48ff80 JavaThread "SCR Component Actor" daemon [_thread_blocked, id=34659, stack(0x0000767a738ff000,0x0000767a739ff000)]
  0x0000767a6c191aa0 JavaThread "Worker-JM" [_thread_blocked, id=34661, stack(0x0000767a736ff000,0x0000767a737ff000)]
  0x0000767a6c417db0 JavaThread "Worker-0" [_thread_blocked, id=34662, stack(0x0000767a735ff000,0x0000767a736ff000)]
  0x0000767a6c422da0 JavaThread "Worker-1: Initialize workspace" [_thread_blocked, id=34663, stack(0x0000767a734ff000,0x0000767a735ff000)]
  0x0000767a6c423d50 JavaThread "Worker-2" [_thread_blocked, id=34664, stack(0x0000767a733ff000,0x0000767a734ff000)]
  0x0000767a6c9df350 JavaThread "Java indexing" daemon [_thread_blocked, id=34665, stack(0x0000767a7312d000,0x0000767a7322d000)]
  0x0000767a4c0024e0 JavaThread "Worker-3" [_thread_blocked, id=34666, stack(0x0000767a732ff000,0x0000767a733ff000)]
  0x0000767aec694840 JavaThread "pool-2-thread-1" [_thread_blocked, id=34667, stack(0x0000767a7302d000,0x0000767a7312d000)]
  0x0000767a48000ff0 JavaThread "Worker-4" [_thread_blocked, id=34668, stack(0x0000767a72f2d000,0x0000767a7302d000)]
  0x0000767aec710440 JavaThread "WorkspaceEventsHandler" [_thread_blocked, id=34669, stack(0x0000767a72e2d000,0x0000767a72f2d000)]
  0x0000767aec711c40 JavaThread "pool-1-thread-1" [_thread_in_Java, id=34670, stack(0x0000767a72d2d000,0x0000767a72e2d000)]
  0x0000767a380752f0 JavaThread "ForkJoinPool.commonPool-worker-1" daemon [_thread_blocked, id=34674, stack(0x0000767a72c2d000,0x0000767a72d2d000)]
  0x0000767a380789f0 JavaThread "ForkJoinPool.commonPool-worker-2" daemon [_thread_in_Java, id=34675, stack(0x0000767a72b2d000,0x0000767a72c2d000)]
  0x0000767a1c000ff0 JavaThread "ForkJoinPool.commonPool-worker-3" daemon [_thread_blocked, id=34676, stack(0x0000767a72a2d000,0x0000767a72b2d000)]
  0x0000767a20000ff0 JavaThread "ForkJoinPool.commonPool-worker-4" daemon [_thread_blocked, id=34677, stack(0x0000767a7292d000,0x0000767a72a2d000)]
  0x0000767a14000ff0 JavaThread "ForkJoinPool.commonPool-worker-5" daemon [_thread_blocked, id=34678, stack(0x0000767a7282d000,0x0000767a7292d000)]
  0x0000767a18000ff0 JavaThread "ForkJoinPool.commonPool-worker-6" daemon [_thread_blocked, id=34679, stack(0x0000767a7272d000,0x0000767a7282d000)]
  0x0000767a0c000ff0 JavaThread "ForkJoinPool.commonPool-worker-7" daemon [_thread_in_Java, id=34680, stack(0x0000767a7262d000,0x0000767a7272d000)]
  0x0000767aac137c30 JavaThread "C2 CompilerThread2" daemon [_thread_in_native, id=34681, stack(0x0000767ad087f000,0x0000767ad097f000)]

Other Threads:
  0x0000767aec069290 VMThread "VM Thread" [stack: 0x0000767ad17f9000,0x0000767ad18f9000] [id=34613] _threads_hazard_ptr=0x0000767a60000b70
  0x0000767aec35f460 WatcherThread [stack: 0x0000767ad0980000,0x0000767ad0a80000] [id=34625]
  0x0000767aec03fa70 GCTaskThread "GC Thread#0" [stack: 0x0000767af0929000,0x0000767af0a29000] [id=34612]
  0x0000767acc001270 GCTaskThread "GC Thread#1" [stack: 0x0000767ad077f000,0x0000767ad087f000] [id=34629]
  0x0000767acc003170 GCTaskThread "GC Thread#2" [stack: 0x0000767ad067e000,0x0000767ad077e000] [id=34630]
  0x0000767acc003b30 GCTaskThread "GC Thread#3" [stack: 0x0000767ad057d000,0x0000767ad067d000] [id=34631]
  0x0000767acc0044f0 GCTaskThread "GC Thread#4" [stack: 0x0000767ad047c000,0x0000767ad057c000] [id=34632]
  0x0000767acc004eb0 GCTaskThread "GC Thread#5" [stack: 0x0000767ad037b000,0x0000767ad047b000] [id=34633]
  0x0000767acc005870 GCTaskThread "GC Thread#6" [stack: 0x0000767ad027a000,0x0000767ad037a000] [id=34634]
  0x0000767acc006d10 GCTaskThread "GC Thread#7" [stack: 0x0000767a73b00000,0x0000767a73c00000] [id=34638]

Threads with active compile tasks:
C2 CompilerThread0     9339 7047       4       org.lombokweb.asm.ClassReader::readMethod (1066 bytes)
C1 CompilerThread0     9339 7732       3       java.util.regex.Pattern::createGroup (86 bytes)
C2 CompilerThread1     9339 7101       4       org.eclipse.jdt.internal.compiler.parser.Parser::consumeRule (7943 bytes)
C2 CompilerThread2     9339 7044 %     4       org.lombokweb.asm.ClassReader::readCode @ 2186 (5117 bytes)

VM state: synchronizing (normal execution)

VM Mutex/Monitor currently owned by a thread:  ([mutex/lock_event])
[0x0000767aec024f50] Threads_lock - owner thread: 0x0000767aec069290
[0x0000767aec025700] Heap_lock - owner thread: 0x0000767a380752f0

Heap address: 0x00000000c0000000, size: 1024 MB, Compressed Oops mode: 32-bit

CDS archive(s) not mapped
Compressed class space mapped at: 0x0000000100000000-0x0000000140000000, reserved size: 1073741824
Narrow klass base: 0x0000000000000000, Narrow klass shift: 3, Narrow klass range: 0x140000000

GC Precious Log:
 CPUs: 8 total, 8 available
 Memory: 6857M
 Large Page Support: Disabled
 NUMA Support: Disabled
 Compressed Oops: Enabled (32-bit)
 Alignments: Space 512K, Generation 512K, Heap 2M
 Heap Min Capacity: 100M
 Heap Initial Capacity: 100M
 Heap Max Capacity: 1G
 Pre-touch: Disabled
 Parallel Workers: 8

Heap:
 PSYoungGen      total 18944K, used 18816K [0x00000000eab00000, 0x00000000ebf00000, 0x0000000100000000)
  eden space 18432K, 100% used [0x00000000eab00000,0x00000000ebd00000,0x00000000ebd00000)
  from space 512K, 75% used [0x00000000ebe00000,0x00000000ebe60000,0x00000000ebe80000)
  to   space 512K, 0% used [0x00000000ebe80000,0x00000000ebe80000,0x00000000ebf00000)
 ParOldGen       total 68608K, used 45845K [0x00000000c0000000, 0x00000000c4300000, 0x00000000eab00000)
  object space 68608K, 66% used [0x00000000c0000000,0x00000000c2cc56d8,0x00000000c4300000)
 Metaspace       used 62454K, committed 63488K, reserved 1114112K
  class space    used 6649K, committed 7104K, reserved 1048576K

Card table byte_map: [0x0000767af0a29000,0x0000767af0c2a000] _byte_map_base: 0x0000767af0429000

Marking Bits: (ParMarkBitMap*) 0x0000767af4f1f380
 Begin Bits: [0x0000767ad6000000, 0x0000767ad7000000)
 End Bits:   [0x0000767ad7000000, 0x0000767ad8000000)

Polling page: 0x0000767af5364000

Metaspace:

Usage:
  Non-class:     54,50 MB used.
      Class:      6,49 MB used.
       Both:     60,99 MB used.

Virtual space:
  Non-class space:       64,00 MB reserved,      55,06 MB ( 86%) committed,  1 nodes.
      Class space:        1,00 GB reserved,       6,94 MB ( <1%) committed,  1 nodes.
             Both:        1,06 GB reserved,      62,00 MB (  6%) committed. 

Chunk freelists:
   Non-Class:  8,95 MB
       Class:  9,00 MB
        Both:  17,95 MB

MaxMetaspaceSize: unlimited
CompressedClassSpaceSize: 1,00 GB
Initial GC threshold: 21,00 MB
Current GC threshold: 97,31 MB
CDS: off
MetaspaceReclaimPolicy: balanced
 - commit_granule_bytes: 65536.
 - commit_granule_words: 8192.
 - virtual_space_node_default_size: 8388608.
 - enlarge_chunks_in_place: 1.
 - new_chunks_are_fully_committed: 0.
 - uncommit_free_chunks: 1.
 - use_allocation_guard: 0.
 - handle_deallocations: 1.


Internal statistics:

num_allocs_failed_limit: 9.
num_arena_births: 630.
num_arena_deaths: 26.
num_vsnodes_births: 2.
num_vsnodes_deaths: 0.
num_space_committed: 992.
num_space_uncommitted: 0.
num_chunks_returned_to_freelist: 37.
num_chunks_taken_from_freelist: 3096.
num_chunk_merges: 15.
num_chunk_splits: 1942.
num_chunks_enlarged: 1151.
num_inconsistent_stats: 0.

CodeHeap 'non-profiled nmethods': size=120028Kb used=3709Kb max_used=3709Kb free=116318Kb
 bounds [0x0000767ae4ac9000, 0x0000767ae4e69000, 0x0000767aec000000]
CodeHeap 'profiled nmethods': size=120028Kb used=14125Kb max_used=14125Kb free=105903Kb
 bounds [0x0000767add000000, 0x0000767adddd0000, 0x0000767ae4537000]
CodeHeap 'non-nmethods': size=5704Kb used=1374Kb max_used=1382Kb free=4329Kb
 bounds [0x0000767ae4537000, 0x0000767ae47a7000, 0x0000767ae4ac9000]
 total_blobs=7416 nmethods=6742 adapters=585
 compilation: enabled
              stopped_count=0, restarted_count=0
 full_count=0

Compilation events (20 events):
Event: 9,270 Thread 0x0000767aec221340 nmethod 7704 0x0000767adddaf590 code [0x0000767adddaf740, 0x0000767adddaf970]
Event: 9,270 Thread 0x0000767aec221340 7676       2       org.eclipse.jdt.internal.core.JavaProject$ModuleLookup::addTransitive (71 bytes)
Event: 9,281 Thread 0x0000767aec221340 nmethod 7676 0x0000767adddafa90 code [0x0000767adddafc80, 0x0000767adddaffa0]
Event: 9,281 Thread 0x0000767aec221340 7685       2       org.eclipse.jdt.internal.core.manipulation.JavaElementLabelComposerCore::appendMethodParamsList (368 bytes)
Event: 9,284 Thread 0x0000767aec221340 nmethod 7685 0x0000767adddb0210 code [0x0000767adddb04c0, 0x0000767adddb1150]
Event: 9,284 Thread 0x0000767aec221340 7708       3       org.eclipse.jdt.internal.core.SourceMethod::isConstructor (32 bytes)
Event: 9,285 Thread 0x0000767aec221340 nmethod 7708 0x0000767adddb1890 code [0x0000767adddb1aa0, 0x0000767adddb2210]
Event: 9,285 Thread 0x0000767aec221340 7709   !   2       org.eclipse.jdt.internal.compiler.parser.Scanner::scanForTextBlockBeginning (99 bytes)
Event: 9,286 Thread 0x0000767aec221340 nmethod 7709 0x0000767adddb2410 code [0x0000767adddb25e0, 0x0000767adddb2950]
Event: 9,286 Thread 0x0000767aec221340 7705       2       org.eclipse.jdt.internal.compiler.parser.Parser::pushIdentifier (53 bytes)
Event: 9,287 Thread 0x0000767aec221340 nmethod 7705 0x0000767adddb2c90 code [0x0000767adddb2e40, 0x0000767adddb30c0]
Event: 9,287 Thread 0x0000767aec221340 7710       2       org.eclipse.jdt.internal.core.util.CommentRecorderParser::checkComment (267 bytes)
Event: 9,290 Thread 0x0000767aec221340 nmethod 7710 0x0000767adddb3210 code [0x0000767adddb3400, 0x0000767adddb3840]
Event: 9,290 Thread 0x0000767aec221340 7711       2       org.eclipse.jdt.internal.compiler.parser.Parser::consumeMethodHeaderRightParen (421 bytes)
Event: 9,291 Thread 0x0000767aec221340 nmethod 7711 0x0000767adddb3b90 code [0x0000767adddb3da0, 0x0000767adddb43f0]
Event: 9,291 Thread 0x0000767aec221340 7686   !   2       org.eclipse.jdt.internal.core.manipulation.JavaElementLabelComposerCore::appendMethodLabel (332 bytes)
Event: 9,293 Thread 0x0000767aec221340 nmethod 7686 0x0000767adddb4710 code [0x0000767adddb4a20, 0x0000767adddb5540]
Event: 9,293 Thread 0x0000767aec221340 7700       2       org.eclipse.jdt.internal.compiler.parser.Parser::currentRecoveryType (36 bytes)
Event: 9,293 Thread 0x0000767aec221340 nmethod 7700 0x0000767adddb5d10 code [0x0000767adddb5ec0, 0x0000767adddb60c0]
Event: 9,293 Thread 0x0000767aec221340 7687   !   2       org.eclipse.jdt.ls.core.internal.handlers.DocumentSymbolHandler::toDocumentSymbol (388 bytes)

GC Heap History (20 events):
Event: 8,703 GC heap before
{Heap before GC invocations=37 (full 3):
 PSYoungGen      total 19968K, used 19932K [0x00000000eab00000, 0x00000000ec200000, 0x0000000100000000)
  eden space 18432K, 99% used [0x00000000eab00000,0x00000000ebcf7360,0x00000000ebd00000)
  from space 1536K, 99% used [0x00000000ebd80000,0x00000000ebeffff0,0x00000000ebf00000)
  to   space 2560K, 0% used [0x00000000ebf80000,0x00000000ebf80000,0x00000000ec200000)
 ParOldGen       total 68608K, used 41547K [0x00000000c0000000, 0x00000000c4300000, 0x00000000eab00000)
  object space 68608K, 60% used [0x00000000c0000000,0x00000000c2892f18,0x00000000c4300000)
 Metaspace       used 61729K, committed 62848K, reserved 1114112K
  class space    used 6602K, committed 7040K, reserved 1048576K
}
Event: 8,707 GC heap after
{Heap after GC invocations=37 (full 3):
 PSYoungGen      total 19456K, used 698K [0x00000000eab00000, 0x00000000ec080000, 0x0000000100000000)
  eden space 18432K, 0% used [0x00000000eab00000,0x00000000eab00000,0x00000000ebd00000)
  from space 1024K, 68% used [0x00000000ebf80000,0x00000000ec02e828,0x00000000ec080000)
  to   space 1536K, 0% used [0x00000000ebd80000,0x00000000ebd80000,0x00000000ebf00000)
 ParOldGen       total 68608K, used 43107K [0x00000000c0000000, 0x00000000c4300000, 0x00000000eab00000)
  object space 68608K, 62% used [0x00000000c0000000,0x00000000c2a18f38,0x00000000c4300000)
 Metaspace       used 61729K, committed 62848K, reserved 1114112K
  class space    used 6602K, committed 7040K, reserved 1048576K
}
Event: 8,806 GC heap before
{Heap before GC invocations=38 (full 3):
 PSYoungGen      total 19456K, used 19130K [0x00000000eab00000, 0x00000000ec080000, 0x0000000100000000)
  eden space 18432K, 100% used [0x00000000eab00000,0x00000000ebd00000,0x00000000ebd00000)
  from space 1024K, 68% used [0x00000000ebf80000,0x00000000ec02e828,0x00000000ec080000)
  to   space 1536K, 0% used [0x00000000ebd80000,0x00000000ebd80000,0x00000000ebf00000)
 ParOldGen       total 68608K, used 43107K [0x00000000c0000000, 0x00000000c4300000, 0x00000000eab00000)
  object space 68608K, 62% used [0x00000000c0000000,0x00000000c2a18f38,0x00000000c4300000)
 Metaspace       used 62166K, committed 63296K, reserved 1114112K
  class space    used 6631K, committed 7104K, reserved 1048576K
}
Event: 8,808 GC heap after
{Heap after GC invocations=38 (full 3):
 PSYoungGen      total 19968K, used 752K [0x00000000eab00000, 0x00000000ec000000, 0x0000000100000000)
  eden space 18432K, 0% used [0x00000000eab00000,0x00000000eab00000,0x00000000ebd00000)
  from space 1536K, 48% used [0x00000000ebd80000,0x00000000ebe3c010,0x00000000ebf00000)
  to   space 1024K, 0% used [0x00000000ebf00000,0x00000000ebf00000,0x00000000ec000000)
 ParOldGen       total 68608K, used 43431K [0x00000000c0000000, 0x00000000c4300000, 0x00000000eab00000)
  object space 68608K, 63% used [0x00000000c0000000,0x00000000c2a69c78,0x00000000c4300000)
 Metaspace       used 62166K, committed 63296K, reserved 1114112K
  class space    used 6631K, committed 7104K, reserved 1048576K
}
Event: 8,863 GC heap before
{Heap before GC invocations=39 (full 3):
 PSYoungGen      total 19968K, used 19184K [0x00000000eab00000, 0x00000000ec000000, 0x0000000100000000)
  eden space 18432K, 100% used [0x00000000eab00000,0x00000000ebd00000,0x00000000ebd00000)
  from space 1536K, 48% used [0x00000000ebd80000,0x00000000ebe3c010,0x00000000ebf00000)
  to   space 1024K, 0% used [0x00000000ebf00000,0x00000000ebf00000,0x00000000ec000000)
 ParOldGen       total 68608K, used 43431K [0x00000000c0000000, 0x00000000c4300000, 0x00000000eab00000)
  object space 68608K, 63% used [0x00000000c0000000,0x00000000c2a69c78,0x00000000c4300000)
 Metaspace       used 62207K, committed 63360K, reserved 1114112K
  class space    used 6632K, committed 7104K, reserved 1048576K
}
Event: 8,865 GC heap after
{Heap after GC invocations=39 (full 3):
 PSYoungGen      total 19456K, used 704K [0x00000000eab00000, 0x00000000ec000000, 0x0000000100000000)
  eden space 18432K, 0% used [0x00000000eab00000,0x00000000eab00000,0x00000000ebd00000)
  from space 1024K, 68% used [0x00000000ebf00000,0x00000000ebfb0000,0x00000000ec000000)
  to   space 1024K, 0% used [0x00000000ebe00000,0x00000000ebe00000,0x00000000ebf00000)
 ParOldGen       total 68608K, used 44060K [0x00000000c0000000, 0x00000000c4300000, 0x00000000eab00000)
  object space 68608K, 64% used [0x00000000c0000000,0x00000000c2b07370,0x00000000c4300000)
 Metaspace       used 62207K, committed 63360K, reserved 1114112K
  class space    used 6632K, committed 7104K, reserved 1048576K
}
Event: 8,913 GC heap before
{Heap before GC invocations=40 (full 3):
 PSYoungGen      total 19456K, used 19136K [0x00000000eab00000, 0x00000000ec000000, 0x0000000100000000)
  eden space 18432K, 100% used [0x00000000eab00000,0x00000000ebd00000,0x00000000ebd00000)
  from space 1024K, 68% used [0x00000000ebf00000,0x00000000ebfb0000,0x00000000ec000000)
  to   space 1024K, 0% used [0x00000000ebe00000,0x00000000ebe00000,0x00000000ebf00000)
 ParOldGen       total 68608K, used 44060K [0x00000000c0000000, 0x00000000c4300000, 0x00000000eab00000)
  object space 68608K, 64% used [0x00000000c0000000,0x00000000c2b07370,0x00000000c4300000)
 Metaspace       used 62230K, committed 63360K, reserved 1114112K
  class space    used 6632K, committed 7104K, reserved 1048576K
}
Event: 8,915 GC heap after
{Heap after GC invocations=40 (full 3):
 PSYoungGen      total 19456K, used 608K [0x00000000eab00000, 0x00000000ebf80000, 0x0000000100000000)
  eden space 18432K, 0% used [0x00000000eab00000,0x00000000eab00000,0x00000000ebd00000)
  from space 1024K, 59% used [0x00000000ebe00000,0x00000000ebe98000,0x00000000ebf00000)
  to   space 512K, 0% used [0x00000000ebf00000,0x00000000ebf00000,0x00000000ebf80000)
 ParOldGen       total 68608K, used 44604K [0x00000000c0000000, 0x00000000c4300000, 0x00000000eab00000)
  object space 68608K, 65% used [0x00000000c0000000,0x00000000c2b8f370,0x00000000c4300000)
 Metaspace       used 62230K, committed 63360K, reserved 1114112K
  class space    used 6632K, committed 7104K, reserved 1048576K
}
Event: 8,967 GC heap before
{Heap before GC invocations=41 (full 3):
 PSYoungGen      total 19456K, used 19040K [0x00000000eab00000, 0x00000000ebf80000, 0x0000000100000000)
  eden space 18432K, 100% used [0x00000000eab00000,0x00000000ebd00000,0x00000000ebd00000)
  from space 1024K, 59% used [0x00000000ebe00000,0x00000000ebe98000,0x00000000ebf00000)
  to   space 512K, 0% used [0x00000000ebf00000,0x00000000ebf00000,0x00000000ebf80000)
 ParOldGen       total 68608K, used 44604K [0x00000000c0000000, 0x00000000c4300000, 0x00000000eab00000)
  object space 68608K, 65% used [0x00000000c0000000,0x00000000c2b8f370,0x00000000c4300000)
 Metaspace       used 62282K, committed 63360K, reserved 1114112K
  class space    used 6632K, committed 7104K, reserved 1048576K
}
Event: 8,969 GC heap after
{Heap after GC invocations=41 (full 3):
 PSYoungGen      total 18944K, used 480K [0x00000000eab00000, 0x00000000ebf80000, 0x0000000100000000)
  eden space 18432K, 0% used [0x00000000eab00000,0x00000000eab00000,0x00000000ebd00000)
  from space 512K, 93% used [0x00000000ebf00000,0x00000000ebf78000,0x00000000ebf80000)
  to   space 1024K, 0% used [0x00000000ebd80000,0x00000000ebd80000,0x00000000ebe80000)
 ParOldGen       total 68608K, used 44988K [0x00000000c0000000, 0x00000000c4300000, 0x00000000eab00000)
  object space 68608K, 65% used [0x00000000c0000000,0x00000000c2bef370,0x00000000c4300000)
 Metaspace       used 62282K, committed 63360K, reserved 1114112K
  class space    used 6632K, committed 7104K, reserved 1048576K
}
Event: 9,021 GC heap before
{Heap before GC invocations=42 (full 3):
 PSYoungGen      total 18944K, used 18901K [0x00000000eab00000, 0x00000000ebf80000, 0x0000000100000000)
  eden space 18432K, 99% used [0x00000000eab00000,0x00000000ebcfd610,0x00000000ebd00000)
  from space 512K, 93% used [0x00000000ebf00000,0x00000000ebf78000,0x00000000ebf80000)
  to   space 1024K, 0% used [0x00000000ebd80000,0x00000000ebd80000,0x00000000ebe80000)
 ParOldGen       total 68608K, used 44988K [0x00000000c0000000, 0x00000000c4300000, 0x00000000eab00000)
  object space 68608K, 65% used [0x00000000c0000000,0x00000000c2bef370,0x00000000c4300000)
 Metaspace       used 62310K, committed 63360K, reserved 1114112K
  class space    used 6632K, committed 7104K, reserved 1048576K
}
Event: 9,023 GC heap after
{Heap after GC invocations=42 (full 3):
 PSYoungGen      total 19456K, used 512K [0x00000000eab00000, 0x00000000ebf80000, 0x0000000100000000)
  eden space 18432K, 0% used [0x00000000eab00000,0x00000000eab00000,0x00000000ebd00000)
  from space 1024K, 50% used [0x00000000ebd80000,0x00000000ebe00000,0x00000000ebe80000)
  to   space 1024K, 0% used [0x00000000ebe80000,0x00000000ebe80000,0x00000000ebf80000)
 ParOldGen       total 68608K, used 45332K [0x00000000c0000000, 0x00000000c4300000, 0x00000000eab00000)
  object space 68608K, 66% used [0x00000000c0000000,0x00000000c2c45370,0x00000000c4300000)
 Metaspace       used 62310K, committed 63360K, reserved 1114112K
  class space    used 6632K, committed 7104K, reserved 1048576K
}
Event: 9,070 GC heap before
{Heap before GC invocations=43 (full 3):
 PSYoungGen      total 19456K, used 18944K [0x00000000eab00000, 0x00000000ebf80000, 0x0000000100000000)
  eden space 18432K, 100% used [0x00000000eab00000,0x00000000ebd00000,0x00000000ebd00000)
  from space 1024K, 50% used [0x00000000ebd80000,0x00000000ebe00000,0x00000000ebe80000)
  to   space 1024K, 0% used [0x00000000ebe80000,0x00000000ebe80000,0x00000000ebf80000)
 ParOldGen       total 68608K, used 45332K [0x00000000c0000000, 0x00000000c4300000, 0x00000000eab00000)
  object space 68608K, 66% used [0x00000000c0000000,0x00000000c2c45370,0x00000000c4300000)
 Metaspace       used 62329K, committed 63424K, reserved 1114112K
  class space    used 6637K, committed 7104K, reserved 1048576K
}
Event: 9,071 GC heap after
{Heap after GC invocations=43 (full 3):
 PSYoungGen      total 18944K, used 498K [0x00000000eab00000, 0x00000000ebf00000, 0x0000000100000000)
  eden space 18432K, 0% used [0x00000000eab00000,0x00000000eab00000,0x00000000ebd00000)
  from space 512K, 97% used [0x00000000ebe80000,0x00000000ebefc810,0x00000000ebf00000)
  to   space 512K, 0% used [0x00000000ebe00000,0x00000000ebe00000,0x00000000ebe80000)
 ParOldGen       total 68608K, used 45569K [0x00000000c0000000, 0x00000000c4300000, 0x00000000eab00000)
  object space 68608K, 66% used [0x00000000c0000000,0x00000000c2c806c8,0x00000000c4300000)
 Metaspace       used 62329K, committed 63424K, reserved 1114112K
  class space    used 6637K, committed 7104K, reserved 1048576K
}
Event: 9,126 GC heap before
{Heap before GC invocations=44 (full 3):
 PSYoungGen      total 18944K, used 18928K [0x00000000eab00000, 0x00000000ebf00000, 0x0000000100000000)
  eden space 18432K, 99% used [0x00000000eab00000,0x00000000ebcff878,0x00000000ebd00000)
  from space 512K, 97% used [0x00000000ebe80000,0x00000000ebefc810,0x00000000ebf00000)
  to   space 512K, 0% used [0x00000000ebe00000,0x00000000ebe00000,0x00000000ebe80000)
 ParOldGen       total 68608K, used 45569K [0x00000000c0000000, 0x00000000c4300000, 0x00000000eab00000)
  object space 68608K, 66% used [0x00000000c0000000,0x00000000c2c806c8,0x00000000c4300000)
 Metaspace       used 62337K, committed 63424K, reserved 1114112K
  class space    used 6637K, committed 7104K, reserved 1048576K
}
Event: 9,128 GC heap after
{Heap after GC invocations=44 (full 3):
 PSYoungGen      total 18944K, used 480K [0x00000000eab00000, 0x00000000ebf00000, 0x0000000100000000)
  eden space 18432K, 0% used [0x00000000eab00000,0x00000000eab00000,0x00000000ebd00000)
  from space 512K, 93% used [0x00000000ebe00000,0x00000000ebe78220,0x00000000ebe80000)
  to   space 512K, 0% used [0x00000000ebe80000,0x00000000ebe80000,0x00000000ebf00000)
 ParOldGen       total 68608K, used 45681K [0x00000000c0000000, 0x00000000c4300000, 0x00000000eab00000)
  object space 68608K, 66% used [0x00000000c0000000,0x00000000c2c9c6c8,0x00000000c4300000)
 Metaspace       used 62337K, committed 63424K, reserved 1114112K
  class space    used 6637K, committed 7104K, reserved 1048576K
}
Event: 9,185 GC heap before
{Heap before GC invocations=45 (full 3):
 PSYoungGen      total 18944K, used 18912K [0x00000000eab00000, 0x00000000ebf00000, 0x0000000100000000)
  eden space 18432K, 100% used [0x00000000eab00000,0x00000000ebd00000,0x00000000ebd00000)
  from space 512K, 93% used [0x00000000ebe00000,0x00000000ebe78220,0x00000000ebe80000)
  to   space 512K, 0% used [0x00000000ebe80000,0x00000000ebe80000,0x00000000ebf00000)
 ParOldGen       total 68608K, used 45681K [0x00000000c0000000, 0x00000000c4300000, 0x00000000eab00000)
  object space 68608K, 66% used [0x00000000c0000000,0x00000000c2c9c6c8,0x00000000c4300000)
 Metaspace       used 62359K, committed 63424K, reserved 1114112K
  class space    used 6641K, committed 7104K, reserved 1048576K
}
Event: 9,187 GC heap after
{Heap after GC invocations=45 (full 3):
 PSYoungGen      total 18944K, used 384K [0x00000000eab00000, 0x00000000ebf00000, 0x0000000100000000)
  eden space 18432K, 0% used [0x00000000eab00000,0x00000000eab00000,0x00000000ebd00000)
  from space 512K, 75% used [0x00000000ebe80000,0x00000000ebee0000,0x00000000ebf00000)
  to   space 512K, 0% used [0x00000000ebe00000,0x00000000ebe00000,0x00000000ebe80000)
 ParOldGen       total 68608K, used 45749K [0x00000000c0000000, 0x00000000c4300000, 0x00000000eab00000)
  object space 68608K, 66% used [0x00000000c0000000,0x00000000c2cad6d8,0x00000000c4300000)
 Metaspace       used 62359K, committed 63424K, reserved 1114112K
  class space    used 6641K, committed 7104K, reserved 1048576K
}
Event: 9,249 GC heap before
{Heap before GC invocations=46 (full 3):
 PSYoungGen      total 18944K, used 18816K [0x00000000eab00000, 0x00000000ebf00000, 0x0000000100000000)
  eden space 18432K, 100% used [0x00000000eab00000,0x00000000ebd00000,0x00000000ebd00000)
  from space 512K, 75% used [0x00000000ebe80000,0x00000000ebee0000,0x00000000ebf00000)
  to   space 512K, 0% used [0x00000000ebe00000,0x00000000ebe00000,0x00000000ebe80000)
 ParOldGen       total 68608K, used 45749K [0x00000000c0000000, 0x00000000c4300000, 0x00000000eab00000)
  object space 68608K, 66% used [0x00000000c0000000,0x00000000c2cad6d8,0x00000000c4300000)
 Metaspace       used 62389K, committed 63424K, reserved 1114112K
  class space    used 6645K, committed 7104K, reserved 1048576K
}
Event: 9,255 GC heap after
{Heap after GC invocations=46 (full 3):
 PSYoungGen      total 18944K, used 384K [0x00000000eab00000, 0x00000000ebf00000, 0x0000000100000000)
  eden space 18432K, 0% used [0x00000000eab00000,0x00000000eab00000,0x00000000ebd00000)
  from space 512K, 75% used [0x00000000ebe00000,0x00000000ebe60000,0x00000000ebe80000)
  to   space 512K, 0% used [0x00000000ebe80000,0x00000000ebe80000,0x00000000ebf00000)
 ParOldGen       total 68608K, used 45845K [0x00000000c0000000, 0x00000000c4300000, 0x00000000eab00000)
  object space 68608K, 66% used [0x00000000c0000000,0x00000000c2cc56d8,0x00000000c4300000)
 Metaspace       used 62389K, committed 63424K, reserved 1114112K
  class space    used 6645K, committed 7104K, reserved 1048576K
}

Dll operation events (9 events):
Event: 0,004 Loaded shared library /home/sergio/.vscode/extensions/redhat.java-1.30.0-linux-x64/jre/17.0.10-linux-x86_64/lib/libjava.so
Event: 0,166 Loaded shared library /home/sergio/.vscode/extensions/redhat.java-1.30.0-linux-x64/jre/17.0.10-linux-x86_64/lib/libzip.so
Event: 0,169 Loaded shared library /home/sergio/.vscode/extensions/redhat.java-1.30.0-linux-x64/jre/17.0.10-linux-x86_64/lib/libinstrument.so
Event: 0,177 Loaded shared library /home/sergio/.vscode/extensions/redhat.java-1.30.0-linux-x64/jre/17.0.10-linux-x86_64/lib/libnio.so
Event: 0,188 Loaded shared library /home/sergio/.vscode/extensions/redhat.java-1.30.0-linux-x64/jre/17.0.10-linux-x86_64/lib/libzip.so
Event: 0,206 Loaded shared library /home/sergio/.vscode/extensions/redhat.java-1.30.0-linux-x64/jre/17.0.10-linux-x86_64/lib/libjimage.so
Event: 0,257 Loaded shared library /home/sergio/.vscode/extensions/redhat.java-1.30.0-linux-x64/jre/17.0.10-linux-x86_64/lib/libverify.so
Event: 0,788 Loaded shared library /home/sergio/.vscode/extensions/redhat.java-1.30.0-linux-x64/jre/17.0.10-linux-x86_64/lib/libnet.so
Event: 1,182 Loaded shared library /home/sergio/.config/Code/User/globalStorage/redhat.java/1.30.0/config_linux/org.eclipse.equinox.launcher/org.eclipse.equinox.launcher.gtk.linux.x86_64_1.2.900.v20240129-1338/eclipse_11900.so

Deoptimization events (20 events):
Event: 8,699 Thread 0x0000767a20000ff0 Uncommon trap: trap_request=0xffffff45 fr.pc=0x0000767ae4c49dec relative=0x000000000000024c
Event: 8,699 Thread 0x0000767a20000ff0 Uncommon trap: reason=unstable_if action=reinterpret pc=0x0000767ae4c49dec method=org.eclipse.core.internal.watson.ElementTree.getElementData(Lorg/eclipse/core/runtime/IPath;)Ljava/lang/Object; @ 25 c2
Event: 8,700 Thread 0x0000767a20000ff0 DEOPT PACKING pc=0x0000767ae4c49dec sp=0x0000767a72a2a4f0
Event: 8,700 Thread 0x0000767a20000ff0 DEOPT UNPACKING pc=0x0000767ae458d399 sp=0x0000767a72a2a4a0 mode 2
Event: 8,748 Thread 0x0000767a14000ff0 DEOPT PACKING pc=0x0000767addcbb8ef sp=0x0000767a7292a1d0
Event: 8,748 Thread 0x0000767a14000ff0 DEOPT UNPACKING pc=0x0000767ae458db2f sp=0x0000767a72929728 mode 0
Event: 8,751 Thread 0x0000767a14000ff0 DEOPT PACKING pc=0x0000767addc976a4 sp=0x0000767a7292a3e0
Event: 8,751 Thread 0x0000767a14000ff0 DEOPT UNPACKING pc=0x0000767ae458db2f sp=0x0000767a72929958 mode 0
Event: 8,785 Thread 0x0000767a14000ff0 DEOPT PACKING pc=0x0000767addc9d60c sp=0x0000767a7292a3c0
Event: 8,785 Thread 0x0000767a14000ff0 DEOPT UNPACKING pc=0x0000767ae458db2f sp=0x0000767a72929960 mode 0
Event: 8,809 Thread 0x0000767aec711c40 Uncommon trap: trap_request=0xffffff45 fr.pc=0x0000767ae4b89130 relative=0x0000000000000670
Event: 8,809 Thread 0x0000767aec711c40 Uncommon trap: reason=unstable_if action=reinterpret pc=0x0000767ae4b89130 method=org.eclipse.jdt.internal.core.util.HashtableOfArrayToObject.get([Ljava/lang/Object;)Ljava/lang/Object; @ 64 c2
Event: 8,809 Thread 0x0000767aec711c40 DEOPT PACKING pc=0x0000767ae4b89130 sp=0x0000767a72e29f00
Event: 8,809 Thread 0x0000767aec711c40 DEOPT UNPACKING pc=0x0000767ae458d399 sp=0x0000767a72e29ee0 mode 2
Event: 8,810 Thread 0x0000767aec711c40 Uncommon trap: trap_request=0xffffffbe fr.pc=0x0000767ae4dc6448 relative=0x0000000000002f68
Event: 8,810 Thread 0x0000767aec711c40 Uncommon trap: reason=profile_predicate action=maybe_recompile pc=0x0000767ae4dc6448 method=org.eclipse.jdt.internal.core.util.HashtableOfArrayToObject.getKey([Ljava/lang/Object;I)[Ljava/lang/Object; @ 61 c2
Event: 8,810 Thread 0x0000767aec711c40 DEOPT PACKING pc=0x0000767ae4dc6448 sp=0x0000767a72e28c60
Event: 8,810 Thread 0x0000767aec711c40 DEOPT UNPACKING pc=0x0000767ae458d399 sp=0x0000767a72e28bb8 mode 2
Event: 8,837 Thread 0x0000767a14000ff0 DEOPT PACKING pc=0x0000767addce74a5 sp=0x0000767a7292a380
Event: 8,837 Thread 0x0000767a14000ff0 DEOPT UNPACKING pc=0x0000767ae458db2f sp=0x0000767a72929890 mode 0

Classes unloaded (13 events):
Event: 3,948 Thread 0x0000767aec069290 Unloading class 0x000000010025a400 'java/lang/invoke/LambdaForm$MH+0x000000010025a400'
Event: 3,948 Thread 0x0000767aec069290 Unloading class 0x000000010025a000 'java/lang/invoke/LambdaForm$MH+0x000000010025a000'
Event: 3,948 Thread 0x0000767aec069290 Unloading class 0x0000000100259c00 'java/lang/invoke/LambdaForm$MH+0x0000000100259c00'
Event: 3,948 Thread 0x0000767aec069290 Unloading class 0x0000000100259800 'java/lang/invoke/LambdaForm$MH+0x0000000100259800'
Event: 3,948 Thread 0x0000767aec069290 Unloading class 0x0000000100259400 'java/lang/invoke/LambdaForm$BMH+0x0000000100259400'
Event: 3,948 Thread 0x0000767aec069290 Unloading class 0x0000000100259000 'java/lang/invoke/LambdaForm$DMH+0x0000000100259000'
Event: 3,948 Thread 0x0000767aec069290 Unloading class 0x0000000100256400 'java/lang/invoke/LambdaForm$DMH+0x0000000100256400'
Event: 8,134 Thread 0x0000767aec069290 Unloading class 0x0000000100429c00 'java/lang/invoke/LambdaForm$MH+0x0000000100429c00'
Event: 8,134 Thread 0x0000767aec069290 Unloading class 0x0000000100429400 'java/lang/invoke/LambdaForm$MH+0x0000000100429400'
Event: 8,134 Thread 0x0000767aec069290 Unloading class 0x0000000100429000 'java/lang/invoke/LambdaForm$MH+0x0000000100429000'
Event: 8,134 Thread 0x0000767aec069290 Unloading class 0x0000000100428800 'java/lang/invoke/LambdaForm$DMH+0x0000000100428800'
Event: 8,134 Thread 0x0000767aec069290 Unloading class 0x0000000100423c00 'java/lang/invoke/LambdaForm$MH+0x0000000100423c00'
Event: 8,134 Thread 0x0000767aec069290 Unloading class 0x0000000100423400 'java/lang/invoke/LambdaForm$MH+0x0000000100423400'

Classes redefined (0 events):
No events

Internal exceptions (20 events):
Event: 6,584 Thread 0x0000767a6c417db0 Exception <a 'java/lang/NoSuchMethodError'{0x00000000eb5e11b8}: 'java.lang.Object java.lang.invoke.Invokers$Holder.invoke_MT(java.lang.Object, java.lang.Object, java.lang.Object)'> (0x00000000eb5e11b8) 
thrown [src/hotspot/share/interpreter/linkResolver.cpp, line 758]
Event: 7,698 Thread 0x0000767a6c417db0 Exception <a 'sun/nio/fs/UnixException'{0x00000000eafff460}> (0x00000000eafff460) 
thrown [src/hotspot/share/prims/jni.cpp, line 516]
Event: 7,701 Thread 0x0000767a6c417db0 Exception <a 'sun/nio/fs/UnixException'{0x00000000eb017130}> (0x00000000eb017130) 
thrown [src/hotspot/share/prims/jni.cpp, line 516]
Event: 7,748 Thread 0x0000767aec711c40 Exception <a 'java/lang/NoSuchMethodError'{0x00000000eb3322f0}: 'java.lang.Object java.lang.invoke.DirectMethodHandle$Holder.invokeInterface(java.lang.Object, java.lang.Object, java.lang.Object)'> (0x00000000eb3322f0) 
thrown [src/hotspot/share/interpreter/linkResolver.cpp, line 758]
Event: 7,887 Thread 0x0000767a6c423d50 Exception <a 'java/lang/NoSuchMethodError'{0x00000000ead8db90}: 'java.lang.Object java.lang.invoke.DirectMethodHandle$Holder.invokeStatic(java.lang.Object, java.lang.Object, int, java.lang.Object)'> (0x00000000ead8db90) 
thrown [src/hotspot/share/interpreter/linkResolver.cpp, line 758]
Event: 7,888 Thread 0x0000767a6c423d50 Exception <a 'java/lang/NoSuchMethodError'{0x00000000eadba9d8}: 'java.lang.Object java.lang.invoke.DirectMethodHandle$Holder.newInvokeSpecial(java.lang.Object, java.lang.Object, int)'> (0x00000000eadba9d8) 
thrown [src/hotspot/share/interpreter/linkResolver.cpp, line 758]
Event: 8,250 Thread 0x0000767a380789f0 Exception <a 'java/lang/LinkageError'{0x00000000eadefd00}: loader lombok.launch.ShadowClassLoader @2f2d7a33 attempted duplicate class definition for lombok.launch.PatchFixesHider$ValPortal. (lombok.launch.PatchFixesHider$ValPortal is in unnamed module of loader lombok.launch.ShadowClassLoader @2f2d7a33, parent loader org.eclipse.osgi.internal.loader.EquinoxClassLoader @22ac3964)> (0x00000000eadefd00) 
thrown [src/hotspot/share/classfile/systemDictionary.cpp, line 1724]
Event: 8,250 Thread 0x0000767a380752f0 Exception <a 'java/lang/LinkageError'{0x00000000eaddd3a8}: loader lombok.launch.ShadowClassLoader @2f2d7a33 attempted duplicate class definition for lombok.launch.PatchFixesHider$ValPortal. (lombok.launch.PatchFixesHider$ValPortal is in unnamed module of loader lombok.launch.ShadowClassLoader @2f2d7a33, parent loader org.eclipse.osgi.internal.loader.EquinoxClassLoader @22ac3964)> (0x00000000eaddd3a8) 
thrown [src/hotspot/share/classfile/systemDictionary.cpp, line 1724]
Event: 8,251 Thread 0x0000767a20000ff0 Exception <a 'java/lang/LinkageError'{0x00000000eadffc28}: loader lombok.launch.ShadowClassLoader @2f2d7a33 attempted duplicate class definition for lombok.launch.PatchFixesHider$ValPortal. (lombok.launch.PatchFixesHider$ValPortal is in unnamed module of loader lombok.launch.ShadowClassLoader @2f2d7a33, parent loader org.eclipse.osgi.internal.loader.EquinoxClassLoader @22ac3964)> (0x00000000eadffc28) 
thrown [src/hotspot/share/classfile/systemDictionary.cpp, line 1724]
Event: 8,537 Thread 0x0000767a1c000ff0 Exception <a 'java/lang/LinkageError'{0x00000000ebbacb20}: loader lombok.launch.ShadowClassLoader @2455f765 attempted duplicate class definition for lombok.launch.PatchFixesHider$FieldInitializer. (lombok.launch.PatchFixesHider$FieldInitializer is in unnamed module of loader lombok.launch.ShadowClassLoader @2455f765, parent loader org.eclipse.osgi.internal.loader.EquinoxClassLoader @7a315d7c)> (0x00000000ebbacb20) 
thrown [src/hotspot/share/classfile/systemDictionary.cpp, line 1724]
Event: 8,537 Thread 0x0000767a0c000ff0 Exception <a 'java/lang/LinkageError'{0x00000000ebb7c550}: loader lombok.launch.ShadowClassLoader @2455f765 attempted duplicate class definition for lombok.launch.PatchFixesHider$FieldInitializer. (lombok.launch.PatchFixesHider$FieldInitializer is in unnamed module of loader lombok.launch.ShadowClassLoader @2455f765, parent loader org.eclipse.osgi.internal.loader.EquinoxClassLoader @7a315d7c)> (0x00000000ebb7c550) 
thrown [src/hotspot/share/classfile/systemDictionary.cpp, line 1724]
Event: 8,537 Thread 0x0000767a14000ff0 Exception <a 'java/lang/LinkageError'{0x00000000ebbb4c30}: loader lombok.launch.ShadowClassLoader @2455f765 attempted duplicate class definition for lombok.launch.PatchFixesHider$FieldInitializer. (lombok.launch.PatchFixesHider$FieldInitializer is in unnamed module of loader lombok.launch.ShadowClassLoader @2455f765, parent loader org.eclipse.osgi.internal.loader.EquinoxClassLoader @7a315d7c)> (0x00000000ebbb4c30) 
thrown [src/hotspot/share/classfile/systemDictionary.cpp, line 1724]
Event: 8,538 Thread 0x0000767a20000ff0 Exception <a 'java/lang/LinkageError'{0x00000000ebb76f30}: loader lombok.launch.ShadowClassLoader @2455f765 attempted duplicate class definition for lombok.launch.PatchFixesHider$FieldInitializer. (lombok.launch.PatchFixesHider$FieldInitializer is in unnamed module of loader lombok.launch.ShadowClassLoader @2455f765, parent loader org.eclipse.osgi.internal.loader.EquinoxClassLoader @7a315d7c)> (0x00000000ebb76f30) 
thrown [src/hotspot/share/classfile/systemDictionary.cpp, line 1724]
Event: 8,538 Thread 0x0000767aec711c40 Exception <a 'java/lang/LinkageError'{0x00000000eba683f8}: loader lombok.launch.ShadowClassLoader @2455f765 attempted duplicate class definition for lombok.launch.PatchFixesHider$FieldInitializer. (lombok.launch.PatchFixesHider$FieldInitializer is in unnamed module of loader lombok.launch.ShadowClassLoader @2455f765, parent loader org.eclipse.osgi.internal.loader.EquinoxClassLoader @7a315d7c)> (0x00000000eba683f8) 
thrown [src/hotspot/share/classfile/systemDictionary.cpp, line 1724]
Event: 8,538 Thread 0x0000767a380752f0 Exception <a 'java/lang/LinkageError'{0x00000000ebbc1260}: loader lombok.launch.ShadowClassLoader @2455f765 attempted duplicate class definition for lombok.launch.PatchFixesHider$FieldInitializer. (lombok.launch.PatchFixesHider$FieldInitializer is in unnamed module of loader lombok.launch.ShadowClassLoader @2455f765, parent loader org.eclipse.osgi.internal.loader.EquinoxClassLoader @7a315d7c)> (0x00000000ebbc1260) 
thrown [src/hotspot/share/classfile/systemDictionary.cpp, line 1724]
Event: 8,538 Thread 0x0000767a380789f0 Exception <a 'java/lang/LinkageError'{0x00000000ebbc3d40}: loader lombok.launch.ShadowClassLoader @2455f765 attempted duplicate class definition for lombok.launch.PatchFixesHider$FieldInitializer. (lombok.launch.PatchFixesHider$FieldInitializer is in unnamed module of loader lombok.launch.ShadowClassLoader @2455f765, parent loader org.eclipse.osgi.internal.loader.EquinoxClassLoader @7a315d7c)> (0x00000000ebbc3d40) 
thrown [src/hotspot/share/classfile/systemDictionary.cpp, line 1724]
Event: 8,671 Thread 0x0000767a14000ff0 Exception <a 'java/io/FileNotFoundException'{0x00000000eba112b0}> (0x00000000eba112b0) 
thrown [src/hotspot/share/prims/jni.cpp, line 516]
Event: 8,671 Thread 0x0000767a14000ff0 Exception <a 'java/io/FileNotFoundException'{0x00000000eba25a28}> (0x00000000eba25a28) 
thrown [src/hotspot/share/prims/jni.cpp, line 516]
Event: 9,134 Thread 0x0000767a6c417db0 Exception <a 'java/lang/NoSuchMethodError'{0x00000000eabc57a0}: 'java.lang.Object java.lang.invoke.DirectMethodHandle$Holder.invokeSpecial(java.lang.Object, java.lang.Object, int, long)'> (0x00000000eabc57a0) 
thrown [src/hotspot/share/interpreter/linkResolver.cpp, line 758]
Event: 9,224 Thread 0x0000767aec711c40 Exception <a 'java/lang/IncompatibleClassChangeError'{0x00000000eb5e31c0}: Found class java.lang.Object, but interface was expected> (0x00000000eb5e31c0) 
thrown [src/hotspot/share/interpreter/linkResolver.cpp, line 826]

VM Operations (20 events):
Event: 8,764 Executing VM operation: HandshakeAllThreads
Event: 8,765 Executing VM operation: HandshakeAllThreads done
Event: 8,805 Executing VM operation: ParallelGCFailedAllocation
Event: 8,808 Executing VM operation: ParallelGCFailedAllocation done
Event: 8,863 Executing VM operation: ParallelGCFailedAllocation
Event: 8,865 Executing VM operation: ParallelGCFailedAllocation done
Event: 8,913 Executing VM operation: ParallelGCFailedAllocation
Event: 8,915 Executing VM operation: ParallelGCFailedAllocation done
Event: 8,967 Executing VM operation: ParallelGCFailedAllocation
Event: 8,969 Executing VM operation: ParallelGCFailedAllocation done
Event: 9,021 Executing VM operation: ParallelGCFailedAllocation
Event: 9,023 Executing VM operation: ParallelGCFailedAllocation done
Event: 9,069 Executing VM operation: ParallelGCFailedAllocation
Event: 9,071 Executing VM operation: ParallelGCFailedAllocation done
Event: 9,124 Executing VM operation: ParallelGCFailedAllocation
Event: 9,128 Executing VM operation: ParallelGCFailedAllocation done
Event: 9,184 Executing VM operation: ParallelGCFailedAllocation
Event: 9,187 Executing VM operation: ParallelGCFailedAllocation done
Event: 9,248 Executing VM operation: ParallelGCFailedAllocation
Event: 9,255 Executing VM operation: ParallelGCFailedAllocation done

Events (20 events):
Event: 8,513 Thread 0x0000767aec22a780 flushing nmethod 0x0000767ae4c72e90
Event: 8,513 Thread 0x0000767aec22a780 flushing nmethod 0x0000767ae4c80990
Event: 8,518 Thread 0x0000767aec22a780 flushing nmethod 0x0000767add308590
Event: 8,520 Thread 0x0000767aec22a780 flushing nmethod 0x0000767add48d210
Event: 8,529 Thread 0x0000767aec22a780 flushing nmethod 0x0000767add99b310
Event: 8,533 Thread 0x0000767aec22a780 flushing nmethod 0x0000767addb47890
Event: 8,549 loading class java/util/Hashtable$ValueCollection
Event: 8,549 loading class java/util/Hashtable$ValueCollection done
Event: 8,648 loading class java/nio/charset/IllegalCharsetNameException
Event: 8,648 loading class java/nio/charset/IllegalCharsetNameException done
Event: 8,648 loading class java/nio/charset/CharacterCodingException
Event: 8,648 loading class java/nio/charset/CharacterCodingException done
Event: 8,648 loading class java/io/SequenceInputStream
Event: 8,649 loading class java/io/SequenceInputStream done
Event: 8,661 loading class java/util/WeakHashMap$KeyIterator
Event: 8,661 loading class java/util/WeakHashMap$KeyIterator done
Event: 8,713 loading class java/lang/UnsupportedClassVersionError
Event: 8,713 loading class java/lang/UnsupportedClassVersionError done
Event: 8,732 loading class jdk/internal/reflect/UnsafeQualifiedStaticIntegerFieldAccessorImpl
Event: 8,733 loading class jdk/internal/reflect/UnsafeQualifiedStaticIntegerFieldAccessorImpl done


Dynamic libraries:
c0000000-c4300000 rw-p 00000000 00:00 0 
c4300000-eab00000 ---p 00000000 00:00 0 
eab00000-ebf00000 rw-p 00000000 00:00 0 
ebf00000-100000000 ---p 00000000 00:00 0 
100000000-100010000 rw-p 00000000 00:00 0 
100010000-100030000 rw-p 00000000 00:00 0 
100030000-1000b0000 rw-p 00000000 00:00 0 
1000b0000-1000d0000 rw-p 00000000 00:00 0 
1000d0000-100130000 rw-p 00000000 00:00 0 
100130000-100170000 rw-p 00000000 00:00 0 
100170000-1001f0000 rw-p 00000000 00:00 0 
1001f0000-1002d0000 rw-p 00000000 00:00 0 
1002d0000-1002f0000 rw-p 00000000 00:00 0 
1002f0000-1003b0000 rw-p 00000000 00:00 0 
1003b0000-1003f0000 rw-p 00000000 00:00 0 
1003f0000-1006f0000 rw-p 00000000 00:00 0 
1006f0000-140000000 ---p 00000000 00:00 0 
60e72e9c4000-60e72e9c5000 r--p 00000000 103:03 10252173                  /home/sergio/.vscode/extensions/redhat.java-1.30.0-linux-x64/jre/17.0.10-linux-x86_64/bin/java
60e72e9c5000-60e72e9c6000 r-xp 00001000 103:03 10252173                  /home/sergio/.vscode/extensions/redhat.java-1.30.0-linux-x64/jre/17.0.10-linux-x86_64/bin/java
60e72e9c6000-60e72e9c7000 r--p 00002000 103:03 10252173                  /home/sergio/.vscode/extensions/redhat.java-1.30.0-linux-x64/jre/17.0.10-linux-x86_64/bin/java
60e72e9c7000-60e72e9c8000 r--p 00002000 103:03 10252173                  /home/sergio/.vscode/extensions/redhat.java-1.30.0-linux-x64/jre/17.0.10-linux-x86_64/bin/java
60e72e9c8000-60e72e9c9000 rw-p 00003000 103:03 10252173                  /home/sergio/.vscode/extensions/redhat.java-1.30.0-linux-x64/jre/17.0.10-linux-x86_64/bin/java
60e72efa5000-60e72efee000 rw-p 00000000 00:00 0                          [heap]
767a0c000000-767a0c021000 rw-p 00000000 00:00 0 
767a0c021000-767a10000000 ---p 00000000 00:00 0 
767a10000000-767a100a0000 rw-p 00000000 00:00 0 
767a100a0000-767a14000000 ---p 00000000 00:00 0 
767a14000000-767a14021000 rw-p 00000000 00:00 0 
767a14021000-767a18000000 ---p 00000000 00:00 0 
767a18000000-767a18055000 rw-p 00000000 00:00 0 
767a18055000-767a1c000000 ---p 00000000 00:00 0 
767a1c000000-767a1c048000 rw-p 00000000 00:00 0 
767a1c048000-767a20000000 ---p 00000000 00:00 0 
767a20000000-767a20026000 rw-p 00000000 00:00 0 
767a20026000-767a24000000 ---p 00000000 00:00 0 
767a24000000-767a24023000 rw-p 00000000 00:00 0 
767a24023000-767a28000000 ---p 00000000 00:00 0 
767a2b600000-767a33e25000 r--s 00000000 103:03 8004881                   /usr/lib/jvm/java-11-openjdk-amd64/lib/modules
767a34000000-767a34021000 rw-p 00000000 00:00 0 
767a34021000-767a38000000 ---p 00000000 00:00 0 
767a38000000-767a38197000 rw-p 00000000 00:00 0 
767a38197000-767a3c000000 ---p 00000000 00:00 0 
767a3c000000-767a3c021000 rw-p 00000000 00:00 0 
767a3c021000-767a40000000 ---p 00000000 00:00 0 
767a40000000-767a40021000 rw-p 00000000 00:00 0 
767a40021000-767a44000000 ---p 00000000 00:00 0 
767a44000000-767a44021000 rw-p 00000000 00:00 0 
767a44021000-767a48000000 ---p 00000000 00:00 0 
767a48000000-767a4805b000 rw-p 00000000 00:00 0 
767a4805b000-767a4c000000 ---p 00000000 00:00 0 
767a4c000000-767a4c5d8000 rw-p 00000000 00:00 0 
767a4c5d8000-767a50000000 ---p 00000000 00:00 0 
767a50000000-767a5021b000 rw-p 00000000 00:00 0 
767a5021b000-767a54000000 ---p 00000000 00:00 0 
767a54000000-767a54021000 rw-p 00000000 00:00 0 
767a54021000-767a58000000 ---p 00000000 00:00 0 
767a58000000-767a580f9000 rw-p 00000000 00:00 0 
767a580f9000-767a5c000000 ---p 00000000 00:00 0 
767a5c000000-767a5c021000 rw-p 00000000 00:00 0 
767a5c021000-767a60000000 ---p 00000000 00:00 0 
767a60000000-767a60021000 rw-p 00000000 00:00 0 
767a60021000-767a64000000 ---p 00000000 00:00 0 
767a64000000-767a64021000 rw-p 00000000 00:00 0 
767a64021000-767a68000000 ---p 00000000 00:00 0 
767a68000000-767a68021000 rw-p 00000000 00:00 0 
767a68021000-767a6c000000 ---p 00000000 00:00 0 
767a6c000000-767a6cbcd000 rw-p 00000000 00:00 0 
767a6cbcd000-767a70000000 ---p 00000000 00:00 0 
767a71e2a000-767a720ec000 rw-p 00000000 00:00 0 
767a7237a000-767a7262d000 rw-p 00000000 00:00 0 
767a7262d000-767a72631000 ---p 00000000 00:00 0 
767a72631000-767a7272d000 rw-p 00000000 00:00 0 
767a7272d000-767a72731000 ---p 00000000 00:00 0 
767a72731000-767a7282d000 rw-p 00000000 00:00 0 
767a7282d000-767a72831000 ---p 00000000 00:00 0 
767a72831000-767a7292d000 rw-p 00000000 00:00 0 
767a7292d000-767a72931000 ---p 00000000 00:00 0 
767a72931000-767a72a2d000 rw-p 00000000 00:00 0 
767a72a2d000-767a72a31000 ---p 00000000 00:00 0 
767a72a31000-767a72b2d000 rw-p 00000000 00:00 0 
767a72b2d000-767a72b31000 ---p 00000000 00:00 0 
767a72b31000-767a72c2d000 rw-p 00000000 00:00 0 
767a72c2d000-767a72c31000 ---p 00000000 00:00 0 
767a72c31000-767a72d2d000 rw-p 00000000 00:00 0 
767a72d2d000-767a72d31000 ---p 00000000 00:00 0 
767a72d31000-767a72e2d000 rw-p 00000000 00:00 0 
767a72e2d000-767a72e31000 ---p 00000000 00:00 0 
767a72e31000-767a72f2d000 rw-p 00000000 00:00 0 
767a72f2d000-767a72f31000 ---p 00000000 00:00 0 
767a72f31000-767a7302d000 rw-p 00000000 00:00 0 
767a7302d000-767a73031000 ---p 00000000 00:00 0 
767a73031000-767a7312d000 rw-p 00000000 00:00 0 
767a7312d000-767a73131000 ---p 00000000 00:00 0 
767a73131000-767a7322d000 rw-p 00000000 00:00 0 
767a732ff000-767a73303000 ---p 00000000 00:00 0 
767a73303000-767a733ff000 rw-p 00000000 00:00 0 
767a733ff000-767a73403000 ---p 00000000 00:00 0 
767a73403000-767a734ff000 rw-p 00000000 00:00 0 
767a734ff000-767a73503000 ---p 00000000 00:00 0 
767a73503000-767a735ff000 rw-p 00000000 00:00 0 
767a735ff000-767a73603000 ---p 00000000 00:00 0 
767a73603000-767a736ff000 rw-p 00000000 00:00 0 
767a736ff000-767a73703000 ---p 00000000 00:00 0 
767a73703000-767a737ff000 rw-p 00000000 00:00 0 
767a737ff000-767a73803000 ---p 00000000 00:00 0 
767a73803000-767a738ff000 rw-p 00000000 00:00 0 
767a738ff000-767a73903000 ---p 00000000 00:00 0 
767a73903000-767a739ff000 rw-p 00000000 00:00 0 
767a739ff000-767a73a03000 ---p 00000000 00:00 0 
767a73a03000-767a73aff000 rw-p 00000000 00:00 0 
767a73aff000-767a73b00000 ---p 00000000 00:00 0 
767a73b00000-767a73c00000 rw-p 00000000 00:00 0 
767a73c00000-767a73c10000 r-xp 00000000 103:03 10251717                  /home/sergio/.config/Code/User/globalStorage/redhat.java/1.30.0/config_linux/org.eclipse.equinox.launcher/org.eclipse.equinox.launcher.gtk.linux.x86_64_1.2.900.v20240129-1338/eclipse_11900.so
767a73c10000-767a73e10000 ---p 00010000 103:03 10251717                  /home/sergio/.config/Code/User/globalStorage/redhat.java/1.30.0/config_linux/org.eclipse.equinox.launcher/org.eclipse.equinox.launcher.gtk.linux.x86_64_1.2.900.v20240129-1338/eclipse_11900.so
767a73e10000-767a73e11000 r--p 00010000 103:03 10251717                  /home/sergio/.config/Code/User/globalStorage/redhat.java/1.30.0/config_linux/org.eclipse.equinox.launcher/org.eclipse.equinox.launcher.gtk.linux.x86_64_1.2.900.v20240129-1338/eclipse_11900.so
767a73e11000-767a73e12000 rw-p 00011000 103:03 10251717                  /home/sergio/.config/Code/User/globalStorage/redhat.java/1.30.0/config_linux/org.eclipse.equinox.launcher/org.eclipse.equinox.launcher.gtk.linux.x86_64_1.2.900.v20240129-1338/eclipse_11900.so
767a73e12000-767a73e13000 rw-p 00000000 00:00 0 
767a73f00000-767a73f04000 ---p 00000000 00:00 0 
767a73f04000-767a74000000 rw-p 00000000 00:00 0 
767a74000000-767a74021000 rw-p 00000000 00:00 0 
767a74021000-767a78000000 ---p 00000000 00:00 0 
767a78000000-767a78021000 rw-p 00000000 00:00 0 
767a78021000-767a7c000000 ---p 00000000 00:00 0 
767a7c000000-767a7c021000 rw-p 00000000 00:00 0 
767a7c021000-767a80000000 ---p 00000000 00:00 0 
767a80000000-767a80021000 rw-p 00000000 00:00 0 
767a80021000-767a84000000 ---p 00000000 00:00 0 
767a84000000-767a84021000 rw-p 00000000 00:00 0 
767a84021000-767a88000000 ---p 00000000 00:00 0 
767a88000000-767a88021000 rw-p 00000000 00:00 0 
767a88021000-767a8c000000 ---p 00000000 00:00 0 
767a8c000000-767a8c021000 rw-p 00000000 00:00 0 
767a8c021000-767a90000000 ---p 00000000 00:00 0 
767a90000000-767a90021000 rw-p 00000000 00:00 0 
767a90021000-767a94000000 ---p 00000000 00:00 0 
767a94000000-767a95015000 rw-p 00000000 00:00 0 
767a95015000-767a98000000 ---p 00000000 00:00 0 
767a98000000-767a98021000 rw-p 00000000 00:00 0 
767a98021000-767a9c000000 ---p 00000000 00:00 0 
767a9c000000-767a9c021000 rw-p 00000000 00:00 0 
767a9c021000-767aa0000000 ---p 00000000 00:00 0 
767aa0000000-767aa0021000 rw-p 00000000 00:00 0 
767aa0021000-767aa4000000 ---p 00000000 00:00 0 
767aa4000000-767aa4021000 rw-p 00000000 00:00 0 
767aa4021000-767aa8000000 ---p 00000000 00:00 0 
767aa8000000-767aa9fb9000 rw-p 00000000 00:00 0 
767aa9fb9000-767aac000000 ---p 00000000 00:00 0 
767aac000000-767aacf6e000 rw-p 00000000 00:00 0 
767aacf6e000-767ab0000000 ---p 00000000 00:00 0 
767ab0000000-767ab0021000 rw-p 00000000 00:00 0 
767ab0021000-767ab4000000 ---p 00000000 00:00 0 
767ab4000000-767ab4021000 rw-p 00000000 00:00 0 
767ab4021000-767ab8000000 ---p 00000000 00:00 0 
767ab8000000-767ab9fd1000 rw-p 00000000 00:00 0 
767ab9fd1000-767abc000000 ---p 00000000 00:00 0 
767abc000000-767abc021000 rw-p 00000000 00:00 0 
767abc021000-767ac0000000 ---p 00000000 00:00 0 
767ac0000000-767ac0021000 rw-p 00000000 00:00 0 
767ac0021000-767ac4000000 ---p 00000000 00:00 0 
767ac4000000-767ac4021000 rw-p 00000000 00:00 0 
767ac4021000-767ac8000000 ---p 00000000 00:00 0 
767ac8000000-767ac8021000 rw-p 00000000 00:00 0 
767ac8021000-767acc000000 ---p 00000000 00:00 0 
767acc000000-767acc021000 rw-p 00000000 00:00 0 
767acc021000-767ad0000000 ---p 00000000 00:00 0 
767ad0079000-767ad007d000 ---p 00000000 00:00 0 
767ad007d000-767ad0179000 rw-p 00000000 00:00 0 
767ad0179000-767ad017d000 ---p 00000000 00:00 0 
767ad017d000-767ad0279000 rw-p 00000000 00:00 0 
767ad0279000-767ad027a000 ---p 00000000 00:00 0 
767ad027a000-767ad037a000 rw-p 00000000 00:00 0 
767ad037a000-767ad037b000 ---p 00000000 00:00 0 
767ad037b000-767ad047b000 rw-p 00000000 00:00 0 
767ad047b000-767ad047c000 ---p 00000000 00:00 0 
767ad047c000-767ad057c000 rw-p 00000000 00:00 0 
767ad057c000-767ad057d000 ---p 00000000 00:00 0 
767ad057d000-767ad067d000 rw-p 00000000 00:00 0 
767ad067d000-767ad067e000 ---p 00000000 00:00 0 
767ad067e000-767ad077e000 rw-p 00000000 00:00 0 
767ad077e000-767ad077f000 ---p 00000000 00:00 0 
767ad077f000-767ad087f000 rw-p 00000000 00:00 0 
767ad087f000-767ad0883000 ---p 00000000 00:00 0 
767ad0883000-767ad097f000 rw-p 00000000 00:00 0 
767ad097f000-767ad0980000 ---p 00000000 00:00 0 
767ad0980000-767ad0a80000 rw-p 00000000 00:00 0 
767ad0a80000-767ad0a84000 ---p 00000000 00:00 0 
767ad0a84000-767ad0b80000 rw-p 00000000 00:00 0 
767ad0b80000-767ad0b84000 ---p 00000000 00:00 0 
767ad0b84000-767ad0c80000 rw-p 00000000 00:00 0 
767ad0c80000-767ad0c84000 ---p 00000000 00:00 0 
767ad0c84000-767ad0d80000 rw-p 00000000 00:00 0 
767ad0d80000-767ad0d84000 ---p 00000000 00:00 0 
767ad0d84000-767ad0e80000 rw-p 00000000 00:00 0 
767ad0e80000-767ad0e84000 ---p 00000000 00:00 0 
767ad0e84000-767ad0f80000 rw-p 00000000 00:00 0 
767ad0f80000-767ad0f84000 ---p 00000000 00:00 0 
767ad0f84000-767ad1080000 rw-p 00000000 00:00 0 
767ad1080000-767ad1084000 ---p 00000000 00:00 0 
767ad1084000-767ad1180000 rw-p 00000000 00:00 0 
767ad1180000-767ad1184000 ---p 00000000 00:00 0 
767ad1184000-767ad1280000 rw-p 00000000 00:00 0 
767ad1280000-767ad1284000 ---p 00000000 00:00 0 
767ad1284000-767ad1380000 rw-p 00000000 00:00 0 
767ad1380000-767ad15f8000 r--p 00000000 07:02 186                        /snap/code/157/usr/lib/locale/aa_DJ.utf8/LC_COLLATE
767ad15f8000-767ad15fc000 ---p 00000000 00:00 0 
767ad15fc000-767ad16f8000 rw-p 00000000 00:00 0 
767ad16f8000-767ad16fc000 ---p 00000000 00:00 0 
767ad16fc000-767ad17f8000 rw-p 00000000 00:00 0 
767ad17f8000-767ad17f9000 ---p 00000000 00:00 0 
767ad17f9000-767ad23f0000 rw-p 00000000 00:00 0 
767ad23f0000-767ad2450000 rw-p 00000000 00:00 0 
767ad2450000-767ad2470000 rw-p 00000000 00:00 0 
767ad2470000-767ad24f0000 rw-p 00000000 00:00 0 
767ad24f0000-767ad27f0000 rw-p 00000000 00:00 0 
767ad27f0000-767ad28f0000 rw-p 00000000 00:00 0 
767ad28f0000-767ad2b70000 rw-p 00000000 00:00 0 
767ad2b70000-767ad2bf0000 rw-p 00000000 00:00 0 
767ad2bf0000-767ad2df0000 rw-p 00000000 00:00 0 
767ad2df0000-767ad2ef0000 rw-p 00000000 00:00 0 
767ad2ef0000-767ad2ff0000 rw-p 00000000 00:00 0 
767ad2ff0000-767ad3170000 rw-p 00000000 00:00 0 
767ad3170000-767ad31f0000 rw-p 00000000 00:00 0 
767ad31f0000-767ad34f0000 rw-p 00000000 00:00 0 
767ad34f0000-767ad35f0000 rw-p 00000000 00:00 0 
767ad35f0000-767ad3ef0000 rw-p 00000000 00:00 0 
767ad3ef0000-767ad3ff0000 rw-p 00000000 00:00 0 
767ad3ff0000-767ad40f0000 rw-p 00000000 00:00 0 
767ad40f0000-767ad41f0000 rw-p 00000000 00:00 0 
767ad41f0000-767ad48f0000 rw-p 00000000 00:00 0 
767ad48f0000-767ad49f0000 rw-p 00000000 00:00 0 
767ad49f0000-767ad5710000 rw-p 00000000 00:00 0 
767ad5710000-767ad6000000 ---p 00000000 00:00 0 
767ad6000000-767ad8000000 rw-p 00000000 00:00 0 
767ad8000000-767ad8021000 rw-p 00000000 00:00 0 
767ad8021000-767adc000000 ---p 00000000 00:00 0 
767adc0f1000-767add000000 rw-p 00000000 00:00 0 
767add000000-767adddd0000 rwxp 00000000 00:00 0 
767adddd0000-767ae4537000 ---p 00000000 00:00 0 
767ae4537000-767ae47a7000 rwxp 00000000 00:00 0 
767ae47a7000-767ae4ac9000 ---p 00000000 00:00 0 
767ae4ac9000-767ae4e69000 rwxp 00000000 00:00 0 
767ae4e69000-767aec000000 ---p 00000000 00:00 0 
767aec000000-767aec71c000 rw-p 00000000 00:00 0 
767aec71c000-767af0000000 ---p 00000000 00:00 0 
767af0012000-767af0016000 ---p 00000000 00:00 0 
767af0016000-767af0034000 rw-p 00000000 00:00 0 
767af0034000-767af0038000 r--p 00000000 103:03 10252491                  /home/sergio/.vscode/extensions/redhat.java-1.30.0-linux-x64/jre/17.0.10-linux-x86_64/lib/libnet.so
767af0038000-767af0046000 r-xp 00004000 103:03 10252491                  /home/sergio/.vscode/extensions/redhat.java-1.30.0-linux-x64/jre/17.0.10-linux-x86_64/lib/libnet.so
767af0046000-767af004a000 r--p 00012000 103:03 10252491                  /home/sergio/.vscode/extensions/redhat.java-1.30.0-linux-x64/jre/17.0.10-linux-x86_64/lib/libnet.so
767af004a000-767af004b000 r--p 00015000 103:03 10252491                  /home/sergio/.vscode/extensions/redhat.java-1.30.0-linux-x64/jre/17.0.10-linux-x86_64/lib/libnet.so
767af004b000-767af004c000 rw-p 00016000 103:03 10252491                  /home/sergio/.vscode/extensions/redhat.java-1.30.0-linux-x64/jre/17.0.10-linux-x86_64/lib/libnet.so
767af004c000-767af07f4000 rw-p 00000000 00:00 0 
767af07f4000-767af0928000 ---p 00000000 00:00 0 
767af0928000-767af0929000 ---p 00000000 00:00 0 
767af0929000-767af0a4b000 rw-p 00000000 00:00 0 
767af0a4b000-767af0b7e000 ---p 00000000 00:00 0 
767af0b7e000-767af0b89000 rw-p 00000000 00:00 0 
767af0b89000-767af0c29000 ---p 00000000 00:00 0 
767af0c29000-767af0c32000 rw-p 00000000 00:00 0 
767af0c32000-767af0d15000 ---p 00000000 00:00 0 
767af0d15000-767af0d31000 rw-p 00000000 00:00 0 
767af0d31000-767af0e00000 ---p 00000000 00:00 0 
767af0e00000-767af3a27000 r--s 00000000 103:03 10252500                  /home/sergio/.vscode/extensions/redhat.java-1.30.0-linux-x64/jre/17.0.10-linux-x86_64/lib/modules
767af3a2a000-767af3a2e000 r--p 00000000 103:03 10252498                  /home/sergio/.vscode/extensions/redhat.java-1.30.0-linux-x64/jre/17.0.10-linux-x86_64/lib/libverify.so
767af3a2e000-767af3a35000 r-xp 00004000 103:03 10252498                  /home/sergio/.vscode/extensions/redhat.java-1.30.0-linux-x64/jre/17.0.10-linux-x86_64/lib/libverify.so
767af3a35000-767af3a37000 r--p 0000b000 103:03 10252498                  /home/sergio/.vscode/extensions/redhat.java-1.30.0-linux-x64/jre/17.0.10-linux-x86_64/lib/libverify.so
767af3a37000-767af3a39000 r--p 0000c000 103:03 10252498                  /home/sergio/.vscode/extensions/redhat.java-1.30.0-linux-x64/jre/17.0.10-linux-x86_64/lib/libverify.so
767af3a39000-767af3a3a000 rw-p 0000e000 103:03 10252498                  /home/sergio/.vscode/extensions/redhat.java-1.30.0-linux-x64/jre/17.0.10-linux-x86_64/lib/libverify.so
767af3a3a000-767af3a41000 r--p 00000000 103:03 10252492                  /home/sergio/.vscode/extensions/redhat.java-1.30.0-linux-x64/jre/17.0.10-linux-x86_64/lib/libnio.so
767af3a41000-767af3a4a000 r-xp 00007000 103:03 10252492                  /home/sergio/.vscode/extensions/redhat.java-1.30.0-linux-x64/jre/17.0.10-linux-x86_64/lib/libnio.so
767af3a4a000-767af3a4e000 r--p 00010000 103:03 10252492                  /home/sergio/.vscode/extensions/redhat.java-1.30.0-linux-x64/jre/17.0.10-linux-x86_64/lib/libnio.so
767af3a4e000-767af3a4f000 ---p 00014000 103:03 10252492                  /home/sergio/.vscode/extensions/redhat.java-1.30.0-linux-x64/jre/17.0.10-linux-x86_64/lib/libnio.so
767af3a4f000-767af3a50000 r--p 00014000 103:03 10252492                  /home/sergio/.vscode/extensions/redhat.java-1.30.0-linux-x64/jre/17.0.10-linux-x86_64/lib/libnio.so
767af3a50000-767af3a51000 rw-p 00015000 103:03 10252492                  /home/sergio/.vscode/extensions/redhat.java-1.30.0-linux-x64/jre/17.0.10-linux-x86_64/lib/libnio.so
767af3a51000-767af3aa5000 r--p 00000000 07:02 187                        /snap/code/157/usr/lib/locale/aa_DJ.utf8/LC_CTYPE
767af3aa5000-767af3b00000 rw-p 00000000 00:00 0 
767af3b00000-767af3b04000 ---p 00000000 00:00 0 
767af3b04000-767af3c00000 rw-p 00000000 00:00 0 
767af3c00000-767af3e53000 r--p 00000000 103:03 10252508                  /home/sergio/.vscode/extensions/redhat.java-1.30.0-linux-x64/jre/17.0.10-linux-x86_64/lib/server/libjvm.so
767af3e53000-767af4b72000 r-xp 00253000 103:03 10252508                  /home/sergio/.vscode/extensions/redhat.java-1.30.0-linux-x64/jre/17.0.10-linux-x86_64/lib/server/libjvm.so
767af4b72000-767af4dfe000 r--p 00f72000 103:03 10252508                  /home/sergio/.vscode/extensions/redhat.java-1.30.0-linux-x64/jre/17.0.10-linux-x86_64/lib/server/libjvm.so
767af4dfe000-767af4dff000 ---p 011fe000 103:03 10252508                  /home/sergio/.vscode/extensions/redhat.java-1.30.0-linux-x64/jre/17.0.10-linux-x86_64/lib/server/libjvm.so
767af4dff000-767af4eb8000 r--p 011fe000 103:03 10252508                  /home/sergio/.vscode/extensions/redhat.java-1.30.0-linux-x64/jre/17.0.10-linux-x86_64/lib/server/libjvm.so
767af4eb8000-767af4eed000 rw-p 012b7000 103:03 10252508                  /home/sergio/.vscode/extensions/redhat.java-1.30.0-linux-x64/jre/17.0.10-linux-x86_64/lib/server/libjvm.so
767af4eed000-767af4f47000 rw-p 00000000 00:00 0 
767af4f54000-767af4f55000 r--p 00000000 07:02 278                        /snap/code/157/usr/lib/locale/agr_PE/LC_NUMERIC
767af4f55000-767af4f56000 r--p 00000000 07:02 2717                       /snap/code/157/usr/lib/locale/es_ES.utf8/LC_TIME
767af4f56000-767af4f57000 r--p 00000000 07:02 332                        /snap/code/157/usr/lib/locale/an_ES.utf8/LC_MONETARY
767af4f57000-767af4f59000 r--p 00000000 103:03 10252499                  /home/sergio/.vscode/extensions/redhat.java-1.30.0-linux-x64/jre/17.0.10-linux-x86_64/lib/libzip.so
767af4f59000-767af4f6b000 r-xp 00002000 103:03 10252499                  /home/sergio/.vscode/extensions/redhat.java-1.30.0-linux-x64/jre/17.0.10-linux-x86_64/lib/libzip.so
767af4f6b000-767af4f73000 r--p 00014000 103:03 10252499                  /home/sergio/.vscode/extensions/redhat.java-1.30.0-linux-x64/jre/17.0.10-linux-x86_64/lib/libzip.so
767af4f73000-767af4f74000 r--p 0001b000 103:03 10252499                  /home/sergio/.vscode/extensions/redhat.java-1.30.0-linux-x64/jre/17.0.10-linux-x86_64/lib/libzip.so
767af4f74000-767af4f75000 rw-p 0001c000 103:03 10252499                  /home/sergio/.vscode/extensions/redhat.java-1.30.0-linux-x64/jre/17.0.10-linux-x86_64/lib/libzip.so
767af4f75000-767af4fcf000 rw-p 00000000 00:00 0 
767af4fcf000-767af4fd6000 ---p 00000000 00:00 0 
767af4fd6000-767af4fe4000 r--p 00000000 103:03 10252478                  /home/sergio/.vscode/extensions/redhat.java-1.30.0-linux-x64/jre/17.0.10-linux-x86_64/lib/libjava.so
767af4fe4000-767af4ff6000 r-xp 0000e000 103:03 10252478                  /home/sergio/.vscode/extensions/redhat.java-1.30.0-linux-x64/jre/17.0.10-linux-x86_64/lib/libjava.so
767af4ff6000-767af4ffc000 r--p 00020000 103:03 10252478                  /home/sergio/.vscode/extensions/redhat.java-1.30.0-linux-x64/jre/17.0.10-linux-x86_64/lib/libjava.so
767af4ffc000-767af4ffd000 ---p 00026000 103:03 10252478                  /home/sergio/.vscode/extensions/redhat.java-1.30.0-linux-x64/jre/17.0.10-linux-x86_64/lib/libjava.so
767af4ffd000-767af4ffe000 r--p 00026000 103:03 10252478                  /home/sergio/.vscode/extensions/redhat.java-1.30.0-linux-x64/jre/17.0.10-linux-x86_64/lib/libjava.so
767af4ffe000-767af4fff000 rw-p 00027000 103:03 10252478                  /home/sergio/.vscode/extensions/redhat.java-1.30.0-linux-x64/jre/17.0.10-linux-x86_64/lib/libjava.so
767af4fff000-767af5000000 rw-p 00000000 00:00 0 
767af5000000-767af5028000 r--p 00000000 103:03 7997547                   /usr/lib/x86_64-linux-gnu/libc.so.6
767af5028000-767af51bd000 r-xp 00028000 103:03 7997547                   /usr/lib/x86_64-linux-gnu/libc.so.6
767af51bd000-767af5215000 r--p 001bd000 103:03 7997547                   /usr/lib/x86_64-linux-gnu/libc.so.6
767af5215000-767af5216000 ---p 00215000 103:03 7997547                   /usr/lib/x86_64-linux-gnu/libc.so.6
767af5216000-767af521a000 r--p 00215000 103:03 7997547                   /usr/lib/x86_64-linux-gnu/libc.so.6
767af521a000-767af521c000 rw-p 00219000 103:03 7997547                   /usr/lib/x86_64-linux-gnu/libc.so.6
767af521c000-767af5229000 rw-p 00000000 00:00 0 
767af5229000-767af522a000 r--p 00000000 07:02 1955                       /snap/code/157/usr/lib/locale/en_AG/LC_MESSAGES/SYS_LC_MESSAGES
767af522a000-767af5231000 r--s 00000000 103:03 8003855                   /usr/lib/x86_64-linux-gnu/gconv/gconv-modules.cache
767af5231000-767af5239000 rw-s 00000000 103:03 10022673                  /tmp/hsperfdata_sergio/34610
767af5239000-767af523d000 r--p 00000000 103:03 10252482                  /home/sergio/.vscode/extensions/redhat.java-1.30.0-linux-x64/jre/17.0.10-linux-x86_64/lib/libjimage.so
767af523d000-767af5250000 r-xp 00004000 103:03 10252482                  /home/sergio/.vscode/extensions/redhat.java-1.30.0-linux-x64/jre/17.0.10-linux-x86_64/lib/libjimage.so
767af5250000-767af5256000 r--p 00017000 103:03 10252482                  /home/sergio/.vscode/extensions/redhat.java-1.30.0-linux-x64/jre/17.0.10-linux-x86_64/lib/libjimage.so
767af5256000-767af5258000 r--p 0001c000 103:03 10252482                  /home/sergio/.vscode/extensions/redhat.java-1.30.0-linux-x64/jre/17.0.10-linux-x86_64/lib/libjimage.so
767af5258000-767af5259000 rw-p 0001e000 103:03 10252482                  /home/sergio/.vscode/extensions/redhat.java-1.30.0-linux-x64/jre/17.0.10-linux-x86_64/lib/libjimage.so
767af5259000-767af5267000 r--p 00000000 103:03 7997565                   /usr/lib/x86_64-linux-gnu/libm.so.6
767af5267000-767af52e3000 r-xp 0000e000 103:03 7997565                   /usr/lib/x86_64-linux-gnu/libm.so.6
767af52e3000-767af533e000 r--p 0008a000 103:03 7997565                   /usr/lib/x86_64-linux-gnu/libm.so.6
767af533e000-767af533f000 r--p 000e4000 103:03 7997565                   /usr/lib/x86_64-linux-gnu/libm.so.6
767af533f000-767af5340000 rw-p 000e5000 103:03 7997565                   /usr/lib/x86_64-linux-gnu/libm.so.6
767af5340000-767af5341000 r--p 00000000 103:03 7997651                   /usr/lib/x86_64-linux-gnu/librt.so.1
767af5341000-767af5342000 r-xp 00001000 103:03 7997651                   /usr/lib/x86_64-linux-gnu/librt.so.1
767af5342000-767af5343000 r--p 00002000 103:03 7997651                   /usr/lib/x86_64-linux-gnu/librt.so.1
767af5343000-767af5344000 r--p 00002000 103:03 7997651                   /usr/lib/x86_64-linux-gnu/librt.so.1
767af5344000-767af5345000 rw-p 00003000 103:03 7997651                   /usr/lib/x86_64-linux-gnu/librt.so.1
767af5345000-767af5347000 rw-p 00000000 00:00 0 
767af5347000-767af5348000 r--p 00000000 103:03 7997555                   /usr/lib/x86_64-linux-gnu/libdl.so.2
767af5348000-767af5349000 r-xp 00001000 103:03 7997555                   /usr/lib/x86_64-linux-gnu/libdl.so.2
767af5349000-767af534a000 r--p 00002000 103:03 7997555                   /usr/lib/x86_64-linux-gnu/libdl.so.2
767af534a000-767af534b000 r--p 00002000 103:03 7997555                   /usr/lib/x86_64-linux-gnu/libdl.so.2
767af534b000-767af534c000 rw-p 00003000 103:03 7997555                   /usr/lib/x86_64-linux-gnu/libdl.so.2
767af534c000-767af534d000 r--p 00000000 103:03 7997648                   /usr/lib/x86_64-linux-gnu/libpthread.so.0
767af534d000-767af534e000 r-xp 00001000 103:03 7997648                   /usr/lib/x86_64-linux-gnu/libpthread.so.0
767af534e000-767af534f000 r--p 00002000 103:03 7997648                   /usr/lib/x86_64-linux-gnu/libpthread.so.0
767af534f000-767af5350000 r--p 00002000 103:03 7997648                   /usr/lib/x86_64-linux-gnu/libpthread.so.0
767af5350000-767af5351000 rw-p 00003000 103:03 7997648                   /usr/lib/x86_64-linux-gnu/libpthread.so.0
767af5351000-767af5352000 r--p 00000000 07:02 195                        /snap/code/157/usr/lib/locale/aa_DJ.utf8/LC_PAPER
767af5352000-767af5353000 r--p 00000000 07:02 277                        /snap/code/157/usr/lib/locale/agr_PE/LC_NAME
767af5353000-767af5354000 r--p 00000000 07:02 2705                       /snap/code/157/usr/lib/locale/es_ES.utf8/LC_ADDRESS
767af5354000-767af5355000 r--p 00000000 07:02 336                        /snap/code/157/usr/lib/locale/an_ES.utf8/LC_TELEPHONE
767af5355000-767af5356000 r--p 00000000 07:02 189                        /snap/code/157/usr/lib/locale/aa_DJ.utf8/LC_MEASUREMENT
767af5356000-767af5357000 r--p 00000000 07:02 2708                       /snap/code/157/usr/lib/locale/es_ES.utf8/LC_IDENTIFICATION
767af5357000-767af5359000 r--p 00000000 103:03 10252473                  /home/sergio/.vscode/extensions/redhat.java-1.30.0-linux-x64/jre/17.0.10-linux-x86_64/lib/libinstrument.so
767af5359000-767af535f000 r-xp 00002000 103:03 10252473                  /home/sergio/.vscode/extensions/redhat.java-1.30.0-linux-x64/jre/17.0.10-linux-x86_64/lib/libinstrument.so
767af535f000-767af5362000 r--p 00008000 103:03 10252473                  /home/sergio/.vscode/extensions/redhat.java-1.30.0-linux-x64/jre/17.0.10-linux-x86_64/lib/libinstrument.so
767af5362000-767af5363000 r--p 0000a000 103:03 10252473                  /home/sergio/.vscode/extensions/redhat.java-1.30.0-linux-x64/jre/17.0.10-linux-x86_64/lib/libinstrument.so
767af5363000-767af5364000 rw-p 0000b000 103:03 10252473                  /home/sergio/.vscode/extensions/redhat.java-1.30.0-linux-x64/jre/17.0.10-linux-x86_64/lib/libinstrument.so
767af5364000-767af5365000 ---p 00000000 00:00 0 
767af5365000-767af5366000 r--p 00000000 00:00 0 
767af5366000-767af5369000 r--p 00000000 103:03 10252483                  /home/sergio/.vscode/extensions/redhat.java-1.30.0-linux-x64/jre/17.0.10-linux-x86_64/lib/libjli.so
767af5369000-767af5379000 r-xp 00003000 103:03 10252483                  /home/sergio/.vscode/extensions/redhat.java-1.30.0-linux-x64/jre/17.0.10-linux-x86_64/lib/libjli.so
767af5379000-767af5380000 r--p 00013000 103:03 10252483                  /home/sergio/.vscode/extensions/redhat.java-1.30.0-linux-x64/jre/17.0.10-linux-x86_64/lib/libjli.so
767af5380000-767af5381000 r--p 00019000 103:03 10252483                  /home/sergio/.vscode/extensions/redhat.java-1.30.0-linux-x64/jre/17.0.10-linux-x86_64/lib/libjli.so
767af5381000-767af5382000 rw-p 0001a000 103:03 10252483                  /home/sergio/.vscode/extensions/redhat.java-1.30.0-linux-x64/jre/17.0.10-linux-x86_64/lib/libjli.so
767af5382000-767af5384000 rw-p 00000000 00:00 0 
767af5384000-767af5386000 r--p 00000000 103:03 7997536                   /usr/lib/x86_64-linux-gnu/ld-linux-x86-64.so.2
767af5386000-767af53b0000 r-xp 00002000 103:03 7997536                   /usr/lib/x86_64-linux-gnu/ld-linux-x86-64.so.2
767af53b0000-767af53bb000 r--p 0002c000 103:03 7997536                   /usr/lib/x86_64-linux-gnu/ld-linux-x86-64.so.2
767af53bb000-767af53bc000 ---p 00000000 00:00 0 
767af53bc000-767af53be000 r--p 00037000 103:03 7997536                   /usr/lib/x86_64-linux-gnu/ld-linux-x86-64.so.2
767af53be000-767af53c0000 rw-p 00039000 103:03 7997536                   /usr/lib/x86_64-linux-gnu/ld-linux-x86-64.so.2
7ffe87214000-7ffe87236000 rw-p 00000000 00:00 0                          [stack]
7ffe872b8000-7ffe872bc000 r--p 00000000 00:00 0                          [vvar]
7ffe872bc000-7ffe872be000 r-xp 00000000 00:00 0                          [vdso]
ffffffffff600000-ffffffffff601000 --xp 00000000 00:00 0                  [vsyscall]


VM Arguments:
jvm_args: --add-modules=ALL-SYSTEM --add-opens=java.base/java.util=ALL-UNNAMED --add-opens=java.base/java.lang=ALL-UNNAMED --add-opens=java.base/sun.nio.fs=ALL-UNNAMED -Declipse.application=org.eclipse.jdt.ls.core.id1 -Dosgi.bundles.defaultStartLevel=4 -Declipse.product=org.eclipse.jdt.ls.core.product -Djava.import.generatesMetadataFilesAtProjectRoot=false -DDetectVMInstallationsJob.disabled=true -Dfile.encoding=utf8 -XX:+UseParallelGC -XX:GCTimeRatio=4 -XX:AdaptiveSizePolicyWeight=90 -Dsun.zip.disableMemoryMapping=true -Xmx1G -Xms100m -Xlog:disable -javaagent:/home/sergio/.vscode/extensions/redhat.java-1.30.0-linux-x64/lombok/lombok-1.18.32.jar -XX:+HeapDumpOnOutOfMemoryError -XX:HeapDumpPath=/home/sergio/.config/Code/User/workspaceStorage/c6ab1c8030ca2cd84db316b525bdab83/redhat.java -Daether.dependencyCollector.impl=bf 
java_command: /home/sergio/.vscode/extensions/redhat.java-1.30.0-linux-x64/server/plugins/org.eclipse.equinox.launcher_1.6.800.v20240330-1250.jar -configuration /home/sergio/.config/Code/User/globalStorage/redhat.java/1.30.0/config_linux -data /home/sergio/.config/Code/User/workspaceStorage/c6ab1c8030ca2cd84db316b525bdab83/redhat.java/jdt_ws --pipe=/run/user/1000/lsp-ec79faaf13974755fe130f81278ffcd7.sock
java_class_path (initial): /home/sergio/.vscode/extensions/redhat.java-1.30.0-linux-x64/server/plugins/org.eclipse.equinox.launcher_1.6.800.v20240330-1250.jar
Launcher Type: SUN_STANDARD

[Global flags]
    uintx AdaptiveSizePolicyWeight                 = 90                                        {product} {command line}
     intx CICompilerCount                          = 4                                         {product} {ergonomic}
    uintx GCTimeRatio                              = 4                                         {product} {command line}
     bool HeapDumpOnOutOfMemoryError               = true                                   {manageable} {command line}
    ccstr HeapDumpPath                             = /home/sergio/.config/Code/User/workspaceStorage/c6ab1c8030ca2cd84db316b525bdab83/redhat.java         {manageable} {command line}
   size_t InitialHeapSize                          = 104857600                                 {product} {command line}
   size_t MaxHeapSize                              = 1073741824                                {product} {command line}
   size_t MaxNewSize                               = 357564416                                 {product} {ergonomic}
   size_t MinHeapDeltaBytes                        = 524288                                    {product} {ergonomic}
   size_t MinHeapSize                              = 104857600                                 {product} {command line}
   size_t NewSize                                  = 34603008                                  {product} {ergonomic}
    uintx NonNMethodCodeHeapSize                   = 5839372                                {pd product} {ergonomic}
    uintx NonProfiledCodeHeapSize                  = 122909434                              {pd product} {ergonomic}
   size_t OldSize                                  = 70254592                                  {product} {ergonomic}
    uintx ProfiledCodeHeapSize                     = 122909434                              {pd product} {ergonomic}
    uintx ReservedCodeCacheSize                    = 251658240                              {pd product} {ergonomic}
     bool SegmentedCodeCache                       = true                                      {product} {ergonomic}
   size_t SoftMaxHeapSize                          = 1073741824                             {manageable} {ergonomic}
     bool UseCompressedClassPointers               = true                           {product lp64_product} {ergonomic}
     bool UseCompressedOops                        = true                           {product lp64_product} {ergonomic}
     bool UseParallelGC                            = true                                      {product} {command line}

Logging:
Log output configuration:
 #0: stdout all=off uptime,level,tags
 #1: stderr all=off uptime,level,tags

Environment Variables:
PATH=/home/sergio/.local/bin:/opt/verilator/bin:/home/sergio/.local/bin:/opt/verilator/bin:/usr/local/sbin:/usr/local/bin:/usr/sbin:/usr/bin:/sbin:/bin:/usr/games:/usr/local/games:/snap/bin:/snap/bin:/home/sergio/Programs/install/bin:/opt/riscv/bin:/home/sergio/Programs/Cores-VeeR-EH1/tools
USERNAME=sergio
SHELL=/bin/bash
DISPLAY=:0
LANG=en_US.UTF-8
LC_NUMERIC=es_ES.UTF-8
LC_TIME=es_ES.UTF-8

Active Locale:
LC_ALL=LC_CTYPE=en_US.UTF-8;LC_NUMERIC=es_ES.UTF-8;LC_TIME=es_ES.UTF-8;LC_COLLATE=en_US.UTF-8;LC_MONETARY=es_ES.UTF-8;LC_MESSAGES=en_US.UTF-8;LC_PAPER=es_ES.UTF-8;LC_NAME=es_ES.UTF-8;LC_ADDRESS=es_ES.UTF-8;LC_TELEPHONE=es_ES.UTF-8;LC_MEASUREMENT=es_ES.UTF-8;LC_IDENTIFICATION=es_ES.UTF-8
LC_COLLATE=en_US.UTF-8
LC_CTYPE=en_US.UTF-8
LC_MESSAGES=en_US.UTF-8
LC_MONETARY=es_ES.UTF-8
LC_NUMERIC=es_ES.UTF-8
LC_TIME=es_ES.UTF-8

Signal Handlers:
   SIGSEGV: crash_handler in libjvm.so, mask=11100100010111111101111111111110, flags=SA_RESTART|SA_SIGINFO, unblocked
    SIGBUS: crash_handler in libjvm.so, mask=11100100010111111101111111111110, flags=SA_RESTART|SA_SIGINFO, unblocked
    SIGFPE: crash_handler in libjvm.so, mask=11100100010111111101111111111110, flags=SA_RESTART|SA_SIGINFO, unblocked
   SIGPIPE: javaSignalHandler in libjvm.so, mask=11100100010111111101111111111110, flags=SA_RESTART|SA_SIGINFO, blocked
   SIGXFSZ: javaSignalHandler in libjvm.so, mask=11100100010111111101111111111110, flags=SA_RESTART|SA_SIGINFO, blocked
    SIGILL: crash_handler in libjvm.so, mask=11100100010111111101111111111110, flags=SA_RESTART|SA_SIGINFO, unblocked
   SIGUSR2: SR_handler in libjvm.so, mask=00000000000000000000000000000000, flags=SA_RESTART|SA_SIGINFO, blocked
    SIGHUP: UserHandler in libjvm.so, mask=11100100010111111101111111111110, flags=SA_RESTART|SA_SIGINFO, blocked
    SIGINT: UserHandler in libjvm.so, mask=11100100010111111101111111111110, flags=SA_RESTART|SA_SIGINFO, blocked
   SIGTERM: UserHandler in libjvm.so, mask=11100100010111111101111111111110, flags=SA_RESTART|SA_SIGINFO, blocked
   SIGQUIT: UserHandler in libjvm.so, mask=11100100010111111101111111111110, flags=SA_RESTART|SA_SIGINFO, blocked
   SIGTRAP: crash_handler in libjvm.so, mask=11100100010111111101111111111110, flags=SA_RESTART|SA_SIGINFO, unblocked


Periodic native trim disabled


---------------  S Y S T E M  ---------------

OS:
DISTRIB_ID=Ubuntu
DISTRIB_RELEASE=22.04
DISTRIB_CODENAME=jammy
DISTRIB_DESCRIPTION="Ubuntu 22.04.4 LTS"
uname: Linux 6.5.0-27-generic #28~22.04.1-Ubuntu SMP PREEMPT_DYNAMIC Fri Mar 15 10:51:06 UTC 2 x86_64
OS uptime: 0 days 3:59 hours
libc: glibc 2.35 NPTL 2.35 
rlimit (soft/hard): STACK 8192k/infinity , CORE 0k/infinity , NPROC 27130/27130 , NOFILE 1048576/1048576 , AS infinity/infinity , CPU infinity/infinity , DATA infinity/infinity , FSIZE infinity/infinity , MEMLOCK 877760k/877760k
load average: 1,94 1,33 0,76

/proc/meminfo:
MemTotal:        7022084 kB
MemFree:          870784 kB
MemAvailable:    2331380 kB
Buffers:           73460 kB
Cached:          1777252 kB
SwapCached:            0 kB
Active:          2470588 kB
Inactive:        3037380 kB
Active(anon):    1590900 kB
Inactive(anon):  2291944 kB
Active(file):     879688 kB
Inactive(file):   745436 kB
Unevictable:          32 kB
Mlocked:              32 kB
SwapTotal:             0 kB
SwapFree:              0 kB
Zswap:                 0 kB
Zswapped:              0 kB
Dirty:              1444 kB
Writeback:             0 kB
AnonPages:       3657408 kB
Mapped:           867804 kB
Shmem:            225588 kB
KReclaimable:     106500 kB
Slab:             302072 kB
SReclaimable:     106500 kB
SUnreclaim:       195572 kB
KernelStack:       23264 kB
PageTables:        48556 kB
SecPageTables:         0 kB
NFS_Unstable:          0 kB
Bounce:                0 kB
WritebackTmp:          0 kB
CommitLimit:     3511040 kB
Committed_AS:   12680160 kB
VmallocTotal:   34359738367 kB
VmallocUsed:       74244 kB
VmallocChunk:          0 kB
Percpu:            15680 kB
HardwareCorrupted:     0 kB
AnonHugePages:         0 kB
ShmemHugePages:        0 kB
ShmemPmdMapped:        0 kB
FileHugePages:         0 kB
FilePmdMapped:         0 kB
Unaccepted:            0 kB
HugePages_Total:       0
HugePages_Free:        0
HugePages_Rsvd:        0
HugePages_Surp:        0
Hugepagesize:       2048 kB
Hugetlb:               0 kB
DirectMap4k:      387092 kB
DirectMap2M:     5838848 kB
DirectMap1G:     2097152 kB

/sys/kernel/mm/transparent_hugepage/enabled: always [madvise] never
/sys/kernel/mm/transparent_hugepage/defrag (defrag/compaction efforts parameter): always defer defer+madvise [madvise] never

Process Memory:
Virtual Size: 5824864K (peak: 5827480K)
Resident Set Size: 321064K (peak: 321064K) (anon: 290088K, file: 30976K, shmem: 0K)
Swapped out: 0K
C-Heap outstanding allocations: 156851K, retained: 11400K
glibc malloc tunables: (default)

/proc/sys/kernel/threads-max (system-wide limit on the number of threads): 54261
/proc/sys/vm/max_map_count (maximum number of memory map areas a process may have): 65530
/proc/sys/kernel/pid_max (system-wide limit on number of process identifiers): 4194304

container (cgroup) information:
container_type: cgroupv2
cpu_cpuset_cpus: not supported
cpu_memory_nodes: not supported
active_processor_count: 8
cpu_quota: not supported
cpu_period: not supported
cpu_shares: not supported
memory_limit_in_bytes: unlimited
memory_and_swap_limit_in_bytes: unlimited
memory_soft_limit_in_bytes: unlimited
memory_usage_in_bytes: 973144 k
memory_max_usage_in_bytes: not supported
memory_swap_current_in_bytes: unlimited
memory_swap_max_limit_in_bytes: unlimited
maximum number of tasks: 8139
current number of tasks: 178

Steal ticks since vm start: 0
Steal ticks percentage since vm start:  0,000

CPU: total 8 (initial active 8) (8 cores per cpu, 2 threads per core) family 23 model 24 stepping 1 microcode 0x8108109, cx8, cmov, fxsr, ht, mmx, 3dnowpref, sse, sse2, sse3, ssse3, sse4a, sse4.1, sse4.2, popcnt, lzcnt, tsc, tscinvbit, avx, avx2, aes, clmul, bmi1, bmi2, adx, sha, fma, vzeroupper, clflush, clflushopt
CPU Model and flags from /proc/cpuinfo:
model name	: AMD Ryzen 5 3500U with Radeon Vega Mobile Gfx
flags		: fpu vme de pse tsc msr pae mce cx8 apic sep mtrr pge mca cmov pat pse36 clflush mmx fxsr sse sse2 ht syscall nx mmxext fxsr_opt pdpe1gb rdtscp lm constant_tsc rep_good nopl nonstop_tsc cpuid extd_apicid aperfmperf rapl pni pclmulqdq monitor ssse3 fma cx16 sse4_1 sse4_2 movbe popcnt aes xsave avx f16c rdrand lahf_lm cmp_legacy svm extapic cr8_legacy abm sse4a misalignsse 3dnowprefetch osvw skinit wdt tce topoext perfctr_core perfctr_nb bpext perfctr_llc mwaitx cpb hw_pstate ssbd ibpb vmmcall fsgsbase bmi1 avx2 smep bmi2 rdseed adx smap clflushopt sha_ni xsaveopt xsavec xgetbv1 clzero irperf xsaveerptr arat npt lbrv svm_lock nrip_save tsc_scale vmcb_clean flushbyasid decodeassists pausefilter pfthreshold avic v_vmsave_vmload vgif overflow_recov succor smca sev sev_es

Online cpus: 0-7
Offline cpus: 8-15
BIOS frequency limitation: 2100000
Frequency switch latency (ns): 0
Available cpu frequencies: 2100000 1700000 1400000 
Current governor: schedutil
Core performance/turbo boost: 1

Memory: 4k page, physical 7022084k(870784k free), swap 0k(0k free)
Page Sizes: 4k

vm_info: OpenJDK 64-Bit Server VM (17.0.10+7) for linux-amd64 JRE (17.0.10+7), built on Jan 16 2024 00:00:00 by "admin" with gcc 10.3.0

END.
