#
# A fatal error has been detected by the Java Runtime Environment:
#
#  SIGSEGV (0xb) at pc=0x00007856b8e9a100, pid=12178, tid=12222
#
# JRE version: OpenJDK Runtime Environment Temurin-17.0.10+7 (17.0.10+7) (build 17.0.10+7)
# Java VM: OpenJDK 64-Bit Server VM Temurin-17.0.10+7 (17.0.10+7, mixed mode, tiered, compressed oops, compressed class ptrs, parallel gc, linux-amd64)
# Problematic frame:
# V  [libjvm.so+0xc9a100]  oopDesc* PSPromotionManager::copy_unmarked_to_survivor_space<false>(oopDesc*, markWord)+0x40
#
# Core dump will be written. Default location: Core dumps may be processed with "/usr/share/apport/apport -p%p -s%s -c%c -d%d -P%P -u%u -g%g -- %E" (or dumping to /home/sergio/Desktop/Estudios/UCM/4ยบ/PL/PL-Practica/core.12178)
#
# If you would like to submit a bug report, please visit:
#   https://github.com/adoptium/adoptium-support/issues
#

---------------  S U M M A R Y ------------

Command Line: --add-modules=ALL-SYSTEM --add-opens=java.base/java.util=ALL-UNNAMED --add-opens=java.base/java.lang=ALL-UNNAMED --add-opens=java.base/sun.nio.fs=ALL-UNNAMED -Declipse.application=org.eclipse.jdt.ls.core.id1 -Dosgi.bundles.defaultStartLevel=4 -Declipse.product=org.eclipse.jdt.ls.core.product -Djava.import.generatesMetadataFilesAtProjectRoot=false -DDetectVMInstallationsJob.disabled=true -Dfile.encoding=utf8 -XX:+UseParallelGC -XX:GCTimeRatio=4 -XX:AdaptiveSizePolicyWeight=90 -Dsun.zip.disableMemoryMapping=true -Xmx1G -Xms100m -Xlog:disable -javaagent:/home/sergio/.vscode/extensions/redhat.java-1.29.0-linux-x64/lombok/lombok-1.18.32.jar -XX:+HeapDumpOnOutOfMemoryError -XX:HeapDumpPath=/home/sergio/.config/Code/User/workspaceStorage/c6ab1c8030ca2cd84db316b525bdab83/redhat.java -Daether.dependencyCollector.impl=bf /home/sergio/.vscode/extensions/redhat.java-1.29.0-linux-x64/server/plugins/org.eclipse.equinox.launcher_1.6.800.v20240304-1850.jar -configuration /home/sergio/.config/Code/User/globalStorage/redhat.java/1.29.0/config_linux -data /home/sergio/.config/Code/User/workspaceStorage/c6ab1c8030ca2cd84db316b525bdab83/redhat.java/jdt_ws --stdio

Host: AMD Ryzen 5 3500U with Radeon Vega Mobile Gfx, 8 cores, 6G, Ubuntu 22.04.4 LTS
Time: Sun Apr 21 17:35:02 2024 CEST elapsed time: 16.682524 seconds (0d 0h 0m 16s)

---------------  T H R E A D  ---------------

Current thread (0x0000785690007c30):  GCTaskThread "GC Thread#7" [stack: 0x0000785694500000,0x0000785694600000] [id=12222]

Stack: [0x0000785694500000,0x0000785694600000],  sp=0x00007856945feb30,  free space=1018k
Native frames: (J=compiled Java code, j=interpreted, Vv=VM code, C=native code)
V  [libjvm.so+0xc9a100]  oopDesc* PSPromotionManager::copy_unmarked_to_survivor_space<false>(oopDesc*, markWord)+0x40
V  [libjvm.so+0xc99a66]  PSPromotionManager::drain_stacks_depth(bool)+0x226
V  [libjvm.so+0xc9cef5]  steal_work(TaskTerminator&, unsigned int)+0x2c5
V  [libjvm.so+0xc9e733]  ScavengeRootsTask::work(unsigned int)+0x403
V  [libjvm.so+0xf1431f]  GangWorker::loop()+0x5f
V  [libjvm.so+0xf1437f]
V  [libjvm.so+0xe633b8]  Thread::call_run()+0xa8
V  [libjvm.so+0xc24791]  thread_native_entry(Thread*)+0xe1


siginfo: si_signo: 11 (SIGSEGV), si_code: 1 (SEGV_MAPERR), si_addr: 0x0000000140634458

Registers:
RAX=0x00007856b94bc320, RBX=0x00007856b41d1500, RCX=0x0000000000000003, RDX=0x0000000000000001
RSP=0x00007856945feb30, RBP=0x00007856945feba0, RSI=0x00000000ece9c330, RDI=0x0000000140634450
R8 =0x00007856945feb50, R9 =0x0000000000000000, R10=0x0000000100041e60, R11=0x0000000000000001
R12=0x00000000ece9c330, R13=0x00000000cb9532ec, R14=0x00000000cb9532ed, R15=0x00007856b94bc330
RIP=0x00007856b8e9a100, EFLAGS=0x0000000000010206, CSGSFS=0x002b000000000033, ERR=0x0000000000000004
  TRAPNO=0x000000000000000e


Register to memory mapping:

RAX=0x00007856b94bc320: <offset 0x00000000012bc320> in /home/sergio/.vscode/extensions/redhat.java-1.29.0-linux-x64/jre/17.0.10-linux-x86_64/lib/server/libjvm.so at 0x00007856b8200000
RBX=0x00007856b41d1500 points into unknown readable memory: 0x00007856b94b31e0 | e0 31 4b b9 56 78 00 00
RCX=0x0000000000000003 is an unknown value
RDX=0x0000000000000001 is an unknown value
RSP=0x00007856945feb30 points into unknown readable memory: 0x00000000000024fd | fd 24 00 00 00 00 00 00
RBP=0x00007856945feba0 points into unknown readable memory: 0x00007856945febf0 | f0 eb 5f 94 56 78 00 00
RSI=0x00000000ece9c330 points into unknown readable memory: 0x0000000000000009 | 09 00 00 00 00 00 00 00
RDI=0x0000000140634450 is an unknown value
R8 =0x00007856945feb50 points into unknown readable memory: 0x00007856b9413e10 | 10 3e 41 b9 56 78 00 00
R9 =0x0 is NULL
R10=0x0000000100041e60 is pointing into metadata
R11=0x0000000000000001 is an unknown value
R12=0x00000000ece9c330 points into unknown readable memory: 0x0000000000000009 | 09 00 00 00 00 00 00 00
R13=0x00000000cb9532ec is pointing into object: java.util.concurrent.ConcurrentHashMap$Node 
{0x00000000cb9532d8} - klass: 'java/util/concurrent/ConcurrentHashMap$Node'
 - ---- fields (total size 4 words):
 - final 'hash' 'I' @12  1382485277 (52670d1d)
 - final 'key' 'Ljava/lang/Object;' @16  a 'jdk/internal/jrtfs/JrtPath'{0x00000000cb9532f8} (cb9532f8)
 - volatile 'val' 'Ljava/lang/Object;' @20  
[error occurred during error reporting (printing register info), id 0xb, SIGSEGV (0xb) at pc=0x00007856b8e0cd28]

Top of Stack: (sp=0x00007856945feb30)
0x00007856945feb30:   00000000000024fd 00007856b951f7e0
0x00007856945feb40:   0000000100000001 0000000000000009
0x00007856945feb50:   00007856b9413e10 00007856b40ab200
0x00007856945feb60:   00007856b41d1500 00000000cb9532d8
0x00007856945feb70:   00007856945febf0 00007856b41d1500
0x00007856945feb80:   00007856b41d1660 00000000cb9532ec
0x00007856945feb90:   00000000cb9532ed 00007856b94bc330
0x00007856945feba0:   00007856945febf0 00007856b8e99a66
0x00007856945febb0:   00000000cb953318 01000000000015de
0x00007856945febc0:   00000000cb910098 0000000000000000
0x00007856945febd0:   00007856b41d1500 0000000000000001
0x00007856945febe0:   00000000c4978561 0000000000000008
0x00007856945febf0:   00007856945fec50 00007856b8e9cef5
0x00007856945fec00:   00007856b41d1500 00000000cb9532d8
0x00007856945fec10:   00000000c4978560 0000785695ffe638
0x00007856945fec20:   00007856b41d1500 0000000000000001
0x00007856945fec30:   00007856945fecf0 0000785695ffe5e0
0x00007856945fec40:   0000000000000001 0000785695ffe5e0
0x00007856945fec50:   00007856945fed50 00007856b8e9e733
0x00007856945fec60:   0000785695ffe520 00000000000003d8
0x00007856945fec70:   00007856700f0fc8 00007856700f0bf0
0x00007856945fec80:   0000785690002310 00007856700f0be0
0x00007856945fec90:   0000785695ffe4e0 0000785695ffe520
0x00007856945feca0:   000000010000000f 00007856b41d1500
0x00007856945fecb0:   00007856945fed00 0000000000000000
0x00007856945fecc0:   00007856b94141f8 00007856b94141d8
0x00007856945fecd0:   fffffffeffffffff 00007856945fecf0
0x00007856945fece0:   00007856b969cbb0 00000002b403f730
0x00007856945fecf0:   00007856b94142c0 0000000000000001
0x00007856945fed00:   0000000000000000 0000000000000000
0x00007856945fed10:   0000000000000000 00007856b403f730
0x00007856945fed20:   00007856945fed50 00007856945fed6c 

Instructions: (pc=0x00007856b8e9a100)
0x00007856b8e9a000:   e8 eb e1 72 ff e9 f9 fb ff ff 66 0f 1f 44 00 00
0x00007856b8e9a010:   48 8d 05 71 37 6a 00 4c 89 ee 48 89 55 c0 48 8b
0x00007856b8e9a020:   38 e8 aa 86 fa ff 84 c0 0f 84 b2 f9 ff ff 48 8b
0x00007856b8e9a030:   55 c0 49 39 16 0f 87 a5 f9 ff ff 48 8d 05 9e 58
0x00007856b8e9a040:   68 00 4d 89 e8 49 c1 e8 09 48 8b 00 48 8b 40 40
0x00007856b8e9a050:   42 c6 04 00 03 e9 86 f9 ff ff 66 0f 1f 44 00 00
0x00007856b8e9a060:   8b 93 60 01 00 00 8b 83 e0 00 00 00 29 d0 25 ff
0x00007856b8e9a070:   ff 01 00 3d ff ff 01 00 74 08 85 c0 0f 85 fe f7
0x00007856b8e9a080:   ff ff 48 83 c4 18 5b 41 5c 41 5d 41 5e 41 5f 5d
0x00007856b8e9a090:   c3 31 d2 e9 3d fd ff ff 45 31 ff e9 a1 fd ff ff
0x00007856b8e9a0a0:   45 31 ed e9 29 fa ff ff 31 d2 e9 ba f9 ff ff 45
0x00007856b8e9a0b0:   31 ed e9 a2 fa ff ff 31 d2 e9 04 f9 ff ff 66 90
0x00007856b8e9a0c0:   55 48 89 e5 41 57 41 56 41 55 41 54 49 89 f4 53
0x00007856b8e9a0d0:   48 89 fb 48 83 ec 48 48 8d 05 4f 92 66 00 48 89
0x00007856b8e9a0e0:   55 a8 0f b6 10 84 d2 0f 84 0b 04 00 00 48 8d 05
0x00007856b8e9a0f0:   2c 22 62 00 8b 7e 08 8b 48 08 48 d3 e7 48 03 38
0x00007856b8e9a100:   8b 47 08 89 45 a4 85 c0 0f 8e da 02 00 00 a8 01
0x00007856b8e9a110:   0f 84 9a 00 00 00 48 8b 07 48 8d 15 80 48 5f ff
0x00007856b8e9a120:   48 8b 80 00 01 00 00 48 39 d0 0f 85 3d 04 00 00
0x00007856b8e9a130:   c1 7d a4 03 4c 63 6d a4 48 8b 55 a8 49 89 d6 49
0x00007856b8e9a140:   c1 ee 03 44 89 f0 83 e0 0f 83 e2 01 89 45 a0 0f
0x00007856b8e9a150:   84 b3 03 00 00 48 8d 05 7c 57 68 00 8b 4d a0 3b
0x00007856b8e9a160:   08 0f 83 29 01 00 00 4c 8b 7b 08 48 8b 43 18 4c
0x00007856b8e9a170:   29 f8 48 c1 e8 03 4c 39 e8 0f 82 01 01 00 00 4b
0x00007856b8e9a180:   8d 04 ef 45 31 db 48 89 43 08 4d 85 ff 0f 84 ed
0x00007856b8e9a190:   00 00 00 8b 45 a4 83 f8 08 0f 87 69 06 00 00 48
0x00007856b8e9a1a0:   8d 15 da 51 36 00 48 63 04 82 48 01 d0 ff e0 90
0x00007856b8e9a1b0:   c1 f8 03 89 45 a4 4c 63 e8 e9 7a ff ff ff 66 90
0x00007856b8e9a1c0:   49 8b 44 24 38 49 89 47 38 49 8b 44 24 30 49 89
0x00007856b8e9a1d0:   47 30 49 8b 44 24 28 49 89 47 28 49 8b 44 24 20
0x00007856b8e9a1e0:   49 89 47 20 49 8b 44 24 18 49 89 47 18 49 8b 44
0x00007856b8e9a1f0:   24 10 49 89 47 10 49 8b 44 24 08 49 89 47 08 49 


Stack slot to memory mapping:
stack at sp + 0 slots: 0x00000000000024fd is an unknown value
stack at sp + 1 slots: 0x00007856b951f7e0: <offset 0x000000000131f7e0> in /home/sergio/.vscode/extensions/redhat.java-1.29.0-linux-x64/jre/17.0.10-linux-x86_64/lib/server/libjvm.so at 0x00007856b8200000
stack at sp + 2 slots: 0x0000000100000001 is pointing into metadata
stack at sp + 3 slots: 0x0000000000000009 is an unknown value
stack at sp + 4 slots: 0x00007856b9413e10: <offset 0x0000000001213e10> in /home/sergio/.vscode/extensions/redhat.java-1.29.0-linux-x64/jre/17.0.10-linux-x86_64/lib/server/libjvm.so at 0x00007856b8200000
stack at sp + 5 slots: 0x00007856b40ab200 points into unknown readable memory: 0x00007856b9414420 | 20 44 41 b9 56 78 00 00
stack at sp + 6 slots: 0x00007856b41d1500 points into unknown readable memory: 0x00007856b94b31e0 | e0 31 4b b9 56 78 00 00
stack at sp + 7 slots: 0x00000000cb9532d8 is an oop: java.util.concurrent.ConcurrentHashMap$Node 
{0x00000000cb9532d8} - klass: 'java/util/concurrent/ConcurrentHashMap$Node'
 - ---- fields (total size 4 words):
 - final 'hash' 'I' @12  1382485277 (52670d1d)
 - final 'key' 'Ljava/lang/Object;' @16  a 'jdk/internal/jrtfs/JrtPath'{0x00000000cb9532f8} (cb9532f8)
 - volatile 'val' 'Ljava/lang/Object;' @20  
[error occurred during error reporting (inspecting top of stack), id 0xb, SIGSEGV (0xb) at pc=0x00007856b8e0cd28]


---------------  P R O C E S S  ---------------

Threads class SMR info:
_java_thread_list=0x00007855ac000ba0, length=48, elements={
0x00007856b4028160, 0x00007856b41e7370, 0x00007856b41e88f0, 0x00007856b4219f10,
0x00007856b421d800, 0x00007856b421e7a0, 0x00007856b421fe00, 0x00007856b42212c0,
0x00007856b422a700, 0x00007856b42a8470, 0x00007856b43aa110, 0x00007856b44c20a0,
0x00007856b45d8660, 0x00007856b462f3b0, 0x00007856b4631fe0, 0x0000785638229240,
0x00007856384806c0, 0x0000785638282640, 0x000078563832cb10, 0x0000785638339ba0,
0x000078563861c530, 0x00007856200064d0, 0x0000785610000ff0, 0x0000785614000ff0,
0x00007856b4677a40, 0x00007856b47428e0, 0x00007856b4744260, 0x0000785604124330,
0x00007855f8000ff0, 0x00007855f80024a0, 0x00007855fc000ff0, 0x0000785638b446f0,
0x0000785604125260, 0x00007855e8000ff0, 0x0000785604125f10, 0x000078561410b9e0,
0x000078560414f270, 0x0000785604150680, 0x00007855c8000ff0, 0x00007855bc001350,
0x0000785628007000, 0x00007856704c6d20, 0x00007856180322a0, 0x0000785614013040,
0x0000785604173a50, 0x0000785670683850, 0x00007856b4291b70, 0x00007855a400cf10
}

Java Threads: ( => current thread )
  0x00007856b4028160 JavaThread "main" [_thread_blocked, id=12179, stack(0x00007856b8100000,0x00007856b8200000)]
  0x00007856b41e7370 JavaThread "Reference Handler" daemon [_thread_blocked, id=12184, stack(0x0000785695dff000,0x0000785695eff000)]
  0x00007856b41e88f0 JavaThread "Finalizer" daemon [_thread_blocked, id=12185, stack(0x0000785695cff000,0x0000785695dff000)]
  0x00007856b4219f10 JavaThread "Signal Dispatcher" daemon [_thread_blocked, id=12186, stack(0x0000785695987000,0x0000785695a87000)]
  0x00007856b421d800 JavaThread "Service Thread" daemon [_thread_blocked, id=12187, stack(0x0000785695887000,0x0000785695987000)]
  0x00007856b421e7a0 JavaThread "Monitor Deflation Thread" daemon [_thread_blocked, id=12188, stack(0x0000785695787000,0x0000785695887000)]
  0x00007856b421fe00 JavaThread "C2 CompilerThread0" daemon [_thread_blocked, id=12189, stack(0x0000785695687000,0x0000785695787000)]
  0x00007856b42212c0 JavaThread "C1 CompilerThread0" daemon [_thread_blocked, id=12190, stack(0x0000785695587000,0x0000785695687000)]
  0x00007856b422a700 JavaThread "Sweeper thread" daemon [_thread_blocked, id=12191, stack(0x0000785695487000,0x0000785695587000)]
  0x00007856b42a8470 JavaThread "Common-Cleaner" daemon [_thread_blocked, id=12192, stack(0x0000785695387000,0x0000785695487000)]
  0x00007856b43aa110 JavaThread "Notification Thread" daemon [_thread_blocked, id=12197, stack(0x0000785695287000,0x0000785695387000)]
  0x00007856b44c20a0 JavaThread "process reaper" daemon [_thread_blocked, id=12206, stack(0x0000785695164000,0x0000785695186000)]
  0x00007856b45d8660 JavaThread "Active Thread: Equinox Container: 236c8deb-69e3-404b-81c6-aa1a2c9b5a7a" [_thread_blocked, id=12218, stack(0x0000785694a5e000,0x0000785694b5e000)]
  0x00007856b462f3b0 JavaThread "Framework Event Dispatcher: Equinox Container: 236c8deb-69e3-404b-81c6-aa1a2c9b5a7a" daemon [_thread_blocked, id=12220, stack(0x000078569495e000,0x0000785694a5e000)]
  0x00007856b4631fe0 JavaThread "Start Level: Equinox Container: 236c8deb-69e3-404b-81c6-aa1a2c9b5a7a" daemon [_thread_blocked, id=12221, stack(0x000078569485e000,0x000078569495e000)]
  0x0000785638229240 JavaThread "Bundle File Closer" daemon [_thread_blocked, id=12225, stack(0x00007856943ff000,0x00007856944ff000)]
  0x00007856384806c0 JavaThread "SCR Component Actor" daemon [_thread_blocked, id=12228, stack(0x00007856942ff000,0x00007856943ff000)]
  0x0000785638282640 JavaThread "Worker-JM" [_thread_blocked, id=12231, stack(0x00007856940ff000,0x00007856941ff000)]
  0x000078563832cb10 JavaThread "Worker-0" [_thread_blocked, id=12232, stack(0x0000785627f00000,0x0000785628000000)]
  0x0000785638339ba0 JavaThread "Worker-1" [_thread_blocked, id=12233, stack(0x0000785627e00000,0x0000785627f00000)]
  0x000078563861c530 JavaThread "Java indexing" daemon [_thread_blocked, id=12242, stack(0x0000785627d00000,0x0000785627e00000)]
  0x00007856200064d0 JavaThread "Worker-2" [_thread_blocked, id=12243, stack(0x0000785627c00000,0x0000785627d00000)]
  0x0000785610000ff0 JavaThread "Worker-3" [_thread_blocked, id=12244, stack(0x0000785627b00000,0x0000785627c00000)]
  0x0000785614000ff0 JavaThread "Worker-4" [_thread_blocked, id=12245, stack(0x0000785627831000,0x0000785627931000)]
  0x00007856b4677a40 JavaThread "pool-2-thread-1" [_thread_blocked, id=12246, stack(0x0000785627a00000,0x0000785627b00000)]
  0x00007856b47428e0 JavaThread "WorkspaceEventsHandler" [_thread_blocked, id=12248, stack(0x0000785627731000,0x0000785627831000)]
  0x00007856b4744260 JavaThread "pool-1-thread-1" [_thread_blocked, id=12249, stack(0x0000785627631000,0x0000785627731000)]
  0x0000785604124330 JavaThread "Equinox resolver thread - Equinox Container: 236c8deb-69e3-404b-81c6-aa1a2c9b5a7a" daemon [_thread_blocked, id=12260, stack(0x0000785627531000,0x0000785627631000)]
  0x00007855f8000ff0 JavaThread "Equinox resolver thread - Equinox Container: 236c8deb-69e3-404b-81c6-aa1a2c9b5a7a" daemon [_thread_blocked, id=12261, stack(0x0000785627431000,0x0000785627531000)]
  0x00007855f80024a0 JavaThread "Equinox resolver thread - Equinox Container: 236c8deb-69e3-404b-81c6-aa1a2c9b5a7a" daemon [_thread_blocked, id=12262, stack(0x0000785627331000,0x0000785627431000)]
  0x00007855fc000ff0 JavaThread "Equinox resolver thread - Equinox Container: 236c8deb-69e3-404b-81c6-aa1a2c9b5a7a" daemon [_thread_blocked, id=12263, stack(0x0000785627231000,0x0000785627331000)]
  0x0000785638b446f0 JavaThread "Equinox resolver thread - Equinox Container: 236c8deb-69e3-404b-81c6-aa1a2c9b5a7a" daemon [_thread_blocked, id=12264, stack(0x0000785627131000,0x0000785627231000)]
  0x0000785604125260 JavaThread "Equinox resolver thread - Equinox Container: 236c8deb-69e3-404b-81c6-aa1a2c9b5a7a" daemon [_thread_blocked, id=12265, stack(0x0000785627031000,0x0000785627131000)]
  0x00007855e8000ff0 JavaThread "Equinox resolver thread - Equinox Container: 236c8deb-69e3-404b-81c6-aa1a2c9b5a7a" daemon [_thread_blocked, id=12266, stack(0x0000785626f31000,0x0000785627031000)]
  0x0000785604125f10 JavaThread "Equinox resolver thread - Equinox Container: 236c8deb-69e3-404b-81c6-aa1a2c9b5a7a" daemon [_thread_blocked, id=12267, stack(0x0000785626e31000,0x0000785626f31000)]
  0x000078561410b9e0 JavaThread "Keep-Alive-Timer" daemon [_thread_blocked, id=12270, stack(0x0000785626d31000,0x0000785626e31000)]
  0x000078560414f270 JavaThread "ForkJoinPool.commonPool-worker-1" daemon [_thread_blocked, id=12278, stack(0x0000785626931000,0x0000785626a31000)]
  0x0000785604150680 JavaThread "ForkJoinPool.commonPool-worker-2" daemon [_thread_blocked, id=12280, stack(0x0000785626c31000,0x0000785626d31000)]
  0x00007855c8000ff0 JavaThread "ForkJoinPool.commonPool-worker-3" daemon [_thread_blocked, id=12281, stack(0x0000785626731000,0x0000785626831000)]
  0x00007855bc001350 JavaThread "ForkJoinPool.commonPool-worker-4" daemon [_thread_blocked, id=12282, stack(0x00007856941ff000,0x00007856942ff000)]
  0x0000785628007000 JavaThread "ForkJoinPool.commonPool-worker-5" daemon [_thread_blocked, id=12283, stack(0x0000785626b31000,0x0000785626c31000)]
  0x00007856704c6d20 JavaThread "C2 CompilerThread1" daemon [_thread_in_native, id=12317, stack(0x0000785626831000,0x0000785626931000)]
  0x00007856180322a0 JavaThread "Worker-5" [_thread_blocked, id=12321, stack(0x0000785626a31000,0x0000785626b31000)]
  0x0000785614013040 JavaThread "Worker-6" [_thread_blocked, id=12327, stack(0x0000785626531000,0x0000785626631000)]
  0x0000785604173a50 JavaThread "pool-3-thread-1" [_thread_blocked, id=12328, stack(0x0000785626431000,0x0000785626531000)]
  0x0000785670683850 JavaThread "C2 CompilerThread2" daemon [_thread_blocked, id=12336, stack(0x0000785625d31000,0x0000785625e31000)]
  0x00007856b4291b70 JavaThread "Framework stop - Equinox Container: 236c8deb-69e3-404b-81c6-aa1a2c9b5a7a" [_thread_blocked, id=12343, stack(0x0000785626131000,0x0000785626231000)]
  0x00007855a400cf10 JavaThread "SCR Component Registry" daemon [_thread_blocked, id=12345, stack(0x0000785625e31000,0x0000785625f31000)]

Other Threads:
  0x00007856b4069210 VMThread "VM Thread" [stack: 0x0000785695f00000,0x0000785696000000] [id=12183]
  0x00007856b4336e60 WatcherThread [stack: 0x0000785695187000,0x0000785695287000] [id=12198]
  0x00007856b403f9f0 GCTaskThread "GC Thread#0" [stack: 0x00007856a1eff000,0x00007856a1fff000] [id=12180]
  0x0000785690001210 GCTaskThread "GC Thread#1" [stack: 0x0000785695064000,0x0000785695164000] [id=12208]
  0x0000785690003110 GCTaskThread "GC Thread#2" [stack: 0x0000785694f63000,0x0000785695063000] [id=12209]
  0x0000785690003ad0 GCTaskThread "GC Thread#3" [stack: 0x0000785694e62000,0x0000785694f62000] [id=12210]
  0x0000785690004880 GCTaskThread "GC Thread#4" [stack: 0x0000785694d61000,0x0000785694e61000] [id=12211]
  0x0000785690005630 GCTaskThread "GC Thread#5" [stack: 0x0000785694c60000,0x0000785694d60000] [id=12212]
  0x00007856900063e0 GCTaskThread "GC Thread#6" [stack: 0x0000785694b5f000,0x0000785694c5f000] [id=12213]
=>0x0000785690007c30 GCTaskThread "GC Thread#7" [stack: 0x0000785694500000,0x0000785694600000] [id=12222]

Threads with active compile tasks:
C2 CompilerThread0    16700 9562       4       org.eclipse.jdt.internal.core.search.indexing.BinaryIndexer::extractReferenceFromConstantPool (358 bytes)
C2 CompilerThread1    16700 9541   !   4       org.eclipse.jdt.internal.compiler.classfmt.ClassFileReader::<init> (2158 bytes)
C2 CompilerThread2    16700 9561   !   4       org.eclipse.jdt.internal.core.search.indexing.AbstractIndexer::addMethodDeclaration (42 bytes)

VM state: at safepoint (normal execution)

VM Mutex/Monitor currently owned by a thread:  ([mutex/lock_event])
[0x00007856b4024ed0] Threads_lock - owner thread: 0x00007856b4069210
[0x00007856b4025680] Heap_lock - owner thread: 0x000078563861c530

Heap address: 0x00000000c0000000, size: 1024 MB, Compressed Oops mode: 32-bit

CDS archive(s) not mapped
Compressed class space mapped at: 0x0000000100000000-0x0000000140000000, reserved size: 1073741824
Narrow klass base: 0x0000000000000000, Narrow klass shift: 3, Narrow klass range: 0x140000000

GC Precious Log:
 CPUs: 8 total, 8 available
 Memory: 6857M
 Large Page Support: Disabled
 NUMA Support: Disabled
 Compressed Oops: Enabled (32-bit)
 Alignments: Space 512K, Generation 512K, Heap 2M
 Heap Min Capacity: 100M
 Heap Initial Capacity: 100M
 Heap Max Capacity: 1G
 Pre-touch: Disabled
 Parallel Workers: 8

Heap:
 PSYoungGen      total 25088K, used 24775K [0x00000000eab00000, 0x00000000ecf00000, 0x0000000100000000)
  eden space 16384K, 100% used [0x00000000eab00000,0x00000000ebb00000,0x00000000ebb00000)
  from space 8704K, 96% used [0x00000000ec680000,0x00000000eceb1c80,0x00000000ecf00000)
  to   space 9728K, 99% used [0x00000000ebc00000,0x00000000ec57bdf8,0x00000000ec580000)
 ParOldGen       total 193536K, used 191979K [0x00000000c0000000, 0x00000000cbd00000, 0x00000000eab00000)
  object space 193536K, 99% used [0x00000000c0000000,0x00000000cbb7adf8,0x00000000cbd00000)
 Metaspace       used 69409K, committed 70592K, reserved 1114112K
  class space    used 7540K, committed 8064K, reserved 1048576K

Card table byte_map: [0x00007856a1fff000,0x00007856a2200000] _byte_map_base: 0x00007856a19ff000

Marking Bits: (ParMarkBitMap*) 0x00007856b951f380
 Begin Bits: [0x000078569a000000, 0x000078569b000000)
 End Bits:   [0x000078569b000000, 0x000078569c000000)

Polling page: 0x00007856b9950000

Metaspace:

Usage:
  Non-class:     60,42 MB used.
      Class:      7,36 MB used.
       Both:     67,78 MB used.

Virtual space:
  Non-class space:       64,00 MB reserved,      61,06 MB ( 95%) committed,  1 nodes.
      Class space:        1,00 GB reserved,       7,88 MB ( <1%) committed,  1 nodes.
             Both:        1,06 GB reserved,      68,94 MB (  6%) committed. 

Chunk freelists:
   Non-Class:  2,62 MB
       Class:  8,03 MB
        Both:  10,65 MB

MaxMetaspaceSize: unlimited
CompressedClassSpaceSize: 1,00 GB
Initial GC threshold: 21,00 MB
Current GC threshold: 114,19 MB
CDS: off
MetaspaceReclaimPolicy: balanced
 - commit_granule_bytes: 65536.
 - commit_granule_words: 8192.
 - virtual_space_node_default_size: 8388608.
 - enlarge_chunks_in_place: 1.
 - new_chunks_are_fully_committed: 0.
 - uncommit_free_chunks: 1.
 - use_allocation_guard: 0.
 - handle_deallocations: 1.


Internal statistics:

num_allocs_failed_limit: 9.
num_arena_births: 732.
num_arena_deaths: 28.
num_vsnodes_births: 2.
num_vsnodes_deaths: 0.
num_space_committed: 1103.
num_space_uncommitted: 0.
num_chunks_returned_to_freelist: 41.
num_chunks_taken_from_freelist: 3393.
num_chunk_merges: 18.
num_chunk_splits: 2103.
num_chunks_enlarged: 1253.
num_inconsistent_stats: 0.

CodeHeap 'non-profiled nmethods': size=120028Kb used=3225Kb max_used=3225Kb free=116802Kb
 bounds [0x00007856a9cc9000, 0x00007856a9ff9000, 0x00007856b1200000]
CodeHeap 'profiled nmethods': size=120028Kb used=17519Kb max_used=17519Kb free=102508Kb
 bounds [0x00007856a2200000, 0x00007856a3320000, 0x00007856a9737000]
CodeHeap 'non-nmethods': size=5704Kb used=1385Kb max_used=1480Kb free=4318Kb
 bounds [0x00007856a9737000, 0x00007856a99a7000, 0x00007856a9cc9000]
 total_blobs=9119 nmethods=8383 adapters=649
 compilation: enabled
              stopped_count=0, restarted_count=0
 full_count=0

Compilation events (20 events):
Event: 16,358 Thread 0x0000785670683850 nmethod 9555 0x00007856a9fd6d90 code [0x00007856a9fd6f20, 0x00007856a9fd7338]
Event: 16,358 Thread 0x0000785670683850 7614       4       java.nio.file.Files::provider (10 bytes)
Event: 16,359 Thread 0x0000785670683850 nmethod 7614 0x00007856a9fd7590 code [0x00007856a9fd7720, 0x00007856a9fd77d8]
Event: 16,359 Thread 0x0000785670683850 7372       4       java.util.stream.ReferencePipeline$3$1::accept (23 bytes)
Event: 16,361 Thread 0x0000785670683850 nmethod 7372 0x00007856a9fd7910 code [0x00007856a9fd7ac0, 0x00007856a9fd7c38]
Event: 16,361 Thread 0x0000785670683850 6943   !   4       java.nio.file.FileTreeWalker::getAttributes (94 bytes)
Event: 16,536 Thread 0x0000785670683850 nmethod 6943 0x00007856a9fd7e90 code [0x00007856a9fd82a0, 0x00007856a9fdabd8]
Event: 16,536 Thread 0x0000785670683850 9557       4       org.eclipse.jdt.internal.core.search.indexing.AbstractIndexer::addMethodDeclaration (105 bytes)
Event: 16,573 Thread 0x00007856b421fe00 nmethod 9543% 0x00007856a9fddd90 code [0x00007856a9fde2a0, 0x00007856a9fe5a48]
Event: 16,574 Thread 0x00007856b421fe00 9558       4       org.eclipse.jdt.internal.core.search.matching.MethodDeclarationPattern::getTypeErasure (122 bytes)
Event: 16,577 Thread 0x00007856b421fe00 nmethod 9558 0x00007856a9fe9290 code [0x00007856a9fe9420, 0x00007856a9fe9558]
Event: 16,578 Thread 0x00007856b421fe00 9562       4       org.eclipse.jdt.internal.core.search.indexing.BinaryIndexer::extractReferenceFromConstantPool (358 bytes)
Event: 16,583 Thread 0x0000785670683850 nmethod 9557 0x00007856a9fe9690 code [0x00007856a9fe98c0, 0x00007856a9feb130]
Event: 16,583 Thread 0x0000785670683850 9559       4       org.eclipse.jdt.internal.core.search.matching.MethodDeclarationPattern::encodeExtraFlags (49 bytes)
Event: 16,584 Thread 0x0000785670683850 nmethod 9559 0x00007856a9febe90 code [0x00007856a9fec000, 0x00007856a9fec098]
Event: 16,584 Thread 0x0000785670683850 9560       4       org.eclipse.jdt.internal.core.search.matching.MethodDeclarationPattern::createDeclarationIndexKey (387 bytes)
Event: 16,657 Thread 0x0000785670683850 nmethod 9560 0x00007856a9fec190 code [0x00007856a9fec3c0, 0x00007856a9fee4d8]
Event: 16,657 Thread 0x0000785670683850 9561   !   4       org.eclipse.jdt.internal.core.search.indexing.AbstractIndexer::addMethodDeclaration (42 bytes)
Event: 16,658 Thread 0x00007856b42212c0 9563       3       org.eclipse.jdt.internal.core.search.indexing.BinaryIndexer::removeFirstSyntheticParameter (73 bytes)
Event: 16,659 Thread 0x00007856b42212c0 nmethod 9563 0x00007856a331b490 code [0x00007856a331b680, 0x00007856a331bb50]

GC Heap History (20 events):
Event: 15,895 GC heap after
{Heap after GC invocations=94 (full 7):
 PSYoungGen      total 13824K, used 5094K [0x00000000eab00000, 0x00000000ec100000, 0x0000000100000000)
  eden space 8704K, 0% used [0x00000000eab00000,0x00000000eab00000,0x00000000eb380000)
  from space 5120K, 99% used [0x00000000eb380000,0x00000000eb879a58,0x00000000eb880000)
  to   space 6656K, 0% used [0x00000000eba80000,0x00000000eba80000,0x00000000ec100000)
 ParOldGen       total 193536K, used 168563K [0x00000000c0000000, 0x00000000cbd00000, 0x00000000eab00000)
  object space 193536K, 87% used [0x00000000c0000000,0x00000000ca49cf38,0x00000000cbd00000)
 Metaspace       used 69409K, committed 70592K, reserved 1114112K
  class space    used 7540K, committed 8064K, reserved 1048576K
}
Event: 15,942 GC heap before
{Heap before GC invocations=95 (full 7):
 PSYoungGen      total 13824K, used 13798K [0x00000000eab00000, 0x00000000ec100000, 0x0000000100000000)
  eden space 8704K, 100% used [0x00000000eab00000,0x00000000eb380000,0x00000000eb380000)
  from space 5120K, 99% used [0x00000000eb380000,0x00000000eb879a58,0x00000000eb880000)
  to   space 6656K, 0% used [0x00000000eba80000,0x00000000eba80000,0x00000000ec100000)
 ParOldGen       total 193536K, used 168563K [0x00000000c0000000, 0x00000000cbd00000, 0x00000000eab00000)
  object space 193536K, 87% used [0x00000000c0000000,0x00000000ca49cf38,0x00000000cbd00000)
 Metaspace       used 69409K, committed 70592K, reserved 1114112K
  class space    used 7540K, committed 8064K, reserved 1048576K
}
Event: 15,946 GC heap after
{Heap after GC invocations=95 (full 7):
 PSYoungGen      total 14848K, used 4945K [0x00000000eab00000, 0x00000000ebf80000, 0x0000000100000000)
  eden space 9728K, 0% used [0x00000000eab00000,0x00000000eab00000,0x00000000eb480000)
  from space 5120K, 96% used [0x00000000eba80000,0x00000000ebf54680,0x00000000ebf80000)
  to   space 5632K, 0% used [0x00000000eb480000,0x00000000eb480000,0x00000000eba00000)
 ParOldGen       total 193536K, used 170751K [0x00000000c0000000, 0x00000000cbd00000, 0x00000000eab00000)
  object space 193536K, 88% used [0x00000000c0000000,0x00000000ca6bfd90,0x00000000cbd00000)
 Metaspace       used 69409K, committed 70592K, reserved 1114112K
  class space    used 7540K, committed 8064K, reserved 1048576K
}
Event: 16,002 GC heap before
{Heap before GC invocations=96 (full 7):
 PSYoungGen      total 14848K, used 14673K [0x00000000eab00000, 0x00000000ebf80000, 0x0000000100000000)
  eden space 9728K, 100% used [0x00000000eab00000,0x00000000eb480000,0x00000000eb480000)
  from space 5120K, 96% used [0x00000000eba80000,0x00000000ebf54680,0x00000000ebf80000)
  to   space 5632K, 0% used [0x00000000eb480000,0x00000000eb480000,0x00000000eba00000)
 ParOldGen       total 193536K, used 170751K [0x00000000c0000000, 0x00000000cbd00000, 0x00000000eab00000)
  object space 193536K, 88% used [0x00000000c0000000,0x00000000ca6bfd90,0x00000000cbd00000)
 Metaspace       used 69409K, committed 70592K, reserved 1114112K
  class space    used 7540K, committed 8064K, reserved 1048576K
}
Event: 16,007 GC heap after
{Heap after GC invocations=96 (full 7):
 PSYoungGen      total 15360K, used 5601K [0x00000000eab00000, 0x00000000ec480000, 0x0000000100000000)
  eden space 9728K, 0% used [0x00000000eab00000,0x00000000eab00000,0x00000000eb480000)
  from space 5632K, 99% used [0x00000000eb480000,0x00000000eb9f8600,0x00000000eba00000)
  to   space 7680K, 0% used [0x00000000ebd00000,0x00000000ebd00000,0x00000000ec480000)
 ParOldGen       total 193536K, used 172415K [0x00000000c0000000, 0x00000000cbd00000, 0x00000000eab00000)
  object space 193536K, 89% used [0x00000000c0000000,0x00000000ca85ffe8,0x00000000cbd00000)
 Metaspace       used 69409K, committed 70592K, reserved 1114112K
  class space    used 7540K, committed 8064K, reserved 1048576K
}
Event: 16,054 GC heap before
{Heap before GC invocations=97 (full 7):
 PSYoungGen      total 15360K, used 15329K [0x00000000eab00000, 0x00000000ec480000, 0x0000000100000000)
  eden space 9728K, 100% used [0x00000000eab00000,0x00000000eb480000,0x00000000eb480000)
  from space 5632K, 99% used [0x00000000eb480000,0x00000000eb9f8600,0x00000000eba00000)
  to   space 7680K, 0% used [0x00000000ebd00000,0x00000000ebd00000,0x00000000ec480000)
 ParOldGen       total 193536K, used 172415K [0x00000000c0000000, 0x00000000cbd00000, 0x00000000eab00000)
  object space 193536K, 89% used [0x00000000c0000000,0x00000000ca85ffe8,0x00000000cbd00000)
 Metaspace       used 69409K, committed 70592K, reserved 1114112K
  class space    used 7540K, committed 8064K, reserved 1048576K
}
Event: 16,060 GC heap after
{Heap after GC invocations=97 (full 7):
 PSYoungGen      total 16384K, used 5572K [0x00000000eab00000, 0x00000000ec280000, 0x0000000100000000)
  eden space 10752K, 0% used [0x00000000eab00000,0x00000000eab00000,0x00000000eb580000)
  from space 5632K, 98% used [0x00000000ebd00000,0x00000000ec2712d0,0x00000000ec280000)
  to   space 6656K, 0% used [0x00000000eb580000,0x00000000eb580000,0x00000000ebc00000)
 ParOldGen       total 193536K, used 174654K [0x00000000c0000000, 0x00000000cbd00000, 0x00000000eab00000)
  object space 193536K, 90% used [0x00000000c0000000,0x00000000caa8f918,0x00000000cbd00000)
 Metaspace       used 69409K, committed 70592K, reserved 1114112K
  class space    used 7540K, committed 8064K, reserved 1048576K
}
Event: 16,110 GC heap before
{Heap before GC invocations=98 (full 7):
 PSYoungGen      total 16384K, used 16324K [0x00000000eab00000, 0x00000000ec280000, 0x0000000100000000)
  eden space 10752K, 100% used [0x00000000eab00000,0x00000000eb580000,0x00000000eb580000)
  from space 5632K, 98% used [0x00000000ebd00000,0x00000000ec2712d0,0x00000000ec280000)
  to   space 6656K, 0% used [0x00000000eb580000,0x00000000eb580000,0x00000000ebc00000)
 ParOldGen       total 193536K, used 174654K [0x00000000c0000000, 0x00000000cbd00000, 0x00000000eab00000)
  object space 193536K, 90% used [0x00000000c0000000,0x00000000caa8f918,0x00000000cbd00000)
 Metaspace       used 69409K, committed 70592K, reserved 1114112K
  class space    used 7540K, committed 8064K, reserved 1048576K
}
Event: 16,117 GC heap after
{Heap after GC invocations=98 (full 7):
 PSYoungGen      total 17408K, used 6636K [0x00000000eab00000, 0x00000000ec800000, 0x0000000100000000)
  eden space 10752K, 0% used [0x00000000eab00000,0x00000000eab00000,0x00000000eb580000)
  from space 6656K, 99% used [0x00000000eb580000,0x00000000ebbfb370,0x00000000ebc00000)
  to   space 8704K, 0% used [0x00000000ebf80000,0x00000000ebf80000,0x00000000ec800000)
 ParOldGen       total 193536K, used 175938K [0x00000000c0000000, 0x00000000cbd00000, 0x00000000eab00000)
  object space 193536K, 90% used [0x00000000c0000000,0x00000000cabd0898,0x00000000cbd00000)
 Metaspace       used 69409K, committed 70592K, reserved 1114112K
  class space    used 7540K, committed 8064K, reserved 1048576K
}
Event: 16,185 GC heap before
{Heap before GC invocations=99 (full 7):
 PSYoungGen      total 17408K, used 17388K [0x00000000eab00000, 0x00000000ec800000, 0x0000000100000000)
  eden space 10752K, 100% used [0x00000000eab00000,0x00000000eb580000,0x00000000eb580000)
  from space 6656K, 99% used [0x00000000eb580000,0x00000000ebbfb370,0x00000000ebc00000)
  to   space 8704K, 0% used [0x00000000ebf80000,0x00000000ebf80000,0x00000000ec800000)
 ParOldGen       total 193536K, used 175938K [0x00000000c0000000, 0x00000000cbd00000, 0x00000000eab00000)
  object space 193536K, 90% used [0x00000000c0000000,0x00000000cabd0898,0x00000000cbd00000)
 Metaspace       used 69409K, committed 70592K, reserved 1114112K
  class space    used 7540K, committed 8064K, reserved 1048576K
}
Event: 16,194 GC heap after
{Heap after GC invocations=99 (full 7):
 PSYoungGen      total 18944K, used 6210K [0x00000000eab00000, 0x00000000ec600000, 0x0000000100000000)
  eden space 12288K, 0% used [0x00000000eab00000,0x00000000eab00000,0x00000000eb700000)
  from space 6656K, 93% used [0x00000000ebf80000,0x00000000ec590968,0x00000000ec600000)
  to   space 7168K, 0% used [0x00000000eb800000,0x00000000eb800000,0x00000000ebf00000)
 ParOldGen       total 193536K, used 178928K [0x00000000c0000000, 0x00000000cbd00000, 0x00000000eab00000)
  object space 193536K, 92% used [0x00000000c0000000,0x00000000caebc060,0x00000000cbd00000)
 Metaspace       used 69409K, committed 70592K, reserved 1114112K
  class space    used 7540K, committed 8064K, reserved 1048576K
}
Event: 16,288 GC heap before
{Heap before GC invocations=100 (full 7):
 PSYoungGen      total 18944K, used 18498K [0x00000000eab00000, 0x00000000ec600000, 0x0000000100000000)
  eden space 12288K, 100% used [0x00000000eab00000,0x00000000eb700000,0x00000000eb700000)
  from space 6656K, 93% used [0x00000000ebf80000,0x00000000ec590968,0x00000000ec600000)
  to   space 7168K, 0% used [0x00000000eb800000,0x00000000eb800000,0x00000000ebf00000)
 ParOldGen       total 193536K, used 178928K [0x00000000c0000000, 0x00000000cbd00000, 0x00000000eab00000)
  object space 193536K, 92% used [0x00000000c0000000,0x00000000caebc060,0x00000000cbd00000)
 Metaspace       used 69409K, committed 70592K, reserved 1114112K
  class space    used 7540K, committed 8064K, reserved 1048576K
}
Event: 16,295 GC heap after
{Heap after GC invocations=100 (full 7):
 PSYoungGen      total 20480K, used 7139K [0x00000000eab00000, 0x00000000ecb00000, 0x0000000100000000)
  eden space 13312K, 0% used [0x00000000eab00000,0x00000000eab00000,0x00000000eb800000)
  from space 7168K, 99% used [0x00000000eb800000,0x00000000ebef8f80,0x00000000ebf00000)
  to   space 9728K, 0% used [0x00000000ec180000,0x00000000ec180000,0x00000000ecb00000)
 ParOldGen       total 193536K, used 180559K [0x00000000c0000000, 0x00000000cbd00000, 0x00000000eab00000)
  object space 193536K, 93% used [0x00000000c0000000,0x00000000cb053e58,0x00000000cbd00000)
 Metaspace       used 69409K, committed 70592K, reserved 1114112K
  class space    used 7540K, committed 8064K, reserved 1048576K
}
Event: 16,366 GC heap before
{Heap before GC invocations=101 (full 7):
 PSYoungGen      total 20480K, used 20451K [0x00000000eab00000, 0x00000000ecb00000, 0x0000000100000000)
  eden space 13312K, 100% used [0x00000000eab00000,0x00000000eb800000,0x00000000eb800000)
  from space 7168K, 99% used [0x00000000eb800000,0x00000000ebef8f80,0x00000000ebf00000)
  to   space 9728K, 0% used [0x00000000ec180000,0x00000000ec180000,0x00000000ecb00000)
 ParOldGen       total 193536K, used 180559K [0x00000000c0000000, 0x00000000cbd00000, 0x00000000eab00000)
  object space 193536K, 93% used [0x00000000c0000000,0x00000000cb053e58,0x00000000cbd00000)
 Metaspace       used 69409K, committed 70592K, reserved 1114112K
  class space    used 7540K, committed 8064K, reserved 1048576K
}
Event: 16,372 GC heap after
{Heap after GC invocations=101 (full 7):
 PSYoungGen      total 23040K, used 7513K [0x00000000eab00000, 0x00000000ec980000, 0x0000000100000000)
  eden space 14848K, 0% used [0x00000000eab00000,0x00000000eab00000,0x00000000eb980000)
  from space 8192K, 91% used [0x00000000ec180000,0x00000000ec8d67f8,0x00000000ec980000)
  to   space 8192K, 0% used [0x00000000eb980000,0x00000000eb980000,0x00000000ec180000)
 ParOldGen       total 193536K, used 183558K [0x00000000c0000000, 0x00000000cbd00000, 0x00000000eab00000)
  object space 193536K, 94% used [0x00000000c0000000,0x00000000cb341970,0x00000000cbd00000)
 Metaspace       used 69409K, committed 70592K, reserved 1114112K
  class space    used 7540K, committed 8064K, reserved 1048576K
}
Event: 16,478 GC heap before
{Heap before GC invocations=102 (full 7):
 PSYoungGen      total 23040K, used 22361K [0x00000000eab00000, 0x00000000ec980000, 0x0000000100000000)
  eden space 14848K, 100% used [0x00000000eab00000,0x00000000eb980000,0x00000000eb980000)
  from space 8192K, 91% used [0x00000000ec180000,0x00000000ec8d67f8,0x00000000ec980000)
  to   space 8192K, 0% used [0x00000000eb980000,0x00000000eb980000,0x00000000ec180000)
 ParOldGen       total 193536K, used 183558K [0x00000000c0000000, 0x00000000cbd00000, 0x00000000eab00000)
  object space 193536K, 94% used [0x00000000c0000000,0x00000000cb341970,0x00000000cbd00000)
 Metaspace       used 69409K, committed 70592K, reserved 1114112K
  class space    used 7540K, committed 8064K, reserved 1048576K
}
Event: 16,487 GC heap after
{Heap after GC invocations=102 (full 7):
 PSYoungGen      total 23040K, used 8163K [0x00000000eab00000, 0x00000000ed200000, 0x0000000100000000)
  eden space 14848K, 0% used [0x00000000eab00000,0x00000000eab00000,0x00000000eb980000)
  from space 8192K, 99% used [0x00000000eb980000,0x00000000ec178d90,0x00000000ec180000)
  to   space 11776K, 0% used [0x00000000ec680000,0x00000000ec680000,0x00000000ed200000)
 ParOldGen       total 193536K, used 186383K [0x00000000c0000000, 0x00000000cbd00000, 0x00000000eab00000)
  object space 193536K, 96% used [0x00000000c0000000,0x00000000cb603d90,0x00000000cbd00000)
 Metaspace       used 69409K, committed 70592K, reserved 1114112K
  class space    used 7540K, committed 8064K, reserved 1048576K
}
Event: 16,564 GC heap before
{Heap before GC invocations=103 (full 7):
 PSYoungGen      total 23040K, used 23011K [0x00000000eab00000, 0x00000000ed200000, 0x0000000100000000)
  eden space 14848K, 100% used [0x00000000eab00000,0x00000000eb980000,0x00000000eb980000)
  from space 8192K, 99% used [0x00000000eb980000,0x00000000ec178d90,0x00000000ec180000)
  to   space 11776K, 0% used [0x00000000ec680000,0x00000000ec680000,0x00000000ed200000)
 ParOldGen       total 193536K, used 186383K [0x00000000c0000000, 0x00000000cbd00000, 0x00000000eab00000)
  object space 193536K, 96% used [0x00000000c0000000,0x00000000cb603d90,0x00000000cbd00000)
 Metaspace       used 69409K, committed 70592K, reserved 1114112K
  class space    used 7540K, committed 8064K, reserved 1048576K
}
Event: 16,573 GC heap after
{Heap after GC invocations=103 (full 7):
 PSYoungGen      total 25088K, used 8391K [0x00000000eab00000, 0x00000000ecf00000, 0x0000000100000000)
  eden space 16384K, 0% used [0x00000000eab00000,0x00000000eab00000,0x00000000ebb00000)
  from space 8704K, 96% used [0x00000000ec680000,0x00000000eceb1c80,0x00000000ecf00000)
  to   space 9728K, 0% used [0x00000000ebc00000,0x00000000ebc00000,0x00000000ec580000)
 ParOldGen       total 193536K, used 189702K [0x00000000c0000000, 0x00000000cbd00000, 0x00000000eab00000)
  object space 193536K, 98% used [0x00000000c0000000,0x00000000cb941a00,0x00000000cbd00000)
 Metaspace       used 69409K, committed 70592K, reserved 1114112K
  class space    used 7540K, committed 8064K, reserved 1048576K
}
Event: 16,664 GC heap before
{Heap before GC invocations=104 (full 7):
 PSYoungGen      total 25088K, used 24775K [0x00000000eab00000, 0x00000000ecf00000, 0x0000000100000000)
  eden space 16384K, 100% used [0x00000000eab00000,0x00000000ebb00000,0x00000000ebb00000)
  from space 8704K, 96% used [0x00000000ec680000,0x00000000eceb1c80,0x00000000ecf00000)
  to   space 9728K, 0% used [0x00000000ebc00000,0x00000000ebc00000,0x00000000ec580000)
 ParOldGen       total 193536K, used 189702K [0x00000000c0000000, 0x00000000cbd00000, 0x00000000eab00000)
  object space 193536K, 98% used [0x00000000c0000000,0x00000000cb941a00,0x00000000cbd00000)
 Metaspace       used 69409K, committed 70592K, reserved 1114112K
  class space    used 7540K, committed 8064K, reserved 1048576K
}

Dll operation events (10 events):
Event: 0,005 Loaded shared library /home/sergio/.vscode/extensions/redhat.java-1.29.0-linux-x64/jre/17.0.10-linux-x86_64/lib/libjava.so
Event: 0,239 Loaded shared library /home/sergio/.vscode/extensions/redhat.java-1.29.0-linux-x64/jre/17.0.10-linux-x86_64/lib/libzip.so
Event: 0,242 Loaded shared library /home/sergio/.vscode/extensions/redhat.java-1.29.0-linux-x64/jre/17.0.10-linux-x86_64/lib/libinstrument.so
Event: 0,255 Loaded shared library /home/sergio/.vscode/extensions/redhat.java-1.29.0-linux-x64/jre/17.0.10-linux-x86_64/lib/libnio.so
Event: 0,268 Loaded shared library /home/sergio/.vscode/extensions/redhat.java-1.29.0-linux-x64/jre/17.0.10-linux-x86_64/lib/libzip.so
Event: 0,290 Loaded shared library /home/sergio/.vscode/extensions/redhat.java-1.29.0-linux-x64/jre/17.0.10-linux-x86_64/lib/libjimage.so
Event: 0,373 Loaded shared library /home/sergio/.vscode/extensions/redhat.java-1.29.0-linux-x64/jre/17.0.10-linux-x86_64/lib/libverify.so
Event: 1,254 Loaded shared library /home/sergio/.vscode/extensions/redhat.java-1.29.0-linux-x64/jre/17.0.10-linux-x86_64/lib/libnet.so
Event: 1,827 Loaded shared library /home/sergio/.config/Code/User/globalStorage/redhat.java/1.29.0/config_linux/org.eclipse.equinox.launcher/org.eclipse.equinox.launcher.gtk.linux.x86_64_1.2.900.v20240129-1338/eclipse_11900.so
Event: 8,988 Loaded shared library /home/sergio/.vscode/extensions/redhat.java-1.29.0-linux-x64/jre/17.0.10-linux-x86_64/lib/libextnet.so

Deoptimization events (20 events):
Event: 16,626 Thread 0x000078563861c530 DEOPT PACKING pc=0x00007856a32ff88b sp=0x0000785627dfdd40
Event: 16,626 Thread 0x000078563861c530 DEOPT UNPACKING pc=0x00007856a978db2f sp=0x0000785627dfd2c8 mode 0
Event: 16,630 Thread 0x000078563861c530 DEOPT PACKING pc=0x00007856a2e8432d sp=0x0000785627dfdce0
Event: 16,630 Thread 0x000078563861c530 DEOPT UNPACKING pc=0x00007856a978db2f sp=0x0000785627dfd2a0 mode 0
Event: 16,632 Thread 0x000078563861c530 DEOPT PACKING pc=0x00007856a32ff90b sp=0x0000785627dfdd40
Event: 16,633 Thread 0x000078563861c530 DEOPT UNPACKING pc=0x00007856a978db2f sp=0x0000785627dfd2c8 mode 0
Event: 16,637 Thread 0x000078563861c530 DEOPT PACKING pc=0x00007856a32ff88b sp=0x0000785627dfdd40
Event: 16,637 Thread 0x000078563861c530 DEOPT UNPACKING pc=0x00007856a978db2f sp=0x0000785627dfd2c8 mode 0
Event: 16,638 Thread 0x000078563861c530 DEOPT PACKING pc=0x00007856a2e8432d sp=0x0000785627dfdce0
Event: 16,638 Thread 0x000078563861c530 DEOPT UNPACKING pc=0x00007856a978db2f sp=0x0000785627dfd2a0 mode 0
Event: 16,641 Thread 0x000078563861c530 DEOPT PACKING pc=0x00007856a32ff88b sp=0x0000785627dfdd40
Event: 16,641 Thread 0x000078563861c530 DEOPT UNPACKING pc=0x00007856a978db2f sp=0x0000785627dfd2c8 mode 0
Event: 16,641 Thread 0x000078563861c530 DEOPT PACKING pc=0x00007856a2e8432d sp=0x0000785627dfdce0
Event: 16,641 Thread 0x000078563861c530 DEOPT UNPACKING pc=0x00007856a978db2f sp=0x0000785627dfd2a0 mode 0
Event: 16,650 Thread 0x000078563861c530 DEOPT PACKING pc=0x00007856a2e8432d sp=0x0000785627dfdce0
Event: 16,650 Thread 0x000078563861c530 DEOPT UNPACKING pc=0x00007856a978db2f sp=0x0000785627dfd2a0 mode 0
Event: 16,651 Thread 0x000078563861c530 DEOPT PACKING pc=0x00007856a32ff90b sp=0x0000785627dfdd40
Event: 16,651 Thread 0x000078563861c530 DEOPT UNPACKING pc=0x00007856a978db2f sp=0x0000785627dfd2c8 mode 0
Event: 16,660 Thread 0x000078563861c530 DEOPT PACKING pc=0x00007856a2e8432d sp=0x0000785627dfdce0
Event: 16,661 Thread 0x000078563861c530 DEOPT UNPACKING pc=0x00007856a978db2f sp=0x0000785627dfd2a0 mode 0

Classes unloaded (14 events):
Event: 5,802 Thread 0x00007856b4069210 Unloading class 0x000000010038ec00 'java/lang/invoke/LambdaForm$MH+0x000000010038ec00'
Event: 5,802 Thread 0x00007856b4069210 Unloading class 0x000000010038e800 'java/lang/invoke/LambdaForm$MH+0x000000010038e800'
Event: 5,802 Thread 0x00007856b4069210 Unloading class 0x000000010038dc00 'java/lang/invoke/LambdaForm$MH+0x000000010038dc00'
Event: 5,802 Thread 0x00007856b4069210 Unloading class 0x000000010038d800 'java/lang/invoke/LambdaForm$DMH+0x000000010038d800'
Event: 5,802 Thread 0x00007856b4069210 Unloading class 0x000000010038cc00 'java/lang/invoke/LambdaForm$MH+0x000000010038cc00'
Event: 5,802 Thread 0x00007856b4069210 Unloading class 0x0000000100381c00 'java/lang/invoke/LambdaForm$DMH+0x0000000100381c00'
Event: 5,802 Thread 0x00007856b4069210 Unloading class 0x0000000100381000 'java/lang/invoke/LambdaForm$DMH+0x0000000100381000'
Event: 5,802 Thread 0x00007856b4069210 Unloading class 0x0000000100254400 'java/lang/invoke/LambdaForm$MH+0x0000000100254400'
Event: 5,802 Thread 0x00007856b4069210 Unloading class 0x0000000100254000 'java/lang/invoke/LambdaForm$MH+0x0000000100254000'
Event: 5,802 Thread 0x00007856b4069210 Unloading class 0x0000000100253c00 'java/lang/invoke/LambdaForm$MH+0x0000000100253c00'
Event: 5,802 Thread 0x00007856b4069210 Unloading class 0x0000000100253800 'java/lang/invoke/LambdaForm$MH+0x0000000100253800'
Event: 5,802 Thread 0x00007856b4069210 Unloading class 0x0000000100253400 'java/lang/invoke/LambdaForm$BMH+0x0000000100253400'
Event: 5,802 Thread 0x00007856b4069210 Unloading class 0x0000000100253000 'java/lang/invoke/LambdaForm$DMH+0x0000000100253000'
Event: 5,802 Thread 0x00007856b4069210 Unloading class 0x0000000100250400 'java/lang/invoke/LambdaForm$DMH+0x0000000100250400'

Classes redefined (0 events):
No events

Internal exceptions (20 events):
Event: 15,418 Thread 0x0000785610000ff0 Exception <a 'java/io/IOException'{0x00000000eab2c180}> (0x00000000eab2c180) 
thrown [src/hotspot/share/prims/jni.cpp, line 516]
Event: 15,418 Thread 0x0000785610000ff0 Exception <a 'java/io/IOException'{0x00000000eab2c488}> (0x00000000eab2c488) 
thrown [src/hotspot/share/prims/jni.cpp, line 516]
Event: 15,419 Thread 0x0000785610000ff0 Exception <a 'java/io/IOException'{0x00000000eab2d0e8}> (0x00000000eab2d0e8) 
thrown [src/hotspot/share/prims/jni.cpp, line 516]
Event: 15,419 Thread 0x0000785610000ff0 Exception <a 'java/io/IOException'{0x00000000eab2d3f0}> (0x00000000eab2d3f0) 
thrown [src/hotspot/share/prims/jni.cpp, line 516]
Event: 15,419 Thread 0x0000785610000ff0 Exception <a 'java/io/IOException'{0x00000000eab50f28}> (0x00000000eab50f28) 
thrown [src/hotspot/share/prims/jni.cpp, line 516]
Event: 15,623 Thread 0x000078563832cb10 Exception <a 'java/io/IOException'{0x00000000eab25410}> (0x00000000eab25410) 
thrown [src/hotspot/share/prims/jni.cpp, line 516]
Event: 15,623 Thread 0x000078563832cb10 Exception <a 'java/io/IOException'{0x00000000eab25718}> (0x00000000eab25718) 
thrown [src/hotspot/share/prims/jni.cpp, line 516]
Event: 15,623 Thread 0x000078563832cb10 Exception <a 'java/io/IOException'{0x00000000eab25cc0}> (0x00000000eab25cc0) 
thrown [src/hotspot/share/prims/jni.cpp, line 516]
Event: 15,623 Thread 0x000078563832cb10 Exception <a 'java/io/IOException'{0x00000000eab26930}> (0x00000000eab26930) 
thrown [src/hotspot/share/prims/jni.cpp, line 516]
Event: 15,623 Thread 0x000078563832cb10 Exception <a 'java/io/IOException'{0x00000000eab26c38}> (0x00000000eab26c38) 
thrown [src/hotspot/share/prims/jni.cpp, line 516]
Event: 15,623 Thread 0x000078563832cb10 Exception <a 'java/io/IOException'{0x00000000eab26f40}> (0x00000000eab26f40) 
thrown [src/hotspot/share/prims/jni.cpp, line 516]
Event: 15,623 Thread 0x000078563832cb10 Exception <a 'java/io/IOException'{0x00000000eab48a30}> (0x00000000eab48a30) 
thrown [src/hotspot/share/prims/jni.cpp, line 516]
Event: 15,623 Thread 0x000078563832cb10 Exception <a 'java/io/IOException'{0x00000000eab48d38}> (0x00000000eab48d38) 
thrown [src/hotspot/share/prims/jni.cpp, line 516]
Event: 15,623 Thread 0x000078563832cb10 Exception <a 'java/io/IOException'{0x00000000eab49280}> (0x00000000eab49280) 
thrown [src/hotspot/share/prims/jni.cpp, line 516]
Event: 15,625 Thread 0x000078563832cb10 Exception <a 'java/io/IOException'{0x00000000eab6e750}> (0x00000000eab6e750) 
thrown [src/hotspot/share/prims/jni.cpp, line 516]
Event: 15,625 Thread 0x000078563832cb10 Exception <a 'java/io/IOException'{0x00000000eab6ea58}> (0x00000000eab6ea58) 
thrown [src/hotspot/share/prims/jni.cpp, line 516]
Event: 15,625 Thread 0x000078563832cb10 Exception <a 'java/io/IOException'{0x00000000eab6ed60}> (0x00000000eab6ed60) 
thrown [src/hotspot/share/prims/jni.cpp, line 516]
Event: 15,627 Thread 0x000078563832cb10 Exception <a 'java/io/IOException'{0x00000000eabc29e8}> (0x00000000eabc29e8) 
thrown [src/hotspot/share/prims/jni.cpp, line 516]
Event: 15,627 Thread 0x000078563832cb10 Exception <a 'java/io/IOException'{0x00000000eabe5040}> (0x00000000eabe5040) 
thrown [src/hotspot/share/prims/jni.cpp, line 516]
Event: 15,627 Thread 0x000078563832cb10 Exception <a 'java/io/IOException'{0x00000000eabe5348}> (0x00000000eabe5348) 
thrown [src/hotspot/share/prims/jni.cpp, line 516]

VM Operations (20 events):
Event: 15,895 Executing VM operation: ParallelGCFailedAllocation done
Event: 15,942 Executing VM operation: ParallelGCFailedAllocation
Event: 15,946 Executing VM operation: ParallelGCFailedAllocation done
Event: 16,001 Executing VM operation: ParallelGCFailedAllocation
Event: 16,007 Executing VM operation: ParallelGCFailedAllocation done
Event: 16,054 Executing VM operation: ParallelGCFailedAllocation
Event: 16,060 Executing VM operation: ParallelGCFailedAllocation done
Event: 16,110 Executing VM operation: ParallelGCFailedAllocation
Event: 16,117 Executing VM operation: ParallelGCFailedAllocation done
Event: 16,185 Executing VM operation: ParallelGCFailedAllocation
Event: 16,194 Executing VM operation: ParallelGCFailedAllocation done
Event: 16,288 Executing VM operation: ParallelGCFailedAllocation
Event: 16,295 Executing VM operation: ParallelGCFailedAllocation done
Event: 16,366 Executing VM operation: ParallelGCFailedAllocation
Event: 16,372 Executing VM operation: ParallelGCFailedAllocation done
Event: 16,478 Executing VM operation: ParallelGCFailedAllocation
Event: 16,487 Executing VM operation: ParallelGCFailedAllocation done
Event: 16,563 Executing VM operation: ParallelGCFailedAllocation
Event: 16,573 Executing VM operation: ParallelGCFailedAllocation done
Event: 16,664 Executing VM operation: ParallelGCFailedAllocation

Events (20 events):
Event: 14,988 Protecting memory [0x0000785626331000,0x0000785626335000] with protection modes 0
Event: 15,001 Thread 0x00007855a0000d70 Thread added: 0x00007855a0000d70
Event: 15,002 Thread 0x0000785598004140 Thread added: 0x0000785598004140
Event: 15,002 Protecting memory [0x0000785626131000,0x0000785626135000] with protection modes 0
Event: 15,002 Protecting memory [0x0000785625f31000,0x0000785625f35000] with protection modes 0
Event: 15,023 Thread 0x00007855b400fcf0 Thread exited: 0x00007855b400fcf0
Event: 15,023 Thread 0x00007855a0000d70 Thread exited: 0x00007855a0000d70
Event: 15,023 Thread 0x00007855980035a0 Thread exited: 0x00007855980035a0
Event: 15,023 Thread 0x00007855a00028c0 Thread exited: 0x00007855a00028c0
Event: 15,023 Thread 0x0000785598004140 Thread exited: 0x0000785598004140
Event: 15,038 Thread 0x00007856b4291b70 Thread added: 0x00007856b4291b70
Event: 15,038 Thread 0x0000785598001fc0 Thread exited: 0x0000785598001fc0
Event: 15,038 Protecting memory [0x0000785626131000,0x0000785626135000] with protection modes 0
Event: 15,041 Thread 0x0000785610673c20 Thread added: 0x0000785610673c20
Event: 15,041 Protecting memory [0x0000785626031000,0x0000785626035000] with protection modes 0
Event: 15,058 Thread 0x00007855a400cf10 Thread added: 0x00007855a400cf10
Event: 15,060 Protecting memory [0x0000785625e31000,0x0000785625e35000] with protection modes 0
Event: 15,103 Thread 0x0000785610673c20 Thread exited: 0x0000785610673c20
Event: 15,140 loading class javax/security/auth/login/Configuration
Event: 15,140 loading class javax/security/auth/login/Configuration done


Dynamic libraries:
c0000000-cbd00000 rw-p 00000000 00:00 0 
cbd00000-eab00000 ---p 00000000 00:00 0 
eab00000-ecf00000 rw-p 00000000 00:00 0 
ecf00000-100000000 ---p 00000000 00:00 0 
100000000-100010000 rw-p 00000000 00:00 0 
100010000-100030000 rw-p 00000000 00:00 0 
100030000-1000b0000 rw-p 00000000 00:00 0 
1000b0000-1000d0000 rw-p 00000000 00:00 0 
1000d0000-100130000 rw-p 00000000 00:00 0 
100130000-100170000 rw-p 00000000 00:00 0 
100170000-1001b0000 rw-p 00000000 00:00 0 
1001b0000-1001f0000 rw-p 00000000 00:00 0 
1001f0000-1002d0000 rw-p 00000000 00:00 0 
1002d0000-1002f0000 rw-p 00000000 00:00 0 
1002f0000-1003f0000 rw-p 00000000 00:00 0 
1003f0000-1005d0000 rw-p 00000000 00:00 0 
1005d0000-100630000 rw-p 00000000 00:00 0 
100630000-1006b0000 rw-p 00000000 00:00 0 
1006b0000-1006e0000 rw-p 00000000 00:00 0 
1006e0000-100700000 ---p 00000000 00:00 0 
100700000-100800000 rw-p 00000000 00:00 0 
100800000-140000000 ---p 00000000 00:00 0 
58e1678ec000-58e1678ed000 r--p 00000000 103:03 10726107                  /home/sergio/.vscode/extensions/redhat.java-1.29.0-linux-x64/jre/17.0.10-linux-x86_64/bin/java
58e1678ed000-58e1678ee000 r-xp 00001000 103:03 10726107                  /home/sergio/.vscode/extensions/redhat.java-1.29.0-linux-x64/jre/17.0.10-linux-x86_64/bin/java
58e1678ee000-58e1678ef000 r--p 00002000 103:03 10726107                  /home/sergio/.vscode/extensions/redhat.java-1.29.0-linux-x64/jre/17.0.10-linux-x86_64/bin/java
58e1678ef000-58e1678f0000 r--p 00002000 103:03 10726107                  /home/sergio/.vscode/extensions/redhat.java-1.29.0-linux-x64/jre/17.0.10-linux-x86_64/bin/java
58e1678f0000-58e1678f1000 rw-p 00003000 103:03 10726107                  /home/sergio/.vscode/extensions/redhat.java-1.29.0-linux-x64/jre/17.0.10-linux-x86_64/bin/java
58e168e64000-58e168eac000 rw-p 00000000 00:00 0                          [heap]
785590000000-785590021000 rw-p 00000000 00:00 0 
785590021000-785594000000 ---p 00000000 00:00 0 
785594000000-78559492f000 rw-p 00000000 00:00 0 
78559492f000-785598000000 ---p 00000000 00:00 0 
785598000000-785598021000 rw-p 00000000 00:00 0 
785598021000-78559c000000 ---p 00000000 00:00 0 
78559c000000-78559c021000 rw-p 00000000 00:00 0 
78559c021000-7855a0000000 ---p 00000000 00:00 0 
7855a0000000-7855a0046000 rw-p 00000000 00:00 0 
7855a0046000-7855a4000000 ---p 00000000 00:00 0 
7855a4000000-7855a4043000 rw-p 00000000 00:00 0 
7855a4043000-7855a8000000 ---p 00000000 00:00 0 
7855a8000000-7855a8021000 rw-p 00000000 00:00 0 
7855a8021000-7855ac000000 ---p 00000000 00:00 0 
7855ac000000-7855ac056000 rw-p 00000000 00:00 0 
7855ac056000-7855b0000000 ---p 00000000 00:00 0 
7855b0000000-7855b015c000 rw-p 00000000 00:00 0 
7855b015c000-7855b4000000 ---p 00000000 00:00 0 
7855b4000000-7855b4032000 rw-p 00000000 00:00 0 
7855b4032000-7855b8000000 ---p 00000000 00:00 0 
7855b8000000-7855b8021000 rw-p 00000000 00:00 0 
7855b8021000-7855bc000000 ---p 00000000 00:00 0 
7855bc000000-7855bc021000 rw-p 00000000 00:00 0 
7855bc021000-7855c0000000 ---p 00000000 00:00 0 
7855c0000000-7855c1650000 rw-p 00000000 00:00 0 
7855c1650000-7855c4000000 ---p 00000000 00:00 0 
7855c4000000-7855c4129000 rw-p 00000000 00:00 0 
7855c4129000-7855c8000000 ---p 00000000 00:00 0 
7855c8000000-7855c8027000 rw-p 00000000 00:00 0 
7855c8027000-7855cc000000 ---p 00000000 00:00 0 
7855cc000000-7855cc021000 rw-p 00000000 00:00 0 
7855cc021000-7855d0000000 ---p 00000000 00:00 0 
7855d0000000-7855d0021000 rw-p 00000000 00:00 0 
7855d0021000-7855d4000000 ---p 00000000 00:00 0 
7855d7600000-7855dfe25000 r--s 00000000 103:03 8004881                   /usr/lib/jvm/java-11-openjdk-amd64/lib/modules
7855e0000000-7855e0021000 rw-p 00000000 00:00 0 
7855e0021000-7855e4000000 ---p 00000000 00:00 0 
7855e4000000-7855e4021000 rw-p 00000000 00:00 0 
7855e4021000-7855e8000000 ---p 00000000 00:00 0 
7855e8000000-7855e8021000 rw-p 00000000 00:00 0 
7855e8021000-7855ec000000 ---p 00000000 00:00 0 
7855ec000000-7855ec021000 rw-p 00000000 00:00 0 
7855ec021000-7855f0000000 ---p 00000000 00:00 0 
7855f0000000-7855f0021000 rw-p 00000000 00:00 0 
7855f0021000-7855f4000000 ---p 00000000 00:00 0 
7855f4000000-7855f4021000 rw-p 00000000 00:00 0 
7855f4021000-7855f8000000 ---p 00000000 00:00 0 
7855f8000000-7855f8021000 rw-p 00000000 00:00 0 
7855f8021000-7855fc000000 ---p 00000000 00:00 0 
7855fc000000-7855fc021000 rw-p 00000000 00:00 0 
7855fc021000-785600000000 ---p 00000000 00:00 0 
785600000000-785600026000 rw-p 00000000 00:00 0 
785600026000-785604000000 ---p 00000000 00:00 0 
785604000000-785604188000 rw-p 00000000 00:00 0 
785604188000-785608000000 ---p 00000000 00:00 0 
785608000000-785608021000 rw-p 00000000 00:00 0 
785608021000-78560c000000 ---p 00000000 00:00 0 
78560c000000-78560c021000 rw-p 00000000 00:00 0 
78560c021000-785610000000 ---p 00000000 00:00 0 
785610000000-7856106d3000 rw-p 00000000 00:00 0 
7856106d3000-785614000000 ---p 00000000 00:00 0 
785614000000-7856141c3000 rw-p 00000000 00:00 0 
7856141c3000-785618000000 ---p 00000000 00:00 0 
785618000000-7856180c4000 rw-p 00000000 00:00 0 
7856180c4000-78561c000000 ---p 00000000 00:00 0 
78561c000000-78561c04f000 rw-p 00000000 00:00 0 
78561c04f000-785620000000 ---p 00000000 00:00 0 
785620000000-7856201ec000 rw-p 00000000 00:00 0 
7856201ec000-785624000000 ---p 00000000 00:00 0 
785625d31000-785625d35000 ---p 00000000 00:00 0 
785625d35000-785625e31000 rw-p 00000000 00:00 0 
785625e31000-785625e35000 ---p 00000000 00:00 0 
785625e35000-785625f31000 rw-p 00000000 00:00 0 
785625f31000-785625f35000 ---p 00000000 00:00 0 
785625f35000-785626031000 rw-p 00000000 00:00 0 
785626031000-785626035000 ---p 00000000 00:00 0 
785626035000-785626131000 rw-p 00000000 00:00 0 
785626131000-785626135000 ---p 00000000 00:00 0 
785626135000-785626231000 rw-p 00000000 00:00 0 
785626231000-785626235000 ---p 00000000 00:00 0 
785626235000-785626331000 rw-p 00000000 00:00 0 
785626331000-785626335000 ---p 00000000 00:00 0 
785626335000-785626431000 rw-p 00000000 00:00 0 
785626431000-785626435000 ---p 00000000 00:00 0 
785626435000-785626531000 rw-p 00000000 00:00 0 
785626531000-785626535000 ---p 00000000 00:00 0 
785626535000-785626631000 rw-p 00000000 00:00 0 
785626631000-785626635000 ---p 00000000 00:00 0 
785626635000-785626731000 rw-p 00000000 00:00 0 
785626731000-785626735000 ---p 00000000 00:00 0 
785626735000-785626831000 rw-p 00000000 00:00 0 
785626831000-785626835000 ---p 00000000 00:00 0 
785626835000-785626931000 rw-p 00000000 00:00 0 
785626931000-785626935000 ---p 00000000 00:00 0 
785626935000-785626a31000 rw-p 00000000 00:00 0 
785626a31000-785626a35000 ---p 00000000 00:00 0 
785626a35000-785626b31000 rw-p 00000000 00:00 0 
785626b31000-785626b35000 ---p 00000000 00:00 0 
785626b35000-785626c31000 rw-p 00000000 00:00 0 
785626c31000-785626c35000 ---p 00000000 00:00 0 
785626c35000-785626d31000 rw-p 00000000 00:00 0 
785626d31000-785626d35000 ---p 00000000 00:00 0 
785626d35000-785626e31000 rw-p 00000000 00:00 0 
785626e31000-785626e35000 ---p 00000000 00:00 0 
785626e35000-785626f31000 rw-p 00000000 00:00 0 
785626f31000-785626f35000 ---p 00000000 00:00 0 
785626f35000-785627031000 rw-p 00000000 00:00 0 
785627031000-785627035000 ---p 00000000 00:00 0 
785627035000-785627131000 rw-p 00000000 00:00 0 
785627131000-785627135000 ---p 00000000 00:00 0 
785627135000-785627231000 rw-p 00000000 00:00 0 
785627231000-785627235000 ---p 00000000 00:00 0 
785627235000-785627331000 rw-p 00000000 00:00 0 
785627331000-785627335000 ---p 00000000 00:00 0 
785627335000-785627431000 rw-p 00000000 00:00 0 
785627431000-785627435000 ---p 00000000 00:00 0 
785627435000-785627531000 rw-p 00000000 00:00 0 
785627531000-785627535000 ---p 00000000 00:00 0 
785627535000-785627631000 rw-p 00000000 00:00 0 
785627631000-785627635000 ---p 00000000 00:00 0 
785627635000-785627731000 rw-p 00000000 00:00 0 
785627731000-785627735000 ---p 00000000 00:00 0 
785627735000-785627831000 rw-p 00000000 00:00 0 
785627831000-785627835000 ---p 00000000 00:00 0 
785627835000-785627931000 rw-p 00000000 00:00 0 
785627a00000-785627a04000 ---p 00000000 00:00 0 
785627a04000-785627b00000 rw-p 00000000 00:00 0 
785627b00000-785627b04000 ---p 00000000 00:00 0 
785627b04000-785627c00000 rw-p 00000000 00:00 0 
785627c00000-785627c04000 ---p 00000000 00:00 0 
785627c04000-785627d00000 rw-p 00000000 00:00 0 
785627d00000-785627d04000 ---p 00000000 00:00 0 
785627d04000-785627e00000 rw-p 00000000 00:00 0 
785627e00000-785627e04000 ---p 00000000 00:00 0 
785627e04000-785627f00000 rw-p 00000000 00:00 0 
785627f00000-785627f04000 ---p 00000000 00:00 0 
785627f04000-785628000000 rw-p 00000000 00:00 0 
785628000000-785628021000 rw-p 00000000 00:00 0 
785628021000-78562c000000 ---p 00000000 00:00 0 
78562c000000-78562c021000 rw-p 00000000 00:00 0 
78562c021000-785630000000 ---p 00000000 00:00 0 
785630000000-785630021000 rw-p 00000000 00:00 0 
785630021000-785634000000 ---p 00000000 00:00 0 
785634000000-785634021000 rw-p 00000000 00:00 0 
785634021000-785638000000 ---p 00000000 00:00 0 
785638000000-785638b4b000 rw-p 00000000 00:00 0 
785638b4b000-78563c000000 ---p 00000000 00:00 0 
78563c000000-78563c3fb000 rw-p 00000000 00:00 0 
78563c3fb000-785640000000 ---p 00000000 00:00 0 
785640000000-785640021000 rw-p 00000000 00:00 0 
785640021000-785644000000 ---p 00000000 00:00 0 
785644000000-785644021000 rw-p 00000000 00:00 0 
785644021000-785648000000 ---p 00000000 00:00 0 
785648000000-785648021000 rw-p 00000000 00:00 0 
785648021000-78564c000000 ---p 00000000 00:00 0 
78564c000000-78564c021000 rw-p 00000000 00:00 0 
78564c021000-785650000000 ---p 00000000 00:00 0 
785650000000-785650021000 rw-p 00000000 00:00 0 
785650021000-785654000000 ---p 00000000 00:00 0 
785654000000-785654021000 rw-p 00000000 00:00 0 
785654021000-785658000000 ---p 00000000 00:00 0 
785658000000-785658021000 rw-p 00000000 00:00 0 
785658021000-78565c000000 ---p 00000000 00:00 0 
78565c000000-78565c021000 rw-p 00000000 00:00 0 
78565c021000-785660000000 ---p 00000000 00:00 0 
785660000000-785660021000 rw-p 00000000 00:00 0 
785660021000-785664000000 ---p 00000000 00:00 0 
785664000000-785664021000 rw-p 00000000 00:00 0 
785664021000-785668000000 ---p 00000000 00:00 0 
785668000000-785668021000 rw-p 00000000 00:00 0 
785668021000-78566c000000 ---p 00000000 00:00 0 
78566c000000-78566c021000 rw-p 00000000 00:00 0 
78566c021000-785670000000 ---p 00000000 00:00 0 
785670000000-785671210000 rw-p 00000000 00:00 0 
785671210000-785674000000 ---p 00000000 00:00 0 
785674000000-785674021000 rw-p 00000000 00:00 0 
785674021000-785678000000 ---p 00000000 00:00 0 
785678000000-785678021000 rw-p 00000000 00:00 0 
785678021000-78567c000000 ---p 00000000 00:00 0 
78567c000000-78567e3c3000 rw-p 00000000 00:00 0 
78567e3c3000-785680000000 ---p 00000000 00:00 0 
785680000000-785680021000 rw-p 00000000 00:00 0 
785680021000-785684000000 ---p 00000000 00:00 0 
785684000000-785684021000 rw-p 00000000 00:00 0 
785684021000-785688000000 ---p 00000000 00:00 0 
785688000000-785688021000 rw-p 00000000 00:00 0 
785688021000-78568c000000 ---p 00000000 00:00 0 
78568c000000-78568c021000 rw-p 00000000 00:00 0 
78568c021000-785690000000 ---p 00000000 00:00 0 
785690000000-785690021000 rw-p 00000000 00:00 0 
785690021000-785694000000 ---p 00000000 00:00 0 
7856940ff000-785694103000 ---p 00000000 00:00 0 
785694103000-7856941ff000 rw-p 00000000 00:00 0 
7856941ff000-785694203000 ---p 00000000 00:00 0 
785694203000-7856942ff000 rw-p 00000000 00:00 0 
7856942ff000-785694303000 ---p 00000000 00:00 0 
785694303000-7856943ff000 rw-p 00000000 00:00 0 
7856943ff000-785694403000 ---p 00000000 00:00 0 
785694403000-7856944ff000 rw-p 00000000 00:00 0 
7856944ff000-785694500000 ---p 00000000 00:00 0 
785694500000-785694600000 rw-p 00000000 00:00 0 
785694600000-785694610000 r-xp 00000000 103:03 10726638                  /home/sergio/.config/Code/User/globalStorage/redhat.java/1.29.0/config_linux/org.eclipse.equinox.launcher/org.eclipse.equinox.launcher.gtk.linux.x86_64_1.2.900.v20240129-1338/eclipse_11900.so
785694610000-785694810000 ---p 00010000 103:03 10726638                  /home/sergio/.config/Code/User/globalStorage/redhat.java/1.29.0/config_linux/org.eclipse.equinox.launcher/org.eclipse.equinox.launcher.gtk.linux.x86_64_1.2.900.v20240129-1338/eclipse_11900.so
785694810000-785694811000 r--p 00010000 103:03 10726638                  /home/sergio/.config/Code/User/globalStorage/redhat.java/1.29.0/config_linux/org.eclipse.equinox.launcher/org.eclipse.equinox.launcher.gtk.linux.x86_64_1.2.900.v20240129-1338/eclipse_11900.so
785694811000-785694812000 rw-p 00011000 103:03 10726638                  /home/sergio/.config/Code/User/globalStorage/redhat.java/1.29.0/config_linux/org.eclipse.equinox.launcher/org.eclipse.equinox.launcher.gtk.linux.x86_64_1.2.900.v20240129-1338/eclipse_11900.so
785694812000-785694813000 rw-p 00000000 00:00 0 
78569485e000-785694862000 ---p 00000000 00:00 0 
785694862000-78569495e000 rw-p 00000000 00:00 0 
78569495e000-785694962000 ---p 00000000 00:00 0 
785694962000-785694a5e000 rw-p 00000000 00:00 0 
785694a5e000-785694a62000 ---p 00000000 00:00 0 
785694a62000-785694b5e000 rw-p 00000000 00:00 0 
785694b5e000-785694b5f000 ---p 00000000 00:00 0 
785694b5f000-785694c5f000 rw-p 00000000 00:00 0 
785694c5f000-785694c60000 ---p 00000000 00:00 0 
785694c60000-785694d60000 rw-p 00000000 00:00 0 
785694d60000-785694d61000 ---p 00000000 00:00 0 
785694d61000-785694e61000 rw-p 00000000 00:00 0 
785694e61000-785694e62000 ---p 00000000 00:00 0 
785694e62000-785694f62000 rw-p 00000000 00:00 0 
785694f62000-785694f63000 ---p 00000000 00:00 0 
785694f63000-785695063000 rw-p 00000000 00:00 0 
785695063000-785695064000 ---p 00000000 00:00 0 
785695064000-785695164000 rw-p 00000000 00:00 0 
785695164000-785695168000 ---p 00000000 00:00 0 
785695168000-785695186000 rw-p 00000000 00:00 0 
785695186000-785695187000 ---p 00000000 00:00 0 
785695187000-785695287000 rw-p 00000000 00:00 0 
785695287000-78569528b000 ---p 00000000 00:00 0 
78569528b000-785695387000 rw-p 00000000 00:00 0 
785695387000-78569538b000 ---p 00000000 00:00 0 
78569538b000-785695487000 rw-p 00000000 00:00 0 
785695487000-78569548b000 ---p 00000000 00:00 0 
78569548b000-785695587000 rw-p 00000000 00:00 0 
785695587000-78569558b000 ---p 00000000 00:00 0 
78569558b000-785695687000 rw-p 00000000 00:00 0 
785695687000-78569568b000 ---p 00000000 00:00 0 
78569568b000-785695787000 rw-p 00000000 00:00 0 
785695787000-78569578b000 ---p 00000000 00:00 0 
78569578b000-785695887000 rw-p 00000000 00:00 0 
785695887000-78569588b000 ---p 00000000 00:00 0 
78569588b000-785695987000 rw-p 00000000 00:00 0 
785695987000-78569598b000 ---p 00000000 00:00 0 
78569598b000-785695a87000 rw-p 00000000 00:00 0 
785695a87000-785695cff000 r--p 00000000 07:02 186                        /snap/code/157/usr/lib/locale/aa_DJ.utf8/LC_COLLATE
785695cff000-785695d03000 ---p 00000000 00:00 0 
785695d03000-785695dff000 rw-p 00000000 00:00 0 
785695dff000-785695e03000 ---p 00000000 00:00 0 
785695e03000-785695eff000 rw-p 00000000 00:00 0 
785695eff000-785695f00000 ---p 00000000 00:00 0 
785695f00000-7856963f0000 rw-p 00000000 00:00 0 
7856963f0000-785696450000 rw-p 00000000 00:00 0 
785696450000-785696470000 rw-p 00000000 00:00 0 
785696470000-7856964f0000 rw-p 00000000 00:00 0 
7856964f0000-7856967f0000 rw-p 00000000 00:00 0 
7856967f0000-7856968f0000 rw-p 00000000 00:00 0 
7856968f0000-785696b70000 rw-p 00000000 00:00 0 
785696b70000-785696bf0000 rw-p 00000000 00:00 0 
785696bf0000-785696d50000 rw-p 00000000 00:00 0 
785696d50000-785696d70000 rw-p 00000000 00:00 0 
785696d70000-785696ef0000 rw-p 00000000 00:00 0 
785696ef0000-7856970f0000 rw-p 00000000 00:00 0 
7856970f0000-7856971f0000 rw-p 00000000 00:00 0 
7856971f0000-7856974f0000 rw-p 00000000 00:00 0 
7856974f0000-7856975f0000 rw-p 00000000 00:00 0 
7856975f0000-785697ef0000 rw-p 00000000 00:00 0 
785697ef0000-785697ff0000 rw-p 00000000 00:00 0 
785697ff0000-7856982f0000 rw-p 00000000 00:00 0 
7856982f0000-7856983f0000 rw-p 00000000 00:00 0 
7856983f0000-785698cd0000 rw-p 00000000 00:00 0 
785698cd0000-785698cf0000 rw-p 00000000 00:00 0 
785698cf0000-785698ef0000 rw-p 00000000 00:00 0 
785698ef0000-785698fb0000 rw-p 00000000 00:00 0 
785698fb0000-7856990f0000 rw-p 00000000 00:00 0 
7856990f0000-7856992b0000 rw-p 00000000 00:00 0 
7856992b0000-785699300000 ---p 00000000 00:00 0 
785699300000-785699d60000 rw-p 00000000 00:00 0 
785699d60000-78569a000000 ---p 00000000 00:00 0 
78569a000000-78569c000000 rw-p 00000000 00:00 0 
78569c000000-78569c021000 rw-p 00000000 00:00 0 
78569c021000-7856a0000000 ---p 00000000 00:00 0 
7856a0003000-7856a0007000 r--p 00000000 103:03 10726425                  /home/sergio/.vscode/extensions/redhat.java-1.29.0-linux-x64/jre/17.0.10-linux-x86_64/lib/libnet.so
7856a0007000-7856a0015000 r-xp 00004000 103:03 10726425                  /home/sergio/.vscode/extensions/redhat.java-1.29.0-linux-x64/jre/17.0.10-linux-x86_64/lib/libnet.so
7856a0015000-7856a0019000 r--p 00012000 103:03 10726425                  /home/sergio/.vscode/extensions/redhat.java-1.29.0-linux-x64/jre/17.0.10-linux-x86_64/lib/libnet.so
7856a0019000-7856a001a000 r--p 00015000 103:03 10726425                  /home/sergio/.vscode/extensions/redhat.java-1.29.0-linux-x64/jre/17.0.10-linux-x86_64/lib/libnet.so
7856a001a000-7856a001b000 rw-p 00016000 103:03 10726425                  /home/sergio/.vscode/extensions/redhat.java-1.29.0-linux-x64/jre/17.0.10-linux-x86_64/lib/libnet.so
7856a001b000-7856a006f000 r--p 00000000 07:02 187                        /snap/code/157/usr/lib/locale/aa_DJ.utf8/LC_CTYPE
7856a006f000-7856a1b8a000 rw-p 00000000 00:00 0 
7856a1b8a000-7856a1b8c000 r--p 00000000 103:03 10726433                  /home/sergio/.vscode/extensions/redhat.java-1.29.0-linux-x64/jre/17.0.10-linux-x86_64/lib/libzip.so
7856a1b8c000-7856a1b9e000 r-xp 00002000 103:03 10726433                  /home/sergio/.vscode/extensions/redhat.java-1.29.0-linux-x64/jre/17.0.10-linux-x86_64/lib/libzip.so
7856a1b9e000-7856a1ba6000 r--p 00014000 103:03 10726433                  /home/sergio/.vscode/extensions/redhat.java-1.29.0-linux-x64/jre/17.0.10-linux-x86_64/lib/libzip.so
7856a1ba6000-7856a1ba7000 r--p 0001b000 103:03 10726433                  /home/sergio/.vscode/extensions/redhat.java-1.29.0-linux-x64/jre/17.0.10-linux-x86_64/lib/libzip.so
7856a1ba7000-7856a1ba8000 rw-p 0001c000 103:03 10726433                  /home/sergio/.vscode/extensions/redhat.java-1.29.0-linux-x64/jre/17.0.10-linux-x86_64/lib/libzip.so
7856a1ba8000-7856a1e07000 rw-p 00000000 00:00 0 
7856a1e07000-7856a1efe000 ---p 00000000 00:00 0 
7856a1efe000-7856a1eff000 ---p 00000000 00:00 0 
7856a1eff000-7856a205e000 rw-p 00000000 00:00 0 
7856a205e000-7856a2154000 ---p 00000000 00:00 0 
7856a2154000-7856a2167000 rw-p 00000000 00:00 0 
7856a2167000-7856a21ff000 ---p 00000000 00:00 0 
7856a21ff000-7856a2200000 rw-p 00000000 00:00 0 
7856a2200000-7856a3320000 rwxp 00000000 00:00 0 
7856a3320000-7856a9737000 ---p 00000000 00:00 0 
7856a9737000-7856a99a7000 rwxp 00000000 00:00 0 
7856a99a7000-7856a9cc9000 ---p 00000000 00:00 0 
7856a9cc9000-7856a9ff9000 rwxp 00000000 00:00 0 
7856a9ff9000-7856b1200000 ---p 00000000 00:00 0 
7856b1200000-7856b3e27000 r--s 00000000 103:03 10726434                  /home/sergio/.vscode/extensions/redhat.java-1.29.0-linux-x64/jre/17.0.10-linux-x86_64/lib/modules
7856b3e33000-7856b3e34000 r--p 00000000 103:03 8023320                   /usr/lib/x86_64-linux-gnu/libnss_mdns4_minimal.so.2
7856b3e34000-7856b3e36000 r-xp 00001000 103:03 8023320                   /usr/lib/x86_64-linux-gnu/libnss_mdns4_minimal.so.2
7856b3e36000-7856b3e37000 r--p 00003000 103:03 8023320                   /usr/lib/x86_64-linux-gnu/libnss_mdns4_minimal.so.2
7856b3e37000-7856b3e38000 r--p 00003000 103:03 8023320                   /usr/lib/x86_64-linux-gnu/libnss_mdns4_minimal.so.2
7856b3e38000-7856b3e39000 rw-p 00004000 103:03 8023320                   /usr/lib/x86_64-linux-gnu/libnss_mdns4_minimal.so.2
7856b3e39000-7856b3f1c000 rw-p 00000000 00:00 0 
7856b3f1c000-7856b4000000 ---p 00000000 00:00 0 
7856b4000000-7856b474f000 rw-p 00000000 00:00 0 
7856b474f000-7856b8000000 ---p 00000000 00:00 0 
7856b8000000-7856b8001000 r--p 00000000 103:03 10726405                  /home/sergio/.vscode/extensions/redhat.java-1.29.0-linux-x64/jre/17.0.10-linux-x86_64/lib/libextnet.so
7856b8001000-7856b8002000 r-xp 00001000 103:03 10726405                  /home/sergio/.vscode/extensions/redhat.java-1.29.0-linux-x64/jre/17.0.10-linux-x86_64/lib/libextnet.so
7856b8002000-7856b8003000 r--p 00002000 103:03 10726405                  /home/sergio/.vscode/extensions/redhat.java-1.29.0-linux-x64/jre/17.0.10-linux-x86_64/lib/libextnet.so
7856b8003000-7856b8004000 r--p 00002000 103:03 10726405                  /home/sergio/.vscode/extensions/redhat.java-1.29.0-linux-x64/jre/17.0.10-linux-x86_64/lib/libextnet.so
7856b8004000-7856b8005000 rw-p 00003000 103:03 10726405                  /home/sergio/.vscode/extensions/redhat.java-1.29.0-linux-x64/jre/17.0.10-linux-x86_64/lib/libextnet.so
7856b8005000-7856b8009000 r--p 00000000 103:03 10726432                  /home/sergio/.vscode/extensions/redhat.java-1.29.0-linux-x64/jre/17.0.10-linux-x86_64/lib/libverify.so
7856b8009000-7856b8010000 r-xp 00004000 103:03 10726432                  /home/sergio/.vscode/extensions/redhat.java-1.29.0-linux-x64/jre/17.0.10-linux-x86_64/lib/libverify.so
7856b8010000-7856b8012000 r--p 0000b000 103:03 10726432                  /home/sergio/.vscode/extensions/redhat.java-1.29.0-linux-x64/jre/17.0.10-linux-x86_64/lib/libverify.so
7856b8012000-7856b8014000 r--p 0000c000 103:03 10726432                  /home/sergio/.vscode/extensions/redhat.java-1.29.0-linux-x64/jre/17.0.10-linux-x86_64/lib/libverify.so
7856b8014000-7856b8015000 rw-p 0000e000 103:03 10726432                  /home/sergio/.vscode/extensions/redhat.java-1.29.0-linux-x64/jre/17.0.10-linux-x86_64/lib/libverify.so
7856b8015000-7856b8038000 rw-p 00000000 00:00 0 
7856b8038000-7856b8100000 ---p 00000000 00:00 0 
7856b8100000-7856b8104000 ---p 00000000 00:00 0 
7856b8104000-7856b8200000 rw-p 00000000 00:00 0 
7856b8200000-7856b8453000 r--p 00000000 103:03 10726442                  /home/sergio/.vscode/extensions/redhat.java-1.29.0-linux-x64/jre/17.0.10-linux-x86_64/lib/server/libjvm.so
7856b8453000-7856b9172000 r-xp 00253000 103:03 10726442                  /home/sergio/.vscode/extensions/redhat.java-1.29.0-linux-x64/jre/17.0.10-linux-x86_64/lib/server/libjvm.so
7856b9172000-7856b93fe000 r--p 00f72000 103:03 10726442                  /home/sergio/.vscode/extensions/redhat.java-1.29.0-linux-x64/jre/17.0.10-linux-x86_64/lib/server/libjvm.so
7856b93fe000-7856b93ff000 ---p 011fe000 103:03 10726442                  /home/sergio/.vscode/extensions/redhat.java-1.29.0-linux-x64/jre/17.0.10-linux-x86_64/lib/server/libjvm.so
7856b93ff000-7856b94b8000 r--p 011fe000 103:03 10726442                  /home/sergio/.vscode/extensions/redhat.java-1.29.0-linux-x64/jre/17.0.10-linux-x86_64/lib/server/libjvm.so
7856b94b8000-7856b94ed000 rw-p 012b7000 103:03 10726442                  /home/sergio/.vscode/extensions/redhat.java-1.29.0-linux-x64/jre/17.0.10-linux-x86_64/lib/server/libjvm.so
7856b94ed000-7856b9547000 rw-p 00000000 00:00 0 
7856b9547000-7856b954e000 r--p 00000000 103:03 10726426                  /home/sergio/.vscode/extensions/redhat.java-1.29.0-linux-x64/jre/17.0.10-linux-x86_64/lib/libnio.so
7856b954e000-7856b9557000 r-xp 00007000 103:03 10726426                  /home/sergio/.vscode/extensions/redhat.java-1.29.0-linux-x64/jre/17.0.10-linux-x86_64/lib/libnio.so
7856b9557000-7856b955b000 r--p 00010000 103:03 10726426                  /home/sergio/.vscode/extensions/redhat.java-1.29.0-linux-x64/jre/17.0.10-linux-x86_64/lib/libnio.so
7856b955b000-7856b955c000 ---p 00014000 103:03 10726426                  /home/sergio/.vscode/extensions/redhat.java-1.29.0-linux-x64/jre/17.0.10-linux-x86_64/lib/libnio.so
7856b955c000-7856b955d000 r--p 00014000 103:03 10726426                  /home/sergio/.vscode/extensions/redhat.java-1.29.0-linux-x64/jre/17.0.10-linux-x86_64/lib/libnio.so
7856b955d000-7856b955e000 rw-p 00015000 103:03 10726426                  /home/sergio/.vscode/extensions/redhat.java-1.29.0-linux-x64/jre/17.0.10-linux-x86_64/lib/libnio.so
7856b955e000-7856b955f000 r--p 00000000 07:02 278                        /snap/code/157/usr/lib/locale/agr_PE/LC_NUMERIC
7856b955f000-7856b9560000 r--p 00000000 07:02 2717                       /snap/code/157/usr/lib/locale/es_ES.utf8/LC_TIME
7856b9560000-7856b9561000 r--p 00000000 07:02 332                        /snap/code/157/usr/lib/locale/an_ES.utf8/LC_MONETARY
7856b9561000-7856b95b6000 rw-p 00000000 00:00 0 
7856b95b6000-7856b95c4000 r--p 00000000 103:03 10726412                  /home/sergio/.vscode/extensions/redhat.java-1.29.0-linux-x64/jre/17.0.10-linux-x86_64/lib/libjava.so
7856b95c4000-7856b95d6000 r-xp 0000e000 103:03 10726412                  /home/sergio/.vscode/extensions/redhat.java-1.29.0-linux-x64/jre/17.0.10-linux-x86_64/lib/libjava.so
7856b95d6000-7856b95dc000 r--p 00020000 103:03 10726412                  /home/sergio/.vscode/extensions/redhat.java-1.29.0-linux-x64/jre/17.0.10-linux-x86_64/lib/libjava.so
7856b95dc000-7856b95dd000 ---p 00026000 103:03 10726412                  /home/sergio/.vscode/extensions/redhat.java-1.29.0-linux-x64/jre/17.0.10-linux-x86_64/lib/libjava.so
7856b95dd000-7856b95de000 r--p 00026000 103:03 10726412                  /home/sergio/.vscode/extensions/redhat.java-1.29.0-linux-x64/jre/17.0.10-linux-x86_64/lib/libjava.so
7856b95de000-7856b95df000 rw-p 00027000 103:03 10726412                  /home/sergio/.vscode/extensions/redhat.java-1.29.0-linux-x64/jre/17.0.10-linux-x86_64/lib/libjava.so
7856b95df000-7856b95e0000 rw-p 00000000 00:00 0 
7856b95e0000-7856b95e4000 r--p 00000000 103:03 10726416                  /home/sergio/.vscode/extensions/redhat.java-1.29.0-linux-x64/jre/17.0.10-linux-x86_64/lib/libjimage.so
7856b95e4000-7856b95f7000 r-xp 00004000 103:03 10726416                  /home/sergio/.vscode/extensions/redhat.java-1.29.0-linux-x64/jre/17.0.10-linux-x86_64/lib/libjimage.so
7856b95f7000-7856b95fd000 r--p 00017000 103:03 10726416                  /home/sergio/.vscode/extensions/redhat.java-1.29.0-linux-x64/jre/17.0.10-linux-x86_64/lib/libjimage.so
7856b95fd000-7856b95ff000 r--p 0001c000 103:03 10726416                  /home/sergio/.vscode/extensions/redhat.java-1.29.0-linux-x64/jre/17.0.10-linux-x86_64/lib/libjimage.so
7856b95ff000-7856b9600000 rw-p 0001e000 103:03 10726416                  /home/sergio/.vscode/extensions/redhat.java-1.29.0-linux-x64/jre/17.0.10-linux-x86_64/lib/libjimage.so
7856b9600000-7856b9628000 r--p 00000000 103:03 7997547                   /usr/lib/x86_64-linux-gnu/libc.so.6
7856b9628000-7856b97bd000 r-xp 00028000 103:03 7997547                   /usr/lib/x86_64-linux-gnu/libc.so.6
7856b97bd000-7856b9815000 r--p 001bd000 103:03 7997547                   /usr/lib/x86_64-linux-gnu/libc.so.6
7856b9815000-7856b9816000 ---p 00215000 103:03 7997547                   /usr/lib/x86_64-linux-gnu/libc.so.6
7856b9816000-7856b981a000 r--p 00215000 103:03 7997547                   /usr/lib/x86_64-linux-gnu/libc.so.6
7856b981a000-7856b981c000 rw-p 00219000 103:03 7997547                   /usr/lib/x86_64-linux-gnu/libc.so.6
7856b981c000-7856b9829000 rw-p 00000000 00:00 0 
7856b9829000-7856b982a000 r--p 00000000 07:02 1955                       /snap/code/157/usr/lib/locale/en_AG/LC_MESSAGES/SYS_LC_MESSAGES
7856b982a000-7856b9831000 r--s 00000000 103:03 8003855                   /usr/lib/x86_64-linux-gnu/gconv/gconv-modules.cache
7856b9831000-7856b9836000 rw-p 00000000 00:00 0 
7856b9836000-7856b983d000 ---p 00000000 00:00 0 
7856b983d000-7856b9845000 rw-s 00000000 103:03 10022669                  /tmp/hsperfdata_sergio/12178
7856b9845000-7856b9853000 r--p 00000000 103:03 7997565                   /usr/lib/x86_64-linux-gnu/libm.so.6
7856b9853000-7856b98cf000 r-xp 0000e000 103:03 7997565                   /usr/lib/x86_64-linux-gnu/libm.so.6
7856b98cf000-7856b992a000 r--p 0008a000 103:03 7997565                   /usr/lib/x86_64-linux-gnu/libm.so.6
7856b992a000-7856b992b000 r--p 000e4000 103:03 7997565                   /usr/lib/x86_64-linux-gnu/libm.so.6
7856b992b000-7856b992c000 rw-p 000e5000 103:03 7997565                   /usr/lib/x86_64-linux-gnu/libm.so.6
7856b992c000-7856b992d000 r--p 00000000 103:03 7997651                   /usr/lib/x86_64-linux-gnu/librt.so.1
7856b992d000-7856b992e000 r-xp 00001000 103:03 7997651                   /usr/lib/x86_64-linux-gnu/librt.so.1
7856b992e000-7856b992f000 r--p 00002000 103:03 7997651                   /usr/lib/x86_64-linux-gnu/librt.so.1
7856b992f000-7856b9930000 r--p 00002000 103:03 7997651                   /usr/lib/x86_64-linux-gnu/librt.so.1
7856b9930000-7856b9931000 rw-p 00003000 103:03 7997651                   /usr/lib/x86_64-linux-gnu/librt.so.1
7856b9931000-7856b9933000 rw-p 00000000 00:00 0 
7856b9933000-7856b9934000 r--p 00000000 103:03 7997555                   /usr/lib/x86_64-linux-gnu/libdl.so.2
7856b9934000-7856b9935000 r-xp 00001000 103:03 7997555                   /usr/lib/x86_64-linux-gnu/libdl.so.2
7856b9935000-7856b9936000 r--p 00002000 103:03 7997555                   /usr/lib/x86_64-linux-gnu/libdl.so.2
7856b9936000-7856b9937000 r--p 00002000 103:03 7997555                   /usr/lib/x86_64-linux-gnu/libdl.so.2
7856b9937000-7856b9938000 rw-p 00003000 103:03 7997555                   /usr/lib/x86_64-linux-gnu/libdl.so.2
7856b9938000-7856b9939000 r--p 00000000 103:03 7997648                   /usr/lib/x86_64-linux-gnu/libpthread.so.0
7856b9939000-7856b993a000 r-xp 00001000 103:03 7997648                   /usr/lib/x86_64-linux-gnu/libpthread.so.0
7856b993a000-7856b993b000 r--p 00002000 103:03 7997648                   /usr/lib/x86_64-linux-gnu/libpthread.so.0
7856b993b000-7856b993c000 r--p 00002000 103:03 7997648                   /usr/lib/x86_64-linux-gnu/libpthread.so.0
7856b993c000-7856b993d000 rw-p 00003000 103:03 7997648                   /usr/lib/x86_64-linux-gnu/libpthread.so.0
7856b993d000-7856b993e000 r--p 00000000 07:02 195                        /snap/code/157/usr/lib/locale/aa_DJ.utf8/LC_PAPER
7856b993e000-7856b993f000 r--p 00000000 07:02 277                        /snap/code/157/usr/lib/locale/agr_PE/LC_NAME
7856b993f000-7856b9940000 r--p 00000000 07:02 2705                       /snap/code/157/usr/lib/locale/es_ES.utf8/LC_ADDRESS
7856b9940000-7856b9941000 r--p 00000000 07:02 336                        /snap/code/157/usr/lib/locale/an_ES.utf8/LC_TELEPHONE
7856b9941000-7856b9942000 r--p 00000000 07:02 189                        /snap/code/157/usr/lib/locale/aa_DJ.utf8/LC_MEASUREMENT
7856b9942000-7856b9943000 r--p 00000000 07:02 2708                       /snap/code/157/usr/lib/locale/es_ES.utf8/LC_IDENTIFICATION
7856b9943000-7856b9945000 r--p 00000000 103:03 10726407                  /home/sergio/.vscode/extensions/redhat.java-1.29.0-linux-x64/jre/17.0.10-linux-x86_64/lib/libinstrument.so
7856b9945000-7856b994b000 r-xp 00002000 103:03 10726407                  /home/sergio/.vscode/extensions/redhat.java-1.29.0-linux-x64/jre/17.0.10-linux-x86_64/lib/libinstrument.so
7856b994b000-7856b994e000 r--p 00008000 103:03 10726407                  /home/sergio/.vscode/extensions/redhat.java-1.29.0-linux-x64/jre/17.0.10-linux-x86_64/lib/libinstrument.so
7856b994e000-7856b994f000 r--p 0000a000 103:03 10726407                  /home/sergio/.vscode/extensions/redhat.java-1.29.0-linux-x64/jre/17.0.10-linux-x86_64/lib/libinstrument.so
7856b994f000-7856b9950000 rw-p 0000b000 103:03 10726407                  /home/sergio/.vscode/extensions/redhat.java-1.29.0-linux-x64/jre/17.0.10-linux-x86_64/lib/libinstrument.so
7856b9950000-7856b9951000 ---p 00000000 00:00 0 
7856b9951000-7856b9952000 r--p 00000000 00:00 0 
7856b9952000-7856b9955000 r--p 00000000 103:03 10726417                  /home/sergio/.vscode/extensions/redhat.java-1.29.0-linux-x64/jre/17.0.10-linux-x86_64/lib/libjli.so
7856b9955000-7856b9965000 r-xp 00003000 103:03 10726417                  /home/sergio/.vscode/extensions/redhat.java-1.29.0-linux-x64/jre/17.0.10-linux-x86_64/lib/libjli.so
7856b9965000-7856b996c000 r--p 00013000 103:03 10726417                  /home/sergio/.vscode/extensions/redhat.java-1.29.0-linux-x64/jre/17.0.10-linux-x86_64/lib/libjli.so
7856b996c000-7856b996d000 r--p 00019000 103:03 10726417                  /home/sergio/.vscode/extensions/redhat.java-1.29.0-linux-x64/jre/17.0.10-linux-x86_64/lib/libjli.so
7856b996d000-7856b996e000 rw-p 0001a000 103:03 10726417                  /home/sergio/.vscode/extensions/redhat.java-1.29.0-linux-x64/jre/17.0.10-linux-x86_64/lib/libjli.so
7856b996e000-7856b9970000 rw-p 00000000 00:00 0 
7856b9970000-7856b9972000 r--p 00000000 103:03 7997536                   /usr/lib/x86_64-linux-gnu/ld-linux-x86-64.so.2
7856b9972000-7856b999c000 r-xp 00002000 103:03 7997536                   /usr/lib/x86_64-linux-gnu/ld-linux-x86-64.so.2
7856b999c000-7856b99a7000 r--p 0002c000 103:03 7997536                   /usr/lib/x86_64-linux-gnu/ld-linux-x86-64.so.2
7856b99a7000-7856b99a8000 ---p 00000000 00:00 0 
7856b99a8000-7856b99aa000 r--p 00037000 103:03 7997536                   /usr/lib/x86_64-linux-gnu/ld-linux-x86-64.so.2
7856b99aa000-7856b99ac000 rw-p 00039000 103:03 7997536                   /usr/lib/x86_64-linux-gnu/ld-linux-x86-64.so.2
7fffa8b21000-7fffa8b43000 rw-p 00000000 00:00 0                          [stack]
7fffa8bdf000-7fffa8be3000 r--p 00000000 00:00 0                          [vvar]
7fffa8be3000-7fffa8be5000 r-xp 00000000 00:00 0                          [vdso]
ffffffffff600000-ffffffffff601000 --xp 00000000 00:00 0                  [vsyscall]


VM Arguments:
jvm_args: --add-modules=ALL-SYSTEM --add-opens=java.base/java.util=ALL-UNNAMED --add-opens=java.base/java.lang=ALL-UNNAMED --add-opens=java.base/sun.nio.fs=ALL-UNNAMED -Declipse.application=org.eclipse.jdt.ls.core.id1 -Dosgi.bundles.defaultStartLevel=4 -Declipse.product=org.eclipse.jdt.ls.core.product -Djava.import.generatesMetadataFilesAtProjectRoot=false -DDetectVMInstallationsJob.disabled=true -Dfile.encoding=utf8 -XX:+UseParallelGC -XX:GCTimeRatio=4 -XX:AdaptiveSizePolicyWeight=90 -Dsun.zip.disableMemoryMapping=true -Xmx1G -Xms100m -Xlog:disable -javaagent:/home/sergio/.vscode/extensions/redhat.java-1.29.0-linux-x64/lombok/lombok-1.18.32.jar -XX:+HeapDumpOnOutOfMemoryError -XX:HeapDumpPath=/home/sergio/.config/Code/User/workspaceStorage/c6ab1c8030ca2cd84db316b525bdab83/redhat.java -Daether.dependencyCollector.impl=bf 
java_command: /home/sergio/.vscode/extensions/redhat.java-1.29.0-linux-x64/server/plugins/org.eclipse.equinox.launcher_1.6.800.v20240304-1850.jar -configuration /home/sergio/.config/Code/User/globalStorage/redhat.java/1.29.0/config_linux -data /home/sergio/.config/Code/User/workspaceStorage/c6ab1c8030ca2cd84db316b525bdab83/redhat.java/jdt_ws --stdio
java_class_path (initial): /home/sergio/.vscode/extensions/redhat.java-1.29.0-linux-x64/server/plugins/org.eclipse.equinox.launcher_1.6.800.v20240304-1850.jar
Launcher Type: SUN_STANDARD

[Global flags]
    uintx AdaptiveSizePolicyWeight                 = 90                                        {product} {command line}
     intx CICompilerCount                          = 4                                         {product} {ergonomic}
    uintx GCTimeRatio                              = 4                                         {product} {command line}
     bool HeapDumpOnOutOfMemoryError               = true                                   {manageable} {command line}
    ccstr HeapDumpPath                             = /home/sergio/.config/Code/User/workspaceStorage/c6ab1c8030ca2cd84db316b525bdab83/redhat.java         {manageable} {command line}
   size_t InitialHeapSize                          = 104857600                                 {product} {command line}
   size_t MaxHeapSize                              = 1073741824                                {product} {command line}
   size_t MaxNewSize                               = 357564416                                 {product} {ergonomic}
   size_t MinHeapDeltaBytes                        = 524288                                    {product} {ergonomic}
   size_t MinHeapSize                              = 104857600                                 {product} {command line}
   size_t NewSize                                  = 34603008                                  {product} {ergonomic}
    uintx NonNMethodCodeHeapSize                   = 5839372                                {pd product} {ergonomic}
    uintx NonProfiledCodeHeapSize                  = 122909434                              {pd product} {ergonomic}
   size_t OldSize                                  = 70254592                                  {product} {ergonomic}
    uintx ProfiledCodeHeapSize                     = 122909434                              {pd product} {ergonomic}
    uintx ReservedCodeCacheSize                    = 251658240                              {pd product} {ergonomic}
     bool SegmentedCodeCache                       = true                                      {product} {ergonomic}
   size_t SoftMaxHeapSize                          = 1073741824                             {manageable} {ergonomic}
     bool UseCompressedClassPointers               = true                           {product lp64_product} {ergonomic}
     bool UseCompressedOops                        = true                           {product lp64_product} {ergonomic}
     bool UseParallelGC                            = true                                      {product} {command line}

Logging:
Log output configuration:
 #0: stdout all=off uptime,level,tags
 #1: stderr all=off uptime,level,tags

Environment Variables:
PATH=/home/sergio/.local/bin:/opt/verilator/bin:/home/sergio/.local/bin:/opt/verilator/bin:/usr/local/sbin:/usr/local/bin:/usr/sbin:/usr/bin:/sbin:/bin:/usr/games:/usr/local/games:/snap/bin:/snap/bin:/home/sergio/Programs/install/bin:/opt/riscv/bin:/home/sergio/Programs/Cores-VeeR-EH1/tools
USERNAME=sergio
SHELL=/bin/bash
DISPLAY=:0
LANG=en_US.UTF-8
LC_NUMERIC=es_ES.UTF-8
LC_TIME=es_ES.UTF-8

Active Locale:
LC_ALL=LC_CTYPE=en_US.UTF-8;LC_NUMERIC=es_ES.UTF-8;LC_TIME=es_ES.UTF-8;LC_COLLATE=en_US.UTF-8;LC_MONETARY=es_ES.UTF-8;LC_MESSAGES=en_US.UTF-8;LC_PAPER=es_ES.UTF-8;LC_NAME=es_ES.UTF-8;LC_ADDRESS=es_ES.UTF-8;LC_TELEPHONE=es_ES.UTF-8;LC_MEASUREMENT=es_ES.UTF-8;LC_IDENTIFICATION=es_ES.UTF-8
LC_COLLATE=en_US.UTF-8
LC_CTYPE=en_US.UTF-8
LC_MESSAGES=en_US.UTF-8
LC_MONETARY=es_ES.UTF-8
LC_NUMERIC=es_ES.UTF-8
LC_TIME=es_ES.UTF-8

Signal Handlers:
   SIGSEGV: crash_handler in libjvm.so, mask=11100100010111111101111111111110, flags=SA_RESTART|SA_SIGINFO, unblocked
    SIGBUS: crash_handler in libjvm.so, mask=11100100010111111101111111111110, flags=SA_RESTART|SA_SIGINFO, unblocked
    SIGFPE: crash_handler in libjvm.so, mask=11100100010111111101111111111110, flags=SA_RESTART|SA_SIGINFO, unblocked
   SIGPIPE: javaSignalHandler in libjvm.so, mask=11100100010111111101111111111110, flags=SA_RESTART|SA_SIGINFO, blocked
   SIGXFSZ: javaSignalHandler in libjvm.so, mask=11100100010111111101111111111110, flags=SA_RESTART|SA_SIGINFO, blocked
    SIGILL: crash_handler in libjvm.so, mask=11100100010111111101111111111110, flags=SA_RESTART|SA_SIGINFO, unblocked
   SIGUSR2: SR_handler in libjvm.so, mask=00000000000000000000000000000000, flags=SA_RESTART|SA_SIGINFO, blocked
    SIGHUP: UserHandler in libjvm.so, mask=11100100010111111101111111111110, flags=SA_RESTART|SA_SIGINFO, blocked
    SIGINT: UserHandler in libjvm.so, mask=11100100010111111101111111111110, flags=SA_RESTART|SA_SIGINFO, blocked
   SIGTERM: UserHandler in libjvm.so, mask=11100100010111111101111111111110, flags=SA_RESTART|SA_SIGINFO, blocked
   SIGQUIT: UserHandler in libjvm.so, mask=11100100010111111101111111111110, flags=SA_RESTART|SA_SIGINFO, blocked
   SIGTRAP: crash_handler in libjvm.so, mask=11100100010111111101111111111110, flags=SA_RESTART|SA_SIGINFO, unblocked


Periodic native trim disabled


---------------  S Y S T E M  ---------------

OS:
DISTRIB_ID=Ubuntu
DISTRIB_RELEASE=22.04
DISTRIB_CODENAME=jammy
DISTRIB_DESCRIPTION="Ubuntu 22.04.4 LTS"
uname: Linux 6.5.0-27-generic #28~22.04.1-Ubuntu SMP PREEMPT_DYNAMIC Fri Mar 15 10:51:06 UTC 2 x86_64
OS uptime: 0 days 3:03 hours
libc: glibc 2.35 NPTL 2.35 
rlimit (soft/hard): STACK 8192k/infinity , CORE 0k/infinity , NPROC 27130/27130 , NOFILE 1048576/1048576 , AS infinity/infinity , CPU infinity/infinity , DATA infinity/infinity , FSIZE infinity/infinity , MEMLOCK 877760k/877760k
load average: 4,43 1,86 1,12

/proc/meminfo:
MemTotal:        7022092 kB
MemFree:          635940 kB
MemAvailable:    2723076 kB
Buffers:          101488 kB
Cached:          2300716 kB
SwapCached:            0 kB
Active:          3973156 kB
Inactive:        1750636 kB
Active(anon):    2828144 kB
Inactive(anon):   662800 kB
Active(file):    1145012 kB
Inactive(file):  1087836 kB
Unevictable:          32 kB
Mlocked:              32 kB
SwapTotal:             0 kB
SwapFree:              0 kB
Zswap:                 0 kB
Zswapped:              0 kB
Dirty:              1304 kB
Writeback:             0 kB
AnonPages:       3322076 kB
Mapped:          1157852 kB
Shmem:            169128 kB
KReclaimable:     151884 kB
Slab:             357020 kB
SReclaimable:     151884 kB
SUnreclaim:       205136 kB
KernelStack:       23264 kB
PageTables:        45060 kB
SecPageTables:         0 kB
NFS_Unstable:          0 kB
Bounce:                0 kB
WritebackTmp:          0 kB
CommitLimit:     3511044 kB
Committed_AS:   11668124 kB
VmallocTotal:   34359738367 kB
VmallocUsed:       74436 kB
VmallocChunk:          0 kB
Percpu:            15424 kB
HardwareCorrupted:     0 kB
AnonHugePages:         0 kB
ShmemHugePages:        0 kB
ShmemPmdMapped:        0 kB
FileHugePages:         0 kB
FilePmdMapped:         0 kB
Unaccepted:            0 kB
HugePages_Total:       0
HugePages_Free:        0
HugePages_Rsvd:        0
HugePages_Surp:        0
Hugepagesize:       2048 kB
Hugetlb:               0 kB
DirectMap4k:      436244 kB
DirectMap2M:     6838272 kB
DirectMap1G:     1048576 kB

/sys/kernel/mm/transparent_hugepage/enabled: always [madvise] never
/sys/kernel/mm/transparent_hugepage/defrag (defrag/compaction efforts parameter): always defer defer+madvise [madvise] never

Process Memory:
Virtual Size: 6884276K (peak: 6884276K)
Resident Set Size: 542304K (peak: 542304K) (anon: 464224K, file: 78080K, shmem: 0K)
Swapped out: 0K
C-Heap outstanding allocations: 118352K, retained: 44291K
glibc malloc tunables: (default)

/proc/sys/kernel/threads-max (system-wide limit on the number of threads): 54261
/proc/sys/vm/max_map_count (maximum number of memory map areas a process may have): 65530
/proc/sys/kernel/pid_max (system-wide limit on number of process identifiers): 4194304

container (cgroup) information:
container_type: cgroupv2
cpu_cpuset_cpus: not supported
cpu_memory_nodes: not supported
active_processor_count: 8
cpu_quota: not supported
cpu_period: not supported
cpu_shares: not supported
memory_limit_in_bytes: unlimited
memory_and_swap_limit_in_bytes: unlimited
memory_soft_limit_in_bytes: unlimited
memory_usage_in_bytes: 927744 k
memory_max_usage_in_bytes: not supported
memory_swap_current_in_bytes: unlimited
memory_swap_max_limit_in_bytes: unlimited
maximum number of tasks: 8139
current number of tasks: 142

Steal ticks since vm start: 0
Steal ticks percentage since vm start:  0,000

CPU: total 8 (initial active 8) (8 cores per cpu, 2 threads per core) family 23 model 24 stepping 1 microcode 0x8108109, cx8, cmov, fxsr, ht, mmx, 3dnowpref, sse, sse2, sse3, ssse3, sse4a, sse4.1, sse4.2, popcnt, lzcnt, tsc, tscinvbit, avx, avx2, aes, clmul, bmi1, bmi2, adx, sha, fma, vzeroupper, clflush, clflushopt
CPU Model and flags from /proc/cpuinfo:
model name	: AMD Ryzen 5 3500U with Radeon Vega Mobile Gfx
flags		: fpu vme de pse tsc msr pae mce cx8 apic sep mtrr pge mca cmov pat pse36 clflush mmx fxsr sse sse2 ht syscall nx mmxext fxsr_opt pdpe1gb rdtscp lm constant_tsc rep_good nopl nonstop_tsc cpuid extd_apicid aperfmperf rapl pni pclmulqdq monitor ssse3 fma cx16 sse4_1 sse4_2 movbe popcnt aes xsave avx f16c rdrand lahf_lm cmp_legacy svm extapic cr8_legacy abm sse4a misalignsse 3dnowprefetch osvw skinit wdt tce topoext perfctr_core perfctr_nb bpext perfctr_llc mwaitx cpb hw_pstate ssbd ibpb vmmcall fsgsbase bmi1 avx2 smep bmi2 rdseed adx smap clflushopt sha_ni xsaveopt xsavec xgetbv1 clzero irperf xsaveerptr arat npt lbrv svm_lock nrip_save tsc_scale vmcb_clean flushbyasid decodeassists pausefilter pfthreshold avic v_vmsave_vmload vgif overflow_recov succor smca sev sev_es

Online cpus: 0-7
Offline cpus: 8-15
BIOS frequency limitation: 2100000
Frequency switch latency (ns): 0
Available cpu frequencies: 2100000 1700000 1400000 
Current governor: schedutil
Core performance/turbo boost: 1

Memory: 4k page, physical 7022092k(635940k free), swap 0k(0k free)
Page Sizes: 4k

vm_info: OpenJDK 64-Bit Server VM (17.0.10+7) for linux-amd64 JRE (17.0.10+7), built on Jan 16 2024 00:00:00 by "admin" with gcc 10.3.0

END.
