#
# A fatal error has been detected by the Java Runtime Environment:
#
#  SIGSEGV (0xb) at pc=0x000077116b4fe0f4, pid=34967, tid=34987
#
# JRE version: OpenJDK Runtime Environment Temurin-17.0.10+7 (17.0.10+7) (build 17.0.10+7)
# Java VM: OpenJDK 64-Bit Server VM Temurin-17.0.10+7 (17.0.10+7, mixed mode, tiered, compressed oops, compressed class ptrs, parallel gc, linux-amd64)
# Problematic frame:
# V  [libjvm.so+0x4fe0f4]  ValueStack::values_do(ValueVisitor*)+0x44
#
# Core dump will be written. Default location: Core dumps may be processed with "/usr/share/apport/apport -p%p -s%s -c%c -d%d -P%P -u%u -g%g -- %E" (or dumping to /home/sergio/Desktop/Estudios/UCM/4ยบ/PL/PL-Practica/core.34967)
#
# If you would like to submit a bug report, please visit:
#   https://github.com/adoptium/adoptium-support/issues
#

---------------  S U M M A R Y ------------

Command Line: --add-modules=ALL-SYSTEM --add-opens=java.base/java.util=ALL-UNNAMED --add-opens=java.base/java.lang=ALL-UNNAMED --add-opens=java.base/sun.nio.fs=ALL-UNNAMED -Declipse.application=org.eclipse.jdt.ls.core.id1 -Dosgi.bundles.defaultStartLevel=4 -Declipse.product=org.eclipse.jdt.ls.core.product -Djava.import.generatesMetadataFilesAtProjectRoot=false -DDetectVMInstallationsJob.disabled=true -Dfile.encoding=utf8 -XX:+UseParallelGC -XX:GCTimeRatio=4 -XX:AdaptiveSizePolicyWeight=90 -Dsun.zip.disableMemoryMapping=true -Xmx1G -Xms100m -Xlog:disable -javaagent:/home/sergio/.vscode/extensions/redhat.java-1.30.0-linux-x64/lombok/lombok-1.18.32.jar /home/sergio/.vscode/extensions/redhat.java-1.30.0-linux-x64/server/plugins/org.eclipse.equinox.launcher_1.6.800.v20240330-1250.jar -configuration /home/sergio/.config/Code/User/globalStorage/redhat.java/1.30.0/config_ss_linux -data /home/sergio/.config/Code/User/workspaceStorage/c6ab1c8030ca2cd84db316b525bdab83/redhat.java/ss_ws --pipe=/run/user/1000/lsp-8d3c9651f220e1d509fd10866954cc0a.sock

Host: AMD Ryzen 5 3500U with Radeon Vega Mobile Gfx, 8 cores, 6G, Ubuntu 22.04.4 LTS
Time: Mon Apr 29 13:34:53 2024 CEST elapsed time: 11.119252 seconds (0d 0h 0m 11s)

---------------  T H R E A D  ---------------

Current thread (0x0000771164221100):  JavaThread "C1 CompilerThread0" daemon [_thread_in_native, id=34987, stack(0x0000771148375000,0x0000771148475000)]


Current CompileTask:
C1:  11119 5915   !   2       org.eclipse.jdt.internal.compiler.lookup.Scope::getBinding (1527 bytes)

Stack: [0x0000771148375000,0x0000771148475000],  sp=0x0000771148472ec0,  free space=1015k
Native frames: (J=compiled Java code, j=interpreted, Vv=VM code, C=native code)
V  [libjvm.so+0x4fe0f4]  ValueStack::values_do(ValueVisitor*)+0x44
V  [libjvm.so+0x48f4f8]  BlockBegin::state_values_do(ValueVisitor*)+0x78
V  [libjvm.so+0x48b616]  SubstitutionResolver::block_do(BlockBegin*)+0x56
V  [libjvm.so+0x49050a]  BlockBegin::iterate_preorder(GrowableArray<bool>&, BlockClosure*)+0x3a
V  [libjvm.so+0x490551]  BlockBegin::iterate_preorder(GrowableArray<bool>&, BlockClosure*)+0x81
V  [libjvm.so+0x490595]  BlockBegin::iterate_preorder(GrowableArray<bool>&, BlockClosure*)+0xc5
V  [libjvm.so+0x490595]  BlockBegin::iterate_preorder(GrowableArray<bool>&, BlockClosure*)+0xc5
V  [libjvm.so+0x490738]  BlockBegin::iterate_preorder(BlockClosure*)+0x88
V  [libjvm.so+0x4fda64]  GlobalValueNumbering::GlobalValueNumbering(IR*)+0x674
V  [libjvm.so+0x46868a]  Compilation::build_hir() [clone .part.0]+0x32a
V  [libjvm.so+0x46a17c]  Compilation::compile_java_method()+0x3bc
V  [libjvm.so+0x46a2ea]  Compilation::compile_method()+0x10a
V  [libjvm.so+0x46a6c3]  Compilation::Compilation(AbstractCompiler*, ciEnv*, ciMethod*, int, BufferBlob*, bool, DirectiveSet*)+0x203
V  [libjvm.so+0x46b11c]  Compiler::compile_method(ciEnv*, ciMethod*, int, bool, DirectiveSet*)+0xac
V  [libjvm.so+0x5df273]  CompileBroker::invoke_compiler_on_method(CompileTask*)+0xf23
V  [libjvm.so+0x5e00d8]  CompileBroker::compiler_thread_loop()+0x6a8
V  [libjvm.so+0xe5fa16]  JavaThread::thread_main_inner()+0x196
V  [libjvm.so+0xe633b8]  Thread::call_run()+0xa8
V  [libjvm.so+0xc24791]  thread_native_entry(Thread*)+0xe1


siginfo: si_signo: 11 (SIGSEGV), si_code: 1 (SEGV_MAPERR), si_addr: 0x0000000008000018

Registers:
RAX=0x000000000000001b, RBX=0x000000000000001b, RCX=0x0000000000000022, RDX=0x000077112809b2a0
RSP=0x0000771148472ec0, RBP=0x0000771148472ef0, RSI=0x000077112809b378, RDI=0x0000771148473138
R8 =0x00007710cc166ef0, R9 =0x0000000000000000, R10=0x0000000000000000, R11=0x0000000008000000
R12=0x000077112809b250, R13=0x0000000008000000, R14=0x0000771148473138, R15=0x0000000000000000
RIP=0x000077116b4fe0f4, EFLAGS=0x0000000000010206, CSGSFS=0x002b000000000033, ERR=0x0000000000000004
  TRAPNO=0x000000000000000e


Register to memory mapping:

RAX=0x000000000000001b is an unknown value
RBX=0x000000000000001b is an unknown value
RCX=0x0000000000000022 is an unknown value
RDX=0x000077112809b2a0 points into unknown readable memory: 0x00007710cc166750 | 50 67 16 cc 10 77 00 00
RSP=0x0000771148472ec0 is pointing into the stack for thread: 0x0000771164221100
RBP=0x0000771148472ef0 is pointing into the stack for thread: 0x0000771164221100
RSI=0x000077112809b378 points into unknown readable memory: 0x0000000008000000 | 00 00 00 08 00 00 00 00
RDI=0x0000771148473138 is pointing into the stack for thread: 0x0000771164221100
R8 =0x00007710cc166ef0 points into unknown readable memory: 0x000077116c28d628 | 28 d6 28 6c 11 77 00 00
R9 =0x0 is NULL
R10=0x0 is NULL
R11=0x0000000008000000 is an unknown value
R12=0x000077112809b250 points into unknown readable memory: 0x0000771128044760 | 60 47 04 28 11 77 00 00
R13=0x0000000008000000 is an unknown value
R14=0x0000771148473138 is pointing into the stack for thread: 0x0000771164221100
R15=0x0 is NULL


Top of Stack: (sp=0x0000771148472ec0)
0x0000771148472ec0:   0000771148472ef0 000000000000001b
0x0000771148472ed0:   00007711280484d0 0000771148473138
0x0000771148472ee0:   000077116bf8bfb0 0000000000000000
0x0000771148472ef0:   0000771148472f20 000077116b48f4f8
0x0000771148472f00:   0000771130cbf150 00007711280484d0
0x0000771148472f10:   0000771148473138 000077116b464cb0
0x0000771148472f20:   0000771148472f60 000077116b48b616
0x0000771148472f30:   0000771148473138 0000000000000000
0x0000771148472f40:   00007711484730b0 0000771148473130
0x0000771148472f50:   00007710cc169c90 00007711280484d0
0x0000771148472f60:   0000771148472fb0 000077116b49050a
0x0000771148472f70:   0000771148472fb0 000077116b48b616
0x0000771148472f80:   000077116bf8bfb0 0000000000000000
0x0000771148472f90:   00007711484730b0 0000771148473130
0x0000771148472fa0:   00007710cc169c90 00007711280480d0
0x0000771148472fb0:   0000771148473000 000077116b490551
0x0000771148472fc0:   0000771148473000 fffffffffffffff8
0x0000771148472fd0:   000077116bf8bfb0 fffffffffffffff8
0x0000771148472fe0:   00007711484730b0 0000771148473130
0x0000771148472ff0:   0000771130cbb7f0 fffffffffffffff8
0x0000771148473000:   0000771148473050 000077116b490595
0x0000771148473010:   0000771148473050 000077116b48b616
0x0000771148473020:   0000771148473080 fffffffffffffff8
0x0000771148473030:   00007711484730b0 0000771148473130
0x0000771148473040:   0000771130cbba00 fffffffffffffff8
0x0000771148473050:   00007711484730a0 000077116b490595
0x0000771148473060:   0000000000000040 000077116bcc390c
0x0000771148473070:   00007711484730a0 000000000000015c
0x0000771148473080:   0000771130cbb410 0000771148473130
0x0000771148473090:   00007711484731e0 0000000000000022
0x00007711484730a0:   00007711484730f0 000077116b490738
0x00007711484730b0:   0000015c0000015c 00007710cce7be20 

Instructions: (pc=0x000077116b4fe0f4)
0x000077116b4fdff4:   4d 85 f6 0f 85 43 ff ff ff 5b 41 5c 41 5d 41 5e
0x000077116b4fe004:   5d c3 66 2e 0f 1f 84 00 00 00 00 00 48 8b 03 48
0x000077116b4fe014:   89 df ff 50 18 48 85 c0 0f 85 40 ff ff ff 81 4b
0x000077116b4fe024:   10 00 10 00 00 e9 34 ff ff ff c3 90 8b 0f 85 c9
0x000077116b4fe034:   7e 6a 55 48 89 e5 41 56 49 89 f6 41 55 49 89 fd
0x000077116b4fe044:   41 54 53 31 db 0f 1f 80 00 00 00 00 49 8b 55 08
0x000077116b4fe054:   48 63 c3 48 8d 34 c2 4c 8b 26 4d 85 e4 74 25 49
0x000077116b4fe064:   8b 44 24 18 83 78 0c 08 74 1a 49 8b 06 4c 89 f7
0x000077116b4fe074:   ff 10 49 8b 44 24 18 83 78 08 02 75 03 83 c3 01
0x000077116b4fe084:   41 8b 4d 00 83 c3 01 39 cb 7c c1 5b 41 5c 41 5d
0x000077116b4fe094:   41 5e 5d c3 0f 1f 84 00 00 00 00 00 c3 90 66 66
0x000077116b4fe0a4:   2e 0f 1f 84 00 00 00 00 00 0f 1f 00 48 85 ff 0f
0x000077116b4fe0b4:   84 28 01 00 00 55 48 89 e5 41 57 41 56 49 89 f6
0x000077116b4fe0c4:   41 55 41 54 49 89 fc 53 48 83 ec 08 41 8b 4c 24
0x000077116b4fe0d4:   18 31 db 85 c9 7e 44 0f 1f 44 00 00 49 8b 54 24
0x000077116b4fe0e4:   20 48 63 c3 48 8d 34 c2 4c 8b 2e 4d 85 ed 74 24
0x000077116b4fe0f4:   49 8b 45 18 83 78 0c 08 74 1a 49 8b 06 4c 89 f7
0x000077116b4fe104:   ff 10 49 8b 45 18 83 78 08 02 75 03 83 c3 01 41
0x000077116b4fe114:   8b 4c 24 18 83 c3 01 39 cb 7c c1 41 8b 4c 24 30
0x000077116b4fe124:   31 db 85 c9 7e 45 66 0f 1f 44 00 00 49 8b 54 24
0x000077116b4fe134:   38 48 63 c3 48 8d 34 c2 4c 8b 2e 4d 85 ed 74 24
0x000077116b4fe144:   49 8b 45 18 83 78 0c 08 74 1a 49 8b 06 4c 89 f7
0x000077116b4fe154:   ff 10 49 8b 45 18 83 78 08 02 75 03 83 c3 01 41
0x000077116b4fe164:   8b 4c 24 30 83 c3 01 39 cb 7c c1 4d 8b 7c 24 48
0x000077116b4fe174:   4d 85 ff 74 4b 41 8b 0f 85 c9 7e 44 31 db 66 0f
0x000077116b4fe184:   1f 44 00 00 49 8b 57 08 48 63 c3 48 8d 34 c2 4c
0x000077116b4fe194:   8b 2e 4d 85 ed 74 22 49 8b 45 18 83 78 0c 08 74
0x000077116b4fe1a4:   18 49 8b 06 4c 89 f7 ff 10 49 8b 45 18 83 78 08
0x000077116b4fe1b4:   02 75 03 83 c3 01 41 8b 0f 83 c3 01 39 cb 7c c4
0x000077116b4fe1c4:   4d 8b 64 24 08 4d 85 e4 0f 85 fe fe ff ff 48 83
0x000077116b4fe1d4:   c4 08 5b 41 5c 41 5d 41 5e 41 5f 5d c3 c3 66 66
0x000077116b4fe1e4:   2e 0f 1f 84 00 00 00 00 00 0f 1f 00 45 31 c0 48 


Stack slot to memory mapping:
stack at sp + 0 slots: 0x0000771148472ef0 is pointing into the stack for thread: 0x0000771164221100
stack at sp + 1 slots: 0x000000000000001b is an unknown value
stack at sp + 2 slots: 0x00007711280484d0 points into unknown readable memory: 0x000077116c203a08 | 08 3a 20 6c 11 77 00 00
stack at sp + 3 slots: 0x0000771148473138 is pointing into the stack for thread: 0x0000771164221100
stack at sp + 4 slots: 0x000077116bf8bfb0: <offset 0x0000000000f8bfb0> in /home/sergio/.vscode/extensions/redhat.java-1.30.0-linux-x64/jre/17.0.10-linux-x86_64/lib/server/libjvm.so at 0x000077116b000000
stack at sp + 5 slots: 0x0 is NULL
stack at sp + 6 slots: 0x0000771148472f20 is pointing into the stack for thread: 0x0000771164221100
stack at sp + 7 slots: 0x000077116b48f4f8: <offset 0x000000000048f4f8> in /home/sergio/.vscode/extensions/redhat.java-1.30.0-linux-x64/jre/17.0.10-linux-x86_64/lib/server/libjvm.so at 0x000077116b000000


---------------  P R O C E S S  ---------------

Threads class SMR info:
_java_thread_list=0x00007710ec011b20, length=30, elements={
0x0000771164027fa0, 0x00007711641e71b0, 0x00007711641e8730, 0x0000771164219d50,
0x000077116421d640, 0x000077116421e5e0, 0x000077116421fc40, 0x0000771164221100,
0x000077116422a540, 0x00007711642a8510, 0x00007711643abe40, 0x00007711644ba480,
0x0000771164618410, 0x00007711645f4530, 0x00007711645f6d40, 0x00007710e8033780,
0x00007710e8237af0, 0x00007710e82f1500, 0x00007710e82b7890, 0x00007711245319b0,
0x00007711646065b0, 0x00007711645da670, 0x00007711645db210, 0x00007710e000aea0,
0x00007710bc000ff0, 0x00007710c80602c0, 0x00007710c8061960, 0x00007710a4000ff0,
0x00007710a8000ff0, 0x000077109c000ff0
}

Java Threads: ( => current thread )
  0x0000771164027fa0 JavaThread "main" [_thread_blocked, id=34968, stack(0x000077116af00000,0x000077116b000000)]
  0x00007711641e71b0 JavaThread "Reference Handler" daemon [_thread_blocked, id=34972, stack(0x0000771148bed000,0x0000771148ced000)]
  0x00007711641e8730 JavaThread "Finalizer" daemon [_thread_blocked, id=34974, stack(0x0000771148aed000,0x0000771148bed000)]
  0x0000771164219d50 JavaThread "Signal Dispatcher" daemon [_thread_blocked, id=34983, stack(0x0000771148775000,0x0000771148875000)]
  0x000077116421d640 JavaThread "Service Thread" daemon [_thread_blocked, id=34984, stack(0x0000771148675000,0x0000771148775000)]
  0x000077116421e5e0 JavaThread "Monitor Deflation Thread" daemon [_thread_blocked, id=34985, stack(0x0000771148575000,0x0000771148675000)]
  0x000077116421fc40 JavaThread "C2 CompilerThread0" daemon [_thread_in_native, id=34986, stack(0x0000771148475000,0x0000771148575000)]
=>0x0000771164221100 JavaThread "C1 CompilerThread0" daemon [_thread_in_native, id=34987, stack(0x0000771148375000,0x0000771148475000)]
  0x000077116422a540 JavaThread "Sweeper thread" daemon [_thread_blocked, id=34988, stack(0x0000771148275000,0x0000771148375000)]
  0x00007711642a8510 JavaThread "Common-Cleaner" daemon [_thread_blocked, id=34989, stack(0x0000771148175000,0x0000771148275000)]
  0x00007711643abe40 JavaThread "Notification Thread" daemon [_thread_blocked, id=35019, stack(0x0000771148075000,0x0000771148175000)]
  0x00007711644ba480 JavaThread "process reaper" daemon [_thread_blocked, id=35073, stack(0x0000771154029000,0x000077115404b000)]
  0x0000771164618410 JavaThread "Active Thread: Equinox Container: 326acc3e-261e-4069-8169-2d3dbdb8f032" [_thread_blocked, id=35127, stack(0x000077111b5f9000,0x000077111b6f9000)]
  0x00007711645f4530 JavaThread "Framework Event Dispatcher: Equinox Container: 326acc3e-261e-4069-8169-2d3dbdb8f032" daemon [_thread_blocked, id=35130, stack(0x000077111b4f9000,0x000077111b5f9000)]
  0x00007711645f6d40 JavaThread "Start Level: Equinox Container: 326acc3e-261e-4069-8169-2d3dbdb8f032" daemon [_thread_blocked, id=35131, stack(0x000077111b3f9000,0x000077111b4f9000)]
  0x00007710e8033780 JavaThread "SCR Component Actor" daemon [_thread_blocked, id=35134, stack(0x000077111b2f9000,0x000077111b3f9000)]
  0x00007710e8237af0 JavaThread "Worker-JM" [_thread_blocked, id=35148, stack(0x000077111adff000,0x000077111aeff000)]
  0x00007710e82f1500 JavaThread "Worker-0" [_thread_blocked, id=35156, stack(0x000077111bcff000,0x000077111bdff000)]
  0x00007710e82b7890 JavaThread "Worker-1" [_thread_blocked, id=35157, stack(0x000077111acff000,0x000077111adff000)]
  0x00007711245319b0 JavaThread "C2 CompilerThread1" daemon [_thread_in_native, id=35178, stack(0x000077111abff000,0x000077111acff000)]
  0x00007711646065b0 JavaThread "pool-2-thread-1" [_thread_blocked, id=35180, stack(0x000077111aaff000,0x000077111abff000)]
  0x00007711645da670 JavaThread "WorkspaceEventsHandler" [_thread_blocked, id=35183, stack(0x000077111a9ff000,0x000077111aaff000)]
  0x00007711645db210 JavaThread "pool-1-thread-1" [_thread_in_native, id=35184, stack(0x000077111a8ff000,0x000077111a9ff000)]
  0x00007710e000aea0 JavaThread "Worker-2" [_thread_blocked, id=35186, stack(0x000077111a7ff000,0x000077111a8ff000)]
  0x00007710bc000ff0 JavaThread "Worker-3" [_thread_blocked, id=35187, stack(0x000077111a6ff000,0x000077111a7ff000)]
  0x00007710c80602c0 JavaThread "ForkJoinPool.commonPool-worker-1" daemon [_thread_blocked, id=35189, stack(0x000077111a5ff000,0x000077111a6ff000)]
  0x00007710c8061960 JavaThread "ForkJoinPool.commonPool-worker-2" daemon [_thread_blocked, id=35190, stack(0x000077111a4ff000,0x000077111a5ff000)]
  0x00007710a4000ff0 JavaThread "ForkJoinPool.commonPool-worker-3" daemon [_thread_blocked, id=35191, stack(0x000077111a3ff000,0x000077111a4ff000)]
  0x00007710a8000ff0 JavaThread "ForkJoinPool.commonPool-worker-4" daemon [_thread_blocked, id=35192, stack(0x000077111a2ff000,0x000077111a3ff000)]
  0x000077109c000ff0 JavaThread "ForkJoinPool.commonPool-worker-5" daemon [_thread_in_Java, id=35193, stack(0x000077111a1ff000,0x000077111a2ff000)]

Other Threads:
  0x0000771164069050 VMThread "VM Thread" [stack: 0x0000771148cee000,0x0000771148dee000] [id=34970]
  0x000077116434ec00 WatcherThread [stack: 0x000077111bf00000,0x000077111c000000] [id=35023]
  0x000077116403f830 GCTaskThread "GC Thread#0" [stack: 0x0000771154cff000,0x0000771154dff000] [id=34969]
  0x0000771144001250 GCTaskThread "GC Thread#1" [stack: 0x000077111bbff000,0x000077111bcff000] [id=35092]
  0x0000771144002ea0 GCTaskThread "GC Thread#2" [stack: 0x000077111bafe000,0x000077111bbfe000] [id=35094]
  0x00007711440036a0 GCTaskThread "GC Thread#3" [stack: 0x000077111b9fd000,0x000077111bafd000] [id=35095]
  0x0000771144004060 GCTaskThread "GC Thread#4" [stack: 0x000077111b8fc000,0x000077111b9fc000] [id=35096]
  0x0000771144004a20 GCTaskThread "GC Thread#5" [stack: 0x000077111b7fb000,0x000077111b8fb000] [id=35097]
  0x00007711440053e0 GCTaskThread "GC Thread#6" [stack: 0x000077111b6fa000,0x000077111b7fa000] [id=35098]
  0x00007711440068c0 GCTaskThread "GC Thread#7" [stack: 0x000077111af00000,0x000077111b000000] [id=35141]

Threads with active compile tasks:
C2 CompilerThread0    11158 5785       4       org.eclipse.jdt.internal.compiler.parser.Scanner::getNextToken (182 bytes)
C1 CompilerThread0    11158 5915   !   2       org.eclipse.jdt.internal.compiler.lookup.Scope::getBinding (1527 bytes)
C2 CompilerThread1    11158 5791       4       org.eclipse.jdt.internal.compiler.parser.Parser::consumeDefaultModifiers (47 bytes)

VM state: not at safepoint (normal execution)

VM Mutex/Monitor currently owned by a thread: None

Heap address: 0x00000000c0000000, size: 1024 MB, Compressed Oops mode: 32-bit

CDS archive(s) not mapped
Compressed class space mapped at: 0x0000000100000000-0x0000000140000000, reserved size: 1073741824
Narrow klass base: 0x0000000000000000, Narrow klass shift: 3, Narrow klass range: 0x140000000

GC Precious Log:
 CPUs: 8 total, 8 available
 Memory: 6857M
 Large Page Support: Disabled
 NUMA Support: Disabled
 Compressed Oops: Enabled (32-bit)
 Alignments: Space 512K, Generation 512K, Heap 2M
 Heap Min Capacity: 100M
 Heap Initial Capacity: 100M
 Heap Max Capacity: 1G
 Pre-touch: Disabled
 Parallel Workers: 8

Heap:
 PSYoungGen      total 22528K, used 12767K [0x00000000eab00000, 0x00000000ec780000, 0x0000000100000000)
  eden space 22016K, 55% used [0x00000000eab00000,0x00000000eb6f9430,0x00000000ec080000)
  from space 512K, 98% used [0x00000000ec400000,0x00000000ec47e958,0x00000000ec480000)
  to   space 3072K, 0% used [0x00000000ec480000,0x00000000ec480000,0x00000000ec780000)
 ParOldGen       total 68608K, used 37200K [0x00000000c0000000, 0x00000000c4300000, 0x00000000eab00000)
  object space 68608K, 54% used [0x00000000c0000000,0x00000000c24543f8,0x00000000c4300000)
 Metaspace       used 49009K, committed 49856K, reserved 1114112K
  class space    used 4861K, committed 5248K, reserved 1048576K

Card table byte_map: [0x0000771154dff000,0x0000771155000000] _byte_map_base: 0x00007711547ff000

Marking Bits: (ParMarkBitMap*) 0x000077116c31f380
 Begin Bits: [0x000077114e000000, 0x000077114f000000)
 End Bits:   [0x000077114f000000, 0x0000771150000000)

Polling page: 0x000077116c79b000

Metaspace:

Usage:
  Non-class:     43,11 MB used.
      Class:      4,75 MB used.
       Both:     47,86 MB used.

Virtual space:
  Non-class space:       64,00 MB reserved,      43,56 MB ( 68%) committed,  1 nodes.
      Class space:        1,00 GB reserved,       5,12 MB ( <1%) committed,  1 nodes.
             Both:        1,06 GB reserved,      48,69 MB (  4%) committed. 

Chunk freelists:
   Non-Class:  4,23 MB
       Class:  10,73 MB
        Both:  14,95 MB

MaxMetaspaceSize: unlimited
CompressedClassSpaceSize: 1,00 GB
Initial GC threshold: 21,00 MB
Current GC threshold: 58,38 MB
CDS: off
MetaspaceReclaimPolicy: balanced
 - commit_granule_bytes: 65536.
 - commit_granule_words: 8192.
 - virtual_space_node_default_size: 8388608.
 - enlarge_chunks_in_place: 1.
 - new_chunks_are_fully_committed: 0.
 - uncommit_free_chunks: 1.
 - use_allocation_guard: 0.
 - handle_deallocations: 1.


Internal statistics:

num_allocs_failed_limit: 6.
num_arena_births: 452.
num_arena_deaths: 14.
num_vsnodes_births: 2.
num_vsnodes_deaths: 0.
num_space_committed: 779.
num_space_uncommitted: 0.
num_chunks_returned_to_freelist: 20.
num_chunks_taken_from_freelist: 2152.
num_chunk_merges: 11.
num_chunk_splits: 1396.
num_chunks_enlarged: 905.
num_inconsistent_stats: 0.

CodeHeap 'non-profiled nmethods': size=120028Kb used=2321Kb max_used=2650Kb free=117706Kb
 bounds [0x000077115cac9000, 0x000077115cd79000, 0x0000771164000000]
CodeHeap 'profiled nmethods': size=120028Kb used=9675Kb max_used=11178Kb free=110352Kb
 bounds [0x0000771155000000, 0x0000771155b20000, 0x000077115c537000]
CodeHeap 'non-nmethods': size=5704Kb used=1345Kb max_used=1374Kb free=4358Kb
 bounds [0x000077115c537000, 0x000077115c7a7000, 0x000077115cac9000]
 total_blobs=5606 nmethods=4930 adapters=588
 compilation: enabled
              stopped_count=0, restarted_count=0
 full_count=0

Compilation events (20 events):
Event: 11,102 Thread 0x0000771164221100 nmethod 5875 0x000077115caec390 code [0x000077115caec520, 0x000077115caec5f0]
Event: 11,102 Thread 0x0000771164221100 5893       1       org.eclipse.jdt.internal.compiler.impl.StringConstant::typeID (3 bytes)
Event: 11,102 Thread 0x0000771164221100 nmethod 5893 0x000077115caec090 code [0x000077115caec220, 0x000077115caec2f0]
Event: 11,102 Thread 0x0000771164221100 5871       1       org.eclipse.jdt.core.dom.Modifier::getNodeType0 (3 bytes)
Event: 11,102 Thread 0x0000771164221100 nmethod 5871 0x000077115caebd90 code [0x000077115caebf20, 0x000077115caebff0]
Event: 11,102 Thread 0x0000771164221100 5876       1       org.eclipse.jdt.internal.compiler.lookup.ClassScope::referenceType (5 bytes)
Event: 11,102 Thread 0x0000771164221100 nmethod 5876 0x000077115caeb810 code [0x000077115caeb9a0, 0x000077115caeba70]
Event: 11,102 Thread 0x0000771164221100 5911       1       org.eclipse.jdt.internal.compiler.ast.AllocationExpression::genericTypeArguments (5 bytes)
Event: 11,102 Thread 0x0000771164221100 nmethod 5911 0x000077115cb84b90 code [0x000077115cb84d20, 0x000077115cb84df0]
Event: 11,102 Thread 0x0000771164221100 5912   !   3       org.eclipse.jdt.internal.compiler.lookup.BinaryTypeBinding::superclass (207 bytes)
Event: 11,103 Thread 0x0000771164221100 nmethod 5912 0x0000771155735110 code [0x0000771155735380, 0x0000771155735ff0]
Event: 11,103 Thread 0x0000771164221100 5913       2       org.eclipse.jdt.internal.compiler.lookup.VariableBinding::<init> (47 bytes)
Event: 11,104 Thread 0x0000771164221100 nmethod 5913 0x000077115509b590 code [0x000077115509b720, 0x000077115509b890]
Event: 11,104 Thread 0x0000771164221100 5838       1       org.eclipse.jdt.internal.compiler.classfmt.FieldInfo::getTypeAnnotations (2 bytes)
Event: 11,104 Thread 0x0000771164221100 nmethod 5838 0x000077115cb84890 code [0x000077115cb84a20, 0x000077115cb84af0]
Event: 11,104 Thread 0x0000771164221100 5879       1       org.eclipse.jdt.core.dom.SimpleName::getIdentifier (5 bytes)
Event: 11,104 Thread 0x0000771164221100 nmethod 5879 0x000077115cb84590 code [0x000077115cb84720, 0x000077115cb847f0]
Event: 11,104 Thread 0x0000771164221100 5883       1       org.eclipse.jdt.internal.compiler.lookup.ParameterizedTypeBinding::actualType (5 bytes)
Event: 11,105 Thread 0x0000771164221100 nmethod 5883 0x000077115cb84290 code [0x000077115cb84420, 0x000077115cb844f0]
Event: 11,105 Thread 0x0000771164221100 5915   !   2       org.eclipse.jdt.internal.compiler.lookup.Scope::getBinding (1527 bytes)

GC Heap History (20 events):
Event: 7,619 GC heap before
{Heap before GC invocations=18 (full 2):
 PSYoungGen      total 24576K, used 24288K [0x00000000eab00000, 0x00000000ec580000, 0x0000000100000000)
  eden space 22016K, 100% used [0x00000000eab00000,0x00000000ec080000,0x00000000ec080000)
  from space 2560K, 88% used [0x00000000ec080000,0x00000000ec2b8010,0x00000000ec300000)
  to   space 2560K, 0% used [0x00000000ec300000,0x00000000ec300000,0x00000000ec580000)
 ParOldGen       total 68608K, used 22155K [0x00000000c0000000, 0x00000000c4300000, 0x00000000eab00000)
  object space 68608K, 32% used [0x00000000c0000000,0x00000000c15a2c50,0x00000000c4300000)
 Metaspace       used 37521K, committed 38208K, reserved 1114112K
  class space    used 3783K, committed 4096K, reserved 1048576K
}
Event: 7,627 GC heap after
{Heap after GC invocations=18 (full 2):
 PSYoungGen      total 24576K, used 1984K [0x00000000eab00000, 0x00000000ec580000, 0x0000000100000000)
  eden space 22016K, 0% used [0x00000000eab00000,0x00000000eab00000,0x00000000ec080000)
  from space 2560K, 77% used [0x00000000ec300000,0x00000000ec4f0000,0x00000000ec580000)
  to   space 2560K, 0% used [0x00000000ec080000,0x00000000ec080000,0x00000000ec300000)
 ParOldGen       total 68608K, used 24315K [0x00000000c0000000, 0x00000000c4300000, 0x00000000eab00000)
  object space 68608K, 35% used [0x00000000c0000000,0x00000000c17bec60,0x00000000c4300000)
 Metaspace       used 37521K, committed 38208K, reserved 1114112K
  class space    used 3783K, committed 4096K, reserved 1048576K
}
Event: 7,895 GC heap before
{Heap before GC invocations=19 (full 2):
 PSYoungGen      total 24576K, used 24000K [0x00000000eab00000, 0x00000000ec580000, 0x0000000100000000)
  eden space 22016K, 100% used [0x00000000eab00000,0x00000000ec080000,0x00000000ec080000)
  from space 2560K, 77% used [0x00000000ec300000,0x00000000ec4f0000,0x00000000ec580000)
  to   space 2560K, 0% used [0x00000000ec080000,0x00000000ec080000,0x00000000ec300000)
 ParOldGen       total 68608K, used 24315K [0x00000000c0000000, 0x00000000c4300000, 0x00000000eab00000)
  object space 68608K, 35% used [0x00000000c0000000,0x00000000c17bec60,0x00000000c4300000)
 Metaspace       used 38042K, committed 38656K, reserved 1114112K
  class space    used 3829K, committed 4096K, reserved 1048576K
}
Event: 7,909 GC heap after
{Heap after GC invocations=19 (full 2):
 PSYoungGen      total 24576K, used 2532K [0x00000000eab00000, 0x00000000ecd80000, 0x0000000100000000)
  eden space 22016K, 0% used [0x00000000eab00000,0x00000000eab00000,0x00000000ec080000)
  from space 2560K, 98% used [0x00000000ec080000,0x00000000ec2f9080,0x00000000ec300000)
  to   space 6656K, 0% used [0x00000000ec700000,0x00000000ec700000,0x00000000ecd80000)
 ParOldGen       total 68608K, used 27750K [0x00000000c0000000, 0x00000000c4300000, 0x00000000eab00000)
  object space 68608K, 40% used [0x00000000c0000000,0x00000000c1b19a20,0x00000000c4300000)
 Metaspace       used 38042K, committed 38656K, reserved 1114112K
  class space    used 3829K, committed 4096K, reserved 1048576K
}
Event: 8,406 GC heap before
{Heap before GC invocations=20 (full 2):
 PSYoungGen      total 24576K, used 24548K [0x00000000eab00000, 0x00000000ecd80000, 0x0000000100000000)
  eden space 22016K, 100% used [0x00000000eab00000,0x00000000ec080000,0x00000000ec080000)
  from space 2560K, 98% used [0x00000000ec080000,0x00000000ec2f9080,0x00000000ec300000)
  to   space 6656K, 0% used [0x00000000ec700000,0x00000000ec700000,0x00000000ecd80000)
 ParOldGen       total 68608K, used 27750K [0x00000000c0000000, 0x00000000c4300000, 0x00000000eab00000)
  object space 68608K, 40% used [0x00000000c0000000,0x00000000c1b19a20,0x00000000c4300000)
 Metaspace       used 40330K, committed 41024K, reserved 1114112K
  class space    used 4097K, committed 4416K, reserved 1048576K
}
Event: 8,415 GC heap after
{Heap after GC invocations=20 (full 2):
 PSYoungGen      total 24064K, used 1650K [0x00000000eab00000, 0x00000000ec900000, 0x0000000100000000)
  eden space 22016K, 0% used [0x00000000eab00000,0x00000000eab00000,0x00000000ec080000)
  from space 2048K, 80% used [0x00000000ec700000,0x00000000ec89cb70,0x00000000ec900000)
  to   space 3584K, 0% used [0x00000000ec200000,0x00000000ec200000,0x00000000ec580000)
 ParOldGen       total 68608K, used 30320K [0x00000000c0000000, 0x00000000c4300000, 0x00000000eab00000)
  object space 68608K, 44% used [0x00000000c0000000,0x00000000c1d9c3b8,0x00000000c4300000)
 Metaspace       used 40330K, committed 41024K, reserved 1114112K
  class space    used 4097K, committed 4416K, reserved 1048576K
}
Event: 8,575 GC heap before
{Heap before GC invocations=21 (full 2):
 PSYoungGen      total 24064K, used 23666K [0x00000000eab00000, 0x00000000ec900000, 0x0000000100000000)
  eden space 22016K, 100% used [0x00000000eab00000,0x00000000ec080000,0x00000000ec080000)
  from space 2048K, 80% used [0x00000000ec700000,0x00000000ec89cb70,0x00000000ec900000)
  to   space 3584K, 0% used [0x00000000ec200000,0x00000000ec200000,0x00000000ec580000)
 ParOldGen       total 68608K, used 30320K [0x00000000c0000000, 0x00000000c4300000, 0x00000000eab00000)
  object space 68608K, 44% used [0x00000000c0000000,0x00000000c1d9c3b8,0x00000000c4300000)
 Metaspace       used 40889K, committed 41536K, reserved 1114112K
  class space    used 4117K, committed 4416K, reserved 1048576K
}
Event: 8,579 GC heap after
{Heap after GC invocations=21 (full 2):
 PSYoungGen      total 25600K, used 1351K [0x00000000eab00000, 0x00000000ec780000, 0x0000000100000000)
  eden space 22016K, 0% used [0x00000000eab00000,0x00000000eab00000,0x00000000ec080000)
  from space 3584K, 37% used [0x00000000ec200000,0x00000000ec351f88,0x00000000ec580000)
  to   space 2048K, 0% used [0x00000000ec580000,0x00000000ec580000,0x00000000ec780000)
 ParOldGen       total 68608K, used 31767K [0x00000000c0000000, 0x00000000c4300000, 0x00000000eab00000)
  object space 68608K, 46% used [0x00000000c0000000,0x00000000c1f05f68,0x00000000c4300000)
 Metaspace       used 40889K, committed 41536K, reserved 1114112K
  class space    used 4117K, committed 4416K, reserved 1048576K
}
Event: 8,856 GC heap before
{Heap before GC invocations=22 (full 2):
 PSYoungGen      total 25600K, used 23367K [0x00000000eab00000, 0x00000000ec780000, 0x0000000100000000)
  eden space 22016K, 100% used [0x00000000eab00000,0x00000000ec080000,0x00000000ec080000)
  from space 3584K, 37% used [0x00000000ec200000,0x00000000ec351f88,0x00000000ec580000)
  to   space 2048K, 0% used [0x00000000ec580000,0x00000000ec580000,0x00000000ec780000)
 ParOldGen       total 68608K, used 31767K [0x00000000c0000000, 0x00000000c4300000, 0x00000000eab00000)
  object space 68608K, 46% used [0x00000000c0000000,0x00000000c1f05f68,0x00000000c4300000)
 Metaspace       used 42220K, committed 42944K, reserved 1114112K
  class space    used 4245K, committed 4544K, reserved 1048576K
}
Event: 8,860 GC heap after
{Heap after GC invocations=22 (full 2):
 PSYoungGen      total 23040K, used 640K [0x00000000eab00000, 0x00000000ec680000, 0x0000000100000000)
  eden space 22016K, 0% used [0x00000000eab00000,0x00000000eab00000,0x00000000ec080000)
  from space 1024K, 62% used [0x00000000ec580000,0x00000000ec620000,0x00000000ec680000)
  to   space 1024K, 0% used [0x00000000ec480000,0x00000000ec480000,0x00000000ec580000)
 ParOldGen       total 68608K, used 31847K [0x00000000c0000000, 0x00000000c4300000, 0x00000000eab00000)
  object space 68608K, 46% used [0x00000000c0000000,0x00000000c1f19f68,0x00000000c4300000)
 Metaspace       used 42220K, committed 42944K, reserved 1114112K
  class space    used 4245K, committed 4544K, reserved 1048576K
}
Event: 9,206 GC heap before
{Heap before GC invocations=23 (full 2):
 PSYoungGen      total 23040K, used 22656K [0x00000000eab00000, 0x00000000ec680000, 0x0000000100000000)
  eden space 22016K, 100% used [0x00000000eab00000,0x00000000ec080000,0x00000000ec080000)
  from space 1024K, 62% used [0x00000000ec580000,0x00000000ec620000,0x00000000ec680000)
  to   space 1024K, 0% used [0x00000000ec480000,0x00000000ec480000,0x00000000ec580000)
 ParOldGen       total 68608K, used 31847K [0x00000000c0000000, 0x00000000c4300000, 0x00000000eab00000)
  object space 68608K, 46% used [0x00000000c0000000,0x00000000c1f19f68,0x00000000c4300000)
 Metaspace       used 43104K, committed 43776K, reserved 1114112K
  class space    used 4361K, committed 4672K, reserved 1048576K
}
Event: 9,210 GC heap after
{Heap after GC invocations=23 (full 2):
 PSYoungGen      total 23040K, used 352K [0x00000000eab00000, 0x00000000ec600000, 0x0000000100000000)
  eden space 22016K, 0% used [0x00000000eab00000,0x00000000eab00000,0x00000000ec080000)
  from space 1024K, 34% used [0x00000000ec480000,0x00000000ec4d8000,0x00000000ec580000)
  to   space 512K, 0% used [0x00000000ec580000,0x00000000ec580000,0x00000000ec600000)
 ParOldGen       total 68608K, used 32386K [0x00000000c0000000, 0x00000000c4300000, 0x00000000eab00000)
  object space 68608K, 47% used [0x00000000c0000000,0x00000000c1fa09c8,0x00000000c4300000)
 Metaspace       used 43104K, committed 43776K, reserved 1114112K
  class space    used 4361K, committed 4672K, reserved 1048576K
}
Event: 9,522 GC heap before
{Heap before GC invocations=24 (full 2):
 PSYoungGen      total 23040K, used 22363K [0x00000000eab00000, 0x00000000ec600000, 0x0000000100000000)
  eden space 22016K, 99% used [0x00000000eab00000,0x00000000ec07ec48,0x00000000ec080000)
  from space 1024K, 34% used [0x00000000ec480000,0x00000000ec4d8000,0x00000000ec580000)
  to   space 512K, 0% used [0x00000000ec580000,0x00000000ec580000,0x00000000ec600000)
 ParOldGen       total 68608K, used 32386K [0x00000000c0000000, 0x00000000c4300000, 0x00000000eab00000)
  object space 68608K, 47% used [0x00000000c0000000,0x00000000c1fa09c8,0x00000000c4300000)
 Metaspace       used 44867K, committed 45632K, reserved 1114112K
  class space    used 4513K, committed 4864K, reserved 1048576K
}
Event: 9,528 GC heap after
{Heap after GC invocations=24 (full 2):
 PSYoungGen      total 22528K, used 512K [0x00000000eab00000, 0x00000000ec600000, 0x0000000100000000)
  eden space 22016K, 0% used [0x00000000eab00000,0x00000000eab00000,0x00000000ec080000)
  from space 512K, 100% used [0x00000000ec580000,0x00000000ec600000,0x00000000ec600000)
  to   space 2560K, 0% used [0x00000000ec100000,0x00000000ec100000,0x00000000ec380000)
 ParOldGen       total 68608K, used 34054K [0x00000000c0000000, 0x00000000c4300000, 0x00000000eab00000)
  object space 68608K, 49% used [0x00000000c0000000,0x00000000c2141aa8,0x00000000c4300000)
 Metaspace       used 44867K, committed 45632K, reserved 1114112K
  class space    used 4513K, committed 4864K, reserved 1048576K
}
Event: 9,727 GC heap before
{Heap before GC invocations=25 (full 2):
 PSYoungGen      total 22528K, used 22528K [0x00000000eab00000, 0x00000000ec600000, 0x0000000100000000)
  eden space 22016K, 100% used [0x00000000eab00000,0x00000000ec080000,0x00000000ec080000)
  from space 512K, 100% used [0x00000000ec580000,0x00000000ec600000,0x00000000ec600000)
  to   space 2560K, 0% used [0x00000000ec100000,0x00000000ec100000,0x00000000ec380000)
 ParOldGen       total 68608K, used 34054K [0x00000000c0000000, 0x00000000c4300000, 0x00000000eab00000)
  object space 68608K, 49% used [0x00000000c0000000,0x00000000c2141aa8,0x00000000c4300000)
 Metaspace       used 45194K, committed 45952K, reserved 1114112K
  class space    used 4540K, committed 4864K, reserved 1048576K
}
Event: 9,738 GC heap after
{Heap after GC invocations=25 (full 2):
 PSYoungGen      total 24576K, used 378K [0x00000000eab00000, 0x00000000ec600000, 0x0000000100000000)
  eden space 22016K, 0% used [0x00000000eab00000,0x00000000eab00000,0x00000000ec080000)
  from space 2560K, 14% used [0x00000000ec100000,0x00000000ec15e938,0x00000000ec380000)
  to   space 1536K, 0% used [0x00000000ec480000,0x00000000ec480000,0x00000000ec600000)
 ParOldGen       total 68608K, used 34598K [0x00000000c0000000, 0x00000000c4300000, 0x00000000eab00000)
  object space 68608K, 50% used [0x00000000c0000000,0x00000000c21c9aa8,0x00000000c4300000)
 Metaspace       used 45194K, committed 45952K, reserved 1114112K
  class space    used 4540K, committed 4864K, reserved 1048576K
}
Event: 9,906 GC heap before
{Heap before GC invocations=26 (full 2):
 PSYoungGen      total 24576K, used 22394K [0x00000000eab00000, 0x00000000ec600000, 0x0000000100000000)
  eden space 22016K, 100% used [0x00000000eab00000,0x00000000ec080000,0x00000000ec080000)
  from space 2560K, 14% used [0x00000000ec100000,0x00000000ec15e938,0x00000000ec380000)
  to   space 1536K, 0% used [0x00000000ec480000,0x00000000ec480000,0x00000000ec600000)
 ParOldGen       total 68608K, used 34598K [0x00000000c0000000, 0x00000000c4300000, 0x00000000eab00000)
  object space 68608K, 50% used [0x00000000c0000000,0x00000000c21c9aa8,0x00000000c4300000)
 Metaspace       used 45370K, committed 46080K, reserved 1114112K
  class space    used 4542K, committed 4864K, reserved 1048576K
}
Event: 9,909 GC heap after
{Heap after GC invocations=26 (full 2):
 PSYoungGen      total 22528K, used 288K [0x00000000eab00000, 0x00000000ec500000, 0x0000000100000000)
  eden space 22016K, 0% used [0x00000000eab00000,0x00000000eab00000,0x00000000ec080000)
  from space 512K, 56% used [0x00000000ec480000,0x00000000ec4c8000,0x00000000ec500000)
  to   space 512K, 0% used [0x00000000ec400000,0x00000000ec400000,0x00000000ec480000)
 ParOldGen       total 68608K, used 34848K [0x00000000c0000000, 0x00000000c4300000, 0x00000000eab00000)
  object space 68608K, 50% used [0x00000000c0000000,0x00000000c22083f0,0x00000000c4300000)
 Metaspace       used 45370K, committed 46080K, reserved 1114112K
  class space    used 4542K, committed 4864K, reserved 1048576K
}
Event: 10,899 GC heap before
{Heap before GC invocations=27 (full 2):
 PSYoungGen      total 22528K, used 22304K [0x00000000eab00000, 0x00000000ec500000, 0x0000000100000000)
  eden space 22016K, 100% used [0x00000000eab00000,0x00000000ec080000,0x00000000ec080000)
  from space 512K, 56% used [0x00000000ec480000,0x00000000ec4c8000,0x00000000ec500000)
  to   space 512K, 0% used [0x00000000ec400000,0x00000000ec400000,0x00000000ec480000)
 ParOldGen       total 68608K, used 34848K [0x00000000c0000000, 0x00000000c4300000, 0x00000000eab00000)
  object space 68608K, 50% used [0x00000000c0000000,0x00000000c22083f0,0x00000000c4300000)
 Metaspace       used 47881K, committed 48704K, reserved 1114112K
  class space    used 4755K, committed 5120K, reserved 1048576K
}
Event: 10,906 GC heap after
{Heap after GC invocations=27 (full 2):
 PSYoungGen      total 22528K, used 506K [0x00000000eab00000, 0x00000000ec780000, 0x0000000100000000)
  eden space 22016K, 0% used [0x00000000eab00000,0x00000000eab00000,0x00000000ec080000)
  from space 512K, 98% used [0x00000000ec400000,0x00000000ec47e958,0x00000000ec480000)
  to   space 3072K, 0% used [0x00000000ec480000,0x00000000ec480000,0x00000000ec780000)
 ParOldGen       total 68608K, used 37200K [0x00000000c0000000, 0x00000000c4300000, 0x00000000eab00000)
  object space 68608K, 54% used [0x00000000c0000000,0x00000000c24543f8,0x00000000c4300000)
 Metaspace       used 47881K, committed 48704K, reserved 1114112K
  class space    used 4755K, committed 5120K, reserved 1048576K
}

Dll operation events (9 events):
Event: 0,005 Loaded shared library /home/sergio/.vscode/extensions/redhat.java-1.30.0-linux-x64/jre/17.0.10-linux-x86_64/lib/libjava.so
Event: 0,235 Loaded shared library /home/sergio/.vscode/extensions/redhat.java-1.30.0-linux-x64/jre/17.0.10-linux-x86_64/lib/libzip.so
Event: 0,238 Loaded shared library /home/sergio/.vscode/extensions/redhat.java-1.30.0-linux-x64/jre/17.0.10-linux-x86_64/lib/libinstrument.so
Event: 0,250 Loaded shared library /home/sergio/.vscode/extensions/redhat.java-1.30.0-linux-x64/jre/17.0.10-linux-x86_64/lib/libnio.so
Event: 0,263 Loaded shared library /home/sergio/.vscode/extensions/redhat.java-1.30.0-linux-x64/jre/17.0.10-linux-x86_64/lib/libzip.so
Event: 0,289 Loaded shared library /home/sergio/.vscode/extensions/redhat.java-1.30.0-linux-x64/jre/17.0.10-linux-x86_64/lib/libjimage.so
Event: 0,427 Loaded shared library /home/sergio/.vscode/extensions/redhat.java-1.30.0-linux-x64/jre/17.0.10-linux-x86_64/lib/libverify.so
Event: 1,542 Loaded shared library /home/sergio/.vscode/extensions/redhat.java-1.30.0-linux-x64/jre/17.0.10-linux-x86_64/lib/libnet.so
Event: 2,338 Loaded shared library /home/sergio/.config/Code/User/globalStorage/redhat.java/1.30.0/config_ss_linux/org.eclipse.equinox.launcher/org.eclipse.equinox.launcher.gtk.linux.x86_64_1.2.900.v20240129-1338/eclipse_11900.so

Deoptimization events (20 events):
Event: 10,994 Thread 0x000077109c000ff0 DEOPT PACKING pc=0x000077115cb3872c sp=0x000077111a2fc920
Event: 10,994 Thread 0x000077109c000ff0 DEOPT UNPACKING pc=0x000077115c58d399 sp=0x000077111a2fc938 mode 2
Event: 10,994 Thread 0x000077109c000ff0 Uncommon trap: trap_request=0xffffffde fr.pc=0x000077115cb3872c relative=0x0000000000000fcc
Event: 10,994 Thread 0x000077109c000ff0 Uncommon trap: reason=class_check action=maybe_recompile pc=0x000077115cb3872c method=org.eclipse.jdt.internal.compiler.parser.Scanner.getNextToken()I @ 47 c2
Event: 10,994 Thread 0x000077109c000ff0 DEOPT PACKING pc=0x000077115cb3872c sp=0x000077111a2fc920
Event: 10,994 Thread 0x000077109c000ff0 DEOPT UNPACKING pc=0x000077115c58d399 sp=0x000077111a2fc938 mode 2
Event: 10,994 Thread 0x000077109c000ff0 Uncommon trap: trap_request=0xffffffde fr.pc=0x000077115cb3872c relative=0x0000000000000fcc
Event: 10,994 Thread 0x000077109c000ff0 Uncommon trap: reason=class_check action=maybe_recompile pc=0x000077115cb3872c method=org.eclipse.jdt.internal.compiler.parser.Scanner.getNextToken()I @ 47 c2
Event: 10,994 Thread 0x000077109c000ff0 DEOPT PACKING pc=0x000077115cb3872c sp=0x000077111a2fc920
Event: 10,994 Thread 0x000077109c000ff0 DEOPT UNPACKING pc=0x000077115c58d399 sp=0x000077111a2fc938 mode 2
Event: 10,995 Thread 0x000077109c000ff0 Uncommon trap: trap_request=0xffffffde fr.pc=0x000077115cb3872c relative=0x0000000000000fcc
Event: 10,995 Thread 0x000077109c000ff0 Uncommon trap: reason=class_check action=maybe_recompile pc=0x000077115cb3872c method=org.eclipse.jdt.internal.compiler.parser.Scanner.getNextToken()I @ 47 c2
Event: 10,995 Thread 0x000077109c000ff0 DEOPT PACKING pc=0x000077115cb3872c sp=0x000077111a2fc920
Event: 10,995 Thread 0x000077109c000ff0 DEOPT UNPACKING pc=0x000077115c58d399 sp=0x000077111a2fc938 mode 2
Event: 11,050 Thread 0x00007710e000aea0 DEOPT PACKING pc=0x0000771155ae4b1d sp=0x000077111a8fc6c0
Event: 11,050 Thread 0x00007710e000aea0 DEOPT UNPACKING pc=0x000077115c58db2f sp=0x000077111a8fbb68 mode 0
Event: 11,096 Thread 0x000077109c000ff0 Uncommon trap: trap_request=0xffffff45 fr.pc=0x000077115cad6f04 relative=0x00000000000000e4
Event: 11,096 Thread 0x000077109c000ff0 Uncommon trap: reason=unstable_if action=reinterpret pc=0x000077115cad6f04 method=org.eclipse.jdt.internal.compiler.util.Util.getLineNumber(I[III)I @ 50 c2
Event: 11,096 Thread 0x000077109c000ff0 DEOPT PACKING pc=0x000077115cad6f04 sp=0x000077111a2fc580
Event: 11,096 Thread 0x000077109c000ff0 DEOPT UNPACKING pc=0x000077115c58d399 sp=0x000077111a2fc548 mode 2

Classes unloaded (7 events):
Event: 3,758 Thread 0x0000771164069050 Unloading class 0x0000000100243400 'java/lang/invoke/LambdaForm$MH+0x0000000100243400'
Event: 3,758 Thread 0x0000771164069050 Unloading class 0x0000000100243000 'java/lang/invoke/LambdaForm$MH+0x0000000100243000'
Event: 3,758 Thread 0x0000771164069050 Unloading class 0x0000000100242c00 'java/lang/invoke/LambdaForm$MH+0x0000000100242c00'
Event: 3,758 Thread 0x0000771164069050 Unloading class 0x0000000100242800 'java/lang/invoke/LambdaForm$MH+0x0000000100242800'
Event: 3,758 Thread 0x0000771164069050 Unloading class 0x0000000100242400 'java/lang/invoke/LambdaForm$BMH+0x0000000100242400'
Event: 3,758 Thread 0x0000771164069050 Unloading class 0x0000000100242000 'java/lang/invoke/LambdaForm$DMH+0x0000000100242000'
Event: 3,758 Thread 0x0000771164069050 Unloading class 0x000000010023c400 'java/lang/invoke/LambdaForm$DMH+0x000000010023c400'

Classes redefined (0 events):
No events

Internal exceptions (20 events):
Event: 7,806 Thread 0x00007710e82f1500 Exception <a 'java/io/FileNotFoundException'{0x00000000ebcdd8c8}> (0x00000000ebcdd8c8) 
thrown [src/hotspot/share/prims/jni.cpp, line 516]
Event: 7,806 Thread 0x00007710e82f1500 Exception <a 'java/io/FileNotFoundException'{0x00000000ebcde7c8}> (0x00000000ebcde7c8) 
thrown [src/hotspot/share/prims/jni.cpp, line 516]
Event: 7,806 Thread 0x00007710e82f1500 Exception <a 'java/io/FileNotFoundException'{0x00000000ebcdf458}> (0x00000000ebcdf458) 
thrown [src/hotspot/share/prims/jni.cpp, line 516]
Event: 7,851 Thread 0x00007710c80602c0 Exception <a 'java/lang/NoSuchMethodError'{0x00000000ebe7aba8}: 'java.lang.Object java.lang.invoke.DirectMethodHandle$Holder.invokeInterface(java.lang.Object, java.lang.Object, java.lang.Object)'> (0x00000000ebe7aba8) 
thrown [src/hotspot/share/interpreter/linkResolver.cpp, line 758]
Event: 8,397 Thread 0x00007710a4000ff0 Exception <a 'java/lang/LinkageError'{0x00000000ec024910}: loader lombok.launch.ShadowClassLoader @689fd1ee attempted duplicate class definition for lombok.launch.PatchFixesHider$ValPortal. (lombok.launch.PatchFixesHider$ValPortal is in unnamed module of loader lombok.launch.ShadowClassLoader @689fd1ee, parent loader org.eclipse.osgi.internal.loader.EquinoxClassLoader @7abde80f)> (0x00000000ec024910) 
thrown [src/hotspot/share/classfile/systemDictionary.cpp, line 1724]
Event: 9,223 Thread 0x00007710c80602c0 Implicit null exception at 0x000077115ccda870 to 0x000077115ccdb570
Event: 9,432 Thread 0x00007710a8000ff0 Exception <a 'java/lang/LinkageError'{0x00000000eba6f1b0}: loader lombok.launch.ShadowClassLoader @22409f08 attempted duplicate class definition for lombok.launch.PatchFixesHider$FieldInitializer. (lombok.launch.PatchFixesHider$FieldInitializer is in unnamed module of loader lombok.launch.ShadowClassLoader @22409f08, parent loader org.eclipse.osgi.internal.loader.EquinoxClassLoader @3acffcfc)> (0x00000000eba6f1b0) 
thrown [src/hotspot/share/classfile/systemDictionary.cpp, line 1724]
Event: 9,434 Thread 0x00007710a4000ff0 Exception <a 'java/lang/LinkageError'{0x00000000eba6c5f8}: loader lombok.launch.ShadowClassLoader @22409f08 attempted duplicate class definition for lombok.launch.PatchFixesHider$FieldInitializer. (lombok.launch.PatchFixesHider$FieldInitializer is in unnamed module of loader lombok.launch.ShadowClassLoader @22409f08, parent loader org.eclipse.osgi.internal.loader.EquinoxClassLoader @3acffcfc)> (0x00000000eba6c5f8) 
thrown [src/hotspot/share/classfile/systemDictionary.cpp, line 1724]
Event: 9,664 Thread 0x00007711645db210 Exception <a 'java/lang/ClassNotFoundException'{0x00000000eb94b620}: sun/util/logging/resources/spi/loggingProvider> (0x00000000eb94b620) 
thrown [src/hotspot/share/classfile/systemDictionary.cpp, line 256]
Event: 10,114 Thread 0x00007710c8061960 Exception <a 'java/lang/ArrayIndexOutOfBoundsException'{0x00000000ead248f8}> (0x00000000ead248f8) 
thrown [src/hotspot/share/runtime/sharedRuntime.cpp, line 631]
Event: 10,226 Thread 0x000077109c000ff0 Exception <a 'java/lang/NoSuchMethodError'{0x00000000eafd97f8}: 'int java.lang.invoke.DirectMethodHandle$Holder.invokeInterface(java.lang.Object, java.lang.Object)'> (0x00000000eafd97f8) 
thrown [src/hotspot/share/interpreter/linkResolver.cpp, line 758]
Event: 10,227 Thread 0x000077109c000ff0 Exception <a 'java/lang/IncompatibleClassChangeError'{0x00000000eafdcd88}: Found class java.lang.Object, but interface was expected> (0x00000000eafdcd88) 
thrown [src/hotspot/share/interpreter/linkResolver.cpp, line 826]
Event: 10,340 Thread 0x000077109c000ff0 Exception <a 'java/lang/NoSuchMethodError'{0x00000000eb2d4af8}: 'int java.lang.invoke.DirectMethodHandle$Holder.invokeStatic(java.lang.Object, java.lang.Object, java.lang.Object, int)'> (0x00000000eb2d4af8) 
thrown [src/hotspot/share/interpreter/linkResolver.cpp, line 758]
Event: 10,376 Thread 0x000077109c000ff0 Exception <a 'java/lang/NoSuchMethodError'{0x00000000eb387090}: 'int java.lang.invoke.DirectMethodHandle$Holder.invokeVirtual(java.lang.Object, java.lang.Object, java.lang.Object)'> (0x00000000eb387090) 
thrown [src/hotspot/share/interpreter/linkResolver.cpp, line 758]
Event: 10,387 Thread 0x000077109c000ff0 Exception <a 'java/lang/NoSuchMethodError'{0x00000000eb3a8168}: 'int java.lang.invoke.DirectMethodHandle$Holder.invokeSpecialIFC(java.lang.Object, java.lang.Object, java.lang.Object)'> (0x00000000eb3a8168) 
thrown [src/hotspot/share/interpreter/linkResolver.cpp, line 758]
Event: 10,509 Thread 0x000077109c000ff0 Exception <a 'java/io/FileNotFoundException'{0x00000000eb5e4800}> (0x00000000eb5e4800) 
thrown [src/hotspot/share/prims/jni.cpp, line 516]
Event: 10,510 Thread 0x000077109c000ff0 Exception <a 'java/io/FileNotFoundException'{0x00000000eb5e59d8}> (0x00000000eb5e59d8) 
thrown [src/hotspot/share/prims/jni.cpp, line 516]
Event: 10,982 Thread 0x00007710e000aea0 Exception <a 'java/io/FileNotFoundException'{0x00000000eaf06638}> (0x00000000eaf06638) 
thrown [src/hotspot/share/prims/jni.cpp, line 516]
Event: 10,982 Thread 0x00007710e000aea0 Exception <a 'java/io/FileNotFoundException'{0x00000000eaf07538}> (0x00000000eaf07538) 
thrown [src/hotspot/share/prims/jni.cpp, line 516]
Event: 10,982 Thread 0x00007710e000aea0 Exception <a 'java/io/FileNotFoundException'{0x00000000eaf081e0}> (0x00000000eaf081e0) 
thrown [src/hotspot/share/prims/jni.cpp, line 516]

VM Operations (20 events):
Event: 9,906 Executing VM operation: ParallelGCFailedAllocation
Event: 9,909 Executing VM operation: ParallelGCFailedAllocation done
Event: 10,134 Executing VM operation: HandshakeAllThreads
Event: 10,134 Executing VM operation: HandshakeAllThreads done
Event: 10,402 Executing VM operation: HandshakeAllThreads
Event: 10,402 Executing VM operation: HandshakeAllThreads done
Event: 10,633 Executing VM operation: ICBufferFull
Event: 10,634 Executing VM operation: ICBufferFull done
Event: 10,658 Executing VM operation: HandshakeAllThreads
Event: 10,658 Executing VM operation: HandshakeAllThreads done
Event: 10,685 Executing VM operation: HandshakeAllThreads
Event: 10,685 Executing VM operation: HandshakeAllThreads done
Event: 10,688 Executing VM operation: HandshakeAllThreads
Event: 10,688 Executing VM operation: HandshakeAllThreads done
Event: 10,730 Executing VM operation: HandshakeAllThreads
Event: 10,730 Executing VM operation: HandshakeAllThreads done
Event: 10,786 Executing VM operation: ICBufferFull
Event: 10,786 Executing VM operation: ICBufferFull done
Event: 10,899 Executing VM operation: ParallelGCFailedAllocation
Event: 10,906 Executing VM operation: ParallelGCFailedAllocation done

Events (20 events):
Event: 10,779 Thread 0x000077116422a540 flushing nmethod 0x00007711559a4b10
Event: 10,779 Thread 0x000077116422a540 flushing nmethod 0x00007711559a5590
Event: 10,779 Thread 0x000077116422a540 flushing nmethod 0x00007711559ad710
Event: 10,779 Thread 0x000077116422a540 flushing nmethod 0x00007711559bf210
Event: 10,779 Thread 0x000077116422a540 flushing nmethod 0x00007711559c6890
Event: 10,779 Thread 0x000077116422a540 flushing nmethod 0x00007711559c7a10
Event: 10,779 Thread 0x000077116422a540 flushing nmethod 0x00007711559cd810
Event: 10,779 Thread 0x000077116422a540 flushing nmethod 0x00007711559ce210
Event: 10,779 Thread 0x000077116422a540 flushing nmethod 0x00007711559d4910
Event: 10,779 Thread 0x000077116422a540 flushing nmethod 0x00007711559d7110
Event: 10,780 Thread 0x000077116422a540 flushing nmethod 0x00007711559e2190
Event: 10,780 Thread 0x000077116422a540 flushing nmethod 0x0000771155a07e90
Event: 10,780 Thread 0x000077116422a540 flushing nmethod 0x0000771155a08390
Event: 10,780 Thread 0x000077116422a540 flushing nmethod 0x0000771155a39010
Event: 10,780 Thread 0x000077116422a540 flushing nmethod 0x0000771155a39510
Event: 10,780 Thread 0x000077116422a540 flushing nmethod 0x0000771155a3ab90
Event: 10,780 Thread 0x000077116422a540 flushing nmethod 0x0000771155a3b210
Event: 10,780 Thread 0x000077116422a540 flushing nmethod 0x0000771155a3b610
Event: 10,780 Thread 0x000077116422a540 flushing nmethod 0x0000771155a3c410
Event: 10,780 Thread 0x000077116422a540 flushing nmethod 0x0000771155a5a190


Dynamic libraries:
c0000000-c4300000 rw-p 00000000 00:00 0 
c4300000-eab00000 ---p 00000000 00:00 0 
eab00000-ec780000 rw-p 00000000 00:00 0 
ec780000-100000000 ---p 00000000 00:00 0 
100000000-100010000 rw-p 00000000 00:00 0 
100010000-100030000 rw-p 00000000 00:00 0 
100030000-1000b0000 rw-p 00000000 00:00 0 
1000b0000-1000d0000 rw-p 00000000 00:00 0 
1000d0000-100130000 rw-p 00000000 00:00 0 
100130000-100170000 rw-p 00000000 00:00 0 
100170000-1001b0000 rw-p 00000000 00:00 0 
1001b0000-1001f0000 rw-p 00000000 00:00 0 
1001f0000-100330000 rw-p 00000000 00:00 0 
100330000-1004b0000 rw-p 00000000 00:00 0 
1004b0000-1004d0000 rw-p 00000000 00:00 0 
1004d0000-100500000 ---p 00000000 00:00 0 
100500000-100550000 rw-p 00000000 00:00 0 
100550000-140000000 ---p 00000000 00:00 0 
5cd29d610000-5cd29d611000 r--p 00000000 103:03 10252173                  /home/sergio/.vscode/extensions/redhat.java-1.30.0-linux-x64/jre/17.0.10-linux-x86_64/bin/java
5cd29d611000-5cd29d612000 r-xp 00001000 103:03 10252173                  /home/sergio/.vscode/extensions/redhat.java-1.30.0-linux-x64/jre/17.0.10-linux-x86_64/bin/java
5cd29d612000-5cd29d613000 r--p 00002000 103:03 10252173                  /home/sergio/.vscode/extensions/redhat.java-1.30.0-linux-x64/jre/17.0.10-linux-x86_64/bin/java
5cd29d613000-5cd29d614000 r--p 00002000 103:03 10252173                  /home/sergio/.vscode/extensions/redhat.java-1.30.0-linux-x64/jre/17.0.10-linux-x86_64/bin/java
5cd29d614000-5cd29d615000 rw-p 00003000 103:03 10252173                  /home/sergio/.vscode/extensions/redhat.java-1.30.0-linux-x64/jre/17.0.10-linux-x86_64/bin/java
5cd29e261000-5cd29e2aa000 rw-p 00000000 00:00 0                          [heap]
77109c000000-77109c052000 rw-p 00000000 00:00 0 
77109c052000-7710a0000000 ---p 00000000 00:00 0 
7710a0000000-7710a01c6000 rw-p 00000000 00:00 0 
7710a01c6000-7710a4000000 ---p 00000000 00:00 0 
7710a4000000-7710a405e000 rw-p 00000000 00:00 0 
7710a405e000-7710a8000000 ---p 00000000 00:00 0 
7710a8000000-7710a802a000 rw-p 00000000 00:00 0 
7710a802a000-7710ac000000 ---p 00000000 00:00 0 
7710ac000000-7710ac087000 rw-p 00000000 00:00 0 
7710ac087000-7710b0000000 ---p 00000000 00:00 0 
7710b3600000-7710bbe25000 r--s 00000000 103:03 8004881                   /usr/lib/jvm/java-11-openjdk-amd64/lib/modules
7710bc000000-7710bc0b0000 rw-p 00000000 00:00 0 
7710bc0b0000-7710c0000000 ---p 00000000 00:00 0 
7710c0000000-7710c0021000 rw-p 00000000 00:00 0 
7710c0021000-7710c4000000 ---p 00000000 00:00 0 
7710c4000000-7710c4021000 rw-p 00000000 00:00 0 
7710c4021000-7710c8000000 ---p 00000000 00:00 0 
7710c8000000-7710c8091000 rw-p 00000000 00:00 0 
7710c8091000-7710cc000000 ---p 00000000 00:00 0 
7710cc000000-7710cd17c000 rw-p 00000000 00:00 0 
7710cd17c000-7710d0000000 ---p 00000000 00:00 0 
7710d0000000-7710d02e3000 rw-p 00000000 00:00 0 
7710d02e3000-7710d4000000 ---p 00000000 00:00 0 
7710d4000000-7710d4021000 rw-p 00000000 00:00 0 
7710d4021000-7710d8000000 ---p 00000000 00:00 0 
7710d8000000-7710d815e000 rw-p 00000000 00:00 0 
7710d815e000-7710dc000000 ---p 00000000 00:00 0 
7710dc000000-7710dc021000 rw-p 00000000 00:00 0 
7710dc021000-7710e0000000 ---p 00000000 00:00 0 
7710e0000000-7710e00d9000 rw-p 00000000 00:00 0 
7710e00d9000-7710e4000000 ---p 00000000 00:00 0 
7710e4000000-7710e4021000 rw-p 00000000 00:00 0 
7710e4021000-7710e8000000 ---p 00000000 00:00 0 
7710e8000000-7710e883a000 rw-p 00000000 00:00 0 
7710e883a000-7710ec000000 ---p 00000000 00:00 0 
7710ec000000-7710ec23f000 rw-p 00000000 00:00 0 
7710ec23f000-7710f0000000 ---p 00000000 00:00 0 
7710f0000000-7710f0021000 rw-p 00000000 00:00 0 
7710f0021000-7710f4000000 ---p 00000000 00:00 0 
7710f4000000-7710f4021000 rw-p 00000000 00:00 0 
7710f4021000-7710f8000000 ---p 00000000 00:00 0 
7710f8000000-7710f8021000 rw-p 00000000 00:00 0 
7710f8021000-7710fc000000 ---p 00000000 00:00 0 
7710fc000000-7710fc021000 rw-p 00000000 00:00 0 
7710fc021000-771100000000 ---p 00000000 00:00 0 
771100000000-771100021000 rw-p 00000000 00:00 0 
771100021000-771104000000 ---p 00000000 00:00 0 
771104000000-771104021000 rw-p 00000000 00:00 0 
771104021000-771108000000 ---p 00000000 00:00 0 
771108000000-771108021000 rw-p 00000000 00:00 0 
771108021000-77110c000000 ---p 00000000 00:00 0 
77110c000000-77110c3de000 rw-p 00000000 00:00 0 
77110c3de000-771110000000 ---p 00000000 00:00 0 
771110000000-771110103000 rw-p 00000000 00:00 0 
771110103000-771114000000 ---p 00000000 00:00 0 
771114000000-771114021000 rw-p 00000000 00:00 0 
771114021000-771118000000 ---p 00000000 00:00 0 
771119f6e000-77111a1ff000 rw-p 00000000 00:00 0 
77111a1ff000-77111a203000 ---p 00000000 00:00 0 
77111a203000-77111a2ff000 rw-p 00000000 00:00 0 
77111a2ff000-77111a303000 ---p 00000000 00:00 0 
77111a303000-77111a3ff000 rw-p 00000000 00:00 0 
77111a3ff000-77111a403000 ---p 00000000 00:00 0 
77111a403000-77111a4ff000 rw-p 00000000 00:00 0 
77111a4ff000-77111a503000 ---p 00000000 00:00 0 
77111a503000-77111a5ff000 rw-p 00000000 00:00 0 
77111a5ff000-77111a603000 ---p 00000000 00:00 0 
77111a603000-77111a6ff000 rw-p 00000000 00:00 0 
77111a6ff000-77111a703000 ---p 00000000 00:00 0 
77111a703000-77111a7ff000 rw-p 00000000 00:00 0 
77111a7ff000-77111a803000 ---p 00000000 00:00 0 
77111a803000-77111a8ff000 rw-p 00000000 00:00 0 
77111a8ff000-77111a903000 ---p 00000000 00:00 0 
77111a903000-77111a9ff000 rw-p 00000000 00:00 0 
77111a9ff000-77111aa03000 ---p 00000000 00:00 0 
77111aa03000-77111aaff000 rw-p 00000000 00:00 0 
77111aaff000-77111ab03000 ---p 00000000 00:00 0 
77111ab03000-77111abff000 rw-p 00000000 00:00 0 
77111abff000-77111ac03000 ---p 00000000 00:00 0 
77111ac03000-77111acff000 rw-p 00000000 00:00 0 
77111acff000-77111ad03000 ---p 00000000 00:00 0 
77111ad03000-77111adff000 rw-p 00000000 00:00 0 
77111adff000-77111ae03000 ---p 00000000 00:00 0 
77111ae03000-77111aeff000 rw-p 00000000 00:00 0 
77111aeff000-77111af00000 ---p 00000000 00:00 0 
77111af00000-77111b000000 rw-p 00000000 00:00 0 
77111b000000-77111b010000 r-xp 00000000 103:03 10251712                  /home/sergio/.config/Code/User/globalStorage/redhat.java/1.30.0/config_ss_linux/org.eclipse.equinox.launcher/org.eclipse.equinox.launcher.gtk.linux.x86_64_1.2.900.v20240129-1338/eclipse_11900.so
77111b010000-77111b210000 ---p 00010000 103:03 10251712                  /home/sergio/.config/Code/User/globalStorage/redhat.java/1.30.0/config_ss_linux/org.eclipse.equinox.launcher/org.eclipse.equinox.launcher.gtk.linux.x86_64_1.2.900.v20240129-1338/eclipse_11900.so
77111b210000-77111b211000 r--p 00010000 103:03 10251712                  /home/sergio/.config/Code/User/globalStorage/redhat.java/1.30.0/config_ss_linux/org.eclipse.equinox.launcher/org.eclipse.equinox.launcher.gtk.linux.x86_64_1.2.900.v20240129-1338/eclipse_11900.so
77111b211000-77111b212000 rw-p 00011000 103:03 10251712                  /home/sergio/.config/Code/User/globalStorage/redhat.java/1.30.0/config_ss_linux/org.eclipse.equinox.launcher/org.eclipse.equinox.launcher.gtk.linux.x86_64_1.2.900.v20240129-1338/eclipse_11900.so
77111b212000-77111b213000 rw-p 00000000 00:00 0 
77111b2f9000-77111b2fd000 ---p 00000000 00:00 0 
77111b2fd000-77111b3f9000 rw-p 00000000 00:00 0 
77111b3f9000-77111b3fd000 ---p 00000000 00:00 0 
77111b3fd000-77111b4f9000 rw-p 00000000 00:00 0 
77111b4f9000-77111b4fd000 ---p 00000000 00:00 0 
77111b4fd000-77111b5f9000 rw-p 00000000 00:00 0 
77111b5f9000-77111b5fd000 ---p 00000000 00:00 0 
77111b5fd000-77111b6f9000 rw-p 00000000 00:00 0 
77111b6f9000-77111b6fa000 ---p 00000000 00:00 0 
77111b6fa000-77111b7fa000 rw-p 00000000 00:00 0 
77111b7fa000-77111b7fb000 ---p 00000000 00:00 0 
77111b7fb000-77111b8fb000 rw-p 00000000 00:00 0 
77111b8fb000-77111b8fc000 ---p 00000000 00:00 0 
77111b8fc000-77111b9fc000 rw-p 00000000 00:00 0 
77111b9fc000-77111b9fd000 ---p 00000000 00:00 0 
77111b9fd000-77111bafd000 rw-p 00000000 00:00 0 
77111bafd000-77111bafe000 ---p 00000000 00:00 0 
77111bafe000-77111bbfe000 rw-p 00000000 00:00 0 
77111bbfe000-77111bbff000 ---p 00000000 00:00 0 
77111bbff000-77111bcff000 rw-p 00000000 00:00 0 
77111bcff000-77111bd03000 ---p 00000000 00:00 0 
77111bd03000-77111bdff000 rw-p 00000000 00:00 0 
77111bdff000-77111be03000 ---p 00000000 00:00 0 
77111be03000-77111beff000 rw-p 00000000 00:00 0 
77111beff000-77111bf00000 ---p 00000000 00:00 0 
77111bf00000-77111c000000 rw-p 00000000 00:00 0 
77111c000000-77111c021000 rw-p 00000000 00:00 0 
77111c021000-771120000000 ---p 00000000 00:00 0 
771120000000-771120021000 rw-p 00000000 00:00 0 
771120021000-771124000000 ---p 00000000 00:00 0 
771124000000-771124914000 rw-p 00000000 00:00 0 
771124914000-771128000000 ---p 00000000 00:00 0 
771128000000-7711280b9000 rw-p 00000000 00:00 0 
7711280b9000-77112c000000 ---p 00000000 00:00 0 
77112c000000-77112c021000 rw-p 00000000 00:00 0 
77112c021000-771130000000 ---p 00000000 00:00 0 
771130000000-77113130f000 rw-p 00000000 00:00 0 
77113130f000-771134000000 ---p 00000000 00:00 0 
771134000000-771134021000 rw-p 00000000 00:00 0 
771134021000-771138000000 ---p 00000000 00:00 0 
771138000000-771138021000 rw-p 00000000 00:00 0 
771138021000-77113c000000 ---p 00000000 00:00 0 
77113c000000-77113c021000 rw-p 00000000 00:00 0 
77113c021000-771140000000 ---p 00000000 00:00 0 
771140000000-771140021000 rw-p 00000000 00:00 0 
771140021000-771144000000 ---p 00000000 00:00 0 
771144000000-771144021000 rw-p 00000000 00:00 0 
771144021000-771148000000 ---p 00000000 00:00 0 
771148075000-771148079000 ---p 00000000 00:00 0 
771148079000-771148175000 rw-p 00000000 00:00 0 
771148175000-771148179000 ---p 00000000 00:00 0 
771148179000-771148275000 rw-p 00000000 00:00 0 
771148275000-771148279000 ---p 00000000 00:00 0 
771148279000-771148375000 rw-p 00000000 00:00 0 
771148375000-771148379000 ---p 00000000 00:00 0 
771148379000-771148475000 rw-p 00000000 00:00 0 
771148475000-771148479000 ---p 00000000 00:00 0 
771148479000-771148575000 rw-p 00000000 00:00 0 
771148575000-771148579000 ---p 00000000 00:00 0 
771148579000-771148675000 rw-p 00000000 00:00 0 
771148675000-771148679000 ---p 00000000 00:00 0 
771148679000-771148775000 rw-p 00000000 00:00 0 
771148775000-771148779000 ---p 00000000 00:00 0 
771148779000-771148875000 rw-p 00000000 00:00 0 
771148875000-771148aed000 r--p 00000000 07:02 186                        /snap/code/157/usr/lib/locale/aa_DJ.utf8/LC_COLLATE
771148aed000-771148af1000 ---p 00000000 00:00 0 
771148af1000-771148bed000 rw-p 00000000 00:00 0 
771148bed000-771148bf1000 ---p 00000000 00:00 0 
771148bf1000-771148ced000 rw-p 00000000 00:00 0 
771148ced000-771148cee000 ---p 00000000 00:00 0 
771148cee000-77114a3f0000 rw-p 00000000 00:00 0 
77114a3f0000-77114a450000 rw-p 00000000 00:00 0 
77114a450000-77114a470000 rw-p 00000000 00:00 0 
77114a470000-77114a4f0000 rw-p 00000000 00:00 0 
77114a4f0000-77114a6f0000 rw-p 00000000 00:00 0 
77114a6f0000-77114a710000 rw-p 00000000 00:00 0 
77114a710000-77114a730000 rw-p 00000000 00:00 0 
77114a730000-77114a770000 rw-p 00000000 00:00 0 
77114a770000-77114a8f0000 rw-p 00000000 00:00 0 
77114a8f0000-77114a970000 rw-p 00000000 00:00 0 
77114a970000-77114a9f0000 rw-p 00000000 00:00 0 
77114a9f0000-77114aaf0000 rw-p 00000000 00:00 0 
77114aaf0000-77114abf0000 rw-p 00000000 00:00 0 
77114abf0000-77114adb0000 rw-p 00000000 00:00 0 
77114adb0000-77114aef0000 rw-p 00000000 00:00 0 
77114aef0000-77114aff0000 rw-p 00000000 00:00 0 
77114aff0000-77114b8f0000 rw-p 00000000 00:00 0 
77114b8f0000-77114baf0000 rw-p 00000000 00:00 0 
77114baf0000-77114bbf0000 rw-p 00000000 00:00 0 
77114bbf0000-77114bcf0000 rw-p 00000000 00:00 0 
77114bcf0000-77114bdf0000 rw-p 00000000 00:00 0 
77114bdf0000-77114c0f0000 rw-p 00000000 00:00 0 
77114c0f0000-77114c1c0000 rw-p 00000000 00:00 0 
77114c1c0000-77114c200000 ---p 00000000 00:00 0 
77114c200000-77114cbd0000 rw-p 00000000 00:00 0 
77114cbd0000-77114e000000 ---p 00000000 00:00 0 
77114e000000-771150000000 rw-p 00000000 00:00 0 
771150000000-771150021000 rw-p 00000000 00:00 0 
771150021000-771154000000 ---p 00000000 00:00 0 
771154029000-77115402d000 ---p 00000000 00:00 0 
77115402d000-77115404b000 rw-p 00000000 00:00 0 
77115404b000-77115409f000 r--p 00000000 07:02 187                        /snap/code/157/usr/lib/locale/aa_DJ.utf8/LC_CTYPE
77115409f000-771154bca000 rw-p 00000000 00:00 0 
771154bca000-771154cfe000 ---p 00000000 00:00 0 
771154cfe000-771154cff000 ---p 00000000 00:00 0 
771154cff000-771154e21000 rw-p 00000000 00:00 0 
771154e21000-771154f54000 ---p 00000000 00:00 0 
771154f54000-771154f63000 rw-p 00000000 00:00 0 
771154f63000-771154fff000 ---p 00000000 00:00 0 
771154fff000-771155000000 rw-p 00000000 00:00 0 
771155000000-771155b20000 rwxp 00000000 00:00 0 
771155b20000-77115c537000 ---p 00000000 00:00 0 
77115c537000-77115c7a7000 rwxp 00000000 00:00 0 
77115c7a7000-77115cac9000 ---p 00000000 00:00 0 
77115cac9000-77115cd79000 rwxp 00000000 00:00 0 
77115cd79000-771164000000 ---p 00000000 00:00 0 
771164000000-7711646b1000 rw-p 00000000 00:00 0 
7711646b1000-771168000000 ---p 00000000 00:00 0 
77116801a000-77116801e000 r--p 00000000 103:03 10252498                  /home/sergio/.vscode/extensions/redhat.java-1.30.0-linux-x64/jre/17.0.10-linux-x86_64/lib/libverify.so
77116801e000-771168025000 r-xp 00004000 103:03 10252498                  /home/sergio/.vscode/extensions/redhat.java-1.30.0-linux-x64/jre/17.0.10-linux-x86_64/lib/libverify.so
771168025000-771168027000 r--p 0000b000 103:03 10252498                  /home/sergio/.vscode/extensions/redhat.java-1.30.0-linux-x64/jre/17.0.10-linux-x86_64/lib/libverify.so
771168027000-771168029000 r--p 0000c000 103:03 10252498                  /home/sergio/.vscode/extensions/redhat.java-1.30.0-linux-x64/jre/17.0.10-linux-x86_64/lib/libverify.so
771168029000-77116802a000 rw-p 0000e000 103:03 10252498                  /home/sergio/.vscode/extensions/redhat.java-1.30.0-linux-x64/jre/17.0.10-linux-x86_64/lib/libverify.so
77116802a000-771168030000 rw-p 00000000 00:00 0 
771168030000-771168115000 ---p 00000000 00:00 0 
771168115000-77116812c000 rw-p 00000000 00:00 0 
77116812c000-771168200000 ---p 00000000 00:00 0 
771168200000-77116ae27000 r--s 00000000 103:03 10252500                  /home/sergio/.vscode/extensions/redhat.java-1.30.0-linux-x64/jre/17.0.10-linux-x86_64/lib/modules
77116ae32000-77116ae36000 r--p 00000000 103:03 10252491                  /home/sergio/.vscode/extensions/redhat.java-1.30.0-linux-x64/jre/17.0.10-linux-x86_64/lib/libnet.so
77116ae36000-77116ae44000 r-xp 00004000 103:03 10252491                  /home/sergio/.vscode/extensions/redhat.java-1.30.0-linux-x64/jre/17.0.10-linux-x86_64/lib/libnet.so
77116ae44000-77116ae48000 r--p 00012000 103:03 10252491                  /home/sergio/.vscode/extensions/redhat.java-1.30.0-linux-x64/jre/17.0.10-linux-x86_64/lib/libnet.so
77116ae48000-77116ae49000 r--p 00015000 103:03 10252491                  /home/sergio/.vscode/extensions/redhat.java-1.30.0-linux-x64/jre/17.0.10-linux-x86_64/lib/libnet.so
77116ae49000-77116ae4a000 rw-p 00016000 103:03 10252491                  /home/sergio/.vscode/extensions/redhat.java-1.30.0-linux-x64/jre/17.0.10-linux-x86_64/lib/libnet.so
77116ae4a000-77116ae51000 r--p 00000000 103:03 10252492                  /home/sergio/.vscode/extensions/redhat.java-1.30.0-linux-x64/jre/17.0.10-linux-x86_64/lib/libnio.so
77116ae51000-77116ae5a000 r-xp 00007000 103:03 10252492                  /home/sergio/.vscode/extensions/redhat.java-1.30.0-linux-x64/jre/17.0.10-linux-x86_64/lib/libnio.so
77116ae5a000-77116ae5e000 r--p 00010000 103:03 10252492                  /home/sergio/.vscode/extensions/redhat.java-1.30.0-linux-x64/jre/17.0.10-linux-x86_64/lib/libnio.so
77116ae5e000-77116ae5f000 ---p 00014000 103:03 10252492                  /home/sergio/.vscode/extensions/redhat.java-1.30.0-linux-x64/jre/17.0.10-linux-x86_64/lib/libnio.so
77116ae5f000-77116ae60000 r--p 00014000 103:03 10252492                  /home/sergio/.vscode/extensions/redhat.java-1.30.0-linux-x64/jre/17.0.10-linux-x86_64/lib/libnio.so
77116ae60000-77116ae61000 rw-p 00015000 103:03 10252492                  /home/sergio/.vscode/extensions/redhat.java-1.30.0-linux-x64/jre/17.0.10-linux-x86_64/lib/libnio.so
77116ae61000-77116ae63000 r--p 00000000 103:03 10252499                  /home/sergio/.vscode/extensions/redhat.java-1.30.0-linux-x64/jre/17.0.10-linux-x86_64/lib/libzip.so
77116ae63000-77116ae75000 r-xp 00002000 103:03 10252499                  /home/sergio/.vscode/extensions/redhat.java-1.30.0-linux-x64/jre/17.0.10-linux-x86_64/lib/libzip.so
77116ae75000-77116ae7d000 r--p 00014000 103:03 10252499                  /home/sergio/.vscode/extensions/redhat.java-1.30.0-linux-x64/jre/17.0.10-linux-x86_64/lib/libzip.so
77116ae7d000-77116ae7e000 r--p 0001b000 103:03 10252499                  /home/sergio/.vscode/extensions/redhat.java-1.30.0-linux-x64/jre/17.0.10-linux-x86_64/lib/libzip.so
77116ae7e000-77116ae7f000 rw-p 0001c000 103:03 10252499                  /home/sergio/.vscode/extensions/redhat.java-1.30.0-linux-x64/jre/17.0.10-linux-x86_64/lib/libzip.so
77116ae7f000-77116af00000 rw-p 00000000 00:00 0 
77116af00000-77116af04000 ---p 00000000 00:00 0 
77116af04000-77116b000000 rw-p 00000000 00:00 0 
77116b000000-77116b253000 r--p 00000000 103:03 10252508                  /home/sergio/.vscode/extensions/redhat.java-1.30.0-linux-x64/jre/17.0.10-linux-x86_64/lib/server/libjvm.so
77116b253000-77116bf72000 r-xp 00253000 103:03 10252508                  /home/sergio/.vscode/extensions/redhat.java-1.30.0-linux-x64/jre/17.0.10-linux-x86_64/lib/server/libjvm.so
77116bf72000-77116c1fe000 r--p 00f72000 103:03 10252508                  /home/sergio/.vscode/extensions/redhat.java-1.30.0-linux-x64/jre/17.0.10-linux-x86_64/lib/server/libjvm.so
77116c1fe000-77116c1ff000 ---p 011fe000 103:03 10252508                  /home/sergio/.vscode/extensions/redhat.java-1.30.0-linux-x64/jre/17.0.10-linux-x86_64/lib/server/libjvm.so
77116c1ff000-77116c2b8000 r--p 011fe000 103:03 10252508                  /home/sergio/.vscode/extensions/redhat.java-1.30.0-linux-x64/jre/17.0.10-linux-x86_64/lib/server/libjvm.so
77116c2b8000-77116c2ed000 rw-p 012b7000 103:03 10252508                  /home/sergio/.vscode/extensions/redhat.java-1.30.0-linux-x64/jre/17.0.10-linux-x86_64/lib/server/libjvm.so
77116c2ed000-77116c347000 rw-p 00000000 00:00 0 
77116c34e000-77116c34f000 r--p 00000000 07:02 278                        /snap/code/157/usr/lib/locale/agr_PE/LC_NUMERIC
77116c34f000-77116c350000 r--p 00000000 07:02 2717                       /snap/code/157/usr/lib/locale/es_ES.utf8/LC_TIME
77116c350000-77116c400000 rw-p 00000000 00:00 0 
77116c400000-77116c428000 r--p 00000000 103:03 7997547                   /usr/lib/x86_64-linux-gnu/libc.so.6
77116c428000-77116c5bd000 r-xp 00028000 103:03 7997547                   /usr/lib/x86_64-linux-gnu/libc.so.6
77116c5bd000-77116c615000 r--p 001bd000 103:03 7997547                   /usr/lib/x86_64-linux-gnu/libc.so.6
77116c615000-77116c616000 ---p 00215000 103:03 7997547                   /usr/lib/x86_64-linux-gnu/libc.so.6
77116c616000-77116c61a000 r--p 00215000 103:03 7997547                   /usr/lib/x86_64-linux-gnu/libc.so.6
77116c61a000-77116c61c000 rw-p 00219000 103:03 7997547                   /usr/lib/x86_64-linux-gnu/libc.so.6
77116c61c000-77116c629000 rw-p 00000000 00:00 0 
77116c629000-77116c62a000 r--p 00000000 07:02 332                        /snap/code/157/usr/lib/locale/an_ES.utf8/LC_MONETARY
77116c62a000-77116c62b000 r--p 00000000 07:02 1955                       /snap/code/157/usr/lib/locale/en_AG/LC_MESSAGES/SYS_LC_MESSAGES
77116c62b000-77116c632000 r--s 00000000 103:03 8003855                   /usr/lib/x86_64-linux-gnu/gconv/gconv-modules.cache
77116c632000-77116c637000 rw-p 00000000 00:00 0 
77116c637000-77116c63e000 ---p 00000000 00:00 0 
77116c63e000-77116c646000 rw-s 00000000 103:03 10022673                  /tmp/hsperfdata_sergio/34967
77116c646000-77116c654000 r--p 00000000 103:03 10252478                  /home/sergio/.vscode/extensions/redhat.java-1.30.0-linux-x64/jre/17.0.10-linux-x86_64/lib/libjava.so
77116c654000-77116c666000 r-xp 0000e000 103:03 10252478                  /home/sergio/.vscode/extensions/redhat.java-1.30.0-linux-x64/jre/17.0.10-linux-x86_64/lib/libjava.so
77116c666000-77116c66c000 r--p 00020000 103:03 10252478                  /home/sergio/.vscode/extensions/redhat.java-1.30.0-linux-x64/jre/17.0.10-linux-x86_64/lib/libjava.so
77116c66c000-77116c66d000 ---p 00026000 103:03 10252478                  /home/sergio/.vscode/extensions/redhat.java-1.30.0-linux-x64/jre/17.0.10-linux-x86_64/lib/libjava.so
77116c66d000-77116c66e000 r--p 00026000 103:03 10252478                  /home/sergio/.vscode/extensions/redhat.java-1.30.0-linux-x64/jre/17.0.10-linux-x86_64/lib/libjava.so
77116c66e000-77116c66f000 rw-p 00027000 103:03 10252478                  /home/sergio/.vscode/extensions/redhat.java-1.30.0-linux-x64/jre/17.0.10-linux-x86_64/lib/libjava.so
77116c66f000-77116c670000 rw-p 00000000 00:00 0 
77116c670000-77116c674000 r--p 00000000 103:03 10252482                  /home/sergio/.vscode/extensions/redhat.java-1.30.0-linux-x64/jre/17.0.10-linux-x86_64/lib/libjimage.so
77116c674000-77116c687000 r-xp 00004000 103:03 10252482                  /home/sergio/.vscode/extensions/redhat.java-1.30.0-linux-x64/jre/17.0.10-linux-x86_64/lib/libjimage.so
77116c687000-77116c68d000 r--p 00017000 103:03 10252482                  /home/sergio/.vscode/extensions/redhat.java-1.30.0-linux-x64/jre/17.0.10-linux-x86_64/lib/libjimage.so
77116c68d000-77116c68f000 r--p 0001c000 103:03 10252482                  /home/sergio/.vscode/extensions/redhat.java-1.30.0-linux-x64/jre/17.0.10-linux-x86_64/lib/libjimage.so
77116c68f000-77116c690000 rw-p 0001e000 103:03 10252482                  /home/sergio/.vscode/extensions/redhat.java-1.30.0-linux-x64/jre/17.0.10-linux-x86_64/lib/libjimage.so
77116c690000-77116c69e000 r--p 00000000 103:03 7997565                   /usr/lib/x86_64-linux-gnu/libm.so.6
77116c69e000-77116c71a000 r-xp 0000e000 103:03 7997565                   /usr/lib/x86_64-linux-gnu/libm.so.6
77116c71a000-77116c775000 r--p 0008a000 103:03 7997565                   /usr/lib/x86_64-linux-gnu/libm.so.6
77116c775000-77116c776000 r--p 000e4000 103:03 7997565                   /usr/lib/x86_64-linux-gnu/libm.so.6
77116c776000-77116c777000 rw-p 000e5000 103:03 7997565                   /usr/lib/x86_64-linux-gnu/libm.so.6
77116c777000-77116c778000 r--p 00000000 103:03 7997651                   /usr/lib/x86_64-linux-gnu/librt.so.1
77116c778000-77116c779000 r-xp 00001000 103:03 7997651                   /usr/lib/x86_64-linux-gnu/librt.so.1
77116c779000-77116c77a000 r--p 00002000 103:03 7997651                   /usr/lib/x86_64-linux-gnu/librt.so.1
77116c77a000-77116c77b000 r--p 00002000 103:03 7997651                   /usr/lib/x86_64-linux-gnu/librt.so.1
77116c77b000-77116c77c000 rw-p 00003000 103:03 7997651                   /usr/lib/x86_64-linux-gnu/librt.so.1
77116c77c000-77116c77e000 rw-p 00000000 00:00 0 
77116c77e000-77116c77f000 r--p 00000000 103:03 7997555                   /usr/lib/x86_64-linux-gnu/libdl.so.2
77116c77f000-77116c780000 r-xp 00001000 103:03 7997555                   /usr/lib/x86_64-linux-gnu/libdl.so.2
77116c780000-77116c781000 r--p 00002000 103:03 7997555                   /usr/lib/x86_64-linux-gnu/libdl.so.2
77116c781000-77116c782000 r--p 00002000 103:03 7997555                   /usr/lib/x86_64-linux-gnu/libdl.so.2
77116c782000-77116c783000 rw-p 00003000 103:03 7997555                   /usr/lib/x86_64-linux-gnu/libdl.so.2
77116c783000-77116c784000 r--p 00000000 103:03 7997648                   /usr/lib/x86_64-linux-gnu/libpthread.so.0
77116c784000-77116c785000 r-xp 00001000 103:03 7997648                   /usr/lib/x86_64-linux-gnu/libpthread.so.0
77116c785000-77116c786000 r--p 00002000 103:03 7997648                   /usr/lib/x86_64-linux-gnu/libpthread.so.0
77116c786000-77116c787000 r--p 00002000 103:03 7997648                   /usr/lib/x86_64-linux-gnu/libpthread.so.0
77116c787000-77116c788000 rw-p 00003000 103:03 7997648                   /usr/lib/x86_64-linux-gnu/libpthread.so.0
77116c788000-77116c789000 r--p 00000000 07:02 195                        /snap/code/157/usr/lib/locale/aa_DJ.utf8/LC_PAPER
77116c789000-77116c78a000 r--p 00000000 07:02 277                        /snap/code/157/usr/lib/locale/agr_PE/LC_NAME
77116c78a000-77116c78b000 r--p 00000000 07:02 2705                       /snap/code/157/usr/lib/locale/es_ES.utf8/LC_ADDRESS
77116c78b000-77116c78c000 r--p 00000000 07:02 336                        /snap/code/157/usr/lib/locale/an_ES.utf8/LC_TELEPHONE
77116c78c000-77116c78d000 r--p 00000000 07:02 189                        /snap/code/157/usr/lib/locale/aa_DJ.utf8/LC_MEASUREMENT
77116c78d000-77116c78e000 r--p 00000000 07:02 2708                       /snap/code/157/usr/lib/locale/es_ES.utf8/LC_IDENTIFICATION
77116c78e000-77116c790000 r--p 00000000 103:03 10252473                  /home/sergio/.vscode/extensions/redhat.java-1.30.0-linux-x64/jre/17.0.10-linux-x86_64/lib/libinstrument.so
77116c790000-77116c796000 r-xp 00002000 103:03 10252473                  /home/sergio/.vscode/extensions/redhat.java-1.30.0-linux-x64/jre/17.0.10-linux-x86_64/lib/libinstrument.so
77116c796000-77116c799000 r--p 00008000 103:03 10252473                  /home/sergio/.vscode/extensions/redhat.java-1.30.0-linux-x64/jre/17.0.10-linux-x86_64/lib/libinstrument.so
77116c799000-77116c79a000 r--p 0000a000 103:03 10252473                  /home/sergio/.vscode/extensions/redhat.java-1.30.0-linux-x64/jre/17.0.10-linux-x86_64/lib/libinstrument.so
77116c79a000-77116c79b000 rw-p 0000b000 103:03 10252473                  /home/sergio/.vscode/extensions/redhat.java-1.30.0-linux-x64/jre/17.0.10-linux-x86_64/lib/libinstrument.so
77116c79b000-77116c79c000 ---p 00000000 00:00 0 
77116c79c000-77116c79d000 r--p 00000000 00:00 0 
77116c79d000-77116c7a0000 r--p 00000000 103:03 10252483                  /home/sergio/.vscode/extensions/redhat.java-1.30.0-linux-x64/jre/17.0.10-linux-x86_64/lib/libjli.so
77116c7a0000-77116c7b0000 r-xp 00003000 103:03 10252483                  /home/sergio/.vscode/extensions/redhat.java-1.30.0-linux-x64/jre/17.0.10-linux-x86_64/lib/libjli.so
77116c7b0000-77116c7b7000 r--p 00013000 103:03 10252483                  /home/sergio/.vscode/extensions/redhat.java-1.30.0-linux-x64/jre/17.0.10-linux-x86_64/lib/libjli.so
77116c7b7000-77116c7b8000 r--p 00019000 103:03 10252483                  /home/sergio/.vscode/extensions/redhat.java-1.30.0-linux-x64/jre/17.0.10-linux-x86_64/lib/libjli.so
77116c7b8000-77116c7b9000 rw-p 0001a000 103:03 10252483                  /home/sergio/.vscode/extensions/redhat.java-1.30.0-linux-x64/jre/17.0.10-linux-x86_64/lib/libjli.so
77116c7b9000-77116c7bb000 rw-p 00000000 00:00 0 
77116c7bb000-77116c7bd000 r--p 00000000 103:03 7997536                   /usr/lib/x86_64-linux-gnu/ld-linux-x86-64.so.2
77116c7bd000-77116c7e7000 r-xp 00002000 103:03 7997536                   /usr/lib/x86_64-linux-gnu/ld-linux-x86-64.so.2
77116c7e7000-77116c7f2000 r--p 0002c000 103:03 7997536                   /usr/lib/x86_64-linux-gnu/ld-linux-x86-64.so.2
77116c7f2000-77116c7f3000 ---p 00000000 00:00 0 
77116c7f3000-77116c7f5000 r--p 00037000 103:03 7997536                   /usr/lib/x86_64-linux-gnu/ld-linux-x86-64.so.2
77116c7f5000-77116c7f7000 rw-p 00039000 103:03 7997536                   /usr/lib/x86_64-linux-gnu/ld-linux-x86-64.so.2
7ffee07b7000-7ffee07d9000 rw-p 00000000 00:00 0                          [stack]
7ffee07f5000-7ffee07f9000 r--p 00000000 00:00 0                          [vvar]
7ffee07f9000-7ffee07fb000 r-xp 00000000 00:00 0                          [vdso]
ffffffffff600000-ffffffffff601000 --xp 00000000 00:00 0                  [vsyscall]


VM Arguments:
jvm_args: --add-modules=ALL-SYSTEM --add-opens=java.base/java.util=ALL-UNNAMED --add-opens=java.base/java.lang=ALL-UNNAMED --add-opens=java.base/sun.nio.fs=ALL-UNNAMED -Declipse.application=org.eclipse.jdt.ls.core.id1 -Dosgi.bundles.defaultStartLevel=4 -Declipse.product=org.eclipse.jdt.ls.core.product -Djava.import.generatesMetadataFilesAtProjectRoot=false -DDetectVMInstallationsJob.disabled=true -Dfile.encoding=utf8 -XX:+UseParallelGC -XX:GCTimeRatio=4 -XX:AdaptiveSizePolicyWeight=90 -Dsun.zip.disableMemoryMapping=true -Xmx1G -Xms100m -Xlog:disable -javaagent:/home/sergio/.vscode/extensions/redhat.java-1.30.0-linux-x64/lombok/lombok-1.18.32.jar 
java_command: /home/sergio/.vscode/extensions/redhat.java-1.30.0-linux-x64/server/plugins/org.eclipse.equinox.launcher_1.6.800.v20240330-1250.jar -configuration /home/sergio/.config/Code/User/globalStorage/redhat.java/1.30.0/config_ss_linux -data /home/sergio/.config/Code/User/workspaceStorage/c6ab1c8030ca2cd84db316b525bdab83/redhat.java/ss_ws --pipe=/run/user/1000/lsp-8d3c9651f220e1d509fd10866954cc0a.sock
java_class_path (initial): /home/sergio/.vscode/extensions/redhat.java-1.30.0-linux-x64/server/plugins/org.eclipse.equinox.launcher_1.6.800.v20240330-1250.jar
Launcher Type: SUN_STANDARD

[Global flags]
    uintx AdaptiveSizePolicyWeight                 = 90                                        {product} {command line}
     intx CICompilerCount                          = 4                                         {product} {ergonomic}
    uintx GCTimeRatio                              = 4                                         {product} {command line}
   size_t InitialHeapSize                          = 104857600                                 {product} {command line}
   size_t MaxHeapSize                              = 1073741824                                {product} {command line}
   size_t MaxNewSize                               = 357564416                                 {product} {ergonomic}
   size_t MinHeapDeltaBytes                        = 524288                                    {product} {ergonomic}
   size_t MinHeapSize                              = 104857600                                 {product} {command line}
   size_t NewSize                                  = 34603008                                  {product} {ergonomic}
    uintx NonNMethodCodeHeapSize                   = 5839372                                {pd product} {ergonomic}
    uintx NonProfiledCodeHeapSize                  = 122909434                              {pd product} {ergonomic}
   size_t OldSize                                  = 70254592                                  {product} {ergonomic}
    uintx ProfiledCodeHeapSize                     = 122909434                              {pd product} {ergonomic}
    uintx ReservedCodeCacheSize                    = 251658240                              {pd product} {ergonomic}
     bool SegmentedCodeCache                       = true                                      {product} {ergonomic}
   size_t SoftMaxHeapSize                          = 1073741824                             {manageable} {ergonomic}
     bool UseCompressedClassPointers               = true                           {product lp64_product} {ergonomic}
     bool UseCompressedOops                        = true                           {product lp64_product} {ergonomic}
     bool UseParallelGC                            = true                                      {product} {command line}

Logging:
Log output configuration:
 #0: stdout all=off uptime,level,tags
 #1: stderr all=off uptime,level,tags

Environment Variables:
PATH=/home/sergio/.local/bin:/opt/verilator/bin:/home/sergio/.local/bin:/opt/verilator/bin:/usr/local/sbin:/usr/local/bin:/usr/sbin:/usr/bin:/sbin:/bin:/usr/games:/usr/local/games:/snap/bin:/snap/bin:/home/sergio/Programs/install/bin:/opt/riscv/bin:/home/sergio/Programs/Cores-VeeR-EH1/tools
USERNAME=sergio
SHELL=/bin/bash
DISPLAY=:0
LANG=en_US.UTF-8
LC_NUMERIC=es_ES.UTF-8
LC_TIME=es_ES.UTF-8

Active Locale:
LC_ALL=LC_CTYPE=en_US.UTF-8;LC_NUMERIC=es_ES.UTF-8;LC_TIME=es_ES.UTF-8;LC_COLLATE=en_US.UTF-8;LC_MONETARY=es_ES.UTF-8;LC_MESSAGES=en_US.UTF-8;LC_PAPER=es_ES.UTF-8;LC_NAME=es_ES.UTF-8;LC_ADDRESS=es_ES.UTF-8;LC_TELEPHONE=es_ES.UTF-8;LC_MEASUREMENT=es_ES.UTF-8;LC_IDENTIFICATION=es_ES.UTF-8
LC_COLLATE=en_US.UTF-8
LC_CTYPE=en_US.UTF-8
LC_MESSAGES=en_US.UTF-8
LC_MONETARY=es_ES.UTF-8
LC_NUMERIC=es_ES.UTF-8
LC_TIME=es_ES.UTF-8

Signal Handlers:
   SIGSEGV: crash_handler in libjvm.so, mask=11100100010111111101111111111110, flags=SA_RESTART|SA_SIGINFO, unblocked
    SIGBUS: crash_handler in libjvm.so, mask=11100100010111111101111111111110, flags=SA_RESTART|SA_SIGINFO, unblocked
    SIGFPE: crash_handler in libjvm.so, mask=11100100010111111101111111111110, flags=SA_RESTART|SA_SIGINFO, unblocked
   SIGPIPE: javaSignalHandler in libjvm.so, mask=11100100010111111101111111111110, flags=SA_RESTART|SA_SIGINFO, blocked
   SIGXFSZ: javaSignalHandler in libjvm.so, mask=11100100010111111101111111111110, flags=SA_RESTART|SA_SIGINFO, blocked
    SIGILL: crash_handler in libjvm.so, mask=11100100010111111101111111111110, flags=SA_RESTART|SA_SIGINFO, unblocked
   SIGUSR2: SR_handler in libjvm.so, mask=00000000000000000000000000000000, flags=SA_RESTART|SA_SIGINFO, blocked
    SIGHUP: UserHandler in libjvm.so, mask=11100100010111111101111111111110, flags=SA_RESTART|SA_SIGINFO, blocked
    SIGINT: UserHandler in libjvm.so, mask=11100100010111111101111111111110, flags=SA_RESTART|SA_SIGINFO, blocked
   SIGTERM: UserHandler in libjvm.so, mask=11100100010111111101111111111110, flags=SA_RESTART|SA_SIGINFO, blocked
   SIGQUIT: UserHandler in libjvm.so, mask=11100100010111111101111111111110, flags=SA_RESTART|SA_SIGINFO, blocked
   SIGTRAP: crash_handler in libjvm.so, mask=11100100010111111101111111111110, flags=SA_RESTART|SA_SIGINFO, unblocked


Periodic native trim disabled


---------------  S Y S T E M  ---------------

OS:
DISTRIB_ID=Ubuntu
DISTRIB_RELEASE=22.04
DISTRIB_CODENAME=jammy
DISTRIB_DESCRIPTION="Ubuntu 22.04.4 LTS"
uname: Linux 6.5.0-27-generic #28~22.04.1-Ubuntu SMP PREEMPT_DYNAMIC Fri Mar 15 10:51:06 UTC 2 x86_64
OS uptime: 0 days 4:02 hours
libc: glibc 2.35 NPTL 2.35 
rlimit (soft/hard): STACK 8192k/infinity , CORE 0k/infinity , NPROC 27130/27130 , NOFILE 1048576/1048576 , AS infinity/infinity , CPU infinity/infinity , DATA infinity/infinity , FSIZE infinity/infinity , MEMLOCK 877760k/877760k
load average: 3,32 1,66 0,93

/proc/meminfo:
MemTotal:        7022084 kB
MemFree:          372252 kB
MemAvailable:    1873784 kB
Buffers:           76928 kB
Cached:          1812956 kB
SwapCached:            0 kB
Active:          2940804 kB
Inactive:        3041564 kB
Active(anon):    2024560 kB
Inactive(anon):  2291860 kB
Active(file):     916244 kB
Inactive(file):   749704 kB
Unevictable:          32 kB
Mlocked:              32 kB
SwapTotal:             0 kB
SwapFree:              0 kB
Zswap:                 0 kB
Zswapped:              0 kB
Dirty:               472 kB
Writeback:             0 kB
AnonPages:       4093396 kB
Mapped:           862912 kB
Shmem:            223708 kB
KReclaimable:     106728 kB
Slab:             302136 kB
SReclaimable:     106728 kB
SUnreclaim:       195408 kB
KernelStack:       23728 kB
PageTables:        49128 kB
SecPageTables:         0 kB
NFS_Unstable:          0 kB
Bounce:                0 kB
WritebackTmp:          0 kB
CommitLimit:     3511040 kB
Committed_AS:   12847712 kB
VmallocTotal:   34359738367 kB
VmallocUsed:       74724 kB
VmallocChunk:          0 kB
Percpu:            15680 kB
HardwareCorrupted:     0 kB
AnonHugePages:         0 kB
ShmemHugePages:        0 kB
ShmemPmdMapped:        0 kB
FileHugePages:         0 kB
FilePmdMapped:         0 kB
Unaccepted:            0 kB
HugePages_Total:       0
HugePages_Free:        0
HugePages_Rsvd:        0
HugePages_Surp:        0
Hugepagesize:       2048 kB
Hugetlb:               0 kB
DirectMap4k:      387092 kB
DirectMap2M:     5838848 kB
DirectMap1G:     2097152 kB

/sys/kernel/mm/transparent_hugepage/enabled: always [madvise] never
/sys/kernel/mm/transparent_hugepage/defrag (defrag/compaction efforts parameter): always defer defer+madvise [madvise] never

Process Memory:
Virtual Size: 5422544K (peak: 5422544K)
Resident Set Size: 247908K (peak: 247908K) (anon: 216420K, file: 31488K, shmem: 0K)
Swapped out: 0K
C-Heap outstanding allocations: 80696K, retained: 33787K
glibc malloc tunables: (default)

/proc/sys/kernel/threads-max (system-wide limit on the number of threads): 54261
/proc/sys/vm/max_map_count (maximum number of memory map areas a process may have): 65530
/proc/sys/kernel/pid_max (system-wide limit on number of process identifiers): 4194304

container (cgroup) information:
container_type: cgroupv2
cpu_cpuset_cpus: not supported
cpu_memory_nodes: not supported
active_processor_count: 8
cpu_quota: not supported
cpu_period: not supported
cpu_shares: not supported
memory_limit_in_bytes: unlimited
memory_and_swap_limit_in_bytes: unlimited
memory_soft_limit_in_bytes: unlimited
memory_usage_in_bytes: 1219400 k
memory_max_usage_in_bytes: not supported
memory_swap_current_in_bytes: unlimited
memory_swap_max_limit_in_bytes: unlimited
maximum number of tasks: 8139
current number of tasks: 209

Steal ticks since vm start: 0
Steal ticks percentage since vm start:  0,000

CPU: total 8 (initial active 8) (8 cores per cpu, 2 threads per core) family 23 model 24 stepping 1 microcode 0x8108109, cx8, cmov, fxsr, ht, mmx, 3dnowpref, sse, sse2, sse3, ssse3, sse4a, sse4.1, sse4.2, popcnt, lzcnt, tsc, tscinvbit, avx, avx2, aes, clmul, bmi1, bmi2, adx, sha, fma, vzeroupper, clflush, clflushopt
CPU Model and flags from /proc/cpuinfo:
model name	: AMD Ryzen 5 3500U with Radeon Vega Mobile Gfx
flags		: fpu vme de pse tsc msr pae mce cx8 apic sep mtrr pge mca cmov pat pse36 clflush mmx fxsr sse sse2 ht syscall nx mmxext fxsr_opt pdpe1gb rdtscp lm constant_tsc rep_good nopl nonstop_tsc cpuid extd_apicid aperfmperf rapl pni pclmulqdq monitor ssse3 fma cx16 sse4_1 sse4_2 movbe popcnt aes xsave avx f16c rdrand lahf_lm cmp_legacy svm extapic cr8_legacy abm sse4a misalignsse 3dnowprefetch osvw skinit wdt tce topoext perfctr_core perfctr_nb bpext perfctr_llc mwaitx cpb hw_pstate ssbd ibpb vmmcall fsgsbase bmi1 avx2 smep bmi2 rdseed adx smap clflushopt sha_ni xsaveopt xsavec xgetbv1 clzero irperf xsaveerptr arat npt lbrv svm_lock nrip_save tsc_scale vmcb_clean flushbyasid decodeassists pausefilter pfthreshold avic v_vmsave_vmload vgif overflow_recov succor smca sev sev_es

Online cpus: 0-7
Offline cpus: 8-15
BIOS frequency limitation: 2100000
Frequency switch latency (ns): 0
Available cpu frequencies: 2100000 1700000 1400000 
Current governor: schedutil
Core performance/turbo boost: 1

Memory: 4k page, physical 7022084k(372252k free), swap 0k(0k free)
Page Sizes: 4k

vm_info: OpenJDK 64-Bit Server VM (17.0.10+7) for linux-amd64 JRE (17.0.10+7), built on Jan 16 2024 00:00:00 by "admin" with gcc 10.3.0

END.
