#
# A fatal error has been detected by the Java Runtime Environment:
#
#  SIGSEGV (0xb) at pc=0x00007fee0286a228, pid=10450, tid=10626
#
# JRE version: OpenJDK Runtime Environment Temurin-17.0.10+7 (17.0.10+7) (build 17.0.10+7)
# Java VM: OpenJDK 64-Bit Server VM Temurin-17.0.10+7 (17.0.10+7, mixed mode, tiered, compressed oops, compressed class ptrs, parallel gc, linux-amd64)
# Problematic frame:
# V  [libjvm.so+0xc6a228]  PhaseIterGVN::remove_globally_dead_node(Node*)+0xa8
#
# Core dump will be written. Default location: Core dumps may be processed with "/usr/share/apport/apport -p%p -s%s -c%c -d%d -P%P -u%u -g%g -- %E" (or dumping to /home/sergio/Desktop/Estudios/UCM/4ยบ/PL/PL-Practica/core.10450)
#
# If you would like to submit a bug report, please visit:
#   https://github.com/adoptium/adoptium-support/issues
#

---------------  S U M M A R Y ------------

Command Line: --add-modules=ALL-SYSTEM --add-opens=java.base/java.util=ALL-UNNAMED --add-opens=java.base/java.lang=ALL-UNNAMED --add-opens=java.base/sun.nio.fs=ALL-UNNAMED -Declipse.application=org.eclipse.jdt.ls.core.id1 -Dosgi.bundles.defaultStartLevel=4 -Declipse.product=org.eclipse.jdt.ls.core.product -Djava.import.generatesMetadataFilesAtProjectRoot=false -DDetectVMInstallationsJob.disabled=true -Dfile.encoding=utf8 -XX:+UseParallelGC -XX:GCTimeRatio=4 -XX:AdaptiveSizePolicyWeight=90 -Dsun.zip.disableMemoryMapping=true -Xmx1G -Xms100m -Xlog:disable -javaagent:/home/sergio/.vscode/extensions/redhat.java-1.28.1-linux-x64/lombok/lombok-1.18.31.jar /home/sergio/.vscode/extensions/redhat.java-1.28.1-linux-x64/server/plugins/org.eclipse.equinox.launcher_1.6.700.v20231214-2017.jar -configuration /home/sergio/.config/Code/User/globalStorage/redhat.java/1.28.1/config_ss_linux -data /home/sergio/.config/Code/User/workspaceStorage/c6ab1c8030ca2cd84db316b525bdab83/redhat.java/ss_ws --stdio

Host: AMD Ryzen 5 3500U with Radeon Vega Mobile Gfx, 8 cores, 6G, Ubuntu 22.04.3 LTS
Time: Mon Feb 19 09:28:14 2024 CET elapsed time: 7.789811 seconds (0d 0h 0m 7s)

---------------  T H R E A D  ---------------

Current thread (0x00007fedb8549dd0):  JavaThread "C2 CompilerThread1" daemon [_thread_in_native, id=10626, stack(0x00007feddd5fe000,0x00007feddd6fe000)]


Current CompileTask:
C2:   7789 3631       4       org.eclipse.jdt.internal.core.JarPackageFragmentRoot::initRawPackageInfo (349 bytes)

Stack: [0x00007feddd5fe000,0x00007feddd6fe000],  sp=0x00007feddd6f8cb0,  free space=1003k
Native frames: (J=compiled Java code, j=interpreted, Vv=VM code, C=native code)
V  [libjvm.so+0xc6a228]  PhaseIterGVN::remove_globally_dead_node(Node*)+0xa8
V  [libjvm.so+0xadbff0]  PhaseIdealLoop::build_and_optimize()+0x810
V  [libjvm.so+0x5d69af]  PhaseIdealLoop::optimize(PhaseIterGVN&, LoopOptsMode)+0x16f
V  [libjvm.so+0x5d4275]  Compile::Optimize()+0x835
V  [libjvm.so+0x5d6205]  Compile::Compile(ciEnv*, ciMethod*, int, bool, bool, bool, bool, bool, DirectiveSet*)+0xe65
V  [libjvm.so+0x515699]  C2Compiler::compile_method(ciEnv*, ciMethod*, int, bool, DirectiveSet*)+0xe9
V  [libjvm.so+0x5df273]  CompileBroker::invoke_compiler_on_method(CompileTask*)+0xf23
V  [libjvm.so+0x5e00d8]  CompileBroker::compiler_thread_loop()+0x6a8
V  [libjvm.so+0xe5fa16]  JavaThread::thread_main_inner()+0x196
V  [libjvm.so+0xe633b8]  Thread::call_run()+0xa8
V  [libjvm.so+0xc24791]  thread_native_entry(Thread*)+0xe1


siginfo: si_signo: 11 (SIGSEGV), si_code: 128 (SI_KERNEL), si_addr: 0x0000000000000000

Registers:
RAX=0x6a4c293b65646f4d, RBX=0x00007feddd6fa668, RCX=0x000000000000198b, RDX=0x00007fedfc631f30
RSP=0x00007feddd6f8cb0, RBP=0x00007feddd6f8d10, RSI=0x00007fedc40c9048, RDI=0x00007fedc40c9048
R8 =0x00007fed6032a6f0, R9 =0x00007fedc4485ec0, R10=0x00007fedc4485368, R11=0x0000000000000001
R12=0x00007fedc40c9048, R13=0x0000000000000023, R14=0x00007feddd6f8da0, R15=0x00007feddd6f9cb0
RIP=0x00007fee0286a228, EFLAGS=0x0000000000010246, CSGSFS=0x002b000000000033, ERR=0x0000000000000000
  TRAPNO=0x000000000000000d


Register to memory mapping:

RAX=0x6a4c293b65646f4d is an unknown value
RBX=0x00007feddd6fa668 is pointing into the stack for thread: 0x00007fedb8549dd0
RCX=0x000000000000198b is an unknown value
RDX=0x00007fedfc631f30 points into unknown readable memory: 0x00007fedc40c9048 | 48 90 0c c4 ed 7f 00 00
RSP=0x00007feddd6f8cb0 is pointing into the stack for thread: 0x00007fedb8549dd0
RBP=0x00007feddd6f8d10 is pointing into the stack for thread: 0x00007fedb8549dd0
RSI=0x00007fedc40c9048 points into unknown readable memory: 0x6a4c293b65646f4d | 4d 6f 64 65 3b 29 4c 6a
RDI=0x00007fedc40c9048 points into unknown readable memory: 0x6a4c293b65646f4d | 4d 6f 64 65 3b 29 4c 6a
R8 =0x00007fed6032a6f0 points into unknown readable memory: 0x00007fed847afe60 | 60 fe 7a 84 ed 7f 00 00
R9 =0x00007fedc4485ec0 points into unknown readable memory: 0x00007fee02e9ad10 | 10 ad e9 02 ee 7f 00 00
R10=0x00007fedc4485368 points into unknown readable memory: 0x00007fee02e9aa78 | 78 aa e9 02 ee 7f 00 00
R11=0x0000000000000001 is an unknown value
R12=0x00007fedc40c9048 points into unknown readable memory: 0x6a4c293b65646f4d | 4d 6f 64 65 3b 29 4c 6a
R13=0x0000000000000023 is an unknown value
R14=0x00007feddd6f8da0 is pointing into the stack for thread: 0x00007fedb8549dd0
R15=0x00007feddd6f9cb0 is pointing into the stack for thread: 0x00007fedb8549dd0


Top of Stack: (sp=0x00007feddd6f8cb0)
0x00007feddd6f8cb0:   00007fedb81c4e50 00007feddd6f9a38
0x00007feddd6f8cc0:   00000001dd6f9080 00007feddd6f8d80
0x00007feddd6f8cd0:   00007fed00000001 00007fedc4485368
0x00007feddd6f8ce0:   00007feddd6f8da0 00007feddd6f9080
0x00007feddd6f8cf0:   00007feddd6f8d60 0000000000000023
0x00007feddd6f8d00:   00007feddd6f8da0 00007feddd6f8d80
0x00007feddd6f8d10:   00007feddd6f9050 00007fee026dbff0
0x00007feddd6f8d20:   00007fed01010000 0000000400000001
0x00007feddd6f8d30:   00007fed00001ad0 00007fed00001ad1
0x00007feddd6f8d40:   00007fedfc03f700 00007fed00000005
0x00007feddd6f8d50:   00007fed00000003 00007fedb8549dd0
0x00007feddd6f8d60:   00007fed00000100 00007fedb83908e0
0x00007feddd6f8d70:   00007fed00000100 00007fedb8294250
0x00007feddd6f8d80:   00007fed60347da0 00007fed60353880
0x00007feddd6f8d90:   00007fed60347db0 00007fedb8294250
0x00007feddd6f8da0:   00007fedb8294250 00007fee00001000
0x00007feddd6f8db0:   00007fed603638c0 00007fed00000000
0x00007feddd6f8dc0:   00007fedb8294250 00007fee00000004
0x00007feddd6f8dd0:   00007fedb830ded0 01007fed00000000
0x00007feddd6f8de0:   00007fedb85e4fb0 00007fedb8549dd0
0x00007feddd6f8df0:   00007fedb85e3260 00007fedb85e31b0
0x00007feddd6f8e00:   00007fedb85e360f 0000000000000000
0x00007feddd6f8e10:   00007fedb85e3530 00007fedb85e3600
0x00007feddd6f8e20:   0000000000000000 0000000000000000
0x00007feddd6f8e30:   0000000000000007 0000000000000000
0x00007feddd6f8e40:   00000079b85e3640 0000000000010010
0x00007feddd6f8e50:   00007fedb85e3600 44516f3b36b37439
0x00007feddd6f8e60:   0000000000001010 0000000000010040
0x00007feddd6f8e70:   0000000000000400 0000043000001002
0x00007feddd6f8e80:   0000000000000080 0000000000000010
0x00007feddd6f8e90:   0000000000000002 000000790000007c
0x00007feddd6f8ea0:   000000db0000007e 00007feddd6f8ed0 

Instructions: (pc=0x00007fee0286a228)
0x00007fee0286a128:   44 8d 63 ff 49 89 fd 4c 89 e3 49 c1 e4 03 66 2e
0x00007fee0286a138:   0f 1f 84 00 00 00 00 00 49 8b 7d 10 e8 97 4d 96
0x00007fee0286a148:   ff 8d 73 01 31 d2 49 8b 8d e8 09 00 00 f7 f6 48
0x00007fee0286a158:   8d 04 d1 4c 01 e1 49 83 ec 08 48 8b 11 48 8b 30
0x00007fee0286a168:   48 89 31 48 89 10 83 eb 01 75 cd 48 83 c4 08 5b
0x00007fee0286a178:   41 5c 41 5d 5d c3 66 90 55 48 89 e5 41 57 49 89
0x00007fee0286a188:   ff 41 56 41 55 41 54 49 89 f4 53 48 8d 9f b8 09
0x00007fee0286a198:   00 00 48 83 ec 38 48 8b 87 b8 09 00 00 48 83 c0
0x00007fee0286a1a8:   10 48 89 87 b8 09 00 00 48 39 87 c0 09 00 00 0f
0x00007fee0286a1b8:   86 a3 02 00 00 4c 89 20 c7 40 08 00 00 00 00 49
0x00007fee0286a1c8:   8b 87 b8 09 00 00 49 39 87 c8 09 00 00 76 47 e9
0x00007fee0286a1d8:   cb 00 00 00 0f 1f 40 00 49 8b 54 24 10 48 83 c0
0x00007fee0286a1e8:   10 4c 8b 22 49 89 87 b8 09 00 00 49 3b 87 c0 09
0x00007fee0286a1f8:   00 00 0f 83 c0 00 00 00 4c 89 20 c7 40 08 00 00
0x00007fee0286a208:   00 00 49 8b 87 b8 09 00 00 49 39 87 c8 09 00 00
0x00007fee0286a218:   0f 87 89 00 00 00 4c 8b 20 49 8b 04 24 4c 89 e7
0x00007fee0286a228:   ff 10 3d 15 01 00 00 0f 84 a3 00 00 00 49 8b 87
0x00007fee0286a238:   b8 09 00 00 8b 78 08 85 ff 75 1d c7 40 08 01 00
0x00007fee0286a248:   00 00 45 8b 74 24 30 41 83 e6 10 0f 84 97 00 00
0x00007fee0286a258:   00 49 8b 87 b8 09 00 00 41 8b 54 24 20 85 d2 0f
0x00007fee0286a268:   85 73 ff ff ff 48 83 e8 10 49 8d bf d8 09 00 00
0x00007fee0286a278:   4c 89 e6 49 89 87 b8 09 00 00 e8 b9 79 f8 ff 49
0x00007fee0286a288:   8b 7f 10 4c 89 e6 e8 ed b5 95 ff 49 8b 87 b8 09
0x00007fee0286a298:   00 00 49 39 87 c8 09 00 00 0f 86 77 ff ff ff 48
0x00007fee0286a2a8:   83 c4 38 5b 41 5c 41 5d 41 5e 41 5f 5d c3 66 2e
0x00007fee0286a2b8:   0f 1f 84 00 00 00 00 00 48 89 df e8 c8 8c f8 ff
0x00007fee0286a2c8:   49 8b 87 b8 09 00 00 e9 2c ff ff ff 0f 1f 40 00
0x00007fee0286a2d8:   4c 89 fe 4c 89 e7 e8 9d 5e 8b ff e9 4d ff ff ff
0x00007fee0286a2e8:   0f 1f 84 00 00 00 00 00 49 8b 04 24 4c 89 e7 ff
0x00007fee0286a2f8:   50 58 85 c0 74 3e 41 8b 8f 90 09 00 00 49 8b bf
0x00007fee0286a308:   a0 09 00 00 8d 71 ff 21 f0 41 89 c1 41 83 c9 01
0x00007fee0286a318:   eb 14 66 0f 1f 44 00 00 4c 39 e2 0f 84 67 01 00 


Stack slot to memory mapping:
stack at sp + 0 slots: 0x00007fedb81c4e50 points into unknown readable memory: 0x00007fee02e913c0 | c0 13 e9 02 ee 7f 00 00
stack at sp + 1 slots: 0x00007feddd6f9a38 is pointing into the stack for thread: 0x00007fedb8549dd0
stack at sp + 2 slots: 0x00000001dd6f9080 is an unknown value
stack at sp + 3 slots: 0x00007feddd6f8d80 is pointing into the stack for thread: 0x00007fedb8549dd0
stack at sp + 4 slots: 0x00007fed00000001 is an unknown value
stack at sp + 5 slots: 0x00007fedc4485368 points into unknown readable memory: 0x00007fee02e9aa78 | 78 aa e9 02 ee 7f 00 00
stack at sp + 6 slots: 0x00007feddd6f8da0 is pointing into the stack for thread: 0x00007fedb8549dd0
stack at sp + 7 slots: 0x00007feddd6f9080 is pointing into the stack for thread: 0x00007fedb8549dd0


---------------  P R O C E S S  ---------------

Threads class SMR info:
_java_thread_list=0x00007fed680463e0, length=25, elements={
0x00007fedfc027f20, 0x00007fedfc1e7130, 0x00007fedfc1e86b0, 0x00007fedfc219d10,
0x00007fedfc21d600, 0x00007fedfc21e5a0, 0x00007fedfc21fc00, 0x00007fedfc2210c0,
0x00007fedfc22a500, 0x00007fedfc2982f0, 0x00007fedfc3994d0, 0x00007fedfc461770,
0x00007fedfc58b060, 0x00007fedfc6131a0, 0x00007fedfc615d30, 0x00007fed84033570,
0x00007fed840be0d0, 0x00007fed84236a80, 0x00007fed842ef520, 0x00007fed842b7740,
0x00007fedb8549dd0, 0x00007fedfc3fd400, 0x00007fedfc73dad0, 0x00007fedfc73e890,
0x00007fed680c5ce0
}

Java Threads: ( => current thread )
  0x00007fedfc027f20 JavaThread "main" [_thread_blocked, id=10451, stack(0x00007fee01a19000,0x00007fee01b19000)]
  0x00007fedfc1e7130 JavaThread "Reference Handler" daemon [_thread_blocked, id=10464, stack(0x00007feddf5f7000,0x00007feddf6f7000)]
  0x00007fedfc1e86b0 JavaThread "Finalizer" daemon [_thread_blocked, id=10465, stack(0x00007feddf4f7000,0x00007feddf5f7000)]
  0x00007fedfc219d10 JavaThread "Signal Dispatcher" daemon [_thread_blocked, id=10466, stack(0x00007feddf17f000,0x00007feddf27f000)]
  0x00007fedfc21d600 JavaThread "Service Thread" daemon [_thread_blocked, id=10467, stack(0x00007feddf07f000,0x00007feddf17f000)]
  0x00007fedfc21e5a0 JavaThread "Monitor Deflation Thread" daemon [_thread_blocked, id=10468, stack(0x00007feddef7f000,0x00007feddf07f000)]
  0x00007fedfc21fc00 JavaThread "C2 CompilerThread0" daemon [_thread_in_native, id=10469, stack(0x00007feddee7f000,0x00007feddef7f000)]
  0x00007fedfc2210c0 JavaThread "C1 CompilerThread0" daemon [_thread_blocked, id=10470, stack(0x00007fedded7f000,0x00007feddee7f000)]
  0x00007fedfc22a500 JavaThread "Sweeper thread" daemon [_thread_blocked, id=10471, stack(0x00007feddec7f000,0x00007fedded7f000)]
  0x00007fedfc2982f0 JavaThread "Common-Cleaner" daemon [_thread_blocked, id=10472, stack(0x00007feddeb7f000,0x00007feddec7f000)]
  0x00007fedfc3994d0 JavaThread "Notification Thread" daemon [_thread_blocked, id=10496, stack(0x00007fedde97f000,0x00007feddea7f000)]
  0x00007fedfc461770 JavaThread "process reaper" daemon [_thread_blocked, id=10544, stack(0x00007fedfbeae000,0x00007fedfbed0000)]
  0x00007fedfc58b060 JavaThread "Active Thread: Equinox Container: 73ef660d-33b3-41f1-b9e4-300cfd055e05" [_thread_blocked, id=10581, stack(0x00007fedde179000,0x00007fedde279000)]
  0x00007fedfc6131a0 JavaThread "Framework Event Dispatcher: Equinox Container: 73ef660d-33b3-41f1-b9e4-300cfd055e05" daemon [_thread_blocked, id=10582, stack(0x00007fedde079000,0x00007fedde179000)]
  0x00007fedfc615d30 JavaThread "Start Level: Equinox Container: 73ef660d-33b3-41f1-b9e4-300cfd055e05" daemon [_thread_blocked, id=10583, stack(0x00007fedddf79000,0x00007fedde079000)]
  0x00007fed84033570 JavaThread "SCR Component Actor" daemon [_thread_blocked, id=10584, stack(0x00007feddde79000,0x00007fedddf79000)]
  0x00007fed840be0d0 JavaThread "SCR Component Registry" daemon [_thread_blocked, id=10595, stack(0x00007fedde77e000,0x00007fedde87e000)]
  0x00007fed84236a80 JavaThread "Worker-JM" [_thread_blocked, id=10601, stack(0x00007feddd8fe000,0x00007feddd9fe000)]
  0x00007fed842ef520 JavaThread "Worker-0" [_thread_blocked, id=10606, stack(0x00007feddea7f000,0x00007feddeb7f000)]
  0x00007fed842b7740 JavaThread "Worker-1" [_thread_blocked, id=10608, stack(0x00007feddd7fe000,0x00007feddd8fe000)]
=>0x00007fedb8549dd0 JavaThread "C2 CompilerThread1" daemon [_thread_in_native, id=10626, stack(0x00007feddd5fe000,0x00007feddd6fe000)]
  0x00007fedfc3fd400 JavaThread "pool-2-thread-1" [_thread_blocked, id=10632, stack(0x00007feddd6fe000,0x00007feddd7fe000)]
  0x00007fedfc73dad0 JavaThread "WorkspaceEventsHandler" [_thread_blocked, id=10635, stack(0x00007feddd4fe000,0x00007feddd5fe000)]
  0x00007fedfc73e890 JavaThread "pool-1-thread-1" [_thread_in_Java, id=10636, stack(0x00007feddd3fe000,0x00007feddd4fe000)]
  0x00007fed680c5ce0 JavaThread "Worker-2" [_thread_blocked, id=10637, stack(0x00007feddd2fe000,0x00007feddd3fe000)]

Other Threads:
  0x00007fedfc068fd0 VMThread "VM Thread" [stack: 0x00007feddf6f8000,0x00007feddf7f8000] [id=10463]
  0x00007fedfc337140 WatcherThread [stack: 0x00007fedde87f000,0x00007fedde97f000] [id=10497]
  0x00007fedfc03f7b0 GCTaskThread "GC Thread#0" [stack: 0x00007fee01542000,0x00007fee01642000] [id=10452]
  0x00007fedd8001230 GCTaskThread "GC Thread#1" [stack: 0x00007fedde67e000,0x00007fedde77e000] [id=10565]
  0x00007fedd8002e80 GCTaskThread "GC Thread#2" [stack: 0x00007fedde57d000,0x00007fedde67d000] [id=10567]
  0x00007fedd8003680 GCTaskThread "GC Thread#3" [stack: 0x00007fedde47c000,0x00007fedde57c000] [id=10568]
  0x00007fedd8004040 GCTaskThread "GC Thread#4" [stack: 0x00007fedde37b000,0x00007fedde47b000] [id=10569]
  0x00007fedd8004a00 GCTaskThread "GC Thread#5" [stack: 0x00007fedde27a000,0x00007fedde37a000] [id=10570]
  0x00007fedd8005e30 GCTaskThread "GC Thread#6" [stack: 0x00007fedddb00000,0x00007fedddc00000] [id=10591]
  0x00007fedd80064d0 GCTaskThread "GC Thread#7" [stack: 0x00007feddd9ff000,0x00007fedddaff000] [id=10592]

Threads with active compile tasks:
C2 CompilerThread0     7828 3612       4       jdk.internal.jrtfs.JrtFileSystem::lambda$iteratorOf$2 (20 bytes)
C2 CompilerThread1     7828 3631       4       org.eclipse.jdt.internal.core.JarPackageFragmentRoot::initRawPackageInfo (349 bytes)

VM state: not at safepoint (normal execution)

VM Mutex/Monitor currently owned by a thread: None

Heap address: 0x00000000c0000000, size: 1024 MB, Compressed Oops mode: 32-bit

CDS archive(s) not mapped
Compressed class space mapped at: 0x0000000100000000-0x0000000140000000, reserved size: 1073741824
Narrow klass base: 0x0000000000000000, Narrow klass shift: 3, Narrow klass range: 0x140000000

GC Precious Log:
 CPUs: 8 total, 8 available
 Memory: 6857M
 Large Page Support: Disabled
 NUMA Support: Disabled
 Compressed Oops: Enabled (32-bit)
 Alignments: Space 512K, Generation 512K, Heap 2M
 Heap Min Capacity: 100M
 Heap Initial Capacity: 100M
 Heap Max Capacity: 1G
 Pre-touch: Disabled
 Parallel Workers: 8

Heap:
 PSYoungGen      total 24064K, used 19558K [0x00000000eab00000, 0x00000000ec580000, 0x0000000100000000)
  eden space 22016K, 80% used [0x00000000eab00000,0x00000000ebc3c868,0x00000000ec080000)
  from space 2048K, 93% used [0x00000000ec380000,0x00000000ec560000,0x00000000ec580000)
  to   space 2560K, 0% used [0x00000000ec080000,0x00000000ec080000,0x00000000ec300000)
 ParOldGen       total 68608K, used 24363K [0x00000000c0000000, 0x00000000c4300000, 0x00000000eab00000)
  object space 68608K, 35% used [0x00000000c0000000,0x00000000c17cac08,0x00000000c4300000)
 Metaspace       used 37638K, committed 38272K, reserved 1114112K
  class space    used 3854K, committed 4160K, reserved 1048576K

Card table byte_map: [0x00007fee01642000,0x00007fee01843000] _byte_map_base: 0x00007fee01042000

Marking Bits: (ParMarkBitMap*) 0x00007fee02f1f380
 Begin Bits: [0x00007fede8200000, 0x00007fede9200000)
 End Bits:   [0x00007fede9200000, 0x00007fedea200000)

Polling page: 0x00007fee032e1000

Metaspace:

Usage:
  Non-class:     32,99 MB used.
      Class:      3,76 MB used.
       Both:     36,76 MB used.

Virtual space:
  Non-class space:       64,00 MB reserved,      33,31 MB ( 52%) committed,  1 nodes.
      Class space:        1,00 GB reserved,       4,06 MB ( <1%) committed,  1 nodes.
             Both:        1,06 GB reserved,      37,38 MB (  3%) committed. 

Chunk freelists:
   Non-Class:  14,45 MB
       Class:  11,95 MB
        Both:  26,41 MB

MaxMetaspaceSize: unlimited
CompressedClassSpaceSize: 1,00 GB
Initial GC threshold: 21,00 MB
Current GC threshold: 58,38 MB
CDS: off
MetaspaceReclaimPolicy: balanced
 - commit_granule_bytes: 65536.
 - commit_granule_words: 8192.
 - virtual_space_node_default_size: 8388608.
 - enlarge_chunks_in_place: 1.
 - new_chunks_are_fully_committed: 0.
 - uncommit_free_chunks: 1.
 - use_allocation_guard: 0.
 - handle_deallocations: 1.


Internal statistics:

num_allocs_failed_limit: 8.
num_arena_births: 366.
num_arena_deaths: 14.
num_vsnodes_births: 2.
num_vsnodes_deaths: 0.
num_space_committed: 598.
num_space_uncommitted: 0.
num_chunks_returned_to_freelist: 22.
num_chunks_taken_from_freelist: 1556.
num_chunk_merges: 13.
num_chunk_splits: 1013.
num_chunks_enlarged: 667.
num_inconsistent_stats: 0.

CodeHeap 'non-profiled nmethods': size=120028Kb used=1735Kb max_used=1735Kb free=118292Kb
 bounds [0x00007fedf1cc9000, 0x00007fedf1f39000, 0x00007fedf9200000]
CodeHeap 'profiled nmethods': size=120028Kb used=7231Kb max_used=7231Kb free=112796Kb
 bounds [0x00007fedea200000, 0x00007fedea910000, 0x00007fedf1737000]
CodeHeap 'non-nmethods': size=5704Kb used=1268Kb max_used=1313Kb free=4435Kb
 bounds [0x00007fedf1737000, 0x00007fedf19a7000, 0x00007fedf1cc9000]
 total_blobs=4329 nmethods=3740 adapters=503
 compilation: enabled
              stopped_count=0, restarted_count=0
 full_count=0

Compilation events (20 events):
Event: 7,750 Thread 0x00007fedfc2210c0 3761       2       java.util.concurrent.ConcurrentHashMap$EntryIterator::next (51 bytes)
Event: 7,751 Thread 0x00007fedfc2210c0 nmethod 3761 0x00007fedea902990 code [0x00007fedea902b40, 0x00007fedea902e10]
Event: 7,751 Thread 0x00007fedfc2210c0 3762       2       java.util.concurrent.ConcurrentHashMap$MapEntry::<init> (20 bytes)
Event: 7,751 Thread 0x00007fedfc2210c0 nmethod 3762 0x00007fedea902f90 code [0x00007fedea903120, 0x00007fedea903250]
Event: 7,753 Thread 0x00007fedfc2210c0 3763       2       java.util.ResourceBundle::getObject (82 bytes)
Event: 7,754 Thread 0x00007fedfc2210c0 nmethod 3763 0x00007fedea903310 code [0x00007fedea903560, 0x00007fedea9039d0]
Event: 7,754 Thread 0x00007fedfc2210c0 3767       2       org.eclipse.jdt.internal.compiler.util.HashtableOfInt::put (95 bytes)
Event: 7,754 Thread 0x00007fedfc2210c0 nmethod 3767 0x00007fedea903d10 code [0x00007fedea903ee0, 0x00007fedea904280]
Event: 7,754 Thread 0x00007fedfc2210c0 3766       2       sun.util.ResourceBundleEnumeration::hasMoreElements (117 bytes)
Event: 7,755 Thread 0x00007fedfc2210c0 nmethod 3766 0x00007fedea904490 code [0x00007fedea904680, 0x00007fedea904a60]
Event: 7,755 Thread 0x00007fedfc2210c0 3768       2       sun.util.ResourceBundleEnumeration::nextElement (5 bytes)
Event: 7,755 Thread 0x00007fedfc2210c0 nmethod 3768 0x00007fedea904c10 code [0x00007fedea904dc0, 0x00007fedea904fd0]
Event: 7,755 Thread 0x00007fedfc2210c0 3764       2       java.util.ResourceBundle::getString (9 bytes)
Event: 7,755 Thread 0x00007fedfc2210c0 nmethod 3764 0x00007fedea905110 code [0x00007fedea9052c0, 0x00007fedea905400]
Event: 7,755 Thread 0x00007fedfc2210c0 3765       2       java.util.PropertyResourceBundle::handleGetObject (23 bytes)
Event: 7,755 Thread 0x00007fedfc2210c0 nmethod 3765 0x00007fedea905490 code [0x00007fedea905640, 0x00007fedea905810]
Event: 7,755 Thread 0x00007fedfc2210c0 3770       2       org.eclipse.jdt.internal.compiler.problem.DefaultProblemFactory::keyFromID (4 bytes)
Event: 7,755 Thread 0x00007fedfc2210c0 nmethod 3770 0x00007fedea905910 code [0x00007fedea905aa0, 0x00007fedea905b90]
Event: 7,755 Thread 0x00007fedfc2210c0 3769       2       sun.util.ResourceBundleEnumeration::nextElement (27 bytes)
Event: 7,756 Thread 0x00007fedfc2210c0 nmethod 3769 0x00007fedea905c10 code [0x00007fedea905dc0, 0x00007fedea905fd0]

GC Heap History (20 events):
Event: 6,207 GC heap before
{Heap before GC invocations=9 (full 1):
 PSYoungGen      total 27136K, used 27130K [0x00000000eab00000, 0x00000000ecb80000, 0x0000000100000000)
  eden space 24064K, 100% used [0x00000000eab00000,0x00000000ec280000,0x00000000ec280000)
  from space 3072K, 99% used [0x00000000ec300000,0x00000000ec5feb88,0x00000000ec600000)
  to   space 4608K, 0% used [0x00000000ec700000,0x00000000ec700000,0x00000000ecb80000)
 ParOldGen       total 68608K, used 7954K [0x00000000c0000000, 0x00000000c4300000, 0x00000000eab00000)
  object space 68608K, 11% used [0x00000000c0000000,0x00000000c07c4b20,0x00000000c4300000)
 Metaspace       used 34648K, committed 35392K, reserved 1114112K
  class space    used 3514K, committed 3840K, reserved 1048576K
}
Event: 6,214 GC heap after
{Heap after GC invocations=9 (full 1):
 PSYoungGen      total 27648K, used 4597K [0x00000000eab00000, 0x00000000ecd00000, 0x0000000100000000)
  eden space 23040K, 0% used [0x00000000eab00000,0x00000000eab00000,0x00000000ec180000)
  from space 4608K, 99% used [0x00000000ec700000,0x00000000ecb7d5c8,0x00000000ecb80000)
  to   space 5632K, 0% used [0x00000000ec180000,0x00000000ec180000,0x00000000ec700000)
 ParOldGen       total 68608K, used 8376K [0x00000000c0000000, 0x00000000c4300000, 0x00000000eab00000)
  object space 68608K, 12% used [0x00000000c0000000,0x00000000c082e000,0x00000000c4300000)
 Metaspace       used 34648K, committed 35392K, reserved 1114112K
  class space    used 3514K, committed 3840K, reserved 1048576K
}
Event: 6,309 GC heap before
{Heap before GC invocations=10 (full 1):
 PSYoungGen      total 27648K, used 9407K [0x00000000eab00000, 0x00000000ecd00000, 0x0000000100000000)
  eden space 23040K, 20% used [0x00000000eab00000,0x00000000eafb26d0,0x00000000ec180000)
  from space 4608K, 99% used [0x00000000ec700000,0x00000000ecb7d5c8,0x00000000ecb80000)
  to   space 5632K, 0% used [0x00000000ec180000,0x00000000ec180000,0x00000000ec700000)
 ParOldGen       total 68608K, used 8376K [0x00000000c0000000, 0x00000000c4300000, 0x00000000eab00000)
  object space 68608K, 12% used [0x00000000c0000000,0x00000000c082e000,0x00000000c4300000)
 Metaspace       used 35223K, committed 35840K, reserved 1114112K
  class space    used 3584K, committed 3840K, reserved 1048576K
}
Event: 6,315 GC heap after
{Heap after GC invocations=10 (full 1):
 PSYoungGen      total 27136K, used 3712K [0x00000000eab00000, 0x00000000ecb00000, 0x0000000100000000)
  eden space 23040K, 0% used [0x00000000eab00000,0x00000000eab00000,0x00000000ec180000)
  from space 4096K, 90% used [0x00000000ec180000,0x00000000ec520000,0x00000000ec580000)
  to   space 4608K, 0% used [0x00000000ec680000,0x00000000ec680000,0x00000000ecb00000)
 ParOldGen       total 68608K, used 9708K [0x00000000c0000000, 0x00000000c4300000, 0x00000000eab00000)
  object space 68608K, 14% used [0x00000000c0000000,0x00000000c097b100,0x00000000c4300000)
 Metaspace       used 35223K, committed 35840K, reserved 1114112K
  class space    used 3584K, committed 3840K, reserved 1048576K
}
Event: 6,315 GC heap before
{Heap before GC invocations=11 (full 2):
 PSYoungGen      total 27136K, used 3712K [0x00000000eab00000, 0x00000000ecb00000, 0x0000000100000000)
  eden space 23040K, 0% used [0x00000000eab00000,0x00000000eab00000,0x00000000ec180000)
  from space 4096K, 90% used [0x00000000ec180000,0x00000000ec520000,0x00000000ec580000)
  to   space 4608K, 0% used [0x00000000ec680000,0x00000000ec680000,0x00000000ecb00000)
 ParOldGen       total 68608K, used 9708K [0x00000000c0000000, 0x00000000c4300000, 0x00000000eab00000)
  object space 68608K, 14% used [0x00000000c0000000,0x00000000c097b100,0x00000000c4300000)
 Metaspace       used 35223K, committed 35840K, reserved 1114112K
  class space    used 3584K, committed 3840K, reserved 1048576K
}
Event: 6,367 GC heap after
{Heap after GC invocations=11 (full 2):
 PSYoungGen      total 27136K, used 0K [0x00000000eab00000, 0x00000000ecb00000, 0x0000000100000000)
  eden space 23040K, 0% used [0x00000000eab00000,0x00000000eab00000,0x00000000ec180000)
  from space 4096K, 0% used [0x00000000ec180000,0x00000000ec180000,0x00000000ec580000)
  to   space 4608K, 0% used [0x00000000ec680000,0x00000000ec680000,0x00000000ecb00000)
 ParOldGen       total 68608K, used 13064K [0x00000000c0000000, 0x00000000c4300000, 0x00000000eab00000)
  object space 68608K, 19% used [0x00000000c0000000,0x00000000c0cc21a8,0x00000000c4300000)
 Metaspace       used 35223K, committed 35840K, reserved 1114112K
  class space    used 3584K, committed 3840K, reserved 1048576K
}
Event: 6,792 GC heap before
{Heap before GC invocations=12 (full 2):
 PSYoungGen      total 27136K, used 23040K [0x00000000eab00000, 0x00000000ecb00000, 0x0000000100000000)
  eden space 23040K, 100% used [0x00000000eab00000,0x00000000ec180000,0x00000000ec180000)
  from space 4096K, 0% used [0x00000000ec180000,0x00000000ec180000,0x00000000ec580000)
  to   space 4608K, 0% used [0x00000000ec680000,0x00000000ec680000,0x00000000ecb00000)
 ParOldGen       total 68608K, used 13064K [0x00000000c0000000, 0x00000000c4300000, 0x00000000eab00000)
  object space 68608K, 19% used [0x00000000c0000000,0x00000000c0cc21a8,0x00000000c4300000)
 Metaspace       used 36381K, committed 37120K, reserved 1114112K
  class space    used 3719K, committed 4032K, reserved 1048576K
}
Event: 6,799 GC heap after
{Heap after GC invocations=12 (full 2):
 PSYoungGen      total 24576K, used 1984K [0x00000000eab00000, 0x00000000ec880000, 0x0000000100000000)
  eden space 22528K, 0% used [0x00000000eab00000,0x00000000eab00000,0x00000000ec100000)
  from space 2048K, 96% used [0x00000000ec680000,0x00000000ec870040,0x00000000ec880000)
  to   space 3072K, 0% used [0x00000000ec280000,0x00000000ec280000,0x00000000ec580000)
 ParOldGen       total 68608K, used 13072K [0x00000000c0000000, 0x00000000c4300000, 0x00000000eab00000)
  object space 68608K, 19% used [0x00000000c0000000,0x00000000c0cc41a8,0x00000000c4300000)
 Metaspace       used 36381K, committed 37120K, reserved 1114112K
  class space    used 3719K, committed 4032K, reserved 1048576K
}
Event: 7,011 GC heap before
{Heap before GC invocations=13 (full 2):
 PSYoungGen      total 24576K, used 24512K [0x00000000eab00000, 0x00000000ec880000, 0x0000000100000000)
  eden space 22528K, 100% used [0x00000000eab00000,0x00000000ec100000,0x00000000ec100000)
  from space 2048K, 96% used [0x00000000ec680000,0x00000000ec870040,0x00000000ec880000)
  to   space 3072K, 0% used [0x00000000ec280000,0x00000000ec280000,0x00000000ec580000)
 ParOldGen       total 68608K, used 13072K [0x00000000c0000000, 0x00000000c4300000, 0x00000000eab00000)
  object space 68608K, 19% used [0x00000000c0000000,0x00000000c0cc41a8,0x00000000c4300000)
 Metaspace       used 36461K, committed 37184K, reserved 1114112K
  class space    used 3724K, committed 4032K, reserved 1048576K
}
Event: 7,018 GC heap after
{Heap after GC invocations=13 (full 2):
 PSYoungGen      total 24064K, used 1920K [0x00000000eab00000, 0x00000000ec700000, 0x0000000100000000)
  eden space 22016K, 0% used [0x00000000eab00000,0x00000000eab00000,0x00000000ec080000)
  from space 2048K, 93% used [0x00000000ec280000,0x00000000ec460010,0x00000000ec480000)
  to   space 2560K, 0% used [0x00000000ec480000,0x00000000ec480000,0x00000000ec700000)
 ParOldGen       total 68608K, used 14909K [0x00000000c0000000, 0x00000000c4300000, 0x00000000eab00000)
  object space 68608K, 21% used [0x00000000c0000000,0x00000000c0e8f540,0x00000000c4300000)
 Metaspace       used 36461K, committed 37184K, reserved 1114112K
  class space    used 3724K, committed 4032K, reserved 1048576K
}
Event: 7,130 GC heap before
{Heap before GC invocations=14 (full 2):
 PSYoungGen      total 24064K, used 23936K [0x00000000eab00000, 0x00000000ec700000, 0x0000000100000000)
  eden space 22016K, 100% used [0x00000000eab00000,0x00000000ec080000,0x00000000ec080000)
  from space 2048K, 93% used [0x00000000ec280000,0x00000000ec460010,0x00000000ec480000)
  to   space 2560K, 0% used [0x00000000ec480000,0x00000000ec480000,0x00000000ec700000)
 ParOldGen       total 68608K, used 14909K [0x00000000c0000000, 0x00000000c4300000, 0x00000000eab00000)
  object space 68608K, 21% used [0x00000000c0000000,0x00000000c0e8f540,0x00000000c4300000)
 Metaspace       used 36475K, committed 37184K, reserved 1114112K
  class space    used 3724K, committed 4032K, reserved 1048576K
}
Event: 7,140 GC heap after
{Heap after GC invocations=14 (full 2):
 PSYoungGen      total 24064K, used 2016K [0x00000000eab00000, 0x00000000ec680000, 0x0000000100000000)
  eden space 22016K, 0% used [0x00000000eab00000,0x00000000eab00000,0x00000000ec080000)
  from space 2048K, 98% used [0x00000000ec480000,0x00000000ec678010,0x00000000ec680000)
  to   space 2048K, 0% used [0x00000000ec280000,0x00000000ec280000,0x00000000ec480000)
 ParOldGen       total 68608K, used 16693K [0x00000000c0000000, 0x00000000c4300000, 0x00000000eab00000)
  object space 68608K, 24% used [0x00000000c0000000,0x00000000c104d540,0x00000000c4300000)
 Metaspace       used 36475K, committed 37184K, reserved 1114112K
  class space    used 3724K, committed 4032K, reserved 1048576K
}
Event: 7,265 GC heap before
{Heap before GC invocations=15 (full 2):
 PSYoungGen      total 24064K, used 24032K [0x00000000eab00000, 0x00000000ec680000, 0x0000000100000000)
  eden space 22016K, 100% used [0x00000000eab00000,0x00000000ec080000,0x00000000ec080000)
  from space 2048K, 98% used [0x00000000ec480000,0x00000000ec678010,0x00000000ec680000)
  to   space 2048K, 0% used [0x00000000ec280000,0x00000000ec280000,0x00000000ec480000)
 ParOldGen       total 68608K, used 16693K [0x00000000c0000000, 0x00000000c4300000, 0x00000000eab00000)
  object space 68608K, 24% used [0x00000000c0000000,0x00000000c104d540,0x00000000c4300000)
 Metaspace       used 36614K, committed 37376K, reserved 1114112K
  class space    used 3739K, committed 4096K, reserved 1048576K
}
Event: 7,276 GC heap after
{Heap after GC invocations=15 (full 2):
 PSYoungGen      total 24064K, used 1792K [0x00000000eab00000, 0x00000000ec500000, 0x0000000100000000)
  eden space 22016K, 0% used [0x00000000eab00000,0x00000000eab00000,0x00000000ec080000)
  from space 2048K, 87% used [0x00000000ec280000,0x00000000ec440000,0x00000000ec480000)
  to   space 512K, 0% used [0x00000000ec480000,0x00000000ec480000,0x00000000ec500000)
 ParOldGen       total 68608K, used 18576K [0x00000000c0000000, 0x00000000c4300000, 0x00000000eab00000)
  object space 68608K, 27% used [0x00000000c0000000,0x00000000c1224068,0x00000000c4300000)
 Metaspace       used 36614K, committed 37376K, reserved 1114112K
  class space    used 3739K, committed 4096K, reserved 1048576K
}
Event: 7,368 GC heap before
{Heap before GC invocations=16 (full 2):
 PSYoungGen      total 24064K, used 23808K [0x00000000eab00000, 0x00000000ec500000, 0x0000000100000000)
  eden space 22016K, 100% used [0x00000000eab00000,0x00000000ec080000,0x00000000ec080000)
  from space 2048K, 87% used [0x00000000ec280000,0x00000000ec440000,0x00000000ec480000)
  to   space 512K, 0% used [0x00000000ec480000,0x00000000ec480000,0x00000000ec500000)
 ParOldGen       total 68608K, used 18576K [0x00000000c0000000, 0x00000000c4300000, 0x00000000eab00000)
  object space 68608K, 27% used [0x00000000c0000000,0x00000000c1224068,0x00000000c4300000)
 Metaspace       used 36615K, committed 37376K, reserved 1114112K
  class space    used 3739K, committed 4096K, reserved 1048576K
}
Event: 7,381 GC heap after
{Heap after GC invocations=16 (full 2):
 PSYoungGen      total 22528K, used 512K [0x00000000eab00000, 0x00000000ec880000, 0x0000000100000000)
  eden space 22016K, 0% used [0x00000000eab00000,0x00000000eab00000,0x00000000ec080000)
  from space 512K, 100% used [0x00000000ec480000,0x00000000ec500000,0x00000000ec500000)
  to   space 4096K, 0% used [0x00000000ec080000,0x00000000ec080000,0x00000000ec480000)
 ParOldGen       total 68608K, used 21626K [0x00000000c0000000, 0x00000000c4300000, 0x00000000eab00000)
  object space 68608K, 31% used [0x00000000c0000000,0x00000000c151ebf8,0x00000000c4300000)
 Metaspace       used 36615K, committed 37376K, reserved 1114112K
  class space    used 3739K, committed 4096K, reserved 1048576K
}
Event: 7,470 GC heap before
{Heap before GC invocations=17 (full 2):
 PSYoungGen      total 22528K, used 22528K [0x00000000eab00000, 0x00000000ec880000, 0x0000000100000000)
  eden space 22016K, 100% used [0x00000000eab00000,0x00000000ec080000,0x00000000ec080000)
  from space 512K, 100% used [0x00000000ec480000,0x00000000ec500000,0x00000000ec500000)
  to   space 4096K, 0% used [0x00000000ec080000,0x00000000ec080000,0x00000000ec480000)
 ParOldGen       total 68608K, used 21626K [0x00000000c0000000, 0x00000000c4300000, 0x00000000eab00000)
  object space 68608K, 31% used [0x00000000c0000000,0x00000000c151ebf8,0x00000000c4300000)
 Metaspace       used 36615K, committed 37376K, reserved 1114112K
  class space    used 3739K, committed 4096K, reserved 1048576K
}
Event: 7,475 GC heap after
{Heap after GC invocations=17 (full 2):
 PSYoungGen      total 24576K, used 2272K [0x00000000eab00000, 0x00000000ec680000, 0x0000000100000000)
  eden space 22016K, 0% used [0x00000000eab00000,0x00000000eab00000,0x00000000ec080000)
  from space 2560K, 88% used [0x00000000ec080000,0x00000000ec2b8010,0x00000000ec300000)
  to   space 3072K, 0% used [0x00000000ec380000,0x00000000ec380000,0x00000000ec680000)
 ParOldGen       total 68608K, used 22178K [0x00000000c0000000, 0x00000000c4300000, 0x00000000eab00000)
  object space 68608K, 32% used [0x00000000c0000000,0x00000000c15a8bf8,0x00000000c4300000)
 Metaspace       used 36615K, committed 37376K, reserved 1114112K
  class space    used 3739K, committed 4096K, reserved 1048576K
}
Event: 7,545 GC heap before
{Heap before GC invocations=18 (full 2):
 PSYoungGen      total 24576K, used 24288K [0x00000000eab00000, 0x00000000ec680000, 0x0000000100000000)
  eden space 22016K, 100% used [0x00000000eab00000,0x00000000ec080000,0x00000000ec080000)
  from space 2560K, 88% used [0x00000000ec080000,0x00000000ec2b8010,0x00000000ec300000)
  to   space 3072K, 0% used [0x00000000ec380000,0x00000000ec380000,0x00000000ec680000)
 ParOldGen       total 68608K, used 22178K [0x00000000c0000000, 0x00000000c4300000, 0x00000000eab00000)
  object space 68608K, 32% used [0x00000000c0000000,0x00000000c15a8bf8,0x00000000c4300000)
 Metaspace       used 36615K, committed 37376K, reserved 1114112K
  class space    used 3739K, committed 4096K, reserved 1048576K
}
Event: 7,552 GC heap after
{Heap after GC invocations=18 (full 2):
 PSYoungGen      total 24064K, used 1920K [0x00000000eab00000, 0x00000000ec580000, 0x0000000100000000)
  eden space 22016K, 0% used [0x00000000eab00000,0x00000000eab00000,0x00000000ec080000)
  from space 2048K, 93% used [0x00000000ec380000,0x00000000ec560000,0x00000000ec580000)
  to   space 2560K, 0% used [0x00000000ec080000,0x00000000ec080000,0x00000000ec300000)
 ParOldGen       total 68608K, used 24363K [0x00000000c0000000, 0x00000000c4300000, 0x00000000eab00000)
  object space 68608K, 35% used [0x00000000c0000000,0x00000000c17cac08,0x00000000c4300000)
 Metaspace       used 36615K, committed 37376K, reserved 1114112K
  class space    used 3739K, committed 4096K, reserved 1048576K
}

Dll operation events (9 events):
Event: 0,005 Loaded shared library /home/sergio/.vscode/extensions/redhat.java-1.28.1-linux-x64/jre/17.0.10-linux-x86_64/lib/libjava.so
Event: 0,264 Loaded shared library /home/sergio/.vscode/extensions/redhat.java-1.28.1-linux-x64/jre/17.0.10-linux-x86_64/lib/libzip.so
Event: 0,266 Loaded shared library /home/sergio/.vscode/extensions/redhat.java-1.28.1-linux-x64/jre/17.0.10-linux-x86_64/lib/libinstrument.so
Event: 0,275 Loaded shared library /home/sergio/.vscode/extensions/redhat.java-1.28.1-linux-x64/jre/17.0.10-linux-x86_64/lib/libnio.so
Event: 0,286 Loaded shared library /home/sergio/.vscode/extensions/redhat.java-1.28.1-linux-x64/jre/17.0.10-linux-x86_64/lib/libzip.so
Event: 0,307 Loaded shared library /home/sergio/.vscode/extensions/redhat.java-1.28.1-linux-x64/jre/17.0.10-linux-x86_64/lib/libjimage.so
Event: 0,370 Loaded shared library /home/sergio/.vscode/extensions/redhat.java-1.28.1-linux-x64/jre/17.0.10-linux-x86_64/lib/libverify.so
Event: 1,549 Loaded shared library /home/sergio/.vscode/extensions/redhat.java-1.28.1-linux-x64/jre/17.0.10-linux-x86_64/lib/libnet.so
Event: 2,365 Loaded shared library /home/sergio/.config/Code/User/globalStorage/redhat.java/1.28.1/config_ss_linux/org.eclipse.equinox.launcher/org.eclipse.equinox.launcher.gtk.linux.x86_64_1.2.900.v20240129-1338/eclipse_11900.so

Deoptimization events (20 events):
Event: 7,626 Thread 0x00007fed842ef520 DEOPT PACKING pc=0x00007fedf1e6b934 sp=0x00007feddeb7ce80
Event: 7,626 Thread 0x00007fed842ef520 DEOPT UNPACKING pc=0x00007fedf178d399 sp=0x00007feddeb7ce60 mode 2
Event: 7,692 Thread 0x00007fedfc73e890 Uncommon trap: trap_request=0xffffff6e fr.pc=0x00007fedf1cf15b4 relative=0x0000000000000114
Event: 7,692 Thread 0x00007fedfc73e890 Uncommon trap: reason=loop_limit_check action=maybe_recompile pc=0x00007fedf1cf15b4 method=java.lang.StringLatin1.lastIndexOf([BII)I @ 19 c2
Event: 7,692 Thread 0x00007fedfc73e890 DEOPT PACKING pc=0x00007fedf1cf15b4 sp=0x00007feddd4fb4d0
Event: 7,692 Thread 0x00007fedfc73e890 DEOPT UNPACKING pc=0x00007fedf178d399 sp=0x00007feddd4fb470 mode 2
Event: 7,692 Thread 0x00007fedfc73e890 Uncommon trap: trap_request=0xffffff6e fr.pc=0x00007fedf1dc68f4 relative=0x0000000000000154
Event: 7,692 Thread 0x00007fedfc73e890 Uncommon trap: reason=loop_limit_check action=maybe_recompile pc=0x00007fedf1dc68f4 method=java.lang.StringLatin1.lastIndexOf([BII)I @ 19 c2
Event: 7,692 Thread 0x00007fedfc73e890 DEOPT PACKING pc=0x00007fedf1dc68f4 sp=0x00007feddd4fb490
Event: 7,692 Thread 0x00007fedfc73e890 DEOPT UNPACKING pc=0x00007fedf178d399 sp=0x00007feddd4fb368 mode 2
Event: 7,694 Thread 0x00007fedfc73e890 Uncommon trap: trap_request=0xffffff6e fr.pc=0x00007fedf1d9366c relative=0x000000000000014c
Event: 7,694 Thread 0x00007fedfc73e890 Uncommon trap: reason=loop_limit_check action=maybe_recompile pc=0x00007fedf1d9366c method=java.lang.StringLatin1.lastIndexOf([BII)I @ 19 c2
Event: 7,694 Thread 0x00007fedfc73e890 DEOPT PACKING pc=0x00007fedf1d9366c sp=0x00007feddd4fb2f0
Event: 7,694 Thread 0x00007fedfc73e890 DEOPT UNPACKING pc=0x00007fedf178d399 sp=0x00007feddd4fb238 mode 2
Event: 7,708 Thread 0x00007fedfc73e890 Uncommon trap: trap_request=0xffffffc6 fr.pc=0x00007fedf1e3de38 relative=0x0000000000000698
Event: 7,708 Thread 0x00007fedfc73e890 Uncommon trap: reason=bimorphic_or_optimized_type_check action=maybe_recompile pc=0x00007fedf1e3de38 method=java.util.HashMap.putVal(ILjava/lang/Object;Ljava/lang/Object;ZZ)Ljava/lang/Object; @ 203 c2
Event: 7,708 Thread 0x00007fedfc73e890 DEOPT PACKING pc=0x00007fedf1e3de38 sp=0x00007feddd4fb230
Event: 7,708 Thread 0x00007fedfc73e890 DEOPT UNPACKING pc=0x00007fedf178d399 sp=0x00007feddd4fb1c0 mode 2
Event: 7,749 Thread 0x00007fedfc73e890 DEOPT PACKING pc=0x00007fedea6ac1cf sp=0x00007feddd4fa840
Event: 7,749 Thread 0x00007fedfc73e890 DEOPT UNPACKING pc=0x00007fedf178db2f sp=0x00007feddd4f9d70 mode 0

Classes unloaded (7 events):
Event: 3,679 Thread 0x00007fedfc068fd0 Unloading class 0x0000000100243400 'java/lang/invoke/LambdaForm$MH+0x0000000100243400'
Event: 3,679 Thread 0x00007fedfc068fd0 Unloading class 0x0000000100243000 'java/lang/invoke/LambdaForm$MH+0x0000000100243000'
Event: 3,679 Thread 0x00007fedfc068fd0 Unloading class 0x0000000100242c00 'java/lang/invoke/LambdaForm$MH+0x0000000100242c00'
Event: 3,679 Thread 0x00007fedfc068fd0 Unloading class 0x0000000100242800 'java/lang/invoke/LambdaForm$MH+0x0000000100242800'
Event: 3,679 Thread 0x00007fedfc068fd0 Unloading class 0x0000000100242400 'java/lang/invoke/LambdaForm$BMH+0x0000000100242400'
Event: 3,679 Thread 0x00007fedfc068fd0 Unloading class 0x0000000100242000 'java/lang/invoke/LambdaForm$DMH+0x0000000100242000'
Event: 3,679 Thread 0x00007fedfc068fd0 Unloading class 0x000000010023c400 'java/lang/invoke/LambdaForm$DMH+0x000000010023c400'

Classes redefined (0 events):
No events

Internal exceptions (20 events):
Event: 4,605 Thread 0x00007fedfc615d30 Exception <a 'java/lang/NoSuchMethodError'{0x00000000eb236100}: 'java.lang.Object java.lang.invoke.DirectMethodHandle$Holder.newInvokeSpecial(java.lang.Object, int, java.lang.Object, java.lang.Object)'> (0x00000000eb236100) 
thrown [src/hotspot/share/interpreter/linkResolver.cpp, line 758]
Event: 5,184 Thread 0x00007fedfc615d30 Exception <a 'sun/nio/fs/UnixException'{0x00000000eb5a99e8}> (0x00000000eb5a99e8) 
thrown [src/hotspot/share/prims/jni.cpp, line 516]
Event: 5,341 Thread 0x00007fedfc615d30 Exception <a 'java/lang/ClassNotFoundException'{0x00000000ebd8c928}: com/sun/org/apache/xml/internal/serializer/spi/XMLEntitiesProvider> (0x00000000ebd8c928) 
thrown [src/hotspot/share/classfile/systemDictionary.cpp, line 256]
Event: 5,564 Thread 0x00007fedfc615d30 Exception <a 'java/io/FileNotFoundException'{0x00000000eaca7510}> (0x00000000eaca7510) 
thrown [src/hotspot/share/prims/jni.cpp, line 516]
Event: 5,585 Thread 0x00007fedfc615d30 Exception <a 'java/io/FileNotFoundException'{0x00000000ead33b68}> (0x00000000ead33b68) 
thrown [src/hotspot/share/prims/jni.cpp, line 516]
Event: 5,598 Thread 0x00007fedfc615d30 Exception <a 'java/io/FileNotFoundException'{0x00000000eadb9718}> (0x00000000eadb9718) 
thrown [src/hotspot/share/prims/jni.cpp, line 516]
Event: 5,708 Thread 0x00007fedfc027f20 Exception <a 'java/lang/NoSuchMethodError'{0x00000000eb151cd8}: 'void java.lang.invoke.DirectMethodHandle$Holder.invokeStatic(java.lang.Object, java.lang.Object, java.lang.Object, java.lang.Object)'> (0x00000000eb151cd8) 
thrown [src/hotspot/share/interpreter/linkResolver.cpp, line 758]
Event: 5,951 Thread 0x00007fedfc027f20 Exception <a 'java/lang/NoSuchMethodError'{0x00000000eba47520}: 'void java.lang.invoke.DirectMethodHandle$Holder.invokeSpecial(java.lang.Object, java.lang.Object, java.lang.Object, java.lang.Object, java.lang.Object, java.lang.Object)'> (0x00000000eba47520) 
thrown [src/hotspot/share/interpreter/linkResolver.cpp, line 758]
Event: 5,953 Thread 0x00007fedfc027f20 Exception <a 'java/lang/IncompatibleClassChangeError'{0x00000000eba51038}: Found class java.lang.Object, but interface was expected> (0x00000000eba51038) 
thrown [src/hotspot/share/interpreter/linkResolver.cpp, line 826]
Event: 6,177 Thread 0x00007fedfc73e890 Exception <a 'java/io/FileNotFoundException'{0x00000000ec044a68}> (0x00000000ec044a68) 
thrown [src/hotspot/share/prims/jni.cpp, line 516]
Event: 6,226 Thread 0x00007fedfc73e890 Exception <a 'sun/nio/fs/UnixException'{0x00000000eaba9240}> (0x00000000eaba9240) 
thrown [src/hotspot/share/prims/jni.cpp, line 516]
Event: 6,241 Thread 0x00007fed842b7740 Exception <a 'java/lang/NoSuchMethodError'{0x00000000eac9a388}: 'int java.lang.invoke.DirectMethodHandle$Holder.invokeVirtual(java.lang.Object, java.lang.Object)'> (0x00000000eac9a388) 
thrown [src/hotspot/share/interpreter/linkResolver.cpp, line 758]
Event: 6,249 Thread 0x00007fed842b7740 Exception <a 'java/io/FileNotFoundException'{0x00000000ead32850}> (0x00000000ead32850) 
thrown [src/hotspot/share/prims/jni.cpp, line 516]
Event: 6,250 Thread 0x00007fed842b7740 Exception <a 'java/io/FileNotFoundException'{0x00000000ead33760}> (0x00000000ead33760) 
thrown [src/hotspot/share/prims/jni.cpp, line 516]
Event: 6,250 Thread 0x00007fed842b7740 Exception <a 'java/io/FileNotFoundException'{0x00000000ead34400}> (0x00000000ead34400) 
thrown [src/hotspot/share/prims/jni.cpp, line 516]
Event: 6,401 Thread 0x00007fed842ef520 Exception <a 'java/lang/NoSuchMethodError'{0x00000000eac307c8}: 'java.lang.Object java.lang.invoke.Invokers$Holder.invoke_MT(java.lang.Object, java.lang.Object, java.lang.Object)'> (0x00000000eac307c8) 
thrown [src/hotspot/share/interpreter/linkResolver.cpp, line 758]
Event: 6,759 Thread 0x00007fed842ef520 Exception <a 'java/io/FileNotFoundException'{0x00000000ebe3fd40}> (0x00000000ebe3fd40) 
thrown [src/hotspot/share/prims/jni.cpp, line 516]
Event: 6,760 Thread 0x00007fed842ef520 Exception <a 'java/io/FileNotFoundException'{0x00000000ebe41170}> (0x00000000ebe41170) 
thrown [src/hotspot/share/prims/jni.cpp, line 516]
Event: 6,763 Thread 0x00007fed842ef520 Exception <a 'java/lang/NoSuchMethodError'{0x00000000ebe52bb0}: 'void java.lang.invoke.DirectMethodHandle$Holder.invokeStaticInit(java.lang.Object, java.lang.Object, java.lang.Object)'> (0x00000000ebe52bb0) 
thrown [src/hotspot/share/interpreter/linkResolver.cpp, line 758]
Event: 7,683 Thread 0x00007fedfc73e890 Exception <a 'java/lang/NoSuchMethodError'{0x00000000eb467670}: 'java.lang.Object java.lang.invoke.DirectMethodHandle$Holder.invokeInterface(java.lang.Object, java.lang.Object, java.lang.Object)'> (0x00000000eb467670) 
thrown [src/hotspot/share/interpreter/linkResolver.cpp, line 758]

VM Operations (20 events):
Event: 6,419 Executing VM operation: HandshakeAllThreads
Event: 6,419 Executing VM operation: HandshakeAllThreads done
Event: 6,420 Executing VM operation: HandshakeAllThreads
Event: 6,420 Executing VM operation: HandshakeAllThreads done
Event: 6,792 Executing VM operation: ParallelGCFailedAllocation
Event: 6,799 Executing VM operation: ParallelGCFailedAllocation done
Event: 6,824 Executing VM operation: HandshakeAllThreads
Event: 6,824 Executing VM operation: HandshakeAllThreads done
Event: 7,011 Executing VM operation: ParallelGCFailedAllocation
Event: 7,018 Executing VM operation: ParallelGCFailedAllocation done
Event: 7,130 Executing VM operation: ParallelGCFailedAllocation
Event: 7,140 Executing VM operation: ParallelGCFailedAllocation done
Event: 7,265 Executing VM operation: ParallelGCFailedAllocation
Event: 7,276 Executing VM operation: ParallelGCFailedAllocation done
Event: 7,368 Executing VM operation: ParallelGCFailedAllocation
Event: 7,381 Executing VM operation: ParallelGCFailedAllocation done
Event: 7,470 Executing VM operation: ParallelGCFailedAllocation
Event: 7,475 Executing VM operation: ParallelGCFailedAllocation done
Event: 7,545 Executing VM operation: ParallelGCFailedAllocation
Event: 7,552 Executing VM operation: ParallelGCFailedAllocation done

Events (20 events):
Event: 6,544 loading class sun/nio/fs/BasicFileAttributesHolder
Event: 6,544 loading class sun/nio/fs/BasicFileAttributesHolder done
Event: 6,627 loading class java/util/regex/Pattern$BackRef
Event: 6,628 loading class java/util/regex/Pattern$BackRef done
Event: 6,680 loading class java/nio/channels/Channels$ReadableByteChannelImpl
Event: 6,680 loading class java/nio/channels/Channels$ReadableByteChannelImpl done
Event: 6,681 loading class java/nio/channels/NonWritableChannelException
Event: 6,681 loading class java/nio/channels/NonWritableChannelException done
Event: 6,681 loading class sun/nio/ch/ChannelInputStream
Event: 6,681 loading class sun/nio/ch/ChannelInputStream done
Event: 7,671 loading class jdk/internal/reflect/UnsafeIntegerFieldAccessorImpl
Event: 7,671 loading class jdk/internal/reflect/UnsafeIntegerFieldAccessorImpl done
Event: 7,722 loading class sun/nio/cs/ThreadLocalCoders
Event: 7,722 loading class sun/nio/cs/ThreadLocalCoders done
Event: 7,722 loading class sun/nio/cs/ThreadLocalCoders$1
Event: 7,722 loading class sun/nio/cs/ThreadLocalCoders$Cache
Event: 7,722 loading class sun/nio/cs/ThreadLocalCoders$Cache done
Event: 7,722 loading class sun/nio/cs/ThreadLocalCoders$1 done
Event: 7,722 loading class sun/nio/cs/ThreadLocalCoders$2
Event: 7,723 loading class sun/nio/cs/ThreadLocalCoders$2 done


Dynamic libraries:
c0000000-c4300000 rw-p 00000000 00:00 0 
c4300000-eab00000 ---p 00000000 00:00 0 
eab00000-ec580000 rw-p 00000000 00:00 0 
ec580000-100000000 ---p 00000000 00:00 0 
100000000-100010000 rw-p 00000000 00:00 0 
100010000-100030000 rw-p 00000000 00:00 0 
100030000-1000b0000 rw-p 00000000 00:00 0 
1000b0000-1000d0000 rw-p 00000000 00:00 0 
1000d0000-100130000 rw-p 00000000 00:00 0 
100130000-100170000 rw-p 00000000 00:00 0 
100170000-1001b0000 rw-p 00000000 00:00 0 
1001b0000-1001f0000 rw-p 00000000 00:00 0 
1001f0000-100330000 rw-p 00000000 00:00 0 
100330000-100370000 rw-p 00000000 00:00 0 
100370000-100410000 rw-p 00000000 00:00 0 
100410000-140000000 ---p 00000000 00:00 0 
557fc03be000-557fc03bf000 r--p 00000000 103:03 10299493                  /home/sergio/.vscode/extensions/redhat.java-1.28.1-linux-x64/jre/17.0.10-linux-x86_64/bin/java
557fc03bf000-557fc03c0000 r-xp 00001000 103:03 10299493                  /home/sergio/.vscode/extensions/redhat.java-1.28.1-linux-x64/jre/17.0.10-linux-x86_64/bin/java
557fc03c0000-557fc03c1000 r--p 00002000 103:03 10299493                  /home/sergio/.vscode/extensions/redhat.java-1.28.1-linux-x64/jre/17.0.10-linux-x86_64/bin/java
557fc03c1000-557fc03c2000 r--p 00002000 103:03 10299493                  /home/sergio/.vscode/extensions/redhat.java-1.28.1-linux-x64/jre/17.0.10-linux-x86_64/bin/java
557fc03c2000-557fc03c3000 rw-p 00003000 103:03 10299493                  /home/sergio/.vscode/extensions/redhat.java-1.28.1-linux-x64/jre/17.0.10-linux-x86_64/bin/java
557fc07b1000-557fc07f9000 rw-p 00000000 00:00 0                          [heap]
7fed4f600000-7fed57e22000 r--s 00000000 103:03 8011117                   /usr/lib/jvm/java-11-openjdk-amd64/lib/modules
7fed58000000-7fed580e9000 rw-p 00000000 00:00 0 
7fed580e9000-7fed5c000000 ---p 00000000 00:00 0 
7fed5c000000-7fed5c021000 rw-p 00000000 00:00 0 
7fed5c021000-7fed60000000 ---p 00000000 00:00 0 
7fed60000000-7fed60539000 rw-p 00000000 00:00 0 
7fed60539000-7fed64000000 ---p 00000000 00:00 0 
7fed64000000-7fed64021000 rw-p 00000000 00:00 0 
7fed64021000-7fed68000000 ---p 00000000 00:00 0 
7fed68000000-7fed680c8000 rw-p 00000000 00:00 0 
7fed680c8000-7fed6c000000 ---p 00000000 00:00 0 
7fed6c000000-7fed6c2f0000 rw-p 00000000 00:00 0 
7fed6c2f0000-7fed70000000 ---p 00000000 00:00 0 
7fed70000000-7fed70021000 rw-p 00000000 00:00 0 
7fed70021000-7fed74000000 ---p 00000000 00:00 0 
7fed74000000-7fed74021000 rw-p 00000000 00:00 0 
7fed74021000-7fed78000000 ---p 00000000 00:00 0 
7fed78000000-7fed78021000 rw-p 00000000 00:00 0 
7fed78021000-7fed7c000000 ---p 00000000 00:00 0 
7fed7c000000-7fed7c021000 rw-p 00000000 00:00 0 
7fed7c021000-7fed80000000 ---p 00000000 00:00 0 
7fed80000000-7fed80021000 rw-p 00000000 00:00 0 
7fed80021000-7fed84000000 ---p 00000000 00:00 0 
7fed84000000-7fed847e5000 rw-p 00000000 00:00 0 
7fed847e5000-7fed88000000 ---p 00000000 00:00 0 
7fed88000000-7fed881c0000 rw-p 00000000 00:00 0 
7fed881c0000-7fed8c000000 ---p 00000000 00:00 0 
7fed8c000000-7fed8c021000 rw-p 00000000 00:00 0 
7fed8c021000-7fed90000000 ---p 00000000 00:00 0 
7fed90000000-7fed90021000 rw-p 00000000 00:00 0 
7fed90021000-7fed94000000 ---p 00000000 00:00 0 
7fed94000000-7fed94021000 rw-p 00000000 00:00 0 
7fed94021000-7fed98000000 ---p 00000000 00:00 0 
7fed98000000-7fed98021000 rw-p 00000000 00:00 0 
7fed98021000-7fed9c000000 ---p 00000000 00:00 0 
7fed9c000000-7fed9c021000 rw-p 00000000 00:00 0 
7fed9c021000-7feda0000000 ---p 00000000 00:00 0 
7feda0000000-7feda01d3000 rw-p 00000000 00:00 0 
7feda01d3000-7feda4000000 ---p 00000000 00:00 0 
7feda4000000-7feda4021000 rw-p 00000000 00:00 0 
7feda4021000-7feda8000000 ---p 00000000 00:00 0 
7feda8000000-7feda8021000 rw-p 00000000 00:00 0 
7feda8021000-7fedac000000 ---p 00000000 00:00 0 
7fedac000000-7fedac021000 rw-p 00000000 00:00 0 
7fedac021000-7fedb0000000 ---p 00000000 00:00 0 
7fedb0000000-7fedb0021000 rw-p 00000000 00:00 0 
7fedb0021000-7fedb4000000 ---p 00000000 00:00 0 
7fedb4000000-7fedb44c0000 rw-p 00000000 00:00 0 
7fedb44c0000-7fedb8000000 ---p 00000000 00:00 0 
7fedb8000000-7fedb8615000 rw-p 00000000 00:00 0 
7fedb8615000-7fedbc000000 ---p 00000000 00:00 0 
7fedbc000000-7fedbc021000 rw-p 00000000 00:00 0 
7fedbc021000-7fedc0000000 ---p 00000000 00:00 0 
7fedc0000000-7fedc0021000 rw-p 00000000 00:00 0 
7fedc0021000-7fedc4000000 ---p 00000000 00:00 0 
7fedc4000000-7fedc55dc000 rw-p 00000000 00:00 0 
7fedc55dc000-7fedc8000000 ---p 00000000 00:00 0 
7fedc8000000-7fedc8021000 rw-p 00000000 00:00 0 
7fedc8021000-7fedcc000000 ---p 00000000 00:00 0 
7fedcc000000-7fedcc021000 rw-p 00000000 00:00 0 
7fedcc021000-7fedd0000000 ---p 00000000 00:00 0 
7fedd0000000-7fedd0021000 rw-p 00000000 00:00 0 
7fedd0021000-7fedd4000000 ---p 00000000 00:00 0 
7fedd4000000-7fedd4021000 rw-p 00000000 00:00 0 
7fedd4021000-7fedd8000000 ---p 00000000 00:00 0 
7fedd8000000-7fedd8021000 rw-p 00000000 00:00 0 
7fedd8021000-7feddc000000 ---p 00000000 00:00 0 
7feddd06d000-7feddd2fe000 rw-p 00000000 00:00 0 
7feddd2fe000-7feddd302000 ---p 00000000 00:00 0 
7feddd302000-7feddd3fe000 rw-p 00000000 00:00 0 
7feddd3fe000-7feddd402000 ---p 00000000 00:00 0 
7feddd402000-7feddd4fe000 rw-p 00000000 00:00 0 
7feddd4fe000-7feddd502000 ---p 00000000 00:00 0 
7feddd502000-7feddd5fe000 rw-p 00000000 00:00 0 
7feddd5fe000-7feddd602000 ---p 00000000 00:00 0 
7feddd602000-7feddd6fe000 rw-p 00000000 00:00 0 
7feddd6fe000-7feddd702000 ---p 00000000 00:00 0 
7feddd702000-7feddd7fe000 rw-p 00000000 00:00 0 
7feddd7fe000-7feddd802000 ---p 00000000 00:00 0 
7feddd802000-7feddd8fe000 rw-p 00000000 00:00 0 
7feddd8fe000-7feddd902000 ---p 00000000 00:00 0 
7feddd902000-7feddd9fe000 rw-p 00000000 00:00 0 
7feddd9fe000-7feddd9ff000 ---p 00000000 00:00 0 
7feddd9ff000-7fedddaff000 rw-p 00000000 00:00 0 
7fedddaff000-7fedddb00000 ---p 00000000 00:00 0 
7fedddb00000-7fedddc00000 rw-p 00000000 00:00 0 
7fedddc00000-7fedddc10000 r-xp 00000000 103:03 10300120                  /home/sergio/.config/Code/User/globalStorage/redhat.java/1.28.1/config_ss_linux/org.eclipse.equinox.launcher/org.eclipse.equinox.launcher.gtk.linux.x86_64_1.2.900.v20240129-1338/eclipse_11900.so
7fedddc10000-7feddde10000 ---p 00010000 103:03 10300120                  /home/sergio/.config/Code/User/globalStorage/redhat.java/1.28.1/config_ss_linux/org.eclipse.equinox.launcher/org.eclipse.equinox.launcher.gtk.linux.x86_64_1.2.900.v20240129-1338/eclipse_11900.so
7feddde10000-7feddde11000 r--p 00010000 103:03 10300120                  /home/sergio/.config/Code/User/globalStorage/redhat.java/1.28.1/config_ss_linux/org.eclipse.equinox.launcher/org.eclipse.equinox.launcher.gtk.linux.x86_64_1.2.900.v20240129-1338/eclipse_11900.so
7feddde11000-7feddde12000 rw-p 00011000 103:03 10300120                  /home/sergio/.config/Code/User/globalStorage/redhat.java/1.28.1/config_ss_linux/org.eclipse.equinox.launcher/org.eclipse.equinox.launcher.gtk.linux.x86_64_1.2.900.v20240129-1338/eclipse_11900.so
7feddde12000-7feddde13000 rw-p 00000000 00:00 0 
7feddde79000-7feddde7d000 ---p 00000000 00:00 0 
7feddde7d000-7fedddf79000 rw-p 00000000 00:00 0 
7fedddf79000-7fedddf7d000 ---p 00000000 00:00 0 
7fedddf7d000-7fedde079000 rw-p 00000000 00:00 0 
7fedde079000-7fedde07d000 ---p 00000000 00:00 0 
7fedde07d000-7fedde179000 rw-p 00000000 00:00 0 
7fedde179000-7fedde17d000 ---p 00000000 00:00 0 
7fedde17d000-7fedde279000 rw-p 00000000 00:00 0 
7fedde279000-7fedde27a000 ---p 00000000 00:00 0 
7fedde27a000-7fedde37a000 rw-p 00000000 00:00 0 
7fedde37a000-7fedde37b000 ---p 00000000 00:00 0 
7fedde37b000-7fedde47b000 rw-p 00000000 00:00 0 
7fedde47b000-7fedde47c000 ---p 00000000 00:00 0 
7fedde47c000-7fedde57c000 rw-p 00000000 00:00 0 
7fedde57c000-7fedde57d000 ---p 00000000 00:00 0 
7fedde57d000-7fedde67d000 rw-p 00000000 00:00 0 
7fedde67d000-7fedde67e000 ---p 00000000 00:00 0 
7fedde67e000-7fedde77e000 rw-p 00000000 00:00 0 
7fedde77e000-7fedde782000 ---p 00000000 00:00 0 
7fedde782000-7fedde87e000 rw-p 00000000 00:00 0 
7fedde87e000-7fedde87f000 ---p 00000000 00:00 0 
7fedde87f000-7fedde97f000 rw-p 00000000 00:00 0 
7fedde97f000-7fedde983000 ---p 00000000 00:00 0 
7fedde983000-7feddea7f000 rw-p 00000000 00:00 0 
7feddea7f000-7feddea83000 ---p 00000000 00:00 0 
7feddea83000-7feddeb7f000 rw-p 00000000 00:00 0 
7feddeb7f000-7feddeb83000 ---p 00000000 00:00 0 
7feddeb83000-7feddec7f000 rw-p 00000000 00:00 0 
7feddec7f000-7feddec83000 ---p 00000000 00:00 0 
7feddec83000-7fedded7f000 rw-p 00000000 00:00 0 
7fedded7f000-7fedded83000 ---p 00000000 00:00 0 
7fedded83000-7feddee7f000 rw-p 00000000 00:00 0 
7feddee7f000-7feddee83000 ---p 00000000 00:00 0 
7feddee83000-7feddef7f000 rw-p 00000000 00:00 0 
7feddef7f000-7feddef83000 ---p 00000000 00:00 0 
7feddef83000-7feddf07f000 rw-p 00000000 00:00 0 
7feddf07f000-7feddf083000 ---p 00000000 00:00 0 
7feddf083000-7feddf17f000 rw-p 00000000 00:00 0 
7feddf17f000-7feddf183000 ---p 00000000 00:00 0 
7feddf183000-7feddf27f000 rw-p 00000000 00:00 0 
7feddf27f000-7feddf4f7000 r--p 00000000 07:02 186                        /snap/code/152/usr/lib/locale/aa_DJ.utf8/LC_COLLATE
7feddf4f7000-7feddf4fb000 ---p 00000000 00:00 0 
7feddf4fb000-7feddf5f7000 rw-p 00000000 00:00 0 
7feddf5f7000-7feddf5fb000 ---p 00000000 00:00 0 
7feddf5fb000-7feddf6f7000 rw-p 00000000 00:00 0 
7feddf6f7000-7feddf6f8000 ---p 00000000 00:00 0 
7feddf6f8000-7fede03f0000 rw-p 00000000 00:00 0 
7fede03f0000-7fede0450000 rw-p 00000000 00:00 0 
7fede0450000-7fede0470000 rw-p 00000000 00:00 0 
7fede0470000-7fede04f0000 rw-p 00000000 00:00 0 
7fede04f0000-7fede07f0000 rw-p 00000000 00:00 0 
7fede07f0000-7fede08f0000 rw-p 00000000 00:00 0 
7fede08f0000-7fede0b70000 rw-p 00000000 00:00 0 
7fede0b70000-7fede0bf0000 rw-p 00000000 00:00 0 
7fede0bf0000-7fede0d70000 rw-p 00000000 00:00 0 
7fede0d70000-7fede0ef0000 rw-p 00000000 00:00 0 
7fede0ef0000-7fede0ff0000 rw-p 00000000 00:00 0 
7fede0ff0000-7fede18f0000 rw-p 00000000 00:00 0 
7fede18f0000-7fede19f0000 rw-p 00000000 00:00 0 
7fede19f0000-7fede1af0000 rw-p 00000000 00:00 0 
7fede1af0000-7fede1bf0000 rw-p 00000000 00:00 0 
7fede1bf0000-7fede1d70000 rw-p 00000000 00:00 0 
7fede1d70000-7fede1df0000 rw-p 00000000 00:00 0 
7fede1df0000-7fede1f70000 rw-p 00000000 00:00 0 
7fede1f70000-7fede1fc0000 rw-p 00000000 00:00 0 
7fede1fc0000-7fede2000000 ---p 00000000 00:00 0 
7fede2000000-7fede21a0000 rw-p 00000000 00:00 0 
7fede21a0000-7fede4000000 ---p 00000000 00:00 0 
7fede4000000-7fede4021000 rw-p 00000000 00:00 0 
7fede4021000-7fede8000000 ---p 00000000 00:00 0 
7fede80ff000-7fedea200000 rw-p 00000000 00:00 0 
7fedea200000-7fedea910000 rwxp 00000000 00:00 0 
7fedea910000-7fedf1737000 ---p 00000000 00:00 0 
7fedf1737000-7fedf19a7000 rwxp 00000000 00:00 0 
7fedf19a7000-7fedf1cc9000 ---p 00000000 00:00 0 
7fedf1cc9000-7fedf1f39000 rwxp 00000000 00:00 0 
7fedf1f39000-7fedf9200000 ---p 00000000 00:00 0 
7fedf9200000-7fedfbe27000 r--s 00000000 103:03 10299859                  /home/sergio/.vscode/extensions/redhat.java-1.28.1-linux-x64/jre/17.0.10-linux-x86_64/lib/modules
7fedfbeae000-7fedfbeb2000 ---p 00000000 00:00 0 
7fedfbeb2000-7fedfbed0000 rw-p 00000000 00:00 0 
7fedfbed0000-7fedfbed4000 r--p 00000000 103:03 10299845                  /home/sergio/.vscode/extensions/redhat.java-1.28.1-linux-x64/jre/17.0.10-linux-x86_64/lib/libnet.so
7fedfbed4000-7fedfbee2000 r-xp 00004000 103:03 10299845                  /home/sergio/.vscode/extensions/redhat.java-1.28.1-linux-x64/jre/17.0.10-linux-x86_64/lib/libnet.so
7fedfbee2000-7fedfbee6000 r--p 00012000 103:03 10299845                  /home/sergio/.vscode/extensions/redhat.java-1.28.1-linux-x64/jre/17.0.10-linux-x86_64/lib/libnet.so
7fedfbee6000-7fedfbee7000 r--p 00015000 103:03 10299845                  /home/sergio/.vscode/extensions/redhat.java-1.28.1-linux-x64/jre/17.0.10-linux-x86_64/lib/libnet.so
7fedfbee7000-7fedfbee8000 rw-p 00016000 103:03 10299845                  /home/sergio/.vscode/extensions/redhat.java-1.28.1-linux-x64/jre/17.0.10-linux-x86_64/lib/libnet.so
7fedfbee8000-7fedfbeef000 r--p 00000000 103:03 10299850                  /home/sergio/.vscode/extensions/redhat.java-1.28.1-linux-x64/jre/17.0.10-linux-x86_64/lib/libnio.so
7fedfbeef000-7fedfbef8000 r-xp 00007000 103:03 10299850                  /home/sergio/.vscode/extensions/redhat.java-1.28.1-linux-x64/jre/17.0.10-linux-x86_64/lib/libnio.so
7fedfbef8000-7fedfbefc000 r--p 00010000 103:03 10299850                  /home/sergio/.vscode/extensions/redhat.java-1.28.1-linux-x64/jre/17.0.10-linux-x86_64/lib/libnio.so
7fedfbefc000-7fedfbefd000 ---p 00014000 103:03 10299850                  /home/sergio/.vscode/extensions/redhat.java-1.28.1-linux-x64/jre/17.0.10-linux-x86_64/lib/libnio.so
7fedfbefd000-7fedfbefe000 r--p 00014000 103:03 10299850                  /home/sergio/.vscode/extensions/redhat.java-1.28.1-linux-x64/jre/17.0.10-linux-x86_64/lib/libnio.so
7fedfbefe000-7fedfbeff000 rw-p 00015000 103:03 10299850                  /home/sergio/.vscode/extensions/redhat.java-1.28.1-linux-x64/jre/17.0.10-linux-x86_64/lib/libnio.so
7fedfbeff000-7fedfc000000 rw-p 00000000 00:00 0 
7fedfc000000-7fedfc755000 rw-p 00000000 00:00 0 
7fedfc755000-7fee00000000 ---p 00000000 00:00 0 
7fee00005000-7fee00059000 r--p 00000000 07:02 187                        /snap/code/152/usr/lib/locale/aa_DJ.utf8/LC_CTYPE
7fee00059000-7fee0140d000 rw-p 00000000 00:00 0 
7fee0140d000-7fee01541000 ---p 00000000 00:00 0 
7fee01541000-7fee01542000 ---p 00000000 00:00 0 
7fee01542000-7fee01664000 rw-p 00000000 00:00 0 
7fee01664000-7fee01797000 ---p 00000000 00:00 0 
7fee01797000-7fee017a5000 rw-p 00000000 00:00 0 
7fee017a5000-7fee01842000 ---p 00000000 00:00 0 
7fee01842000-7fee01848000 rw-p 00000000 00:00 0 
7fee01848000-7fee0192e000 ---p 00000000 00:00 0 
7fee0192e000-7fee0193d000 rw-p 00000000 00:00 0 
7fee0193d000-7fee01a19000 ---p 00000000 00:00 0 
7fee01a19000-7fee01a1d000 ---p 00000000 00:00 0 
7fee01a1d000-7fee01b19000 rw-p 00000000 00:00 0 
7fee01b19000-7fee01b27000 r--p 00000000 103:03 7997556                   /usr/lib/x86_64-linux-gnu/libm.so.6
7fee01b27000-7fee01ba3000 r-xp 0000e000 103:03 7997556                   /usr/lib/x86_64-linux-gnu/libm.so.6
7fee01ba3000-7fee01bfe000 r--p 0008a000 103:03 7997556                   /usr/lib/x86_64-linux-gnu/libm.so.6
7fee01bfe000-7fee01bff000 r--p 000e4000 103:03 7997556                   /usr/lib/x86_64-linux-gnu/libm.so.6
7fee01bff000-7fee01c00000 rw-p 000e5000 103:03 7997556                   /usr/lib/x86_64-linux-gnu/libm.so.6
7fee01c00000-7fee01e53000 r--p 00000000 103:03 10299869                  /home/sergio/.vscode/extensions/redhat.java-1.28.1-linux-x64/jre/17.0.10-linux-x86_64/lib/server/libjvm.so
7fee01e53000-7fee02b72000 r-xp 00253000 103:03 10299869                  /home/sergio/.vscode/extensions/redhat.java-1.28.1-linux-x64/jre/17.0.10-linux-x86_64/lib/server/libjvm.so
7fee02b72000-7fee02dfe000 r--p 00f72000 103:03 10299869                  /home/sergio/.vscode/extensions/redhat.java-1.28.1-linux-x64/jre/17.0.10-linux-x86_64/lib/server/libjvm.so
7fee02dfe000-7fee02dff000 ---p 011fe000 103:03 10299869                  /home/sergio/.vscode/extensions/redhat.java-1.28.1-linux-x64/jre/17.0.10-linux-x86_64/lib/server/libjvm.so
7fee02dff000-7fee02eb8000 r--p 011fe000 103:03 10299869                  /home/sergio/.vscode/extensions/redhat.java-1.28.1-linux-x64/jre/17.0.10-linux-x86_64/lib/server/libjvm.so
7fee02eb8000-7fee02eed000 rw-p 012b7000 103:03 10299869                  /home/sergio/.vscode/extensions/redhat.java-1.28.1-linux-x64/jre/17.0.10-linux-x86_64/lib/server/libjvm.so
7fee02eed000-7fee02f47000 rw-p 00000000 00:00 0 
7fee02f4d000-7fee02f51000 r--p 00000000 103:03 10299856                  /home/sergio/.vscode/extensions/redhat.java-1.28.1-linux-x64/jre/17.0.10-linux-x86_64/lib/libverify.so
7fee02f51000-7fee02f58000 r-xp 00004000 103:03 10299856                  /home/sergio/.vscode/extensions/redhat.java-1.28.1-linux-x64/jre/17.0.10-linux-x86_64/lib/libverify.so
7fee02f58000-7fee02f5a000 r--p 0000b000 103:03 10299856                  /home/sergio/.vscode/extensions/redhat.java-1.28.1-linux-x64/jre/17.0.10-linux-x86_64/lib/libverify.so
7fee02f5a000-7fee02f5c000 r--p 0000c000 103:03 10299856                  /home/sergio/.vscode/extensions/redhat.java-1.28.1-linux-x64/jre/17.0.10-linux-x86_64/lib/libverify.so
7fee02f5c000-7fee02f5d000 rw-p 0000e000 103:03 10299856                  /home/sergio/.vscode/extensions/redhat.java-1.28.1-linux-x64/jre/17.0.10-linux-x86_64/lib/libverify.so
7fee02f5d000-7fee02f64000 r--s 00000000 103:03 8021321                   /usr/lib/x86_64-linux-gnu/gconv/gconv-modules.cache
7fee02f64000-7fee03000000 rw-p 00000000 00:00 0 
7fee03000000-7fee03028000 r--p 00000000 103:03 7997546                   /usr/lib/x86_64-linux-gnu/libc.so.6
7fee03028000-7fee031bd000 r-xp 00028000 103:03 7997546                   /usr/lib/x86_64-linux-gnu/libc.so.6
7fee031bd000-7fee03215000 r--p 001bd000 103:03 7997546                   /usr/lib/x86_64-linux-gnu/libc.so.6
7fee03215000-7fee03219000 r--p 00214000 103:03 7997546                   /usr/lib/x86_64-linux-gnu/libc.so.6
7fee03219000-7fee0321b000 rw-p 00218000 103:03 7997546                   /usr/lib/x86_64-linux-gnu/libc.so.6
7fee0321b000-7fee03228000 rw-p 00000000 00:00 0 
7fee03229000-7fee0322a000 r--p 00000000 07:02 278                        /snap/code/152/usr/lib/locale/agr_PE/LC_NUMERIC
7fee0322a000-7fee0322b000 r--p 00000000 07:02 2717                       /snap/code/152/usr/lib/locale/es_ES.utf8/LC_TIME
7fee0322b000-7fee0322c000 r--p 00000000 07:02 332                        /snap/code/152/usr/lib/locale/an_ES.utf8/LC_MONETARY
7fee0322c000-7fee0322d000 r--p 00000000 07:02 1955                       /snap/code/152/usr/lib/locale/en_AG/LC_MESSAGES/SYS_LC_MESSAGES
7fee0322d000-7fee0322e000 r--p 00000000 07:02 195                        /snap/code/152/usr/lib/locale/aa_DJ.utf8/LC_PAPER
7fee0322e000-7fee03230000 r--p 00000000 103:03 10299857                  /home/sergio/.vscode/extensions/redhat.java-1.28.1-linux-x64/jre/17.0.10-linux-x86_64/lib/libzip.so
7fee03230000-7fee03242000 r-xp 00002000 103:03 10299857                  /home/sergio/.vscode/extensions/redhat.java-1.28.1-linux-x64/jre/17.0.10-linux-x86_64/lib/libzip.so
7fee03242000-7fee0324a000 r--p 00014000 103:03 10299857                  /home/sergio/.vscode/extensions/redhat.java-1.28.1-linux-x64/jre/17.0.10-linux-x86_64/lib/libzip.so
7fee0324a000-7fee0324b000 r--p 0001b000 103:03 10299857                  /home/sergio/.vscode/extensions/redhat.java-1.28.1-linux-x64/jre/17.0.10-linux-x86_64/lib/libzip.so
7fee0324b000-7fee0324c000 rw-p 0001c000 103:03 10299857                  /home/sergio/.vscode/extensions/redhat.java-1.28.1-linux-x64/jre/17.0.10-linux-x86_64/lib/libzip.so
7fee0324c000-7fee03265000 rw-p 00000000 00:00 0 
7fee03265000-7fee0326c000 ---p 00000000 00:00 0 
7fee0326c000-7fee03274000 rw-s 00000000 103:03 9961490                   /tmp/hsperfdata_sergio/10450
7fee03274000-7fee03282000 r--p 00000000 103:03 10299821                  /home/sergio/.vscode/extensions/redhat.java-1.28.1-linux-x64/jre/17.0.10-linux-x86_64/lib/libjava.so
7fee03282000-7fee03294000 r-xp 0000e000 103:03 10299821                  /home/sergio/.vscode/extensions/redhat.java-1.28.1-linux-x64/jre/17.0.10-linux-x86_64/lib/libjava.so
7fee03294000-7fee0329a000 r--p 00020000 103:03 10299821                  /home/sergio/.vscode/extensions/redhat.java-1.28.1-linux-x64/jre/17.0.10-linux-x86_64/lib/libjava.so
7fee0329a000-7fee0329b000 ---p 00026000 103:03 10299821                  /home/sergio/.vscode/extensions/redhat.java-1.28.1-linux-x64/jre/17.0.10-linux-x86_64/lib/libjava.so
7fee0329b000-7fee0329c000 r--p 00026000 103:03 10299821                  /home/sergio/.vscode/extensions/redhat.java-1.28.1-linux-x64/jre/17.0.10-linux-x86_64/lib/libjava.so
7fee0329c000-7fee0329d000 rw-p 00027000 103:03 10299821                  /home/sergio/.vscode/extensions/redhat.java-1.28.1-linux-x64/jre/17.0.10-linux-x86_64/lib/libjava.so
7fee0329d000-7fee0329e000 rw-p 00000000 00:00 0 
7fee0329e000-7fee032a2000 r--p 00000000 103:03 10299827                  /home/sergio/.vscode/extensions/redhat.java-1.28.1-linux-x64/jre/17.0.10-linux-x86_64/lib/libjimage.so
7fee032a2000-7fee032b5000 r-xp 00004000 103:03 10299827                  /home/sergio/.vscode/extensions/redhat.java-1.28.1-linux-x64/jre/17.0.10-linux-x86_64/lib/libjimage.so
7fee032b5000-7fee032bb000 r--p 00017000 103:03 10299827                  /home/sergio/.vscode/extensions/redhat.java-1.28.1-linux-x64/jre/17.0.10-linux-x86_64/lib/libjimage.so
7fee032bb000-7fee032bd000 r--p 0001c000 103:03 10299827                  /home/sergio/.vscode/extensions/redhat.java-1.28.1-linux-x64/jre/17.0.10-linux-x86_64/lib/libjimage.so
7fee032bd000-7fee032be000 rw-p 0001e000 103:03 10299827                  /home/sergio/.vscode/extensions/redhat.java-1.28.1-linux-x64/jre/17.0.10-linux-x86_64/lib/libjimage.so
7fee032be000-7fee032bf000 r--p 00000000 103:03 7997589                   /usr/lib/x86_64-linux-gnu/librt.so.1
7fee032bf000-7fee032c0000 r-xp 00001000 103:03 7997589                   /usr/lib/x86_64-linux-gnu/librt.so.1
7fee032c0000-7fee032c1000 r--p 00002000 103:03 7997589                   /usr/lib/x86_64-linux-gnu/librt.so.1
7fee032c1000-7fee032c2000 r--p 00002000 103:03 7997589                   /usr/lib/x86_64-linux-gnu/librt.so.1
7fee032c2000-7fee032c3000 rw-p 00003000 103:03 7997589                   /usr/lib/x86_64-linux-gnu/librt.so.1
7fee032c3000-7fee032c5000 rw-p 00000000 00:00 0 
7fee032c5000-7fee032c6000 r--p 00000000 103:03 7997553                   /usr/lib/x86_64-linux-gnu/libdl.so.2
7fee032c6000-7fee032c7000 r-xp 00001000 103:03 7997553                   /usr/lib/x86_64-linux-gnu/libdl.so.2
7fee032c7000-7fee032c8000 r--p 00002000 103:03 7997553                   /usr/lib/x86_64-linux-gnu/libdl.so.2
7fee032c8000-7fee032c9000 r--p 00002000 103:03 7997553                   /usr/lib/x86_64-linux-gnu/libdl.so.2
7fee032c9000-7fee032ca000 rw-p 00003000 103:03 7997553                   /usr/lib/x86_64-linux-gnu/libdl.so.2
7fee032ca000-7fee032cb000 r--p 00000000 103:03 7997579                   /usr/lib/x86_64-linux-gnu/libpthread.so.0
7fee032cb000-7fee032cc000 r-xp 00001000 103:03 7997579                   /usr/lib/x86_64-linux-gnu/libpthread.so.0
7fee032cc000-7fee032cd000 r--p 00002000 103:03 7997579                   /usr/lib/x86_64-linux-gnu/libpthread.so.0
7fee032cd000-7fee032ce000 r--p 00002000 103:03 7997579                   /usr/lib/x86_64-linux-gnu/libpthread.so.0
7fee032ce000-7fee032cf000 rw-p 00003000 103:03 7997579                   /usr/lib/x86_64-linux-gnu/libpthread.so.0
7fee032cf000-7fee032d0000 r--p 00000000 07:02 277                        /snap/code/152/usr/lib/locale/agr_PE/LC_NAME
7fee032d0000-7fee032d1000 r--p 00000000 07:02 2705                       /snap/code/152/usr/lib/locale/es_ES.utf8/LC_ADDRESS
7fee032d1000-7fee032d2000 r--p 00000000 07:02 336                        /snap/code/152/usr/lib/locale/an_ES.utf8/LC_TELEPHONE
7fee032d2000-7fee032d3000 r--p 00000000 07:02 189                        /snap/code/152/usr/lib/locale/aa_DJ.utf8/LC_MEASUREMENT
7fee032d3000-7fee032d4000 r--p 00000000 07:02 2708                       /snap/code/152/usr/lib/locale/es_ES.utf8/LC_IDENTIFICATION
7fee032d4000-7fee032d6000 r--p 00000000 103:03 10299815                  /home/sergio/.vscode/extensions/redhat.java-1.28.1-linux-x64/jre/17.0.10-linux-x86_64/lib/libinstrument.so
7fee032d6000-7fee032dc000 r-xp 00002000 103:03 10299815                  /home/sergio/.vscode/extensions/redhat.java-1.28.1-linux-x64/jre/17.0.10-linux-x86_64/lib/libinstrument.so
7fee032dc000-7fee032df000 r--p 00008000 103:03 10299815                  /home/sergio/.vscode/extensions/redhat.java-1.28.1-linux-x64/jre/17.0.10-linux-x86_64/lib/libinstrument.so
7fee032df000-7fee032e0000 r--p 0000a000 103:03 10299815                  /home/sergio/.vscode/extensions/redhat.java-1.28.1-linux-x64/jre/17.0.10-linux-x86_64/lib/libinstrument.so
7fee032e0000-7fee032e1000 rw-p 0000b000 103:03 10299815                  /home/sergio/.vscode/extensions/redhat.java-1.28.1-linux-x64/jre/17.0.10-linux-x86_64/lib/libinstrument.so
7fee032e1000-7fee032e2000 ---p 00000000 00:00 0 
7fee032e2000-7fee032e3000 r--p 00000000 00:00 0 
7fee032e3000-7fee032e6000 r--p 00000000 103:03 10299828                  /home/sergio/.vscode/extensions/redhat.java-1.28.1-linux-x64/jre/17.0.10-linux-x86_64/lib/libjli.so
7fee032e6000-7fee032f6000 r-xp 00003000 103:03 10299828                  /home/sergio/.vscode/extensions/redhat.java-1.28.1-linux-x64/jre/17.0.10-linux-x86_64/lib/libjli.so
7fee032f6000-7fee032fd000 r--p 00013000 103:03 10299828                  /home/sergio/.vscode/extensions/redhat.java-1.28.1-linux-x64/jre/17.0.10-linux-x86_64/lib/libjli.so
7fee032fd000-7fee032fe000 r--p 00019000 103:03 10299828                  /home/sergio/.vscode/extensions/redhat.java-1.28.1-linux-x64/jre/17.0.10-linux-x86_64/lib/libjli.so
7fee032fe000-7fee032ff000 rw-p 0001a000 103:03 10299828                  /home/sergio/.vscode/extensions/redhat.java-1.28.1-linux-x64/jre/17.0.10-linux-x86_64/lib/libjli.so
7fee032ff000-7fee03301000 rw-p 00000000 00:00 0 
7fee03301000-7fee03303000 r--p 00000000 103:03 7995466                   /usr/lib/x86_64-linux-gnu/ld-linux-x86-64.so.2
7fee03303000-7fee0332d000 r-xp 00002000 103:03 7995466                   /usr/lib/x86_64-linux-gnu/ld-linux-x86-64.so.2
7fee0332d000-7fee03338000 r--p 0002c000 103:03 7995466                   /usr/lib/x86_64-linux-gnu/ld-linux-x86-64.so.2
7fee03338000-7fee03339000 ---p 00000000 00:00 0 
7fee03339000-7fee0333b000 r--p 00037000 103:03 7995466                   /usr/lib/x86_64-linux-gnu/ld-linux-x86-64.so.2
7fee0333b000-7fee0333d000 rw-p 00039000 103:03 7995466                   /usr/lib/x86_64-linux-gnu/ld-linux-x86-64.so.2
7ffc87073000-7ffc87095000 rw-p 00000000 00:00 0                          [stack]
7ffc871c3000-7ffc871c7000 r--p 00000000 00:00 0                          [vvar]
7ffc871c7000-7ffc871c9000 r-xp 00000000 00:00 0                          [vdso]
ffffffffff600000-ffffffffff601000 --xp 00000000 00:00 0                  [vsyscall]


VM Arguments:
jvm_args: --add-modules=ALL-SYSTEM --add-opens=java.base/java.util=ALL-UNNAMED --add-opens=java.base/java.lang=ALL-UNNAMED --add-opens=java.base/sun.nio.fs=ALL-UNNAMED -Declipse.application=org.eclipse.jdt.ls.core.id1 -Dosgi.bundles.defaultStartLevel=4 -Declipse.product=org.eclipse.jdt.ls.core.product -Djava.import.generatesMetadataFilesAtProjectRoot=false -DDetectVMInstallationsJob.disabled=true -Dfile.encoding=utf8 -XX:+UseParallelGC -XX:GCTimeRatio=4 -XX:AdaptiveSizePolicyWeight=90 -Dsun.zip.disableMemoryMapping=true -Xmx1G -Xms100m -Xlog:disable -javaagent:/home/sergio/.vscode/extensions/redhat.java-1.28.1-linux-x64/lombok/lombok-1.18.31.jar 
java_command: /home/sergio/.vscode/extensions/redhat.java-1.28.1-linux-x64/server/plugins/org.eclipse.equinox.launcher_1.6.700.v20231214-2017.jar -configuration /home/sergio/.config/Code/User/globalStorage/redhat.java/1.28.1/config_ss_linux -data /home/sergio/.config/Code/User/workspaceStorage/c6ab1c8030ca2cd84db316b525bdab83/redhat.java/ss_ws --stdio
java_class_path (initial): /home/sergio/.vscode/extensions/redhat.java-1.28.1-linux-x64/server/plugins/org.eclipse.equinox.launcher_1.6.700.v20231214-2017.jar
Launcher Type: SUN_STANDARD

[Global flags]
    uintx AdaptiveSizePolicyWeight                 = 90                                        {product} {command line}
     intx CICompilerCount                          = 4                                         {product} {ergonomic}
    uintx GCTimeRatio                              = 4                                         {product} {command line}
   size_t InitialHeapSize                          = 104857600                                 {product} {command line}
   size_t MaxHeapSize                              = 1073741824                                {product} {command line}
   size_t MaxNewSize                               = 357564416                                 {product} {ergonomic}
   size_t MinHeapDeltaBytes                        = 524288                                    {product} {ergonomic}
   size_t MinHeapSize                              = 104857600                                 {product} {command line}
   size_t NewSize                                  = 34603008                                  {product} {ergonomic}
    uintx NonNMethodCodeHeapSize                   = 5839372                                {pd product} {ergonomic}
    uintx NonProfiledCodeHeapSize                  = 122909434                              {pd product} {ergonomic}
   size_t OldSize                                  = 70254592                                  {product} {ergonomic}
    uintx ProfiledCodeHeapSize                     = 122909434                              {pd product} {ergonomic}
    uintx ReservedCodeCacheSize                    = 251658240                              {pd product} {ergonomic}
     bool SegmentedCodeCache                       = true                                      {product} {ergonomic}
   size_t SoftMaxHeapSize                          = 1073741824                             {manageable} {ergonomic}
     bool UseCompressedClassPointers               = true                           {product lp64_product} {ergonomic}
     bool UseCompressedOops                        = true                           {product lp64_product} {ergonomic}
     bool UseParallelGC                            = true                                      {product} {command line}

Logging:
Log output configuration:
 #0: stdout all=off uptime,level,tags
 #1: stderr all=off uptime,level,tags

Environment Variables:
PATH=/home/sergio/.local/bin:/opt/verilator/bin:/home/sergio/.local/bin:/opt/verilator/bin:/usr/local/sbin:/usr/local/bin:/usr/sbin:/usr/bin:/sbin:/bin:/usr/games:/usr/local/games:/snap/bin:/snap/bin:/home/sergio/Programs/install/bin
USERNAME=sergio
SHELL=/bin/bash
DISPLAY=:0
LANG=en_US.UTF-8
LC_NUMERIC=es_ES.UTF-8
LC_TIME=es_ES.UTF-8

Active Locale:
LC_ALL=LC_CTYPE=en_US.UTF-8;LC_NUMERIC=es_ES.UTF-8;LC_TIME=es_ES.UTF-8;LC_COLLATE=en_US.UTF-8;LC_MONETARY=es_ES.UTF-8;LC_MESSAGES=en_US.UTF-8;LC_PAPER=es_ES.UTF-8;LC_NAME=es_ES.UTF-8;LC_ADDRESS=es_ES.UTF-8;LC_TELEPHONE=es_ES.UTF-8;LC_MEASUREMENT=es_ES.UTF-8;LC_IDENTIFICATION=es_ES.UTF-8
LC_COLLATE=en_US.UTF-8
LC_CTYPE=en_US.UTF-8
LC_MESSAGES=en_US.UTF-8
LC_MONETARY=es_ES.UTF-8
LC_NUMERIC=es_ES.UTF-8
LC_TIME=es_ES.UTF-8

Signal Handlers:
   SIGSEGV: crash_handler in libjvm.so, mask=11100100010111111101111111111110, flags=SA_RESTART|SA_SIGINFO, unblocked
    SIGBUS: crash_handler in libjvm.so, mask=11100100010111111101111111111110, flags=SA_RESTART|SA_SIGINFO, unblocked
    SIGFPE: crash_handler in libjvm.so, mask=11100100010111111101111111111110, flags=SA_RESTART|SA_SIGINFO, unblocked
   SIGPIPE: javaSignalHandler in libjvm.so, mask=11100100010111111101111111111110, flags=SA_RESTART|SA_SIGINFO, blocked
   SIGXFSZ: javaSignalHandler in libjvm.so, mask=11100100010111111101111111111110, flags=SA_RESTART|SA_SIGINFO, blocked
    SIGILL: crash_handler in libjvm.so, mask=11100100010111111101111111111110, flags=SA_RESTART|SA_SIGINFO, unblocked
   SIGUSR2: SR_handler in libjvm.so, mask=00000000000000000000000000000000, flags=SA_RESTART|SA_SIGINFO, blocked
    SIGHUP: UserHandler in libjvm.so, mask=11100100010111111101111111111110, flags=SA_RESTART|SA_SIGINFO, blocked
    SIGINT: UserHandler in libjvm.so, mask=11100100010111111101111111111110, flags=SA_RESTART|SA_SIGINFO, blocked
   SIGTERM: UserHandler in libjvm.so, mask=11100100010111111101111111111110, flags=SA_RESTART|SA_SIGINFO, blocked
   SIGQUIT: UserHandler in libjvm.so, mask=11100100010111111101111111111110, flags=SA_RESTART|SA_SIGINFO, blocked
   SIGTRAP: crash_handler in libjvm.so, mask=11100100010111111101111111111110, flags=SA_RESTART|SA_SIGINFO, unblocked


Periodic native trim disabled


---------------  S Y S T E M  ---------------

OS:
DISTRIB_ID=Ubuntu
DISTRIB_RELEASE=22.04
DISTRIB_CODENAME=jammy
DISTRIB_DESCRIPTION="Ubuntu 22.04.3 LTS"
uname: Linux 6.2.0-37-generic #38~22.04.1-Ubuntu SMP PREEMPT_DYNAMIC Thu Nov  2 18:01:13 UTC 2 x86_64
OS uptime: 0 days 11:53 hours
libc: glibc 2.35 NPTL 2.35 
rlimit (soft/hard): STACK 8192k/infinity , CORE 0k/infinity , NPROC 27133/27133 , NOFILE 1048576/1048576 , AS infinity/infinity , CPU infinity/infinity , DATA infinity/infinity , FSIZE infinity/infinity , MEMLOCK 877820k/877820k
load average: 5,21 2,51 1,17

/proc/meminfo:
MemTotal:        7022560 kB
MemFree:          407648 kB
MemAvailable:    3135104 kB
Buffers:          142784 kB
Cached:          2872612 kB
SwapCached:            0 kB
Active:          1510932 kB
Inactive:        4478080 kB
Active(anon):       5816 kB
Inactive(anon):  3106028 kB
Active(file):    1505116 kB
Inactive(file):  1372052 kB
Unevictable:          32 kB
Mlocked:              32 kB
SwapTotal:             0 kB
SwapFree:              0 kB
Zswap:                 0 kB
Zswapped:              0 kB
Dirty:              2112 kB
Writeback:             0 kB
AnonPages:       2973880 kB
Mapped:          1156664 kB
Shmem:            138228 kB
KReclaimable:     136140 kB
Slab:             315172 kB
SReclaimable:     136140 kB
SUnreclaim:       179032 kB
KernelStack:       21728 kB
PageTables:        43464 kB
SecPageTables:         0 kB
NFS_Unstable:          0 kB
Bounce:                0 kB
WritebackTmp:          0 kB
CommitLimit:     3511280 kB
Committed_AS:   10783608 kB
VmallocTotal:   34359738367 kB
VmallocUsed:       75252 kB
VmallocChunk:          0 kB
Percpu:            15936 kB
HardwareCorrupted:     0 kB
AnonHugePages:         0 kB
ShmemHugePages:        0 kB
ShmemPmdMapped:        0 kB
FileHugePages:         0 kB
FilePmdMapped:         0 kB
HugePages_Total:       0
HugePages_Free:        0
HugePages_Rsvd:        0
HugePages_Surp:        0
Hugepagesize:       2048 kB
Hugetlb:               0 kB
DirectMap4k:      374804 kB
DirectMap2M:     6899712 kB
DirectMap1G:     1048576 kB

/sys/kernel/mm/transparent_hugepage/enabled: always [madvise] never
/sys/kernel/mm/transparent_hugepage/defrag (defrag/compaction efforts parameter): always defer defer+madvise [madvise] never

Process Memory:
Virtual Size: 5023164K (peak: 5023164K)
Resident Set Size: 198680K (peak: 198680K) (anon: 167832K, file: 30848K, shmem: 0K)
Swapped out: 0K
C-Heap outstanding allocations: 67344K, retained: 29355K
glibc malloc tunables: (default)

/proc/sys/kernel/threads-max (system-wide limit on the number of threads): 54266
/proc/sys/vm/max_map_count (maximum number of memory map areas a process may have): 65530
/proc/sys/kernel/pid_max (system-wide limit on number of process identifiers): 4194304

container (cgroup) information:
container_type: cgroupv2
cpu_cpuset_cpus: not supported
cpu_memory_nodes: not supported
active_processor_count: 8
cpu_quota: not supported
cpu_period: not supported
cpu_shares: not supported
memory_limit_in_bytes: unlimited
memory_and_swap_limit_in_bytes: unlimited
memory_soft_limit_in_bytes: unlimited
memory_usage_in_bytes: 1435300 k
memory_max_usage_in_bytes: not supported
memory_swap_current_in_bytes: unlimited
memory_swap_max_limit_in_bytes: unlimited
maximum number of tasks: 8139
current number of tasks: 225

Steal ticks since vm start: 0
Steal ticks percentage since vm start:  0,000

CPU: total 8 (initial active 8) (8 cores per cpu, 2 threads per core) family 23 model 24 stepping 1 microcode 0x8108109, cx8, cmov, fxsr, ht, mmx, 3dnowpref, sse, sse2, sse3, ssse3, sse4a, sse4.1, sse4.2, popcnt, lzcnt, tsc, tscinvbit, avx, avx2, aes, clmul, bmi1, bmi2, adx, sha, fma, vzeroupper, clflush, clflushopt
CPU Model and flags from /proc/cpuinfo:
model name	: AMD Ryzen 5 3500U with Radeon Vega Mobile Gfx
flags		: fpu vme de pse tsc msr pae mce cx8 apic sep mtrr pge mca cmov pat pse36 clflush mmx fxsr sse sse2 ht syscall nx mmxext fxsr_opt pdpe1gb rdtscp lm constant_tsc rep_good nopl nonstop_tsc cpuid extd_apicid aperfmperf rapl pni pclmulqdq monitor ssse3 fma cx16 sse4_1 sse4_2 movbe popcnt aes xsave avx f16c rdrand lahf_lm cmp_legacy svm extapic cr8_legacy abm sse4a misalignsse 3dnowprefetch osvw skinit wdt tce topoext perfctr_core perfctr_nb bpext perfctr_llc mwaitx cpb hw_pstate ssbd ibpb vmmcall fsgsbase bmi1 avx2 smep bmi2 rdseed adx smap clflushopt sha_ni xsaveopt xsavec xgetbv1 clzero irperf xsaveerptr arat npt lbrv svm_lock nrip_save tsc_scale vmcb_clean flushbyasid decodeassists pausefilter pfthreshold avic v_vmsave_vmload vgif overflow_recov succor smca sev sev_es

Online cpus: 0-7
Offline cpus: 8-15
BIOS frequency limitation: 2100000
Frequency switch latency (ns): 0
Available cpu frequencies: 2100000 1700000 1400000 
Current governor: schedutil
Core performance/turbo boost: 1

Memory: 4k page, physical 7022560k(406640k free), swap 0k(0k free)
Page Sizes: 4k

vm_info: OpenJDK 64-Bit Server VM (17.0.10+7) for linux-amd64 JRE (17.0.10+7), built on Jan 16 2024 00:00:00 by "admin" with gcc 10.3.0

END.
