#
# A fatal error has been detected by the Java Runtime Environment:
#
#  SIGSEGV (0xb) at pc=0x0000796f98786733, pid=78757, tid=78813
#
# JRE version: OpenJDK Runtime Environment Temurin-17.0.10+7 (17.0.10+7) (build 17.0.10+7)
# Java VM: OpenJDK 64-Bit Server VM Temurin-17.0.10+7 (17.0.10+7, mixed mode, tiered, compressed oops, compressed class ptrs, parallel gc, linux-amd64)
# Problematic frame:
# V  [libjvm.so+0xd86733]  SignatureStream::SignatureStream(Symbol const*, bool)+0x13
#
# Core dump will be written. Default location: Core dumps may be processed with "/usr/share/apport/apport -p%p -s%s -c%c -d%d -P%P -u%u -g%g -- %E" (or dumping to /home/sergio/Desktop/Estudios/UCM/4ยบ/PL/PL-Practica/PROYECTO_FINAL/core.78757)
#
# If you would like to submit a bug report, please visit:
#   https://github.com/adoptium/adoptium-support/issues
#

---------------  S U M M A R Y ------------

Command Line: --add-modules=ALL-SYSTEM --add-opens=java.base/java.util=ALL-UNNAMED --add-opens=java.base/java.lang=ALL-UNNAMED --add-opens=java.base/sun.nio.fs=ALL-UNNAMED -Declipse.application=org.eclipse.jdt.ls.core.id1 -Dosgi.bundles.defaultStartLevel=4 -Declipse.product=org.eclipse.jdt.ls.core.product -Djava.import.generatesMetadataFilesAtProjectRoot=false -DDetectVMInstallationsJob.disabled=true -Dfile.encoding=utf8 -XX:+UseParallelGC -XX:GCTimeRatio=4 -XX:AdaptiveSizePolicyWeight=90 -Dsun.zip.disableMemoryMapping=true -Xmx1G -Xms100m -Xlog:disable -javaagent:/home/sergio/.vscode/extensions/redhat.java-1.30.0-linux-x64/lombok/lombok-1.18.32.jar -XX:+HeapDumpOnOutOfMemoryError -XX:HeapDumpPath=/home/sergio/.config/Code/User/workspaceStorage/afca459cbfb495b22a1687e8f9e75511/redhat.java -Daether.dependencyCollector.impl=bf /home/sergio/.vscode/extensions/redhat.java-1.30.0-linux-x64/server/plugins/org.eclipse.equinox.launcher_1.6.800.v20240330-1250.jar -configuration /home/sergio/.config/Code/User/globalStorage/redhat.java/1.30.0/config_linux -data /home/sergio/.config/Code/User/workspaceStorage/afca459cbfb495b22a1687e8f9e75511/redhat.java/jdt_ws --pipe=/run/user/1000/lsp-7c1a59e75924643ac9740177540f862a.sock

Host: AMD Ryzen 5 3500U with Radeon Vega Mobile Gfx, 8 cores, 6G, Ubuntu 22.04.4 LTS
Time: Sun May 12 19:21:58 2024 CEST elapsed time: 3.901977 seconds (0d 0h 0m 3s)

---------------  T H R E A D  ---------------

Current thread (0x0000796ef0000ff0):  JavaThread "Worker-2: Updating Maven Dependencies" [_thread_in_vm, id=78813, stack(0x0000796f1f1ff000,0x0000796f1f2ff000)]

Stack: [0x0000796f1f1ff000,0x0000796f1f2ff000],  sp=0x0000796f1f2f9f00,  free space=1003k
Native frames: (J=compiled Java code, j=interpreted, Vv=VM code, C=native code)
V  [libjvm.so+0xd86733]  SignatureStream::SignatureStream(Symbol const*, bool)+0x13
V  [libjvm.so+0xebb495]  ClassVerifier::translate_signature(Symbol*, sig_as_verification_types*)+0x35
V  [libjvm.so+0xebb95c]  ClassVerifier::create_method_sig_entry(sig_as_verification_types*, int)+0x3c
V  [libjvm.so+0xec4359]  ClassVerifier::verify_invoke_instructions(RawBytecodeStream*, unsigned int, StackMapFrame*, bool, bool*, VerificationType, constantPoolHandle const&, StackMapTable*, JavaThread*)+0x1009
V  [libjvm.so+0xec61c3]  ClassVerifier::verify_method(methodHandle const&, JavaThread*)+0x14a3
V  [libjvm.so+0xeca27a]  ClassVerifier::verify_class(JavaThread*)+0xea
V  [libjvm.so+0xeca68a]  Verifier::verify(InstanceKlass*, bool, JavaThread*)+0x32a
V  [libjvm.so+0x8073db]  InstanceKlass::link_class_impl(JavaThread*)+0x47b
V  [libjvm.so+0x80a3c3]  InstanceKlass::initialize_impl(JavaThread*)+0x3f3
V  [libjvm.so+0x822381]  InterpreterRuntime::_new(JavaThread*, ConstantPool*, int)+0x171
j  org.eclipse.m2e.core.internal.embedder.MavenImpl.createExecutionContext()Lorg/eclipse/m2e/core/internal/embedder/MavenExecutionContext;+0
j  org.eclipse.m2e.core.internal.embedder.MavenImpl.createExecutionContext()Lorg/eclipse/m2e/core/embedder/IMavenExecutionContext;+1
j  org.eclipse.m2e.core.internal.project.registry.ProjectRegistryRefreshJob.run(Lorg/eclipse/core/runtime/IProgressMonitor;)Lorg/eclipse/core/runtime/IStatus;+64
j  org.eclipse.core.internal.jobs.Worker.run()V+32
v  ~StubRoutines::call_stub
V  [libjvm.so+0x829895]  JavaCalls::call_helper(JavaValue*, methodHandle const&, JavaCallArguments*, JavaThread*)+0x315
V  [libjvm.so+0x82b08b]  JavaCalls::call_virtual(JavaValue*, Handle, Klass*, Symbol*, Symbol*, JavaThread*)+0x1cb
V  [libjvm.so+0x8f78e3]  thread_entry(JavaThread*, JavaThread*)+0xa3
V  [libjvm.so+0xe5fa16]  JavaThread::thread_main_inner()+0x196
V  [libjvm.so+0xe633b8]  Thread::call_run()+0xa8
V  [libjvm.so+0xc24791]  thread_native_entry(Thread*)+0xe1

Java frames: (J=compiled Java code, j=interpreted, Vv=VM code)
j  org.eclipse.m2e.core.internal.embedder.MavenImpl.createExecutionContext()Lorg/eclipse/m2e/core/internal/embedder/MavenExecutionContext;+0
j  org.eclipse.m2e.core.internal.embedder.MavenImpl.createExecutionContext()Lorg/eclipse/m2e/core/embedder/IMavenExecutionContext;+1
j  org.eclipse.m2e.core.internal.project.registry.ProjectRegistryRefreshJob.run(Lorg/eclipse/core/runtime/IProgressMonitor;)Lorg/eclipse/core/runtime/IStatus;+64
j  org.eclipse.core.internal.jobs.Worker.run()V+32
v  ~StubRoutines::call_stub

siginfo: si_signo: 11 (SIGSEGV), si_code: 1 (SEGV_MAPERR), si_addr: 0x0000000000000004

Registers:
RAX=0x0000000000000001, RBX=0x0000796f1f2f9f50, RCX=0x0000000a00000000, RDX=0x0000000000000001
RSP=0x0000796f1f2f9f00, RBP=0x0000796f1f2f9f20, RSI=0x0000000000000000, RDI=0x0000796f1f2f9f50
R8 =0x0000000000000000, R9 =0x0000796f1f2fa43f, R10=0x00000000000000b6, R11=0x0000000000000266
R12=0x0000000000000000, R13=0x0000000000000000, R14=0x0000796f1f2f9f50, R15=0x0000796f38527010
RIP=0x0000796f98786733, EFLAGS=0x0000000000010206, CSGSFS=0x002b000000000033, ERR=0x0000000000000004
  TRAPNO=0x000000000000000e


Register to memory mapping:

RAX=0x0000000000000001 is an unknown value
RBX=0x0000796f1f2f9f50 is pointing into the stack for thread: 0x0000796ef0000ff0
RCX=0x0000000a00000000 is an unknown value
RDX=0x0000000000000001 is an unknown value
RSP=0x0000796f1f2f9f00 is pointing into the stack for thread: 0x0000796ef0000ff0
RBP=0x0000796f1f2f9f20 is pointing into the stack for thread: 0x0000796ef0000ff0
RSI=0x0 is NULL
RDI=0x0000796f1f2f9f50 is pointing into the stack for thread: 0x0000796ef0000ff0
R8 =0x0 is NULL
R9 =0x0000796f1f2fa43f is pointing into the stack for thread: 0x0000796ef0000ff0
R10=0x00000000000000b6 is an unknown value
R11=0x0000000000000266 is an unknown value
R12=0x0 is NULL
R13=0x0 is NULL
R14=0x0000796f1f2f9f50 is pointing into the stack for thread: 0x0000796ef0000ff0
R15=0x0000796f38527010 points into unknown readable memory: 0x0072006500000000 | 00 00 00 00 65 00 72 00


Top of Stack: (sp=0x0000796f1f2f9f00)
0x0000796f1f2f9f00:   0000796ef0000ff0 00000000ffff0001
0x0000796f1f2f9f10:   0000000000000000 0000000000000000
0x0000796f1f2f9f20:   0000796f1f2f9fb0 0000796f988bb495
0x0000796f1f2f9f30:   0000796f1f2fa910 0000796f38527010
0x0000796f1f2f9f40:   0000796f1f2f9fb0 0000796f1f2fb3d0
0x0000796f1f2f9f50:   0000796f1f2fa310 0000796f1f2fa250
0x0000796f1f2f9f60:   00000001002bb560 0000000000000000
0x0000796f1f2f9f70:   0000796f1f2f9fe0 0000796f988b6db8
0x0000796f1f2f9f80:   0000796ef0000ff0 0000796f1f2fb3d0
0x0000796f1f2f9f90:   0000000000000000 0000000000000000
0x0000796f1f2f9fa0:   0000796f38527010 0000000000000266
0x0000796f1f2f9fb0:   0000796f1f2f9fe0 0000796f988bb95c
0x0000796f1f2f9fc0:   0000796f38527010 0000796f1f2fa8e0
0x0000796f1f2f9fd0:   0000796f1f2fb3d0 00000000000000b6
0x0000796f1f2f9fe0:   0000796f1f2fa380 0000796f988c4359
0x0000796f1f2f9ff0:   0000796f1f2fa8e0 000000b638524e28
0x0000796f1f2fa000:   0000796f38526fa0 0000000000000000
0x0000796f1f2fa010:   00000000000002e0 0000796f1f2fa43f
0x0000796f1f2fa020:   0000010200000000 0000796f1f2fa950
0x0000796f1f2fa030:   0000000000bb00ba 0000000000000266
0x0000796f1f2fa040:   0000796f1f2fa060 0000796f14203d70
0x0000796f1f2fa050:   00000000c0256cc0 0000000000000000
0x0000796f1f2fa060:   0000796f1f2fa080 0000796f981ffc93
0x0000796f1f2fa070:   0000796f1f2fa0a0 0000796f9808c608
0x0000796f1f2fa080:   0000796f1f2fa0a0 0000796ef0000ff0
0x0000796f1f2fa090:   0000796f1412b170 0000796ef0000ff0
0x0000796f1f2fa0a0:   0000796f1f2fa1d0 0000000000000001
0x0000796f1f2fa0b0:   0000796f38525ea0 0000000000000001
0x0000796f1f2fa0c0:   0000796f38525be8 0000796f38525e58
0x0000796f1f2fa0d0:   0000796f1f2fa2b0 0000796f987935c2
0x0000796f1f2fa0e0:   0000796f1f2fa390 0000000000000001
0x0000796f1f2fa0f0:   0000796f1f2fa340 0000796f1f2fa950 

Instructions: (pc=0x0000796f98786733)
0x0000796f98786633:   b9 21 00 00 00 be 15 00 00 00 48 89 d7 31 d2 f3
0x0000796f98786643:   48 ab bf 20 00 00 00 e8 51 1a 64 ff 48 89 c3 48
0x0000796f98786653:   85 c0 74 0a 31 f6 48 89 c7 e8 9f 1d f5 ff 48 89
0x0000796f98786663:   1d a0 a7 59 00 e9 f2 fe ff ff 0f 1f 00 31 f6 48
0x0000796f98786673:   8d 3d c2 60 28 00 41 bc ff ff ff ff e8 ac 06 aa
0x0000796f98786683:   ff e9 db fe ff ff 0f 1f 80 00 00 00 00 55 48 89
0x0000796f98786693:   e5 41 54 4c 8d a7 08 02 00 00 53 48 89 fb 0f 1f
0x0000796f987866a3:   80 00 00 00 00 48 8b 3b 48 83 c3 08 e8 3c 1b 64
0x0000796f987866b3:   ff 4c 39 e3 75 ef 5b 41 5c 5d c3 66 90 48 8d 46
0x0000796f987866c3:   ff 48 83 f8 fd 76 16 48 89 77 10 c7 47 08 63 00
0x0000796f987866d3:   00 00 c3 66 2e 0f 1f 84 00 00 00 00 00 48 3b 77
0x0000796f987866e3:   10 74 ef 48 89 77 10 48 d1 ee 83 e6 0f 89 77 08
0x0000796f987866f3:   c3 66 66 2e 0f 1f 84 00 00 00 00 00 90 8d 57 fc
0x0000796f98786703:   b8 01 00 00 00 83 fa 09 76 08 83 ff 0e 0f 94 c0
0x0000796f98786713:   21 f0 c3 66 2e 0f 1f 84 00 00 00 00 00 55 0f b6
0x0000796f98786723:   c2 48 89 e5 41 55 41 54 53 48 89 fb 48 83 ec 08
0x0000796f98786733:   44 0f b7 66 04 48 8d 0d 81 fa 59 00 48 89 37 89
0x0000796f98786743:   47 1c 44 89 67 10 89 47 0c 89 47 08 c7 47 14 00
0x0000796f98786753:   00 00 00 48 8b 49 18 48 c7 47 28 00 00 00 00 48
0x0000796f98786763:   89 4f 20 41 39 c4 0f 8e f1 00 00 00 0f b6 d2 4c
0x0000796f98786773:   8d 6e 06 49 8d 7c 15 00 0f be 17 89 d1 80 fa 29
0x0000796f98786783:   0f 84 9f 00 00 00 83 ea 42 83 fa 19 76 1f c7 43
0x0000796f98786793:   18 00 00 00 00 44 8d 60 01 44 89 63 0c 48 83 c4
0x0000796f987867a3:   08 5b 41 5c 41 5d 5d c3 0f 1f 44 00 00 4c 8d 05
0x0000796f987867b3:   c9 65 28 00 41 8b 14 90 89 53 18 83 fa 0c 0f 84
0x0000796f987867c3:   b1 00 00 00 83 fa 0d 75 cc 41 39 c4 0f 8e f1 00
0x0000796f987867d3:   00 00 8d 50 07 41 89 c0 48 63 d2 48 01 d6 eb 1a
0x0000796f987867e3:   0f 1f 44 00 00 41 83 c0 01 48 83 c6 01 0f b6 4e
0x0000796f987867f3:   ff 45 39 c4 0f 84 b3 00 00 00 80 f9 5b 74 e6 49
0x0000796f98786803:   63 f8 44 89 c2 4c 01 ef 29 c2 89 53 14 80 f9 4c
0x0000796f98786813:   0f 84 b7 00 00 00 45 8d 60 01 e9 7a ff ff ff 66
0x0000796f98786823:   0f 1f 44 00 00 83 c0 01 c7 43 1c 03 00 00 00 89 


Stack slot to memory mapping:
stack at sp + 0 slots: 0x0000796ef0000ff0 is a thread
stack at sp + 1 slots: 0x00000000ffff0001 is an unallocated location in the heap
stack at sp + 2 slots: 0x0 is NULL
stack at sp + 3 slots: 0x0 is NULL
stack at sp + 4 slots: 0x0000796f1f2f9fb0 is pointing into the stack for thread: 0x0000796ef0000ff0
stack at sp + 5 slots: 0x0000796f988bb495: <offset 0x0000000000ebb495> in /home/sergio/.vscode/extensions/redhat.java-1.30.0-linux-x64/jre/17.0.10-linux-x86_64/lib/server/libjvm.so at 0x0000796f97a00000
stack at sp + 6 slots: 0x0000796f1f2fa910 is pointing into the stack for thread: 0x0000796ef0000ff0
stack at sp + 7 slots: 0x0000796f38527010 points into unknown readable memory: 0x0072006500000000 | 00 00 00 00 65 00 72 00


---------------  P R O C E S S  ---------------

Threads class SMR info:
_java_thread_list=0x0000796f906a8a50, length=26, elements={
0x0000796f900281e0, 0x0000796f901e73f0, 0x0000796f901e8970, 0x0000796f90219fa0,
0x0000796f9021d890, 0x0000796f9021e830, 0x0000796f9021fe90, 0x0000796f90221350,
0x0000796f9022a790, 0x0000796f902c8780, 0x0000796f50088070, 0x0000796f903c3130,
0x0000796f904da120, 0x0000796f50296a30, 0x0000796f905eb940, 0x0000796f90633c00,
0x0000796f9063ae60, 0x0000796f14309fe0, 0x0000796f14127740, 0x0000796f144e97d0,
0x0000796f142630c0, 0x0000796f1418b870, 0x0000796f14196ad0, 0x0000796ef0000ff0,
0x0000796f1490f360, 0x0000796f906a7aa0
}

Java Threads: ( => current thread )
  0x0000796f900281e0 JavaThread "main" [_thread_in_vm, id=78758, stack(0x0000796f97819000,0x0000796f97919000)]
  0x0000796f901e73f0 JavaThread "Reference Handler" daemon [_thread_blocked, id=78761, stack(0x0000796f754f6000,0x0000796f755f6000)]
  0x0000796f901e8970 JavaThread "Finalizer" daemon [_thread_blocked, id=78762, stack(0x0000796f753f6000,0x0000796f754f6000)]
  0x0000796f90219fa0 JavaThread "Signal Dispatcher" daemon [_thread_blocked, id=78763, stack(0x0000796f7507e000,0x0000796f7517e000)]
  0x0000796f9021d890 JavaThread "Service Thread" daemon [_thread_blocked, id=78764, stack(0x0000796f74f7e000,0x0000796f7507e000)]
  0x0000796f9021e830 JavaThread "Monitor Deflation Thread" daemon [_thread_blocked, id=78765, stack(0x0000796f74e7e000,0x0000796f74f7e000)]
  0x0000796f9021fe90 JavaThread "C2 CompilerThread0" daemon [_thread_in_native, id=78766, stack(0x0000796f74d7e000,0x0000796f74e7e000)]
  0x0000796f90221350 JavaThread "C1 CompilerThread0" daemon [_thread_blocked, id=78767, stack(0x0000796f74c7e000,0x0000796f74d7e000)]
  0x0000796f9022a790 JavaThread "Sweeper thread" daemon [_thread_blocked, id=78768, stack(0x0000796f74b7e000,0x0000796f74c7e000)]
  0x0000796f902c8780 JavaThread "Common-Cleaner" daemon [_thread_blocked, id=78769, stack(0x0000796f74a7e000,0x0000796f74b7e000)]
  0x0000796f50088070 JavaThread "C2 CompilerThread1" daemon [_thread_in_native, id=78770, stack(0x0000796f7497e000,0x0000796f74a7e000)]
  0x0000796f903c3130 JavaThread "Notification Thread" daemon [_thread_blocked, id=78771, stack(0x0000796f7487e000,0x0000796f7497e000)]
  0x0000796f904da120 JavaThread "process reaper" daemon [_thread_blocked, id=78794, stack(0x0000796f94002000,0x0000796f94024000)]
  0x0000796f50296a30 JavaThread "C2 CompilerThread2" daemon [_thread_in_native, id=78801, stack(0x0000796f7467d000,0x0000796f7477d000)]
  0x0000796f905eb940 JavaThread "Active Thread: Equinox Container: bdc99a35-dac3-4a43-809e-1f13f9b248c8" [_thread_blocked, id=78802, stack(0x0000796f1ff00000,0x0000796f20000000)]
  0x0000796f90633c00 JavaThread "Framework Event Dispatcher: Equinox Container: bdc99a35-dac3-4a43-809e-1f13f9b248c8" daemon [_thread_blocked, id=78803, stack(0x0000796f1fe00000,0x0000796f1ff00000)]
  0x0000796f9063ae60 JavaThread "Start Level: Equinox Container: bdc99a35-dac3-4a43-809e-1f13f9b248c8" daemon [_thread_blocked, id=78804, stack(0x0000796f1fd00000,0x0000796f1fe00000)]
  0x0000796f14309fe0 JavaThread "Bundle File Closer" daemon [_thread_blocked, id=78806, stack(0x0000796f1f7ff000,0x0000796f1f8ff000)]
  0x0000796f14127740 JavaThread "SCR Component Actor" daemon [_thread_blocked, id=78807, stack(0x0000796f1f6ff000,0x0000796f1f7ff000)]
  0x0000796f144e97d0 JavaThread "SCR Component Registry" daemon [_thread_blocked, id=78808, stack(0x0000796f1f5ff000,0x0000796f1f6ff000)]
  0x0000796f142630c0 JavaThread "Worker-JM" [_thread_blocked, id=78810, stack(0x0000796f1f4ff000,0x0000796f1f5ff000)]
  0x0000796f1418b870 JavaThread "Worker-0" [_thread_blocked, id=78811, stack(0x0000796f1f3ff000,0x0000796f1f4ff000)]
  0x0000796f14196ad0 JavaThread "Worker-1" [_thread_blocked, id=78812, stack(0x0000796f1f2ff000,0x0000796f1f3ff000)]
=>0x0000796ef0000ff0 JavaThread "Worker-2: Updating Maven Dependencies" [_thread_in_vm, id=78813, stack(0x0000796f1f1ff000,0x0000796f1f2ff000)]
  0x0000796f1490f360 JavaThread "Java indexing" daemon [_thread_blocked, id=78814, stack(0x0000796f1f0ff000,0x0000796f1f1ff000)]
  0x0000796f906a7aa0 JavaThread "pool-2-thread-1" [_thread_blocked, id=78815, stack(0x0000796f1edb3000,0x0000796f1eeb3000)]

Other Threads:
  0x0000796f90069290 VMThread "VM Thread" [stack: 0x0000796f755f7000,0x0000796f756f7000] [id=78760]
  0x0000796f9035f2e0 WatcherThread [stack: 0x0000796f7477e000,0x0000796f7487e000] [id=78772]
  0x0000796f9003fa70 GCTaskThread "GC Thread#0" [stack: 0x0000796f946ff000,0x0000796f947ff000] [id=78759]
  0x0000796f70001250 GCTaskThread "GC Thread#1" [stack: 0x0000796f7457d000,0x0000796f7467d000] [id=78795]
  0x0000796f70003150 GCTaskThread "GC Thread#2" [stack: 0x0000796f7447c000,0x0000796f7457c000] [id=78796]
  0x0000796f70003b10 GCTaskThread "GC Thread#3" [stack: 0x0000796f7437b000,0x0000796f7447b000] [id=78797]
  0x0000796f700044d0 GCTaskThread "GC Thread#4" [stack: 0x0000796f7427a000,0x0000796f7437a000] [id=78798]
  0x0000796f70004e90 GCTaskThread "GC Thread#5" [stack: 0x0000796f74179000,0x0000796f74279000] [id=78799]
  0x0000796f70005850 GCTaskThread "GC Thread#6" [stack: 0x0000796f74078000,0x0000796f74178000] [id=78800]
  0x0000796f70006cf0 GCTaskThread "GC Thread#7" [stack: 0x0000796f1f900000,0x0000796f1fa00000] [id=78805]

Threads with active compile tasks:
C2 CompilerThread0     3915 4308       4       org.eclipse.osgi.internal.loader.BundleLoader::addExportedProvidersFor (167 bytes)
C2 CompilerThread1     3915 4225       4       jdk.internal.org.objectweb.asm.Frame::execute (2318 bytes)
C2 CompilerThread2     3915 3870       4       org.lombokweb.asm.ClassReader::readMethod (1066 bytes)

VM state: not at safepoint (normal execution)

VM Mutex/Monitor currently owned by a thread: None

Heap address: 0x00000000c0000000, size: 1024 MB, Compressed Oops mode: 32-bit

CDS archive(s) not mapped
Compressed class space mapped at: 0x0000000100000000-0x0000000140000000, reserved size: 1073741824
Narrow klass base: 0x0000000000000000, Narrow klass shift: 3, Narrow klass range: 0x140000000

GC Precious Log:
 CPUs: 8 total, 8 available
 Memory: 6857M
 Large Page Support: Disabled
 NUMA Support: Disabled
 Compressed Oops: Enabled (32-bit)
 Alignments: Space 512K, Generation 512K, Heap 2M
 Heap Min Capacity: 100M
 Heap Initial Capacity: 100M
 Heap Max Capacity: 1G
 Pre-touch: Disabled
 Parallel Workers: 8

Heap:
 PSYoungGen      total 23040K, used 21334K [0x00000000eab00000, 0x00000000ec580000, 0x0000000100000000)
  eden space 22016K, 96% used [0x00000000eab00000,0x00000000ebfd5870,0x00000000ec080000)
  from space 1024K, 0% used [0x00000000ec200000,0x00000000ec200000,0x00000000ec300000)
  to   space 2048K, 0% used [0x00000000ec380000,0x00000000ec380000,0x00000000ec580000)
 ParOldGen       total 68608K, used 15653K [0x00000000c0000000, 0x00000000c4300000, 0x00000000eab00000)
  object space 68608K, 22% used [0x00000000c0000000,0x00000000c0f496a8,0x00000000c4300000)
 Metaspace       used 38150K, committed 38976K, reserved 1114112K
  class space    used 3815K, committed 4160K, reserved 1048576K

Card table byte_map: [0x0000796f947ff000,0x0000796f94a00000] _byte_map_base: 0x0000796f941ff000

Marking Bits: (ParMarkBitMap*) 0x0000796f98d1f380
 Begin Bits: [0x0000796f7a000000, 0x0000796f7b000000)
 End Bits:   [0x0000796f7b000000, 0x0000796f7c000000)

Polling page: 0x0000796f9910f000

Metaspace:

Usage:
  Non-class:     33,53 MB used.
      Class:      3,73 MB used.
       Both:     37,26 MB used.

Virtual space:
  Non-class space:       64,00 MB reserved,      34,00 MB ( 53%) committed,  1 nodes.
      Class space:        1,00 GB reserved,       4,06 MB ( <1%) committed,  1 nodes.
             Both:        1,06 GB reserved,      38,06 MB (  3%) committed. 

Chunk freelists:
   Non-Class:  13,70 MB
       Class:  11,86 MB
        Both:  25,56 MB

MaxMetaspaceSize: unlimited
CompressedClassSpaceSize: 1,00 GB
Initial GC threshold: 21,00 MB
Current GC threshold: 58,38 MB
CDS: off
MetaspaceReclaimPolicy: balanced
 - commit_granule_bytes: 65536.
 - commit_granule_words: 8192.
 - virtual_space_node_default_size: 8388608.
 - enlarge_chunks_in_place: 1.
 - new_chunks_are_fully_committed: 0.
 - uncommit_free_chunks: 1.
 - use_allocation_guard: 0.
 - handle_deallocations: 1.


Internal statistics:

num_allocs_failed_limit: 6.
num_arena_births: 414.
num_arena_deaths: 14.
num_vsnodes_births: 2.
num_vsnodes_deaths: 0.
num_space_committed: 609.
num_space_uncommitted: 0.
num_chunks_returned_to_freelist: 20.
num_chunks_taken_from_freelist: 1614.
num_chunk_merges: 11.
num_chunk_splits: 1075.
num_chunks_enlarged: 723.
num_inconsistent_stats: 0.

CodeHeap 'non-profiled nmethods': size=120028Kb used=1928Kb max_used=1928Kb free=118100Kb
 bounds [0x0000796f88ac9000, 0x0000796f88d39000, 0x0000796f90000000]
CodeHeap 'profiled nmethods': size=120028Kb used=8729Kb max_used=8729Kb free=111298Kb
 bounds [0x0000796f81000000, 0x0000796f81890000, 0x0000796f88537000]
CodeHeap 'non-nmethods': size=5704Kb used=1258Kb max_used=1303Kb free=4445Kb
 bounds [0x0000796f88537000, 0x0000796f887a7000, 0x0000796f88ac9000]
 total_blobs=4888 nmethods=4305 adapters=497
 compilation: enabled
              stopped_count=0, restarted_count=0
 full_count=0

Compilation events (20 events):
Event: 3,885 Thread 0x0000796f90221350 4286       3       sun.reflect.generics.visitor.Reifier::make (9 bytes)
Event: 3,885 Thread 0x0000796f90221350 nmethod 4286 0x0000796f8187ce10 code [0x0000796f8187cfc0, 0x0000796f8187d1d0]
Event: 3,885 Thread 0x0000796f90221350 4287       3       sun.reflect.generics.visitor.Reifier::<init> (10 bytes)
Event: 3,885 Thread 0x0000796f90221350 nmethod 4287 0x0000796f8187d310 code [0x0000796f8187d4c0, 0x0000796f8187d630]
Event: 3,885 Thread 0x0000796f90221350 4288       3       sun.reflect.generics.visitor.Reifier::getResult (26 bytes)
Event: 3,886 Thread 0x0000796f90221350 nmethod 4288 0x0000796f8187d710 code [0x0000796f8187d8a0, 0x0000796f8187d9b0]
Event: 3,886 Thread 0x0000796f90221350 4289       3       sun.reflect.generics.parser.SignatureParser::parseFieldTypeSignature (73 bytes)
Event: 3,886 Thread 0x0000796f90221350 nmethod 4289 0x0000796f8187da10 code [0x0000796f8187dc60, 0x0000796f8187e150]
Event: 3,886 Thread 0x0000796f90221350 4290   !   3       sun.reflect.generics.factory.CoreReflectionFactory::makeNamedType (21 bytes)
Event: 3,887 Thread 0x0000796f90221350 nmethod 4290 0x0000796f8187e390 code [0x0000796f8187e560, 0x0000796f8187e7c0]
Event: 3,887 Thread 0x0000796f90221350 4291       3       sun.reflect.generics.factory.CoreReflectionFactory::getDeclsLoader (85 bytes)
Event: 3,889 Thread 0x0000796f90221350 nmethod 4291 0x0000796f8187e910 code [0x0000796f8187ed00, 0x0000796f81880ed0]
Event: 3,889 Thread 0x0000796f90221350 4295       3       sun.reflect.generics.visitor.Reifier::visitClassTypeSignature (381 bytes)
Event: 3,891 Thread 0x0000796f9021fe90 4300       4       jdk.internal.misc.Unsafe::weakCompareAndSetLong (11 bytes)
Event: 3,891 Thread 0x0000796f90221350 nmethod 4295 0x0000796f81881790 code [0x0000796f81881ba0, 0x0000796f818835c0]
Event: 3,891 Thread 0x0000796f90221350 4292       3       java.lang.reflect.Method::getAnnotation (6 bytes)
Event: 3,892 Thread 0x0000796f9021fe90 nmethod 4300 0x0000796f88ca9290 code [0x0000796f88ca9400, 0x0000796f88ca9498]
Event: 3,892 Thread 0x0000796f9021fe90 4303       4       java.lang.invoke.DirectMethodHandle$Holder::newInvokeSpecial (21 bytes)
Event: 3,892 Thread 0x0000796f90221350 nmethod 4292 0x0000796f81883f90 code [0x0000796f818841c0, 0x0000796f818848a0]
Event: 3,892 Thread 0x0000796f90221350 4293       3       java.lang.reflect.Executable::getAnnotation (23 bytes)

GC Heap History (20 events):
Event: 2,010 GC heap before
{Heap before GC invocations=4 (full 0):
 PSYoungGen      total 29696K, used 29668K [0x00000000eab00000, 0x00000000ecc00000, 0x0000000100000000)
  eden space 25600K, 100% used [0x00000000eab00000,0x00000000ec400000,0x00000000ec400000)
  from space 4096K, 99% used [0x00000000ec400000,0x00000000ec7f9048,0x00000000ec800000)
  to   space 4096K, 0% used [0x00000000ec800000,0x00000000ec800000,0x00000000ecc00000)
 ParOldGen       total 68608K, used 5242K [0x00000000c0000000, 0x00000000c4300000, 0x00000000eab00000)
  object space 68608K, 7% used [0x00000000c0000000,0x00000000c051e910,0x00000000c4300000)
 Metaspace       used 20165K, committed 20608K, reserved 1114112K
  class space    used 2039K, committed 2240K, reserved 1048576K
}
Event: 2,014 GC heap after
{Heap after GC invocations=4 (full 0):
 PSYoungGen      total 29696K, used 4090K [0x00000000eab00000, 0x00000000ecc00000, 0x0000000100000000)
  eden space 25600K, 0% used [0x00000000eab00000,0x00000000eab00000,0x00000000ec400000)
  from space 4096K, 99% used [0x00000000ec800000,0x00000000ecbfe958,0x00000000ecc00000)
  to   space 4096K, 0% used [0x00000000ec400000,0x00000000ec400000,0x00000000ec800000)
 ParOldGen       total 68608K, used 6377K [0x00000000c0000000, 0x00000000c4300000, 0x00000000eab00000)
  object space 68608K, 9% used [0x00000000c0000000,0x00000000c063a440,0x00000000c4300000)
 Metaspace       used 20165K, committed 20608K, reserved 1114112K
  class space    used 2039K, committed 2240K, reserved 1048576K
}
Event: 2,063 GC heap before
{Heap before GC invocations=5 (full 0):
 PSYoungGen      total 29696K, used 8937K [0x00000000eab00000, 0x00000000ecc00000, 0x0000000100000000)
  eden space 25600K, 18% used [0x00000000eab00000,0x00000000eafbbdd8,0x00000000ec400000)
  from space 4096K, 99% used [0x00000000ec800000,0x00000000ecbfe958,0x00000000ecc00000)
  to   space 4096K, 0% used [0x00000000ec400000,0x00000000ec400000,0x00000000ec800000)
 ParOldGen       total 68608K, used 6377K [0x00000000c0000000, 0x00000000c4300000, 0x00000000eab00000)
  object space 68608K, 9% used [0x00000000c0000000,0x00000000c063a440,0x00000000c4300000)
 Metaspace       used 21104K, committed 21504K, reserved 1114112K
  class space    used 2133K, committed 2304K, reserved 1048576K
}
Event: 2,066 GC heap after
{Heap after GC invocations=5 (full 0):
 PSYoungGen      total 29696K, used 4090K [0x00000000eab00000, 0x00000000ece00000, 0x0000000100000000)
  eden space 25600K, 0% used [0x00000000eab00000,0x00000000eab00000,0x00000000ec400000)
  from space 4096K, 99% used [0x00000000ec400000,0x00000000ec7fea20,0x00000000ec800000)
  to   space 5120K, 0% used [0x00000000ec900000,0x00000000ec900000,0x00000000ece00000)
 ParOldGen       total 68608K, used 6507K [0x00000000c0000000, 0x00000000c4300000, 0x00000000eab00000)
  object space 68608K, 9% used [0x00000000c0000000,0x00000000c065ae40,0x00000000c4300000)
 Metaspace       used 21104K, committed 21504K, reserved 1114112K
  class space    used 2133K, committed 2304K, reserved 1048576K
}
Event: 2,066 GC heap before
{Heap before GC invocations=6 (full 1):
 PSYoungGen      total 29696K, used 4090K [0x00000000eab00000, 0x00000000ece00000, 0x0000000100000000)
  eden space 25600K, 0% used [0x00000000eab00000,0x00000000eab00000,0x00000000ec400000)
  from space 4096K, 99% used [0x00000000ec400000,0x00000000ec7fea20,0x00000000ec800000)
  to   space 5120K, 0% used [0x00000000ec900000,0x00000000ec900000,0x00000000ece00000)
 ParOldGen       total 68608K, used 6507K [0x00000000c0000000, 0x00000000c4300000, 0x00000000eab00000)
  object space 68608K, 9% used [0x00000000c0000000,0x00000000c065ae40,0x00000000c4300000)
 Metaspace       used 21104K, committed 21504K, reserved 1114112K
  class space    used 2133K, committed 2304K, reserved 1048576K
}
Event: 2,090 GC heap after
{Heap after GC invocations=6 (full 1):
 PSYoungGen      total 29696K, used 0K [0x00000000eab00000, 0x00000000ece00000, 0x0000000100000000)
  eden space 25600K, 0% used [0x00000000eab00000,0x00000000eab00000,0x00000000ec400000)
  from space 4096K, 0% used [0x00000000ec400000,0x00000000ec400000,0x00000000ec800000)
  to   space 5120K, 0% used [0x00000000ec900000,0x00000000ec900000,0x00000000ece00000)
 ParOldGen       total 68608K, used 10283K [0x00000000c0000000, 0x00000000c4300000, 0x00000000eab00000)
  object space 68608K, 14% used [0x00000000c0000000,0x00000000c0a0ac08,0x00000000c4300000)
 Metaspace       used 21104K, committed 21504K, reserved 1114112K
  class space    used 2133K, committed 2304K, reserved 1048576K
}
Event: 2,521 GC heap before
{Heap before GC invocations=7 (full 1):
 PSYoungGen      total 29696K, used 25600K [0x00000000eab00000, 0x00000000ece00000, 0x0000000100000000)
  eden space 25600K, 100% used [0x00000000eab00000,0x00000000ec400000,0x00000000ec400000)
  from space 4096K, 0% used [0x00000000ec400000,0x00000000ec400000,0x00000000ec800000)
  to   space 5120K, 0% used [0x00000000ec900000,0x00000000ec900000,0x00000000ece00000)
 ParOldGen       total 68608K, used 10283K [0x00000000c0000000, 0x00000000c4300000, 0x00000000eab00000)
  object space 68608K, 14% used [0x00000000c0000000,0x00000000c0a0ac08,0x00000000c4300000)
 Metaspace       used 23958K, committed 24512K, reserved 1114112K
  class space    used 2432K, committed 2688K, reserved 1048576K
}
Event: 2,525 GC heap after
{Heap after GC invocations=7 (full 1):
 PSYoungGen      total 27648K, used 2385K [0x00000000eab00000, 0x00000000ecb80000, 0x0000000100000000)
  eden space 25088K, 0% used [0x00000000eab00000,0x00000000eab00000,0x00000000ec380000)
  from space 2560K, 93% used [0x00000000ec900000,0x00000000ecb54638,0x00000000ecb80000)
  to   space 3584K, 0% used [0x00000000ec480000,0x00000000ec480000,0x00000000ec800000)
 ParOldGen       total 68608K, used 10291K [0x00000000c0000000, 0x00000000c4300000, 0x00000000eab00000)
  object space 68608K, 14% used [0x00000000c0000000,0x00000000c0a0cc08,0x00000000c4300000)
 Metaspace       used 23958K, committed 24512K, reserved 1114112K
  class space    used 2432K, committed 2688K, reserved 1048576K
}
Event: 2,841 GC heap before
{Heap before GC invocations=8 (full 1):
 PSYoungGen      total 27648K, used 27473K [0x00000000eab00000, 0x00000000ecb80000, 0x0000000100000000)
  eden space 25088K, 100% used [0x00000000eab00000,0x00000000ec380000,0x00000000ec380000)
  from space 2560K, 93% used [0x00000000ec900000,0x00000000ecb54638,0x00000000ecb80000)
  to   space 3584K, 0% used [0x00000000ec480000,0x00000000ec480000,0x00000000ec800000)
 ParOldGen       total 68608K, used 10291K [0x00000000c0000000, 0x00000000c4300000, 0x00000000eab00000)
  object space 68608K, 14% used [0x00000000c0000000,0x00000000c0a0cc08,0x00000000c4300000)
 Metaspace       used 26511K, committed 27136K, reserved 1114112K
  class space    used 2730K, committed 3008K, reserved 1048576K
}
Event: 2,843 GC heap after
{Heap after GC invocations=8 (full 1):
 PSYoungGen      total 28160K, used 3569K [0x00000000eab00000, 0x00000000ecb00000, 0x0000000100000000)
  eden space 24576K, 0% used [0x00000000eab00000,0x00000000eab00000,0x00000000ec300000)
  from space 3584K, 99% used [0x00000000ec480000,0x00000000ec7fc698,0x00000000ec800000)
  to   space 3072K, 0% used [0x00000000ec800000,0x00000000ec800000,0x00000000ecb00000)
 ParOldGen       total 68608K, used 10299K [0x00000000c0000000, 0x00000000c4300000, 0x00000000eab00000)
  object space 68608K, 15% used [0x00000000c0000000,0x00000000c0a0ec08,0x00000000c4300000)
 Metaspace       used 26511K, committed 27136K, reserved 1114112K
  class space    used 2730K, committed 3008K, reserved 1048576K
}
Event: 3,020 GC heap before
{Heap before GC invocations=9 (full 1):
 PSYoungGen      total 28160K, used 28145K [0x00000000eab00000, 0x00000000ecb00000, 0x0000000100000000)
  eden space 24576K, 100% used [0x00000000eab00000,0x00000000ec300000,0x00000000ec300000)
  from space 3584K, 99% used [0x00000000ec480000,0x00000000ec7fc698,0x00000000ec800000)
  to   space 3072K, 0% used [0x00000000ec800000,0x00000000ec800000,0x00000000ecb00000)
 ParOldGen       total 68608K, used 10299K [0x00000000c0000000, 0x00000000c4300000, 0x00000000eab00000)
  object space 68608K, 15% used [0x00000000c0000000,0x00000000c0a0ec08,0x00000000c4300000)
 Metaspace       used 28336K, committed 28992K, reserved 1114112K
  class space    used 2894K, committed 3136K, reserved 1048576K
}
Event: 3,024 GC heap after
{Heap after GC invocations=9 (full 1):
 PSYoungGen      total 26112K, used 3071K [0x00000000eab00000, 0x00000000ecf80000, 0x0000000100000000)
  eden space 23040K, 0% used [0x00000000eab00000,0x00000000eab00000,0x00000000ec180000)
  from space 3072K, 99% used [0x00000000ec800000,0x00000000ecafff58,0x00000000ecb00000)
  to   space 6656K, 0% used [0x00000000ec180000,0x00000000ec180000,0x00000000ec800000)
 ParOldGen       total 68608K, used 13225K [0x00000000c0000000, 0x00000000c4300000, 0x00000000eab00000)
  object space 68608K, 19% used [0x00000000c0000000,0x00000000c0cea5c0,0x00000000c4300000)
 Metaspace       used 28336K, committed 28992K, reserved 1114112K
  class space    used 2894K, committed 3136K, reserved 1048576K
}
Event: 3,195 GC heap before
{Heap before GC invocations=10 (full 1):
 PSYoungGen      total 26112K, used 25840K [0x00000000eab00000, 0x00000000ecf80000, 0x0000000100000000)
  eden space 23040K, 98% used [0x00000000eab00000,0x00000000ec13c370,0x00000000ec180000)
  from space 3072K, 99% used [0x00000000ec800000,0x00000000ecafff58,0x00000000ecb00000)
  to   space 6656K, 0% used [0x00000000ec180000,0x00000000ec180000,0x00000000ec800000)
 ParOldGen       total 68608K, used 13225K [0x00000000c0000000, 0x00000000c4300000, 0x00000000eab00000)
  object space 68608K, 19% used [0x00000000c0000000,0x00000000c0cea5c0,0x00000000c4300000)
 Metaspace       used 31821K, committed 32448K, reserved 1114112K
  class space    used 3169K, committed 3456K, reserved 1048576K
}
Event: 3,197 GC heap after
{Heap after GC invocations=10 (full 1):
 PSYoungGen      total 25088K, used 2389K [0x00000000eab00000, 0x00000000ec900000, 0x0000000100000000)
  eden space 22528K, 0% used [0x00000000eab00000,0x00000000eab00000,0x00000000ec100000)
  from space 2560K, 93% used [0x00000000ec180000,0x00000000ec3d57b0,0x00000000ec400000)
  to   space 4096K, 0% used [0x00000000ec500000,0x00000000ec500000,0x00000000ec900000)
 ParOldGen       total 68608K, used 14246K [0x00000000c0000000, 0x00000000c4300000, 0x00000000eab00000)
  object space 68608K, 20% used [0x00000000c0000000,0x00000000c0de9a08,0x00000000c4300000)
 Metaspace       used 31821K, committed 32448K, reserved 1114112K
  class space    used 3169K, committed 3456K, reserved 1048576K
}
Event: 3,324 GC heap before
{Heap before GC invocations=11 (full 1):
 PSYoungGen      total 25088K, used 24917K [0x00000000eab00000, 0x00000000ec900000, 0x0000000100000000)
  eden space 22528K, 100% used [0x00000000eab00000,0x00000000ec100000,0x00000000ec100000)
  from space 2560K, 93% used [0x00000000ec180000,0x00000000ec3d57b0,0x00000000ec400000)
  to   space 4096K, 0% used [0x00000000ec500000,0x00000000ec500000,0x00000000ec900000)
 ParOldGen       total 68608K, used 14246K [0x00000000c0000000, 0x00000000c4300000, 0x00000000eab00000)
  object space 68608K, 20% used [0x00000000c0000000,0x00000000c0de9a08,0x00000000c4300000)
 Metaspace       used 33199K, committed 33856K, reserved 1114112K
  class space    used 3244K, committed 3520K, reserved 1048576K
}
Event: 3,328 GC heap after
{Heap after GC invocations=11 (full 1):
 PSYoungGen      total 25088K, used 2617K [0x00000000eab00000, 0x00000000ec800000, 0x0000000100000000)
  eden space 22016K, 0% used [0x00000000eab00000,0x00000000eab00000,0x00000000ec080000)
  from space 3072K, 85% used [0x00000000ec500000,0x00000000ec78e4d8,0x00000000ec800000)
  to   space 3072K, 0% used [0x00000000ec200000,0x00000000ec200000,0x00000000ec500000)
 ParOldGen       total 68608K, used 16072K [0x00000000c0000000, 0x00000000c4300000, 0x00000000eab00000)
  object space 68608K, 23% used [0x00000000c0000000,0x00000000c0fb20d0,0x00000000c4300000)
 Metaspace       used 33199K, committed 33856K, reserved 1114112K
  class space    used 3244K, committed 3520K, reserved 1048576K
}
Event: 3,475 GC heap before
{Heap before GC invocations=12 (full 1):
 PSYoungGen      total 25088K, used 16192K [0x00000000eab00000, 0x00000000ec800000, 0x0000000100000000)
  eden space 22016K, 61% used [0x00000000eab00000,0x00000000eb841e70,0x00000000ec080000)
  from space 3072K, 85% used [0x00000000ec500000,0x00000000ec78e4d8,0x00000000ec800000)
  to   space 3072K, 0% used [0x00000000ec200000,0x00000000ec200000,0x00000000ec500000)
 ParOldGen       total 68608K, used 16072K [0x00000000c0000000, 0x00000000c4300000, 0x00000000eab00000)
  object space 68608K, 23% used [0x00000000c0000000,0x00000000c0fb20d0,0x00000000c4300000)
 Metaspace       used 35092K, committed 35840K, reserved 1114112K
  class space    used 3418K, committed 3712K, reserved 1048576K
}
Event: 3,480 GC heap after
{Heap after GC invocations=12 (full 1):
 PSYoungGen      total 23040K, used 961K [0x00000000eab00000, 0x00000000ec580000, 0x0000000100000000)
  eden space 22016K, 0% used [0x00000000eab00000,0x00000000eab00000,0x00000000ec080000)
  from space 1024K, 93% used [0x00000000ec200000,0x00000000ec2f0458,0x00000000ec300000)
  to   space 2048K, 0% used [0x00000000ec380000,0x00000000ec380000,0x00000000ec580000)
 ParOldGen       total 68608K, used 18098K [0x00000000c0000000, 0x00000000c4300000, 0x00000000eab00000)
  object space 68608K, 26% used [0x00000000c0000000,0x00000000c11acbd8,0x00000000c4300000)
 Metaspace       used 35092K, committed 35840K, reserved 1114112K
  class space    used 3418K, committed 3712K, reserved 1048576K
}
Event: 3,480 GC heap before
{Heap before GC invocations=13 (full 2):
 PSYoungGen      total 23040K, used 961K [0x00000000eab00000, 0x00000000ec580000, 0x0000000100000000)
  eden space 22016K, 0% used [0x00000000eab00000,0x00000000eab00000,0x00000000ec080000)
  from space 1024K, 93% used [0x00000000ec200000,0x00000000ec2f0458,0x00000000ec300000)
  to   space 2048K, 0% used [0x00000000ec380000,0x00000000ec380000,0x00000000ec580000)
 ParOldGen       total 68608K, used 18098K [0x00000000c0000000, 0x00000000c4300000, 0x00000000eab00000)
  object space 68608K, 26% used [0x00000000c0000000,0x00000000c11acbd8,0x00000000c4300000)
 Metaspace       used 35092K, committed 35840K, reserved 1114112K
  class space    used 3418K, committed 3712K, reserved 1048576K
}
Event: 3,512 GC heap after
{Heap after GC invocations=13 (full 2):
 PSYoungGen      total 23040K, used 0K [0x00000000eab00000, 0x00000000ec580000, 0x0000000100000000)
  eden space 22016K, 0% used [0x00000000eab00000,0x00000000eab00000,0x00000000ec080000)
  from space 1024K, 0% used [0x00000000ec200000,0x00000000ec200000,0x00000000ec300000)
  to   space 2048K, 0% used [0x00000000ec380000,0x00000000ec380000,0x00000000ec580000)
 ParOldGen       total 68608K, used 15653K [0x00000000c0000000, 0x00000000c4300000, 0x00000000eab00000)
  object space 68608K, 22% used [0x00000000c0000000,0x00000000c0f496a8,0x00000000c4300000)
 Metaspace       used 35079K, committed 35840K, reserved 1114112K
  class space    used 3415K, committed 3712K, reserved 1048576K
}

Dll operation events (9 events):
Event: 0,005 Loaded shared library /home/sergio/.vscode/extensions/redhat.java-1.30.0-linux-x64/jre/17.0.10-linux-x86_64/lib/libjava.so
Event: 0,136 Loaded shared library /home/sergio/.vscode/extensions/redhat.java-1.30.0-linux-x64/jre/17.0.10-linux-x86_64/lib/libzip.so
Event: 0,138 Loaded shared library /home/sergio/.vscode/extensions/redhat.java-1.30.0-linux-x64/jre/17.0.10-linux-x86_64/lib/libinstrument.so
Event: 0,145 Loaded shared library /home/sergio/.vscode/extensions/redhat.java-1.30.0-linux-x64/jre/17.0.10-linux-x86_64/lib/libnio.so
Event: 0,152 Loaded shared library /home/sergio/.vscode/extensions/redhat.java-1.30.0-linux-x64/jre/17.0.10-linux-x86_64/lib/libzip.so
Event: 0,165 Loaded shared library /home/sergio/.vscode/extensions/redhat.java-1.30.0-linux-x64/jre/17.0.10-linux-x86_64/lib/libjimage.so
Event: 0,206 Loaded shared library /home/sergio/.vscode/extensions/redhat.java-1.30.0-linux-x64/jre/17.0.10-linux-x86_64/lib/libverify.so
Event: 0,738 Loaded shared library /home/sergio/.vscode/extensions/redhat.java-1.30.0-linux-x64/jre/17.0.10-linux-x86_64/lib/libnet.so
Event: 1,117 Loaded shared library /home/sergio/.config/Code/User/globalStorage/redhat.java/1.30.0/config_linux/org.eclipse.equinox.launcher/org.eclipse.equinox.launcher.gtk.linux.x86_64_1.2.900.v20240129-1338/eclipse_11900.so

Deoptimization events (20 events):
Event: 3,514 Thread 0x0000796f1418b870 Uncommon trap: trap_request=0xffffff45 fr.pc=0x0000796f88c10d24 relative=0x0000000000000084
Event: 3,514 Thread 0x0000796f1418b870 Uncommon trap: reason=unstable_if action=reinterpret pc=0x0000796f88c10d24 method=org.eclipse.core.runtime.Path.segment(I)Ljava/lang/String; @ 8 c2
Event: 3,514 Thread 0x0000796f1418b870 DEOPT PACKING pc=0x0000796f88c10d24 sp=0x0000796f1f4fcdb0
Event: 3,514 Thread 0x0000796f1418b870 DEOPT UNPACKING pc=0x0000796f8858d399 sp=0x0000796f1f4fcd60 mode 2
Event: 3,534 Thread 0x0000796f1418b870 Uncommon trap: trap_request=0xffffffc6 fr.pc=0x0000796f88c0dc88 relative=0x0000000000000f28
Event: 3,534 Thread 0x0000796f1418b870 Uncommon trap: reason=bimorphic_or_optimized_type_check action=maybe_recompile pc=0x0000796f88c0dc88 method=java.io.BufferedInputStream.read([BII)I @ 101 c2
Event: 3,535 Thread 0x0000796f1418b870 DEOPT PACKING pc=0x0000796f88c0dc88 sp=0x0000796f1f4fc4f0
Event: 3,535 Thread 0x0000796f1418b870 DEOPT UNPACKING pc=0x0000796f8858d399 sp=0x0000796f1f4fc4f8 mode 2
Event: 3,578 Thread 0x0000796f9063ae60 Uncommon trap: trap_request=0xffffff45 fr.pc=0x0000796f88bd22d0 relative=0x0000000000000510
Event: 3,578 Thread 0x0000796f9063ae60 Uncommon trap: reason=unstable_if action=reinterpret pc=0x0000796f88bd22d0 method=java.util.Properties.getProperty(Ljava/lang/String;)Ljava/lang/String; @ 36 c2
Event: 3,578 Thread 0x0000796f9063ae60 DEOPT PACKING pc=0x0000796f88bd22d0 sp=0x0000796f1fdfd970
Event: 3,578 Thread 0x0000796f9063ae60 DEOPT UNPACKING pc=0x0000796f8858d399 sp=0x0000796f1fdfd948 mode 2
Event: 3,748 Thread 0x0000796f900281e0 Uncommon trap: trap_request=0xffffff76 fr.pc=0x0000796f88c93854 relative=0x0000000000000bd4
Event: 3,748 Thread 0x0000796f900281e0 Uncommon trap: reason=predicate action=maybe_recompile pc=0x0000796f88c93854 method=java.util.TreeMap.put(Ljava/lang/Object;Ljava/lang/Object;Z)Ljava/lang/Object; @ 27 c2
Event: 3,748 Thread 0x0000796f900281e0 DEOPT PACKING pc=0x0000796f88c93854 sp=0x0000796f97916440
Event: 3,748 Thread 0x0000796f900281e0 DEOPT UNPACKING pc=0x0000796f8858d399 sp=0x0000796f97916400 mode 2
Event: 3,748 Thread 0x0000796f900281e0 Uncommon trap: trap_request=0xffffff45 fr.pc=0x0000796f88c54b74 relative=0x00000000000005b4
Event: 3,748 Thread 0x0000796f900281e0 Uncommon trap: reason=unstable_if action=reinterpret pc=0x0000796f88c54b74 method=sun.nio.fs.UnixPath.initOffsets()V @ 4 c2
Event: 3,748 Thread 0x0000796f900281e0 DEOPT PACKING pc=0x0000796f88c54b74 sp=0x0000796f97916720
Event: 3,748 Thread 0x0000796f900281e0 DEOPT UNPACKING pc=0x0000796f8858d399 sp=0x0000796f979166d0 mode 2

Classes unloaded (7 events):
Event: 3,485 Thread 0x0000796f90069290 Unloading class 0x0000000100256400 'java/lang/invoke/LambdaForm$MH+0x0000000100256400'
Event: 3,485 Thread 0x0000796f90069290 Unloading class 0x0000000100256000 'java/lang/invoke/LambdaForm$MH+0x0000000100256000'
Event: 3,485 Thread 0x0000796f90069290 Unloading class 0x0000000100255c00 'java/lang/invoke/LambdaForm$MH+0x0000000100255c00'
Event: 3,485 Thread 0x0000796f90069290 Unloading class 0x0000000100255800 'java/lang/invoke/LambdaForm$MH+0x0000000100255800'
Event: 3,485 Thread 0x0000796f90069290 Unloading class 0x0000000100255400 'java/lang/invoke/LambdaForm$BMH+0x0000000100255400'
Event: 3,485 Thread 0x0000796f90069290 Unloading class 0x0000000100255000 'java/lang/invoke/LambdaForm$DMH+0x0000000100255000'
Event: 3,485 Thread 0x0000796f90069290 Unloading class 0x0000000100250400 'java/lang/invoke/LambdaForm$DMH+0x0000000100250400'

Classes redefined (0 events):
No events

Internal exceptions (20 events):
Event: 2,468 Thread 0x0000796f9063ae60 Exception <a 'java/lang/IncompatibleClassChangeError'{0x00000000ec116d18}: Found class java.lang.Object, but interface was expected> (0x00000000ec116d18) 
thrown [src/hotspot/share/interpreter/linkResolver.cpp, line 826]
Event: 2,471 Thread 0x0000796f9063ae60 Exception <a 'java/lang/NoSuchMethodError'{0x00000000ec12b290}: 'java.lang.Object java.lang.invoke.DirectMethodHandle$Holder.invokeSpecial(java.lang.Object, java.lang.Object, java.lang.Object, int, java.lang.Object, java.lang.Object)'> (0x00000000ec12b290) 
thrown [src/hotspot/share/interpreter/linkResolver.cpp, line 758]
Event: 2,472 Thread 0x0000796f9063ae60 Exception <a 'java/lang/NoSuchMethodError'{0x00000000ec133a08}: 'java.lang.Object java.lang.invoke.DirectMethodHandle$Holder.newInvokeSpecial(java.lang.Object, java.lang.Object, java.lang.Object, int, java.lang.Object)'> (0x00000000ec133a08) 
thrown [src/hotspot/share/interpreter/linkResolver.cpp, line 758]
Event: 2,473 Thread 0x0000796f9063ae60 Exception <a 'java/lang/NoSuchMethodError'{0x00000000ec137e60}: 'java.lang.Object java.lang.invoke.DirectMethodHandle$Holder.invokeSpecial(java.lang.Object, java.lang.Object, java.lang.Object, java.lang.Object, int, java.lang.Object)'> (0x00000000ec137e60) 
thrown [src/hotspot/share/interpreter/linkResolver.cpp, line 758]
Event: 2,474 Thread 0x0000796f1418b870 Exception <a 'java/lang/NoSuchMethodError'{0x00000000ec045cb0}: 'java.lang.Object java.lang.invoke.DirectMethodHandle$Holder.invokeSpecial(java.lang.Object, java.lang.Object, int, java.lang.Object, java.lang.Object)'> (0x00000000ec045cb0) 
thrown [src/hotspot/share/interpreter/linkResolver.cpp, line 758]
Event: 2,707 Thread 0x0000796f9063ae60 Exception <a 'java/lang/NoSuchMethodError'{0x00000000eb6148d0}: 'java.lang.Object java.lang.invoke.Invokers$Holder.linkToTargetMethod(java.lang.Object, long, java.lang.Object, java.lang.Object)'> (0x00000000eb6148d0) 
thrown [src/hotspot/share/interpreter/linkResolver.cpp, line 758]
Event: 2,775 Thread 0x0000796f9063ae60 Exception <a 'java/io/FileNotFoundException'{0x00000000ebd68c80}> (0x00000000ebd68c80) 
thrown [src/hotspot/share/prims/jni.cpp, line 516]
Event: 2,777 Thread 0x0000796f9063ae60 Exception <a 'java/lang/NoSuchMethodError'{0x00000000ebd71ee8}: 'java.lang.Object java.lang.invoke.DirectMethodHandle$Holder.newInvokeSpecial(java.lang.Object, int, java.lang.Object, java.lang.Object)'> (0x00000000ebd71ee8) 
thrown [src/hotspot/share/interpreter/linkResolver.cpp, line 758]
Event: 2,856 Thread 0x0000796f9063ae60 Exception <a 'java/lang/NoSuchMethodError'{0x00000000eac21c78}: 'void java.lang.invoke.DirectMethodHandle$Holder.invokeSpecial(java.lang.Object, java.lang.Object, java.lang.Object, int)'> (0x00000000eac21c78) 
thrown [src/hotspot/share/interpreter/linkResolver.cpp, line 758]
Event: 2,909 Thread 0x0000796f14196ad0 Exception <a 'java/lang/NoSuchMethodError'{0x00000000eafe2c40}: 'int java.lang.invoke.DirectMethodHandle$Holder.invokeVirtual(java.lang.Object, java.lang.Object)'> (0x00000000eafe2c40) 
thrown [src/hotspot/share/interpreter/linkResolver.cpp, line 758]
Event: 3,065 Thread 0x0000796f14196ad0 Exception <a 'java/lang/NoSuchMethodError'{0x00000000eb1a59c0}: 'java.lang.Object java.lang.invoke.DirectMethodHandle$Holder.newInvokeSpecial(java.lang.Object, java.lang.Object, java.lang.Object, java.lang.Object, java.lang.Object)'> (0x00000000eb1a59c0) 
thrown [src/hotspot/share/interpreter/linkResolver.cpp, line 758]
Event: 3,173 Thread 0x0000796f9063ae60 Implicit null exception at 0x0000796f88c62769 to 0x0000796f88c62844
Event: 3,388 Thread 0x0000796f9063ae60 Exception <a 'java/lang/ClassNotFoundException'{0x00000000eaf23918}: com/sun/org/apache/xerces/internal/impl/msg/spi/DOMMessagesProvider> (0x00000000eaf23918) 
thrown [src/hotspot/share/classfile/systemDictionary.cpp, line 256]
Event: 3,389 Thread 0x0000796f9063ae60 Exception <a 'java/lang/ClassNotFoundException'{0x00000000eaf35000}: com/sun/org/apache/xerces/internal/impl/msg/spi/XMLSerializerMessagesProvider> (0x00000000eaf35000) 
thrown [src/hotspot/share/classfile/systemDictionary.cpp, line 256]
Event: 3,390 Thread 0x0000796f9063ae60 Exception <a 'java/lang/ClassNotFoundException'{0x00000000eaf43cf0}: com/sun/org/apache/xerces/internal/impl/msg/spi/XMLMessagesProvider> (0x00000000eaf43cf0) 
thrown [src/hotspot/share/classfile/systemDictionary.cpp, line 256]
Event: 3,584 Thread 0x0000796f9063ae60 Exception <a 'java/lang/ClassNotFoundException'{0x00000000eaf051f8}: com/sun/org/apache/xml/internal/serializer/spi/XMLEntitiesProvider> (0x00000000eaf051f8) 
thrown [src/hotspot/share/classfile/systemDictionary.cpp, line 256]
Event: 3,682 Thread 0x0000796f9063ae60 Exception <a 'java/io/FileNotFoundException'{0x00000000eb27ad00}> (0x00000000eb27ad00) 
thrown [src/hotspot/share/prims/jni.cpp, line 516]
Event: 3,696 Thread 0x0000796f9063ae60 Exception <a 'java/io/FileNotFoundException'{0x00000000eb31d788}> (0x00000000eb31d788) 
thrown [src/hotspot/share/prims/jni.cpp, line 516]
Event: 3,729 Thread 0x0000796f900281e0 Exception <a 'sun/nio/fs/UnixException'{0x00000000eb4ec178}> (0x00000000eb4ec178) 
thrown [src/hotspot/share/prims/jni.cpp, line 516]
Event: 3,815 Thread 0x0000796f900281e0 Exception <a 'java/lang/NoSuchMethodError'{0x00000000eb9ad760}: 'void java.lang.invoke.DirectMethodHandle$Holder.invokeStatic(java.lang.Object, java.lang.Object, java.lang.Object, java.lang.Object)'> (0x00000000eb9ad760) 
thrown [src/hotspot/share/interpreter/linkResolver.cpp, line 758]

VM Operations (20 events):
Event: 2,804 Executing VM operation: HandshakeAllThreads
Event: 2,804 Executing VM operation: HandshakeAllThreads done
Event: 2,817 Executing VM operation: HandshakeAllThreads
Event: 2,818 Executing VM operation: HandshakeAllThreads done
Event: 2,841 Executing VM operation: ParallelGCFailedAllocation
Event: 2,843 Executing VM operation: ParallelGCFailedAllocation done
Event: 3,020 Executing VM operation: ParallelGCFailedAllocation
Event: 3,024 Executing VM operation: ParallelGCFailedAllocation done
Event: 3,195 Executing VM operation: ParallelGCFailedAllocation
Event: 3,197 Executing VM operation: ParallelGCFailedAllocation done
Event: 3,324 Executing VM operation: ParallelGCFailedAllocation
Event: 3,328 Executing VM operation: ParallelGCFailedAllocation done
Event: 3,362 Executing VM operation: HandshakeAllThreads
Event: 3,362 Executing VM operation: HandshakeAllThreads done
Event: 3,475 Executing VM operation: CollectForMetadataAllocation
Event: 3,512 Executing VM operation: CollectForMetadataAllocation done
Event: 3,531 Executing VM operation: HandshakeAllThreads
Event: 3,532 Executing VM operation: HandshakeAllThreads done
Event: 3,583 Executing VM operation: HandshakeAllThreads
Event: 3,583 Executing VM operation: HandshakeAllThreads done

Events (20 events):
Event: 3,804 loading class sun/reflect/generics/tree/TypeVariableSignature
Event: 3,804 loading class sun/reflect/generics/tree/TypeVariableSignature done
Event: 3,804 loading class sun/reflect/generics/reflectiveObjects/TypeVariableImpl
Event: 3,804 loading class sun/reflect/generics/reflectiveObjects/LazyReflectiveObjectGenerator
Event: 3,804 loading class sun/reflect/generics/reflectiveObjects/LazyReflectiveObjectGenerator done
Event: 3,804 loading class sun/reflect/generics/reflectiveObjects/TypeVariableImpl done
Event: 3,817 loading class java/lang/Deprecated
Event: 3,817 loading class java/lang/Deprecated done
Event: 3,817 loading class java/lang/annotation/Documented
Event: 3,817 loading class java/lang/annotation/Documented done
Event: 3,819 loading class jdk/internal/vm/annotation/IntrinsicCandidate
Event: 3,819 loading class jdk/internal/vm/annotation/IntrinsicCandidate done
Event: 3,847 loading class sun/reflect/generics/tree/BottomSignature
Event: 3,847 loading class sun/reflect/generics/tree/BottomSignature done
Event: 3,848 loading class sun/reflect/generics/tree/Wildcard
Event: 3,848 loading class sun/reflect/generics/tree/Wildcard done
Event: 3,848 loading class sun/reflect/generics/reflectiveObjects/WildcardTypeImpl
Event: 3,848 loading class java/lang/reflect/WildcardType
Event: 3,848 loading class java/lang/reflect/WildcardType done
Event: 3,848 loading class sun/reflect/generics/reflectiveObjects/WildcardTypeImpl done


Dynamic libraries:
c0000000-c4300000 rw-p 00000000 00:00 0 
c4300000-eab00000 ---p 00000000 00:00 0 
eab00000-ec580000 rw-p 00000000 00:00 0 
ec580000-100000000 ---p 00000000 00:00 0 
100000000-100010000 rw-p 00000000 00:00 0 
100010000-100030000 rw-p 00000000 00:00 0 
100030000-1000b0000 rw-p 00000000 00:00 0 
1000b0000-1000d0000 rw-p 00000000 00:00 0 
1000d0000-100130000 rw-p 00000000 00:00 0 
100130000-100170000 rw-p 00000000 00:00 0 
100170000-1001f0000 rw-p 00000000 00:00 0 
1001f0000-1002d0000 rw-p 00000000 00:00 0 
1002d0000-1002f0000 rw-p 00000000 00:00 0 
1002f0000-1003b0000 rw-p 00000000 00:00 0 
1003b0000-1003e0000 rw-p 00000000 00:00 0 
1003e0000-100400000 ---p 00000000 00:00 0 
100400000-100430000 rw-p 00000000 00:00 0 
100430000-140000000 ---p 00000000 00:00 0 
5d1deff68000-5d1deff69000 r--p 00000000 103:03 10252173                  /home/sergio/.vscode/extensions/redhat.java-1.30.0-linux-x64/jre/17.0.10-linux-x86_64/bin/java
5d1deff69000-5d1deff6a000 r-xp 00001000 103:03 10252173                  /home/sergio/.vscode/extensions/redhat.java-1.30.0-linux-x64/jre/17.0.10-linux-x86_64/bin/java
5d1deff6a000-5d1deff6b000 r--p 00002000 103:03 10252173                  /home/sergio/.vscode/extensions/redhat.java-1.30.0-linux-x64/jre/17.0.10-linux-x86_64/bin/java
5d1deff6b000-5d1deff6c000 r--p 00002000 103:03 10252173                  /home/sergio/.vscode/extensions/redhat.java-1.30.0-linux-x64/jre/17.0.10-linux-x86_64/bin/java
5d1deff6c000-5d1deff6d000 rw-p 00003000 103:03 10252173                  /home/sergio/.vscode/extensions/redhat.java-1.30.0-linux-x64/jre/17.0.10-linux-x86_64/bin/java
5d1df143c000-5d1df1485000 rw-p 00000000 00:00 0                          [heap]
796ee8000000-796ee8021000 rw-p 00000000 00:00 0 
796ee8021000-796eec000000 ---p 00000000 00:00 0 
796eec000000-796eec021000 rw-p 00000000 00:00 0 
796eec021000-796ef0000000 ---p 00000000 00:00 0 
796ef0000000-796ef0021000 rw-p 00000000 00:00 0 
796ef0021000-796ef4000000 ---p 00000000 00:00 0 
796ef4000000-796ef4160000 rw-p 00000000 00:00 0 
796ef4160000-796ef8000000 ---p 00000000 00:00 0 
796ef8000000-796ef8021000 rw-p 00000000 00:00 0 
796ef8021000-796efc000000 ---p 00000000 00:00 0 
796efc000000-796efc0f5000 rw-p 00000000 00:00 0 
796efc0f5000-796f00000000 ---p 00000000 00:00 0 
796f00000000-796f00021000 rw-p 00000000 00:00 0 
796f00021000-796f04000000 ---p 00000000 00:00 0 
796f04000000-796f04021000 rw-p 00000000 00:00 0 
796f04021000-796f08000000 ---p 00000000 00:00 0 
796f08000000-796f08021000 rw-p 00000000 00:00 0 
796f08021000-796f0c000000 ---p 00000000 00:00 0 
796f0c000000-796f0c021000 rw-p 00000000 00:00 0 
796f0c021000-796f10000000 ---p 00000000 00:00 0 
796f10000000-796f10021000 rw-p 00000000 00:00 0 
796f10021000-796f14000000 ---p 00000000 00:00 0 
796f14000000-796f14aee000 rw-p 00000000 00:00 0 
796f14aee000-796f18000000 ---p 00000000 00:00 0 
796f18000000-796f18021000 rw-p 00000000 00:00 0 
796f18021000-796f1c000000 ---p 00000000 00:00 0 
796f1eb22000-796f1edb3000 rw-p 00000000 00:00 0 
796f1edb3000-796f1edb7000 ---p 00000000 00:00 0 
796f1edb7000-796f1eeb3000 rw-p 00000000 00:00 0 
796f1f0ff000-796f1f103000 ---p 00000000 00:00 0 
796f1f103000-796f1f1ff000 rw-p 00000000 00:00 0 
796f1f1ff000-796f1f203000 ---p 00000000 00:00 0 
796f1f203000-796f1f2ff000 rw-p 00000000 00:00 0 
796f1f2ff000-796f1f303000 ---p 00000000 00:00 0 
796f1f303000-796f1f3ff000 rw-p 00000000 00:00 0 
796f1f3ff000-796f1f403000 ---p 00000000 00:00 0 
796f1f403000-796f1f4ff000 rw-p 00000000 00:00 0 
796f1f4ff000-796f1f503000 ---p 00000000 00:00 0 
796f1f503000-796f1f5ff000 rw-p 00000000 00:00 0 
796f1f5ff000-796f1f603000 ---p 00000000 00:00 0 
796f1f603000-796f1f6ff000 rw-p 00000000 00:00 0 
796f1f6ff000-796f1f703000 ---p 00000000 00:00 0 
796f1f703000-796f1f7ff000 rw-p 00000000 00:00 0 
796f1f7ff000-796f1f803000 ---p 00000000 00:00 0 
796f1f803000-796f1f8ff000 rw-p 00000000 00:00 0 
796f1f8ff000-796f1f900000 ---p 00000000 00:00 0 
796f1f900000-796f1fa00000 rw-p 00000000 00:00 0 
796f1fa00000-796f1fa10000 r-xp 00000000 103:03 10251717                  /home/sergio/.config/Code/User/globalStorage/redhat.java/1.30.0/config_linux/org.eclipse.equinox.launcher/org.eclipse.equinox.launcher.gtk.linux.x86_64_1.2.900.v20240129-1338/eclipse_11900.so
796f1fa10000-796f1fc10000 ---p 00010000 103:03 10251717                  /home/sergio/.config/Code/User/globalStorage/redhat.java/1.30.0/config_linux/org.eclipse.equinox.launcher/org.eclipse.equinox.launcher.gtk.linux.x86_64_1.2.900.v20240129-1338/eclipse_11900.so
796f1fc10000-796f1fc11000 r--p 00010000 103:03 10251717                  /home/sergio/.config/Code/User/globalStorage/redhat.java/1.30.0/config_linux/org.eclipse.equinox.launcher/org.eclipse.equinox.launcher.gtk.linux.x86_64_1.2.900.v20240129-1338/eclipse_11900.so
796f1fc11000-796f1fc12000 rw-p 00011000 103:03 10251717                  /home/sergio/.config/Code/User/globalStorage/redhat.java/1.30.0/config_linux/org.eclipse.equinox.launcher/org.eclipse.equinox.launcher.gtk.linux.x86_64_1.2.900.v20240129-1338/eclipse_11900.so
796f1fc12000-796f1fc13000 rw-p 00000000 00:00 0 
796f1fd00000-796f1fd04000 ---p 00000000 00:00 0 
796f1fd04000-796f1fe00000 rw-p 00000000 00:00 0 
796f1fe00000-796f1fe04000 ---p 00000000 00:00 0 
796f1fe04000-796f1ff00000 rw-p 00000000 00:00 0 
796f1ff00000-796f1ff04000 ---p 00000000 00:00 0 
796f1ff04000-796f20000000 rw-p 00000000 00:00 0 
796f20000000-796f20021000 rw-p 00000000 00:00 0 
796f20021000-796f24000000 ---p 00000000 00:00 0 
796f24000000-796f24021000 rw-p 00000000 00:00 0 
796f24021000-796f28000000 ---p 00000000 00:00 0 
796f28000000-796f28021000 rw-p 00000000 00:00 0 
796f28021000-796f2c000000 ---p 00000000 00:00 0 
796f2c000000-796f2c021000 rw-p 00000000 00:00 0 
796f2c021000-796f30000000 ---p 00000000 00:00 0 
796f30000000-796f30021000 rw-p 00000000 00:00 0 
796f30021000-796f34000000 ---p 00000000 00:00 0 
796f34000000-796f34021000 rw-p 00000000 00:00 0 
796f34021000-796f38000000 ---p 00000000 00:00 0 
796f38000000-796f38ddc000 rw-p 00000000 00:00 0 
796f38ddc000-796f3c000000 ---p 00000000 00:00 0 
796f3c000000-796f3c021000 rw-p 00000000 00:00 0 
796f3c021000-796f40000000 ---p 00000000 00:00 0 
796f40000000-796f40021000 rw-p 00000000 00:00 0 
796f40021000-796f44000000 ---p 00000000 00:00 0 
796f44000000-796f44021000 rw-p 00000000 00:00 0 
796f44021000-796f48000000 ---p 00000000 00:00 0 
796f48000000-796f48021000 rw-p 00000000 00:00 0 
796f48021000-796f4c000000 ---p 00000000 00:00 0 
796f4c000000-796f4cb20000 rw-p 00000000 00:00 0 
796f4cb20000-796f50000000 ---p 00000000 00:00 0 
796f50000000-796f507db000 rw-p 00000000 00:00 0 
796f507db000-796f54000000 ---p 00000000 00:00 0 
796f54000000-796f54021000 rw-p 00000000 00:00 0 
796f54021000-796f58000000 ---p 00000000 00:00 0 
796f58000000-796f58021000 rw-p 00000000 00:00 0 
796f58021000-796f5c000000 ---p 00000000 00:00 0 
796f5c000000-796f5c929000 rw-p 00000000 00:00 0 
796f5c929000-796f60000000 ---p 00000000 00:00 0 
796f60000000-796f60021000 rw-p 00000000 00:00 0 
796f60021000-796f64000000 ---p 00000000 00:00 0 
796f64000000-796f64021000 rw-p 00000000 00:00 0 
796f64021000-796f68000000 ---p 00000000 00:00 0 
796f68000000-796f68021000 rw-p 00000000 00:00 0 
796f68021000-796f6c000000 ---p 00000000 00:00 0 
796f6c000000-796f6c021000 rw-p 00000000 00:00 0 
796f6c021000-796f70000000 ---p 00000000 00:00 0 
796f70000000-796f70021000 rw-p 00000000 00:00 0 
796f70021000-796f74000000 ---p 00000000 00:00 0 
796f74077000-796f74078000 ---p 00000000 00:00 0 
796f74078000-796f74178000 rw-p 00000000 00:00 0 
796f74178000-796f74179000 ---p 00000000 00:00 0 
796f74179000-796f74279000 rw-p 00000000 00:00 0 
796f74279000-796f7427a000 ---p 00000000 00:00 0 
796f7427a000-796f7437a000 rw-p 00000000 00:00 0 
796f7437a000-796f7437b000 ---p 00000000 00:00 0 
796f7437b000-796f7447b000 rw-p 00000000 00:00 0 
796f7447b000-796f7447c000 ---p 00000000 00:00 0 
796f7447c000-796f7457c000 rw-p 00000000 00:00 0 
796f7457c000-796f7457d000 ---p 00000000 00:00 0 
796f7457d000-796f7467d000 rw-p 00000000 00:00 0 
796f7467d000-796f74681000 ---p 00000000 00:00 0 
796f74681000-796f7477d000 rw-p 00000000 00:00 0 
796f7477d000-796f7477e000 ---p 00000000 00:00 0 
796f7477e000-796f7487e000 rw-p 00000000 00:00 0 
796f7487e000-796f74882000 ---p 00000000 00:00 0 
796f74882000-796f7497e000 rw-p 00000000 00:00 0 
796f7497e000-796f74982000 ---p 00000000 00:00 0 
796f74982000-796f74a7e000 rw-p 00000000 00:00 0 
796f74a7e000-796f74a82000 ---p 00000000 00:00 0 
796f74a82000-796f74b7e000 rw-p 00000000 00:00 0 
796f74b7e000-796f74b82000 ---p 00000000 00:00 0 
796f74b82000-796f74c7e000 rw-p 00000000 00:00 0 
796f74c7e000-796f74c82000 ---p 00000000 00:00 0 
796f74c82000-796f74d7e000 rw-p 00000000 00:00 0 
796f74d7e000-796f74d82000 ---p 00000000 00:00 0 
796f74d82000-796f74e7e000 rw-p 00000000 00:00 0 
796f74e7e000-796f74e82000 ---p 00000000 00:00 0 
796f74e82000-796f74f7e000 rw-p 00000000 00:00 0 
796f74f7e000-796f74f82000 ---p 00000000 00:00 0 
796f74f82000-796f7507e000 rw-p 00000000 00:00 0 
796f7507e000-796f75082000 ---p 00000000 00:00 0 
796f75082000-796f7517e000 rw-p 00000000 00:00 0 
796f7517e000-796f753f6000 r--p 00000000 07:02 186                        /snap/code/159/usr/lib/locale/aa_DJ.utf8/LC_COLLATE
796f753f6000-796f753fa000 ---p 00000000 00:00 0 
796f753fa000-796f754f6000 rw-p 00000000 00:00 0 
796f754f6000-796f754fa000 ---p 00000000 00:00 0 
796f754fa000-796f755f6000 rw-p 00000000 00:00 0 
796f755f6000-796f755f7000 ---p 00000000 00:00 0 
796f755f7000-796f763f0000 rw-p 00000000 00:00 0 
796f763f0000-796f76450000 rw-p 00000000 00:00 0 
796f76450000-796f76470000 rw-p 00000000 00:00 0 
796f76470000-796f764f0000 rw-p 00000000 00:00 0 
796f764f0000-796f766f0000 rw-p 00000000 00:00 0 
796f766f0000-796f76710000 rw-p 00000000 00:00 0 
796f76710000-796f76730000 rw-p 00000000 00:00 0 
796f76730000-796f76770000 rw-p 00000000 00:00 0 
796f76770000-796f768f0000 rw-p 00000000 00:00 0 
796f768f0000-796f76970000 rw-p 00000000 00:00 0 
796f76970000-796f769f0000 rw-p 00000000 00:00 0 
796f769f0000-796f76af0000 rw-p 00000000 00:00 0 
796f76af0000-796f76bf0000 rw-p 00000000 00:00 0 
796f76bf0000-796f76db0000 rw-p 00000000 00:00 0 
796f76db0000-796f76ef0000 rw-p 00000000 00:00 0 
796f76ef0000-796f76ff0000 rw-p 00000000 00:00 0 
796f76ff0000-796f770f0000 rw-p 00000000 00:00 0 
796f770f0000-796f771f0000 rw-p 00000000 00:00 0 
796f771f0000-796f775f0000 rw-p 00000000 00:00 0 
796f775f0000-796f77f70000 rw-p 00000000 00:00 0 
796f77f70000-796f780f0000 rw-p 00000000 00:00 0 
796f780f0000-796f781b0000 rw-p 00000000 00:00 0 
796f781b0000-796f78200000 ---p 00000000 00:00 0 
796f78200000-796f78250000 rw-p 00000000 00:00 0 
796f78250000-796f7a000000 ---p 00000000 00:00 0 
796f7a000000-796f7c000000 rw-p 00000000 00:00 0 
796f7c000000-796f7c021000 rw-p 00000000 00:00 0 
796f7c021000-796f80000000 ---p 00000000 00:00 0 
796f8009d000-796f800f1000 r--p 00000000 07:02 187                        /snap/code/159/usr/lib/locale/aa_DJ.utf8/LC_CTYPE
796f800f1000-796f81000000 rw-p 00000000 00:00 0 
796f81000000-796f81890000 rwxp 00000000 00:00 0 
796f81890000-796f88537000 ---p 00000000 00:00 0 
796f88537000-796f887a7000 rwxp 00000000 00:00 0 
796f887a7000-796f88ac9000 ---p 00000000 00:00 0 
796f88ac9000-796f88d39000 rwxp 00000000 00:00 0 
796f88d39000-796f90000000 ---p 00000000 00:00 0 
796f90000000-796f9073b000 rw-p 00000000 00:00 0 
796f9073b000-796f94000000 ---p 00000000 00:00 0 
796f94002000-796f94006000 ---p 00000000 00:00 0 
796f94006000-796f945ca000 rw-p 00000000 00:00 0 
796f945ca000-796f946fe000 ---p 00000000 00:00 0 
796f946fe000-796f946ff000 ---p 00000000 00:00 0 
796f946ff000-796f94821000 rw-p 00000000 00:00 0 
796f94821000-796f94954000 ---p 00000000 00:00 0 
796f94954000-796f94962000 rw-p 00000000 00:00 0 
796f94962000-796f949ff000 ---p 00000000 00:00 0 
796f949ff000-796f94a00000 rw-p 00000000 00:00 0 
796f94a00000-796f97627000 r--s 00000000 103:03 10252500                  /home/sergio/.vscode/extensions/redhat.java-1.30.0-linux-x64/jre/17.0.10-linux-x86_64/lib/modules
796f97643000-796f97648000 rw-p 00000000 00:00 0 
796f97648000-796f9772e000 ---p 00000000 00:00 0 
796f9772e000-796f97740000 rw-p 00000000 00:00 0 
796f97740000-796f97819000 ---p 00000000 00:00 0 
796f97819000-796f9781d000 ---p 00000000 00:00 0 
796f9781d000-796f97919000 rw-p 00000000 00:00 0 
796f97919000-796f97927000 r--p 00000000 103:03 7997565                   /usr/lib/x86_64-linux-gnu/libm.so.6
796f97927000-796f979a3000 r-xp 0000e000 103:03 7997565                   /usr/lib/x86_64-linux-gnu/libm.so.6
796f979a3000-796f979fe000 r--p 0008a000 103:03 7997565                   /usr/lib/x86_64-linux-gnu/libm.so.6
796f979fe000-796f979ff000 r--p 000e4000 103:03 7997565                   /usr/lib/x86_64-linux-gnu/libm.so.6
796f979ff000-796f97a00000 rw-p 000e5000 103:03 7997565                   /usr/lib/x86_64-linux-gnu/libm.so.6
796f97a00000-796f97c53000 r--p 00000000 103:03 10252508                  /home/sergio/.vscode/extensions/redhat.java-1.30.0-linux-x64/jre/17.0.10-linux-x86_64/lib/server/libjvm.so
796f97c53000-796f98972000 r-xp 00253000 103:03 10252508                  /home/sergio/.vscode/extensions/redhat.java-1.30.0-linux-x64/jre/17.0.10-linux-x86_64/lib/server/libjvm.so
796f98972000-796f98bfe000 r--p 00f72000 103:03 10252508                  /home/sergio/.vscode/extensions/redhat.java-1.30.0-linux-x64/jre/17.0.10-linux-x86_64/lib/server/libjvm.so
796f98bfe000-796f98bff000 ---p 011fe000 103:03 10252508                  /home/sergio/.vscode/extensions/redhat.java-1.30.0-linux-x64/jre/17.0.10-linux-x86_64/lib/server/libjvm.so
796f98bff000-796f98cb8000 r--p 011fe000 103:03 10252508                  /home/sergio/.vscode/extensions/redhat.java-1.30.0-linux-x64/jre/17.0.10-linux-x86_64/lib/server/libjvm.so
796f98cb8000-796f98ced000 rw-p 012b7000 103:03 10252508                  /home/sergio/.vscode/extensions/redhat.java-1.30.0-linux-x64/jre/17.0.10-linux-x86_64/lib/server/libjvm.so
796f98ced000-796f98d47000 rw-p 00000000 00:00 0 
796f98d48000-796f98d4c000 r--p 00000000 103:03 10252498                  /home/sergio/.vscode/extensions/redhat.java-1.30.0-linux-x64/jre/17.0.10-linux-x86_64/lib/libverify.so
796f98d4c000-796f98d53000 r-xp 00004000 103:03 10252498                  /home/sergio/.vscode/extensions/redhat.java-1.30.0-linux-x64/jre/17.0.10-linux-x86_64/lib/libverify.so
796f98d53000-796f98d55000 r--p 0000b000 103:03 10252498                  /home/sergio/.vscode/extensions/redhat.java-1.30.0-linux-x64/jre/17.0.10-linux-x86_64/lib/libverify.so
796f98d55000-796f98d57000 r--p 0000c000 103:03 10252498                  /home/sergio/.vscode/extensions/redhat.java-1.30.0-linux-x64/jre/17.0.10-linux-x86_64/lib/libverify.so
796f98d57000-796f98d58000 rw-p 0000e000 103:03 10252498                  /home/sergio/.vscode/extensions/redhat.java-1.30.0-linux-x64/jre/17.0.10-linux-x86_64/lib/libverify.so
796f98d58000-796f98d5c000 r--p 00000000 103:03 10252491                  /home/sergio/.vscode/extensions/redhat.java-1.30.0-linux-x64/jre/17.0.10-linux-x86_64/lib/libnet.so
796f98d5c000-796f98d6a000 r-xp 00004000 103:03 10252491                  /home/sergio/.vscode/extensions/redhat.java-1.30.0-linux-x64/jre/17.0.10-linux-x86_64/lib/libnet.so
796f98d6a000-796f98d6e000 r--p 00012000 103:03 10252491                  /home/sergio/.vscode/extensions/redhat.java-1.30.0-linux-x64/jre/17.0.10-linux-x86_64/lib/libnet.so
796f98d6e000-796f98d6f000 r--p 00015000 103:03 10252491                  /home/sergio/.vscode/extensions/redhat.java-1.30.0-linux-x64/jre/17.0.10-linux-x86_64/lib/libnet.so
796f98d6f000-796f98d70000 rw-p 00016000 103:03 10252491                  /home/sergio/.vscode/extensions/redhat.java-1.30.0-linux-x64/jre/17.0.10-linux-x86_64/lib/libnet.so
796f98d70000-796f98d77000 r--p 00000000 103:03 10252492                  /home/sergio/.vscode/extensions/redhat.java-1.30.0-linux-x64/jre/17.0.10-linux-x86_64/lib/libnio.so
796f98d77000-796f98d80000 r-xp 00007000 103:03 10252492                  /home/sergio/.vscode/extensions/redhat.java-1.30.0-linux-x64/jre/17.0.10-linux-x86_64/lib/libnio.so
796f98d80000-796f98d84000 r--p 00010000 103:03 10252492                  /home/sergio/.vscode/extensions/redhat.java-1.30.0-linux-x64/jre/17.0.10-linux-x86_64/lib/libnio.so
796f98d84000-796f98d85000 ---p 00014000 103:03 10252492                  /home/sergio/.vscode/extensions/redhat.java-1.30.0-linux-x64/jre/17.0.10-linux-x86_64/lib/libnio.so
796f98d85000-796f98d86000 r--p 00014000 103:03 10252492                  /home/sergio/.vscode/extensions/redhat.java-1.30.0-linux-x64/jre/17.0.10-linux-x86_64/lib/libnio.so
796f98d86000-796f98d87000 rw-p 00015000 103:03 10252492                  /home/sergio/.vscode/extensions/redhat.java-1.30.0-linux-x64/jre/17.0.10-linux-x86_64/lib/libnio.so
796f98d87000-796f98d89000 r--p 00000000 103:03 10252499                  /home/sergio/.vscode/extensions/redhat.java-1.30.0-linux-x64/jre/17.0.10-linux-x86_64/lib/libzip.so
796f98d89000-796f98d9b000 r-xp 00002000 103:03 10252499                  /home/sergio/.vscode/extensions/redhat.java-1.30.0-linux-x64/jre/17.0.10-linux-x86_64/lib/libzip.so
796f98d9b000-796f98da3000 r--p 00014000 103:03 10252499                  /home/sergio/.vscode/extensions/redhat.java-1.30.0-linux-x64/jre/17.0.10-linux-x86_64/lib/libzip.so
796f98da3000-796f98da4000 r--p 0001b000 103:03 10252499                  /home/sergio/.vscode/extensions/redhat.java-1.30.0-linux-x64/jre/17.0.10-linux-x86_64/lib/libzip.so
796f98da4000-796f98da5000 rw-p 0001c000 103:03 10252499                  /home/sergio/.vscode/extensions/redhat.java-1.30.0-linux-x64/jre/17.0.10-linux-x86_64/lib/libzip.so
796f98da5000-796f98e00000 rw-p 00000000 00:00 0 
796f98e00000-796f98e28000 r--p 00000000 103:03 7997547                   /usr/lib/x86_64-linux-gnu/libc.so.6
796f98e28000-796f98fbd000 r-xp 00028000 103:03 7997547                   /usr/lib/x86_64-linux-gnu/libc.so.6
796f98fbd000-796f99015000 r--p 001bd000 103:03 7997547                   /usr/lib/x86_64-linux-gnu/libc.so.6
796f99015000-796f99016000 ---p 00215000 103:03 7997547                   /usr/lib/x86_64-linux-gnu/libc.so.6
796f99016000-796f9901a000 r--p 00215000 103:03 7997547                   /usr/lib/x86_64-linux-gnu/libc.so.6
796f9901a000-796f9901c000 rw-p 00219000 103:03 7997547                   /usr/lib/x86_64-linux-gnu/libc.so.6
796f9901c000-796f99029000 rw-p 00000000 00:00 0 
796f9902d000-796f9902e000 r--p 00000000 07:02 278                        /snap/code/159/usr/lib/locale/agr_PE/LC_NUMERIC
796f9902e000-796f9902f000 r--p 00000000 07:02 2717                       /snap/code/159/usr/lib/locale/es_ES.utf8/LC_TIME
796f9902f000-796f99030000 r--p 00000000 07:02 332                        /snap/code/159/usr/lib/locale/an_ES.utf8/LC_MONETARY
796f99030000-796f99031000 r--p 00000000 07:02 1955                       /snap/code/159/usr/lib/locale/en_AG/LC_MESSAGES/SYS_LC_MESSAGES
796f99031000-796f99038000 r--s 00000000 103:03 8003855                   /usr/lib/x86_64-linux-gnu/gconv/gconv-modules.cache
796f99038000-796f99092000 rw-p 00000000 00:00 0 
796f99092000-796f99099000 ---p 00000000 00:00 0 
796f99099000-796f990a1000 rw-s 00000000 103:03 10020173                  /tmp/hsperfdata_sergio/78757
796f990a1000-796f990af000 r--p 00000000 103:03 10252478                  /home/sergio/.vscode/extensions/redhat.java-1.30.0-linux-x64/jre/17.0.10-linux-x86_64/lib/libjava.so
796f990af000-796f990c1000 r-xp 0000e000 103:03 10252478                  /home/sergio/.vscode/extensions/redhat.java-1.30.0-linux-x64/jre/17.0.10-linux-x86_64/lib/libjava.so
796f990c1000-796f990c7000 r--p 00020000 103:03 10252478                  /home/sergio/.vscode/extensions/redhat.java-1.30.0-linux-x64/jre/17.0.10-linux-x86_64/lib/libjava.so
796f990c7000-796f990c8000 ---p 00026000 103:03 10252478                  /home/sergio/.vscode/extensions/redhat.java-1.30.0-linux-x64/jre/17.0.10-linux-x86_64/lib/libjava.so
796f990c8000-796f990c9000 r--p 00026000 103:03 10252478                  /home/sergio/.vscode/extensions/redhat.java-1.30.0-linux-x64/jre/17.0.10-linux-x86_64/lib/libjava.so
796f990c9000-796f990ca000 rw-p 00027000 103:03 10252478                  /home/sergio/.vscode/extensions/redhat.java-1.30.0-linux-x64/jre/17.0.10-linux-x86_64/lib/libjava.so
796f990ca000-796f990cb000 rw-p 00000000 00:00 0 
796f990cb000-796f990cf000 r--p 00000000 103:03 10252482                  /home/sergio/.vscode/extensions/redhat.java-1.30.0-linux-x64/jre/17.0.10-linux-x86_64/lib/libjimage.so
796f990cf000-796f990e2000 r-xp 00004000 103:03 10252482                  /home/sergio/.vscode/extensions/redhat.java-1.30.0-linux-x64/jre/17.0.10-linux-x86_64/lib/libjimage.so
796f990e2000-796f990e8000 r--p 00017000 103:03 10252482                  /home/sergio/.vscode/extensions/redhat.java-1.30.0-linux-x64/jre/17.0.10-linux-x86_64/lib/libjimage.so
796f990e8000-796f990ea000 r--p 0001c000 103:03 10252482                  /home/sergio/.vscode/extensions/redhat.java-1.30.0-linux-x64/jre/17.0.10-linux-x86_64/lib/libjimage.so
796f990ea000-796f990eb000 rw-p 0001e000 103:03 10252482                  /home/sergio/.vscode/extensions/redhat.java-1.30.0-linux-x64/jre/17.0.10-linux-x86_64/lib/libjimage.so
796f990eb000-796f990ec000 r--p 00000000 103:03 7997651                   /usr/lib/x86_64-linux-gnu/librt.so.1
796f990ec000-796f990ed000 r-xp 00001000 103:03 7997651                   /usr/lib/x86_64-linux-gnu/librt.so.1
796f990ed000-796f990ee000 r--p 00002000 103:03 7997651                   /usr/lib/x86_64-linux-gnu/librt.so.1
796f990ee000-796f990ef000 r--p 00002000 103:03 7997651                   /usr/lib/x86_64-linux-gnu/librt.so.1
796f990ef000-796f990f0000 rw-p 00003000 103:03 7997651                   /usr/lib/x86_64-linux-gnu/librt.so.1
796f990f0000-796f990f2000 rw-p 00000000 00:00 0 
796f990f2000-796f990f3000 r--p 00000000 103:03 7997555                   /usr/lib/x86_64-linux-gnu/libdl.so.2
796f990f3000-796f990f4000 r-xp 00001000 103:03 7997555                   /usr/lib/x86_64-linux-gnu/libdl.so.2
796f990f4000-796f990f5000 r--p 00002000 103:03 7997555                   /usr/lib/x86_64-linux-gnu/libdl.so.2
796f990f5000-796f990f6000 r--p 00002000 103:03 7997555                   /usr/lib/x86_64-linux-gnu/libdl.so.2
796f990f6000-796f990f7000 rw-p 00003000 103:03 7997555                   /usr/lib/x86_64-linux-gnu/libdl.so.2
796f990f7000-796f990f8000 r--p 00000000 103:03 7997648                   /usr/lib/x86_64-linux-gnu/libpthread.so.0
796f990f8000-796f990f9000 r-xp 00001000 103:03 7997648                   /usr/lib/x86_64-linux-gnu/libpthread.so.0
796f990f9000-796f990fa000 r--p 00002000 103:03 7997648                   /usr/lib/x86_64-linux-gnu/libpthread.so.0
796f990fa000-796f990fb000 r--p 00002000 103:03 7997648                   /usr/lib/x86_64-linux-gnu/libpthread.so.0
796f990fb000-796f990fc000 rw-p 00003000 103:03 7997648                   /usr/lib/x86_64-linux-gnu/libpthread.so.0
796f990fc000-796f990fd000 r--p 00000000 07:02 195                        /snap/code/159/usr/lib/locale/aa_DJ.utf8/LC_PAPER
796f990fd000-796f990fe000 r--p 00000000 07:02 277                        /snap/code/159/usr/lib/locale/agr_PE/LC_NAME
796f990fe000-796f990ff000 r--p 00000000 07:02 2705                       /snap/code/159/usr/lib/locale/es_ES.utf8/LC_ADDRESS
796f990ff000-796f99100000 r--p 00000000 07:02 336                        /snap/code/159/usr/lib/locale/an_ES.utf8/LC_TELEPHONE
796f99100000-796f99101000 r--p 00000000 07:02 189                        /snap/code/159/usr/lib/locale/aa_DJ.utf8/LC_MEASUREMENT
796f99101000-796f99102000 r--p 00000000 07:02 2708                       /snap/code/159/usr/lib/locale/es_ES.utf8/LC_IDENTIFICATION
796f99102000-796f99104000 r--p 00000000 103:03 10252473                  /home/sergio/.vscode/extensions/redhat.java-1.30.0-linux-x64/jre/17.0.10-linux-x86_64/lib/libinstrument.so
796f99104000-796f9910a000 r-xp 00002000 103:03 10252473                  /home/sergio/.vscode/extensions/redhat.java-1.30.0-linux-x64/jre/17.0.10-linux-x86_64/lib/libinstrument.so
796f9910a000-796f9910d000 r--p 00008000 103:03 10252473                  /home/sergio/.vscode/extensions/redhat.java-1.30.0-linux-x64/jre/17.0.10-linux-x86_64/lib/libinstrument.so
796f9910d000-796f9910e000 r--p 0000a000 103:03 10252473                  /home/sergio/.vscode/extensions/redhat.java-1.30.0-linux-x64/jre/17.0.10-linux-x86_64/lib/libinstrument.so
796f9910e000-796f9910f000 rw-p 0000b000 103:03 10252473                  /home/sergio/.vscode/extensions/redhat.java-1.30.0-linux-x64/jre/17.0.10-linux-x86_64/lib/libinstrument.so
796f9910f000-796f99110000 ---p 00000000 00:00 0 
796f99110000-796f99111000 r--p 00000000 00:00 0 
796f99111000-796f99114000 r--p 00000000 103:03 10252483                  /home/sergio/.vscode/extensions/redhat.java-1.30.0-linux-x64/jre/17.0.10-linux-x86_64/lib/libjli.so
796f99114000-796f99124000 r-xp 00003000 103:03 10252483                  /home/sergio/.vscode/extensions/redhat.java-1.30.0-linux-x64/jre/17.0.10-linux-x86_64/lib/libjli.so
796f99124000-796f9912b000 r--p 00013000 103:03 10252483                  /home/sergio/.vscode/extensions/redhat.java-1.30.0-linux-x64/jre/17.0.10-linux-x86_64/lib/libjli.so
796f9912b000-796f9912c000 r--p 00019000 103:03 10252483                  /home/sergio/.vscode/extensions/redhat.java-1.30.0-linux-x64/jre/17.0.10-linux-x86_64/lib/libjli.so
796f9912c000-796f9912d000 rw-p 0001a000 103:03 10252483                  /home/sergio/.vscode/extensions/redhat.java-1.30.0-linux-x64/jre/17.0.10-linux-x86_64/lib/libjli.so
796f9912d000-796f9912f000 rw-p 00000000 00:00 0 
796f9912f000-796f99131000 r--p 00000000 103:03 7997536                   /usr/lib/x86_64-linux-gnu/ld-linux-x86-64.so.2
796f99131000-796f9915b000 r-xp 00002000 103:03 7997536                   /usr/lib/x86_64-linux-gnu/ld-linux-x86-64.so.2
796f9915b000-796f99166000 r--p 0002c000 103:03 7997536                   /usr/lib/x86_64-linux-gnu/ld-linux-x86-64.so.2
796f99166000-796f99167000 ---p 00000000 00:00 0 
796f99167000-796f99169000 r--p 00037000 103:03 7997536                   /usr/lib/x86_64-linux-gnu/ld-linux-x86-64.so.2
796f99169000-796f9916b000 rw-p 00039000 103:03 7997536                   /usr/lib/x86_64-linux-gnu/ld-linux-x86-64.so.2
7ffeb99f7000-7ffeb9a19000 rw-p 00000000 00:00 0                          [stack]
7ffeb9a8c000-7ffeb9a90000 r--p 00000000 00:00 0                          [vvar]
7ffeb9a90000-7ffeb9a92000 r-xp 00000000 00:00 0                          [vdso]
ffffffffff600000-ffffffffff601000 --xp 00000000 00:00 0                  [vsyscall]


VM Arguments:
jvm_args: --add-modules=ALL-SYSTEM --add-opens=java.base/java.util=ALL-UNNAMED --add-opens=java.base/java.lang=ALL-UNNAMED --add-opens=java.base/sun.nio.fs=ALL-UNNAMED -Declipse.application=org.eclipse.jdt.ls.core.id1 -Dosgi.bundles.defaultStartLevel=4 -Declipse.product=org.eclipse.jdt.ls.core.product -Djava.import.generatesMetadataFilesAtProjectRoot=false -DDetectVMInstallationsJob.disabled=true -Dfile.encoding=utf8 -XX:+UseParallelGC -XX:GCTimeRatio=4 -XX:AdaptiveSizePolicyWeight=90 -Dsun.zip.disableMemoryMapping=true -Xmx1G -Xms100m -Xlog:disable -javaagent:/home/sergio/.vscode/extensions/redhat.java-1.30.0-linux-x64/lombok/lombok-1.18.32.jar -XX:+HeapDumpOnOutOfMemoryError -XX:HeapDumpPath=/home/sergio/.config/Code/User/workspaceStorage/afca459cbfb495b22a1687e8f9e75511/redhat.java -Daether.dependencyCollector.impl=bf 
java_command: /home/sergio/.vscode/extensions/redhat.java-1.30.0-linux-x64/server/plugins/org.eclipse.equinox.launcher_1.6.800.v20240330-1250.jar -configuration /home/sergio/.config/Code/User/globalStorage/redhat.java/1.30.0/config_linux -data /home/sergio/.config/Code/User/workspaceStorage/afca459cbfb495b22a1687e8f9e75511/redhat.java/jdt_ws --pipe=/run/user/1000/lsp-7c1a59e75924643ac9740177540f862a.sock
java_class_path (initial): /home/sergio/.vscode/extensions/redhat.java-1.30.0-linux-x64/server/plugins/org.eclipse.equinox.launcher_1.6.800.v20240330-1250.jar
Launcher Type: SUN_STANDARD

[Global flags]
    uintx AdaptiveSizePolicyWeight                 = 90                                        {product} {command line}
     intx CICompilerCount                          = 4                                         {product} {ergonomic}
    uintx GCTimeRatio                              = 4                                         {product} {command line}
     bool HeapDumpOnOutOfMemoryError               = true                                   {manageable} {command line}
    ccstr HeapDumpPath                             = /home/sergio/.config/Code/User/workspaceStorage/afca459cbfb495b22a1687e8f9e75511/redhat.java         {manageable} {command line}
   size_t InitialHeapSize                          = 104857600                                 {product} {command line}
   size_t MaxHeapSize                              = 1073741824                                {product} {command line}
   size_t MaxNewSize                               = 357564416                                 {product} {ergonomic}
   size_t MinHeapDeltaBytes                        = 524288                                    {product} {ergonomic}
   size_t MinHeapSize                              = 104857600                                 {product} {command line}
   size_t NewSize                                  = 34603008                                  {product} {ergonomic}
    uintx NonNMethodCodeHeapSize                   = 5839372                                {pd product} {ergonomic}
    uintx NonProfiledCodeHeapSize                  = 122909434                              {pd product} {ergonomic}
   size_t OldSize                                  = 70254592                                  {product} {ergonomic}
    uintx ProfiledCodeHeapSize                     = 122909434                              {pd product} {ergonomic}
    uintx ReservedCodeCacheSize                    = 251658240                              {pd product} {ergonomic}
     bool SegmentedCodeCache                       = true                                      {product} {ergonomic}
   size_t SoftMaxHeapSize                          = 1073741824                             {manageable} {ergonomic}
     bool UseCompressedClassPointers               = true                           {product lp64_product} {ergonomic}
     bool UseCompressedOops                        = true                           {product lp64_product} {ergonomic}
     bool UseParallelGC                            = true                                      {product} {command line}

Logging:
Log output configuration:
 #0: stdout all=off uptime,level,tags
 #1: stderr all=off uptime,level,tags

Environment Variables:
PATH=/home/sergio/.local/bin:/opt/verilator/bin:/home/sergio/.local/bin:/opt/verilator/bin:/usr/local/sbin:/usr/local/bin:/usr/sbin:/usr/bin:/sbin:/bin:/usr/games:/usr/local/games:/snap/bin:/snap/bin:/home/sergio/Programs/install/bin:/opt/riscv/bin:/home/sergio/Programs/Cores-VeeR-EH1/tools
USERNAME=sergio
SHELL=/bin/bash
DISPLAY=:0
LANG=en_US.UTF-8
LC_NUMERIC=es_ES.UTF-8
LC_TIME=es_ES.UTF-8

Active Locale:
LC_ALL=LC_CTYPE=en_US.UTF-8;LC_NUMERIC=es_ES.UTF-8;LC_TIME=es_ES.UTF-8;LC_COLLATE=en_US.UTF-8;LC_MONETARY=es_ES.UTF-8;LC_MESSAGES=en_US.UTF-8;LC_PAPER=es_ES.UTF-8;LC_NAME=es_ES.UTF-8;LC_ADDRESS=es_ES.UTF-8;LC_TELEPHONE=es_ES.UTF-8;LC_MEASUREMENT=es_ES.UTF-8;LC_IDENTIFICATION=es_ES.UTF-8
LC_COLLATE=en_US.UTF-8
LC_CTYPE=en_US.UTF-8
LC_MESSAGES=en_US.UTF-8
LC_MONETARY=es_ES.UTF-8
LC_NUMERIC=es_ES.UTF-8
LC_TIME=es_ES.UTF-8

Signal Handlers:
   SIGSEGV: crash_handler in libjvm.so, mask=11100100010111111101111111111110, flags=SA_RESTART|SA_SIGINFO, unblocked
    SIGBUS: crash_handler in libjvm.so, mask=11100100010111111101111111111110, flags=SA_RESTART|SA_SIGINFO, unblocked
    SIGFPE: crash_handler in libjvm.so, mask=11100100010111111101111111111110, flags=SA_RESTART|SA_SIGINFO, unblocked
   SIGPIPE: javaSignalHandler in libjvm.so, mask=11100100010111111101111111111110, flags=SA_RESTART|SA_SIGINFO, blocked
   SIGXFSZ: javaSignalHandler in libjvm.so, mask=11100100010111111101111111111110, flags=SA_RESTART|SA_SIGINFO, blocked
    SIGILL: crash_handler in libjvm.so, mask=11100100010111111101111111111110, flags=SA_RESTART|SA_SIGINFO, unblocked
   SIGUSR2: SR_handler in libjvm.so, mask=00000000000000000000000000000000, flags=SA_RESTART|SA_SIGINFO, blocked
    SIGHUP: UserHandler in libjvm.so, mask=11100100010111111101111111111110, flags=SA_RESTART|SA_SIGINFO, blocked
    SIGINT: UserHandler in libjvm.so, mask=11100100010111111101111111111110, flags=SA_RESTART|SA_SIGINFO, blocked
   SIGTERM: UserHandler in libjvm.so, mask=11100100010111111101111111111110, flags=SA_RESTART|SA_SIGINFO, blocked
   SIGQUIT: UserHandler in libjvm.so, mask=11100100010111111101111111111110, flags=SA_RESTART|SA_SIGINFO, blocked
   SIGTRAP: crash_handler in libjvm.so, mask=11100100010111111101111111111110, flags=SA_RESTART|SA_SIGINFO, unblocked


Periodic native trim disabled


---------------  S Y S T E M  ---------------

OS:
DISTRIB_ID=Ubuntu
DISTRIB_RELEASE=22.04
DISTRIB_CODENAME=jammy
DISTRIB_DESCRIPTION="Ubuntu 22.04.4 LTS"
uname: Linux 6.5.0-27-generic #28~22.04.1-Ubuntu SMP PREEMPT_DYNAMIC Fri Mar 15 10:51:06 UTC 2 x86_64
OS uptime: 0 days 9:05 hours
libc: glibc 2.35 NPTL 2.35 
rlimit (soft/hard): STACK 8192k/infinity , CORE 0k/infinity , NPROC 27130/27130 , NOFILE 1048576/1048576 , AS infinity/infinity , CPU infinity/infinity , DATA infinity/infinity , FSIZE infinity/infinity , MEMLOCK 877760k/877760k
load average: 1,17 1,80 1,75

/proc/meminfo:
MemTotal:        7022092 kB
MemFree:          583824 kB
MemAvailable:    1794356 kB
Buffers:           49012 kB
Cached:          1619988 kB
SwapCached:            0 kB
Active:          2928500 kB
Inactive:        2610864 kB
Active(anon):    2507176 kB
Inactive(anon):  1664820 kB
Active(file):     421324 kB
Inactive(file):   946044 kB
Unevictable:        9252 kB
Mlocked:            9252 kB
SwapTotal:             0 kB
SwapFree:              0 kB
Zswap:                 0 kB
Zswapped:              0 kB
Dirty:               896 kB
Writeback:             0 kB
AnonPages:       3879776 kB
Mapped:           750176 kB
Shmem:            301632 kB
KReclaimable:     121444 kB
Slab:             351772 kB
SReclaimable:     121444 kB
SUnreclaim:       230328 kB
KernelStack:       21936 kB
PageTables:        48220 kB
SecPageTables:         0 kB
NFS_Unstable:          0 kB
Bounce:                0 kB
WritebackTmp:          0 kB
CommitLimit:     3511044 kB
Committed_AS:   13201476 kB
VmallocTotal:   34359738367 kB
VmallocUsed:       73020 kB
VmallocChunk:          0 kB
Percpu:            15872 kB
HardwareCorrupted:     0 kB
AnonHugePages:         0 kB
ShmemHugePages:        0 kB
ShmemPmdMapped:        0 kB
FileHugePages:         0 kB
FilePmdMapped:         0 kB
Unaccepted:            0 kB
HugePages_Total:       0
HugePages_Free:        0
HugePages_Rsvd:        0
HugePages_Surp:        0
Hugepagesize:       2048 kB
Hugetlb:               0 kB
DirectMap4k:      892948 kB
DirectMap2M:     6381568 kB
DirectMap1G:     1048576 kB

/sys/kernel/mm/transparent_hugepage/enabled: always [madvise] never
/sys/kernel/mm/transparent_hugepage/defrag (defrag/compaction efforts parameter): always defer defer+madvise [madvise] never

Process Memory:
Virtual Size: 4950332K (peak: 4950332K)
Resident Set Size: 194720K (peak: 194720K) (anon: 166432K, file: 28288K, shmem: 0K)
Swapped out: 0K
C-Heap outstanding allocations: 94515K, retained: 5472K
glibc malloc tunables: (default)

/proc/sys/kernel/threads-max (system-wide limit on the number of threads): 54261
/proc/sys/vm/max_map_count (maximum number of memory map areas a process may have): 65530
/proc/sys/kernel/pid_max (system-wide limit on number of process identifiers): 4194304

container (cgroup) information:
container_type: cgroupv2
cpu_cpuset_cpus: not supported
cpu_memory_nodes: not supported
active_processor_count: 8
cpu_quota: not supported
cpu_period: not supported
cpu_shares: not supported
memory_limit_in_bytes: unlimited
memory_and_swap_limit_in_bytes: unlimited
memory_soft_limit_in_bytes: unlimited
memory_usage_in_bytes: 1616484 k
memory_max_usage_in_bytes: not supported
memory_swap_current_in_bytes: unlimited
memory_swap_max_limit_in_bytes: unlimited
maximum number of tasks: 8139
current number of tasks: 208

Steal ticks since vm start: 0
Steal ticks percentage since vm start:  0,000

CPU: total 8 (initial active 8) (8 cores per cpu, 2 threads per core) family 23 model 24 stepping 1 microcode 0x8108109, cx8, cmov, fxsr, ht, mmx, 3dnowpref, sse, sse2, sse3, ssse3, sse4a, sse4.1, sse4.2, popcnt, lzcnt, tsc, tscinvbit, avx, avx2, aes, clmul, bmi1, bmi2, adx, sha, fma, vzeroupper, clflush, clflushopt
CPU Model and flags from /proc/cpuinfo:
model name	: AMD Ryzen 5 3500U with Radeon Vega Mobile Gfx
flags		: fpu vme de pse tsc msr pae mce cx8 apic sep mtrr pge mca cmov pat pse36 clflush mmx fxsr sse sse2 ht syscall nx mmxext fxsr_opt pdpe1gb rdtscp lm constant_tsc rep_good nopl nonstop_tsc cpuid extd_apicid aperfmperf rapl pni pclmulqdq monitor ssse3 fma cx16 sse4_1 sse4_2 movbe popcnt aes xsave avx f16c rdrand lahf_lm cmp_legacy svm extapic cr8_legacy abm sse4a misalignsse 3dnowprefetch osvw skinit wdt tce topoext perfctr_core perfctr_nb bpext perfctr_llc mwaitx cpb hw_pstate ssbd ibpb vmmcall fsgsbase bmi1 avx2 smep bmi2 rdseed adx smap clflushopt sha_ni xsaveopt xsavec xgetbv1 clzero irperf xsaveerptr arat npt lbrv svm_lock nrip_save tsc_scale vmcb_clean flushbyasid decodeassists pausefilter pfthreshold avic v_vmsave_vmload vgif overflow_recov succor smca sev sev_es

Online cpus: 0-7
Offline cpus: 8-15
BIOS frequency limitation: 2100000
Frequency switch latency (ns): 0
Available cpu frequencies: 2100000 1700000 1400000 
Current governor: schedutil
Core performance/turbo boost: 1

Memory: 4k page, physical 7022092k(584080k free), swap 0k(0k free)
Page Sizes: 4k

vm_info: OpenJDK 64-Bit Server VM (17.0.10+7) for linux-amd64 JRE (17.0.10+7), built on Jan 16 2024 00:00:00 by "admin" with gcc 10.3.0

END.
